[2024-04-14 16:55:03] JSON export started
file, source, format, nodes, relationships, properties, time, rows, batchSize, batches, done, data
"exports/nodes/vendors.json", "statement: cols(1)", "json", 4000, 0, 12000, 160, 8000, -1, 0, TRUE, NULL
file, source, format, nodes, relationships, properties, time, rows, batchSize, batches, done, data
"exports/nodes/products.json", "statement: cols(1)", "json", 4000, 0, 24000, 149, 8000, -1, 0, TRUE, NULL
file, source, format, nodes, relationships, properties, time, rows, batchSize, batches, done, data
"exports/nodes/orders.json", "statement: cols(1)", "json", 4097, 0, 4097, 31, 8194, -1, 0, TRUE, NULL
file, source, format, nodes, relationships, properties, time, rows, batchSize, batches, done, data
"exports/nodes/types.json", "statement: cols(1)", "json", 13, 0, 26, 4, 26, -1, 0, TRUE, NULL
file, source, format, nodes, relationships, properties, time, rows, batchSize, batches, done, data
"exports/nodes/customers.json", "statement: cols(1)", "json", 2071, 0, 2071, 16, 4142, -1, 0, TRUE, NULL
file, source, format, nodes, relationships, properties, time, rows, batchSize, batches, done, data
"exports/nodes/persons.json", "statement: cols(1)", "json", 4000, 0, 36000, 120, 8000, -1, 0, TRUE, NULL
file, source, format, nodes, relationships, properties, time, rows, batchSize, batches, done, data
"exports/nodes/posts.json", "statement: cols(1)", "json", 4000, 0, 32000, 125, 8000, -1, 0, TRUE, NULL
file, source, format, nodes, relationships, properties, time, rows, batchSize, batches, done, data
"exports/nodes/tags.json", "statement: cols(1)", "json", 4000, 0, 8000, 28, 8000, -1, 0, TRUE, NULL
file, source, format, nodes, relationships, properties, time, rows, batchSize, batches, done, data
"exports/edges/contactType.json", "statement: cols(1)", "json", 0, 20296, 20296, 400, 40592, -1, 0, TRUE, NULL
file, source, format, nodes, relationships, properties, time, rows, batchSize, batches, done, data
"exports/edges/containsProducts.json", "statement: cols(1)", "json", 0, 12212, 12212, 312, 24424, -1, 0, TRUE, NULL
file, source, format, nodes, relationships, properties, time, rows, batchSize, batches, done, data
"exports/edges/createdBy.json", "statement: cols(1)", "json", 0, 4000, 0, 200, 8000, -1, 0, TRUE, NULL
file, source, format, nodes, relationships, properties, time, rows, batchSize, batches, done, data
"exports/edges/hasInterest.json", "statement: cols(1)", "json", 0, 20192, 0, 645, 40384, -1, 0, TRUE, NULL
file, source, format, nodes, relationships, properties, time, rows, batchSize, batches, done, data
"exports/edges/hasTag.json", "statement: cols(1)", "json", 0, 19699, 0, 488, 39398, -1, 0, TRUE, NULL
file, source, format, nodes, relationships, properties, time, rows, batchSize, batches, done, data
"exports/edges/industryType.json", "statement: cols(1)", "json", 0, 5978, 0, 76, 11956, -1, 0, TRUE, NULL
file, source, format, nodes, relationships, properties, time, rows, batchSize, batches, done, data
"exports/edges/isPerson.json", "statement: cols(1)", "json", 0, 2071, 0, 60, 4142, -1, 0, TRUE, NULL
file, source, format, nodes, relationships, properties, time, rows, batchSize, batches, done, data
"exports/edges/knows.json", "statement: cols(1)", "json", 0, 20114, 0, 957, 40228, -1, 0, TRUE, NULL
file, source, format, nodes, relationships, properties, time, rows, batchSize, batches, done, data
"exports/edges/manufacturedBy.json", "statement: cols(1)", "json", 0, 11212, 0, 299, 22424, -1, 0, TRUE, NULL
file, source, format, nodes, relationships, properties, time, rows, batchSize, batches, done, data
"exports/edges/orderedBy.json", "statement: cols(1)", "json", 0, 4097, 0, 36, 8194, -1, 0, TRUE, NULL
[2024-04-14 16:55:10] JSON export finished
