[2024-04-25 14:16:19] Query testing started
[2024-04-25 14:16:19] Query 1-1, Iteration 1 started
[2024-04-25 14:16:23] Query 1-1, Iteration 1 finished
[2024-04-25 14:16:23] Query 1-1, Iteration 2 started
[2024-04-25 14:16:25] Query 1-1, Iteration 2 finished
[2024-04-25 14:16:25] Query 1-1, Iteration 3 started
[2024-04-25 14:16:27] Query 1-1, Iteration 3 finished
[2024-04-25 14:16:27] Query 1-1, Iteration 4 started
[2024-04-25 14:16:29] Query 1-1, Iteration 4 finished
[2024-04-25 14:16:29] Query 1-1, Iteration 5 started
[2024-04-25 14:16:31] Query 1-1, Iteration 5 finished
[2024-04-25 14:16:31] Query 1-1, Iteration 6 started
[2024-04-25 14:16:33] Query 1-1, Iteration 6 finished
[2024-04-25 14:16:33] Query 1-1, Iteration 7 started
[2024-04-25 14:16:35] Query 1-1, Iteration 7 finished
[2024-04-25 14:16:35] Query 1-1, Iteration 8 started
[2024-04-25 14:16:36] Query 1-1, Iteration 8 finished
[2024-04-25 14:16:36] Query 1-1, Iteration 9 started
[2024-04-25 14:16:38] Query 1-1, Iteration 9 finished
[2024-04-25 14:16:38] Query 1-1, Iteration 10 started
[2024-04-25 14:16:40] Query 1-1, Iteration 10 finished
[2024-04-25 14:16:40] Query 1-1, Iteration 11 started
[2024-04-25 14:16:42] Query 1-1, Iteration 11 finished
[2024-04-25 14:16:42] Query 1-1, Iteration 12 started
[2024-04-25 14:16:44] Query 1-1, Iteration 12 finished
[2024-04-25 14:16:44] Query 1-1, Iteration 13 started
[2024-04-25 14:16:46] Query 1-1, Iteration 13 finished
[2024-04-25 14:16:46] Query 1-1, Iteration 14 started
[2024-04-25 14:16:48] Query 1-1, Iteration 14 finished
[2024-04-25 14:16:48] Query 1-1, Iteration 15 started
[2024-04-25 14:16:49] Query 1-1, Iteration 15 finished
[2024-04-25 14:16:49] Query 1-1, Iteration 16 started
[2024-04-25 14:16:51] Query 1-1, Iteration 16 finished
[2024-04-25 14:16:51] Query 1-1, Iteration 17 started
[2024-04-25 14:16:53] Query 1-1, Iteration 17 finished
[2024-04-25 14:16:53] Query 1-1, Iteration 18 started
[2024-04-25 14:16:55] Query 1-1, Iteration 18 finished
[2024-04-25 14:16:55] Query 1-1, Iteration 19 started
[2024-04-25 14:16:57] Query 1-1, Iteration 19 finished
[2024-04-25 14:16:57] Query 1-1, Iteration 20 started
[2024-04-25 14:16:59] Query 1-1, Iteration 20 finished
[2024-04-25 14:16:59] Query 1-2, Iteration 1 started
[2024-04-25 14:17:01] Query 1-2, Iteration 1 finished
[2024-04-25 14:17:01] Query 1-2, Iteration 2 started
[2024-04-25 14:17:03] Query 1-2, Iteration 2 finished
[2024-04-25 14:17:03] Query 1-2, Iteration 3 started
[2024-04-25 14:17:05] Query 1-2, Iteration 3 finished
[2024-04-25 14:17:05] Query 1-2, Iteration 4 started
[2024-04-25 14:17:07] Query 1-2, Iteration 4 finished
[2024-04-25 14:17:07] Query 1-2, Iteration 5 started
[2024-04-25 14:17:09] Query 1-2, Iteration 5 finished
[2024-04-25 14:17:09] Query 1-2, Iteration 6 started
[2024-04-25 14:17:11] Query 1-2, Iteration 6 finished
[2024-04-25 14:17:11] Query 1-2, Iteration 7 started
[2024-04-25 14:17:14] Query 1-2, Iteration 7 finished
[2024-04-25 14:17:14] Query 1-2, Iteration 8 started
[2024-04-25 14:17:16] Query 1-2, Iteration 8 finished
[2024-04-25 14:17:16] Query 1-2, Iteration 9 started
[2024-04-25 14:17:18] Query 1-2, Iteration 9 finished
[2024-04-25 14:17:18] Query 1-2, Iteration 10 started
[2024-04-25 14:17:20] Query 1-2, Iteration 10 finished
[2024-04-25 14:17:20] Query 1-2, Iteration 11 started
[2024-04-25 14:17:23] Query 1-2, Iteration 11 finished
[2024-04-25 14:17:23] Query 1-2, Iteration 12 started
[2024-04-25 14:17:25] Query 1-2, Iteration 12 finished
[2024-04-25 14:17:25] Query 1-2, Iteration 13 started
[2024-04-25 14:17:27] Query 1-2, Iteration 13 finished
[2024-04-25 14:17:27] Query 1-2, Iteration 14 started
[2024-04-25 14:17:29] Query 1-2, Iteration 14 finished
[2024-04-25 14:17:29] Query 1-2, Iteration 15 started
[2024-04-25 14:17:32] Query 1-2, Iteration 15 finished
[2024-04-25 14:17:32] Query 1-2, Iteration 16 started
[2024-04-25 14:17:34] Query 1-2, Iteration 16 finished
[2024-04-25 14:17:34] Query 1-2, Iteration 17 started
[2024-04-25 14:17:36] Query 1-2, Iteration 17 finished
[2024-04-25 14:17:36] Query 1-2, Iteration 18 started
[2024-04-25 14:17:38] Query 1-2, Iteration 18 finished
[2024-04-25 14:17:38] Query 1-2, Iteration 19 started
[2024-04-25 14:17:41] Query 1-2, Iteration 19 finished
[2024-04-25 14:17:41] Query 1-2, Iteration 20 started
[2024-04-25 14:17:43] Query 1-2, Iteration 20 finished
[2024-04-25 14:17:43] Query 1-3, Iteration 1 started
[2024-04-25 14:17:44] Query 1-3, Iteration 1 finished
[2024-04-25 14:17:44] Query 1-3, Iteration 2 started
[2024-04-25 14:17:46] Query 1-3, Iteration 2 finished
[2024-04-25 14:17:46] Query 1-3, Iteration 3 started
[2024-04-25 14:17:48] Query 1-3, Iteration 3 finished
[2024-04-25 14:17:48] Query 1-3, Iteration 4 started
[2024-04-25 14:17:50] Query 1-3, Iteration 4 finished
[2024-04-25 14:17:50] Query 1-3, Iteration 5 started
[2024-04-25 14:17:51] Query 1-3, Iteration 5 finished
[2024-04-25 14:17:51] Query 1-3, Iteration 6 started
[2024-04-25 14:17:53] Query 1-3, Iteration 6 finished
[2024-04-25 14:17:53] Query 1-3, Iteration 7 started
[2024-04-25 14:17:55] Query 1-3, Iteration 7 finished
[2024-04-25 14:17:55] Query 1-3, Iteration 8 started
[2024-04-25 14:17:56] Query 1-3, Iteration 8 finished
[2024-04-25 14:17:56] Query 1-3, Iteration 9 started
[2024-04-25 14:17:58] Query 1-3, Iteration 9 finished
[2024-04-25 14:17:58] Query 1-3, Iteration 10 started
[2024-04-25 14:18:00] Query 1-3, Iteration 10 finished
[2024-04-25 14:18:00] Query 1-3, Iteration 11 started
[2024-04-25 14:18:02] Query 1-3, Iteration 11 finished
[2024-04-25 14:18:02] Query 1-3, Iteration 12 started
[2024-04-25 14:18:03] Query 1-3, Iteration 12 finished
[2024-04-25 14:18:03] Query 1-3, Iteration 13 started
[2024-04-25 14:18:05] Query 1-3, Iteration 13 finished
[2024-04-25 14:18:05] Query 1-3, Iteration 14 started
[2024-04-25 14:18:07] Query 1-3, Iteration 14 finished
[2024-04-25 14:18:07] Query 1-3, Iteration 15 started
[2024-04-25 14:18:09] Query 1-3, Iteration 15 finished
[2024-04-25 14:18:09] Query 1-3, Iteration 16 started
[2024-04-25 14:18:10] Query 1-3, Iteration 16 finished
[2024-04-25 14:18:10] Query 1-3, Iteration 17 started
[2024-04-25 14:18:12] Query 1-3, Iteration 17 finished
[2024-04-25 14:18:12] Query 1-3, Iteration 18 started
[2024-04-25 14:18:14] Query 1-3, Iteration 18 finished
[2024-04-25 14:18:14] Query 1-3, Iteration 19 started
[2024-04-25 14:18:16] Query 1-3, Iteration 19 finished
[2024-04-25 14:18:16] Query 1-3, Iteration 20 started
[2024-04-25 14:18:17] Query 1-3, Iteration 20 finished
[2024-04-25 14:18:17] Query 1-4, Iteration 1 started
[2024-04-25 14:18:20] Query 1-4, Iteration 1 finished
[2024-04-25 14:18:20] Query 1-4, Iteration 2 started
[2024-04-25 14:18:22] Query 1-4, Iteration 2 finished
[2024-04-25 14:18:22] Query 1-4, Iteration 3 started
[2024-04-25 14:18:24] Query 1-4, Iteration 3 finished
[2024-04-25 14:18:24] Query 1-4, Iteration 4 started
[2024-04-25 14:18:25] Query 1-4, Iteration 4 finished
[2024-04-25 14:18:25] Query 1-4, Iteration 5 started
[2024-04-25 14:18:27] Query 1-4, Iteration 5 finished
[2024-04-25 14:18:27] Query 1-4, Iteration 6 started
[2024-04-25 14:18:28] Query 1-4, Iteration 6 finished
[2024-04-25 14:18:28] Query 1-4, Iteration 7 started
[2024-04-25 14:18:30] Query 1-4, Iteration 7 finished
[2024-04-25 14:18:30] Query 1-4, Iteration 8 started
[2024-04-25 14:18:31] Query 1-4, Iteration 8 finished
[2024-04-25 14:18:31] Query 1-4, Iteration 9 started
[2024-04-25 14:18:33] Query 1-4, Iteration 9 finished
[2024-04-25 14:18:33] Query 1-4, Iteration 10 started
[2024-04-25 14:18:34] Query 1-4, Iteration 10 finished
[2024-04-25 14:18:34] Query 1-4, Iteration 11 started
[2024-04-25 14:18:36] Query 1-4, Iteration 11 finished
[2024-04-25 14:18:36] Query 1-4, Iteration 12 started
[2024-04-25 14:18:37] Query 1-4, Iteration 12 finished
[2024-04-25 14:18:37] Query 1-4, Iteration 13 started
[2024-04-25 14:18:39] Query 1-4, Iteration 13 finished
[2024-04-25 14:18:39] Query 1-4, Iteration 14 started
[2024-04-25 14:18:40] Query 1-4, Iteration 14 finished
[2024-04-25 14:18:40] Query 1-4, Iteration 15 started
[2024-04-25 14:18:42] Query 1-4, Iteration 15 finished
[2024-04-25 14:18:42] Query 1-4, Iteration 16 started
[2024-04-25 14:18:43] Query 1-4, Iteration 16 finished
[2024-04-25 14:18:43] Query 1-4, Iteration 17 started
[2024-04-25 14:18:45] Query 1-4, Iteration 17 finished
[2024-04-25 14:18:45] Query 1-4, Iteration 18 started
[2024-04-25 14:18:46] Query 1-4, Iteration 18 finished
[2024-04-25 14:18:46] Query 1-4, Iteration 19 started
[2024-04-25 14:18:48] Query 1-4, Iteration 19 finished
[2024-04-25 14:18:48] Query 1-4, Iteration 20 started
[2024-04-25 14:18:49] Query 1-4, Iteration 20 finished
[2024-04-25 14:18:49] Query 10, Iteration 1 started
[2024-04-25 14:19:11] Query 10, Iteration 1 finished
[2024-04-25 14:19:11] Query 10, Iteration 2 started
[2024-04-25 14:19:32] Query 10, Iteration 2 finished
[2024-04-25 14:19:32] Query 10, Iteration 3 started
[2024-04-25 14:19:53] Query 10, Iteration 3 finished
[2024-04-25 14:19:53] Query 10, Iteration 4 started
[2024-04-25 14:20:14] Query 10, Iteration 4 finished
[2024-04-25 14:20:14] Query 10, Iteration 5 started
[2024-04-25 14:20:34] Query 10, Iteration 5 finished
[2024-04-25 14:20:34] Query 10, Iteration 6 started
[2024-04-25 14:20:55] Query 10, Iteration 6 finished
[2024-04-25 14:20:55] Query 10, Iteration 7 started
[2024-04-25 14:21:15] Query 10, Iteration 7 finished
[2024-04-25 14:21:15] Query 10, Iteration 8 started
[2024-04-25 14:21:36] Query 10, Iteration 8 finished
[2024-04-25 14:21:36] Query 10, Iteration 9 started
[2024-04-25 14:21:56] Query 10, Iteration 9 finished
[2024-04-25 14:21:56] Query 10, Iteration 10 started
[2024-04-25 14:22:16] Query 10, Iteration 10 finished
[2024-04-25 14:22:16] Query 10, Iteration 11 started
[2024-04-25 14:22:36] Query 10, Iteration 11 finished
[2024-04-25 14:22:36] Query 10, Iteration 12 started
[2024-04-25 14:22:57] Query 10, Iteration 12 finished
[2024-04-25 14:22:57] Query 10, Iteration 13 started
[2024-04-25 14:23:18] Query 10, Iteration 13 finished
[2024-04-25 14:23:18] Query 10, Iteration 14 started
[2024-04-25 14:23:38] Query 10, Iteration 14 finished
[2024-04-25 14:23:38] Query 10, Iteration 15 started
[2024-04-25 14:23:59] Query 10, Iteration 15 finished
[2024-04-25 14:23:59] Query 10, Iteration 16 started
[2024-04-25 14:24:20] Query 10, Iteration 16 finished
[2024-04-25 14:24:20] Query 10, Iteration 17 started
[2024-04-25 14:24:40] Query 10, Iteration 17 finished
[2024-04-25 14:24:40] Query 10, Iteration 18 started
[2024-04-25 14:25:01] Query 10, Iteration 18 finished
[2024-04-25 14:25:01] Query 10, Iteration 19 started
[2024-04-25 14:25:22] Query 10, Iteration 19 finished
[2024-04-25 14:25:22] Query 10, Iteration 20 started
[2024-04-25 14:25:43] Query 10, Iteration 20 finished
[2024-04-25 14:25:43] Query 11, Iteration 1 started
[2024-04-25 14:26:51] Query 11, Iteration 1 finished
[2024-04-25 14:26:51] Query 11, Iteration 2 started
[2024-04-25 14:27:55] Query 11, Iteration 2 finished
[2024-04-25 14:27:55] Query 11, Iteration 3 started
[2024-04-25 14:29:00] Query 11, Iteration 3 finished
[2024-04-25 14:29:00] Query 11, Iteration 4 started
[2024-04-25 14:30:05] Query 11, Iteration 4 finished
[2024-04-25 14:30:05] Query 11, Iteration 5 started
[2024-04-25 14:31:10] Query 11, Iteration 5 finished
[2024-04-25 14:31:10] Query 11, Iteration 6 started
[2024-04-25 14:32:17] Query 11, Iteration 6 finished
[2024-04-25 14:32:17] Query 11, Iteration 7 started
[2024-04-25 14:33:21] Query 11, Iteration 7 finished
[2024-04-25 14:33:21] Query 11, Iteration 8 started
[2024-04-25 14:34:26] Query 11, Iteration 8 finished
[2024-04-25 14:34:26] Query 11, Iteration 9 started
[2024-04-25 14:35:30] Query 11, Iteration 9 finished
[2024-04-25 14:35:30] Query 11, Iteration 10 started
[2024-04-25 14:36:35] Query 11, Iteration 10 finished
[2024-04-25 14:36:35] Query 11, Iteration 11 started
[2024-04-25 14:37:38] Query 11, Iteration 11 finished
[2024-04-25 14:37:38] Query 11, Iteration 12 started
[2024-04-25 14:38:42] Query 11, Iteration 12 finished
[2024-04-25 14:38:42] Query 11, Iteration 13 started
[2024-04-25 14:39:46] Query 11, Iteration 13 finished
[2024-04-25 14:39:46] Query 11, Iteration 14 started
[2024-04-25 14:40:51] Query 11, Iteration 14 finished
[2024-04-25 14:40:51] Query 11, Iteration 15 started
[2024-04-25 14:41:56] Query 11, Iteration 15 finished
[2024-04-25 14:41:56] Query 11, Iteration 16 started
[2024-04-25 14:43:00] Query 11, Iteration 16 finished
[2024-04-25 14:43:00] Query 11, Iteration 17 started
[2024-04-25 14:44:03] Query 11, Iteration 17 finished
[2024-04-25 14:44:03] Query 11, Iteration 18 started
[2024-04-25 14:45:07] Query 11, Iteration 18 finished
[2024-04-25 14:45:07] Query 11, Iteration 19 started
[2024-04-25 14:46:11] Query 11, Iteration 19 finished
[2024-04-25 14:46:11] Query 11, Iteration 20 started
[2024-04-25 14:47:14] Query 11, Iteration 20 finished
[2024-04-25 14:47:14] Query 2-1, Iteration 1 started
[2024-04-25 14:47:21] Query 2-1, Iteration 1 finished
[2024-04-25 14:47:21] Query 2-1, Iteration 2 started
[2024-04-25 14:47:27] Query 2-1, Iteration 2 finished
[2024-04-25 14:47:27] Query 2-1, Iteration 3 started
[2024-04-25 14:47:34] Query 2-1, Iteration 3 finished
[2024-04-25 14:47:34] Query 2-1, Iteration 4 started
[2024-04-25 14:47:41] Query 2-1, Iteration 4 finished
[2024-04-25 14:47:41] Query 2-1, Iteration 5 started
[2024-04-25 14:47:48] Query 2-1, Iteration 5 finished
[2024-04-25 14:47:48] Query 2-1, Iteration 6 started
[2024-04-25 14:47:54] Query 2-1, Iteration 6 finished
[2024-04-25 14:47:54] Query 2-1, Iteration 7 started
[2024-04-25 14:48:00] Query 2-1, Iteration 7 finished
[2024-04-25 14:48:00] Query 2-1, Iteration 8 started
[2024-04-25 14:48:06] Query 2-1, Iteration 8 finished
[2024-04-25 14:48:06] Query 2-1, Iteration 9 started
[2024-04-25 14:48:13] Query 2-1, Iteration 9 finished
[2024-04-25 14:48:13] Query 2-1, Iteration 10 started
[2024-04-25 14:48:19] Query 2-1, Iteration 10 finished
[2024-04-25 14:48:19] Query 2-1, Iteration 11 started
[2024-04-25 14:48:26] Query 2-1, Iteration 11 finished
[2024-04-25 14:48:26] Query 2-1, Iteration 12 started
[2024-04-25 14:48:32] Query 2-1, Iteration 12 finished
[2024-04-25 14:48:32] Query 2-1, Iteration 13 started
[2024-04-25 14:48:39] Query 2-1, Iteration 13 finished
[2024-04-25 14:48:39] Query 2-1, Iteration 14 started
[2024-04-25 14:48:46] Query 2-1, Iteration 14 finished
[2024-04-25 14:48:46] Query 2-1, Iteration 15 started
[2024-04-25 14:48:52] Query 2-1, Iteration 15 finished
[2024-04-25 14:48:52] Query 2-1, Iteration 16 started
[2024-04-25 14:48:59] Query 2-1, Iteration 16 finished
[2024-04-25 14:48:59] Query 2-1, Iteration 17 started
[2024-04-25 14:49:05] Query 2-1, Iteration 17 finished
[2024-04-25 14:49:05] Query 2-1, Iteration 18 started
[2024-04-25 14:49:12] Query 2-1, Iteration 18 finished
[2024-04-25 14:49:12] Query 2-1, Iteration 19 started
[2024-04-25 14:49:19] Query 2-1, Iteration 19 finished
[2024-04-25 14:49:19] Query 2-1, Iteration 20 started
[2024-04-25 14:49:26] Query 2-1, Iteration 20 finished
[2024-04-25 14:49:26] Query 2-2, Iteration 1 started
[2024-04-25 14:49:33] Query 2-2, Iteration 1 finished
[2024-04-25 14:49:33] Query 2-2, Iteration 2 started
[2024-04-25 14:49:40] Query 2-2, Iteration 2 finished
[2024-04-25 14:49:40] Query 2-2, Iteration 3 started
[2024-04-25 14:49:47] Query 2-2, Iteration 3 finished
[2024-04-25 14:49:47] Query 2-2, Iteration 4 started
[2024-04-25 14:49:54] Query 2-2, Iteration 4 finished
[2024-04-25 14:49:54] Query 2-2, Iteration 5 started
[2024-04-25 14:50:01] Query 2-2, Iteration 5 finished
[2024-04-25 14:50:01] Query 2-2, Iteration 6 started
[2024-04-25 14:50:08] Query 2-2, Iteration 6 finished
[2024-04-25 14:50:08] Query 2-2, Iteration 7 started
[2024-04-25 14:50:15] Query 2-2, Iteration 7 finished
[2024-04-25 14:50:15] Query 2-2, Iteration 8 started
[2024-04-25 14:50:22] Query 2-2, Iteration 8 finished
[2024-04-25 14:50:22] Query 2-2, Iteration 9 started
[2024-04-25 14:50:29] Query 2-2, Iteration 9 finished
[2024-04-25 14:50:29] Query 2-2, Iteration 10 started
[2024-04-25 14:50:36] Query 2-2, Iteration 10 finished
[2024-04-25 14:50:36] Query 2-2, Iteration 11 started
[2024-04-25 14:50:43] Query 2-2, Iteration 11 finished
[2024-04-25 14:50:43] Query 2-2, Iteration 12 started
[2024-04-25 14:50:50] Query 2-2, Iteration 12 finished
[2024-04-25 14:50:50] Query 2-2, Iteration 13 started
[2024-04-25 14:50:57] Query 2-2, Iteration 13 finished
[2024-04-25 14:50:57] Query 2-2, Iteration 14 started
[2024-04-25 14:51:04] Query 2-2, Iteration 14 finished
[2024-04-25 14:51:04] Query 2-2, Iteration 15 started
[2024-04-25 14:51:11] Query 2-2, Iteration 15 finished
[2024-04-25 14:51:11] Query 2-2, Iteration 16 started
[2024-04-25 14:51:17] Query 2-2, Iteration 16 finished
[2024-04-25 14:51:17] Query 2-2, Iteration 17 started
[2024-04-25 14:51:24] Query 2-2, Iteration 17 finished
[2024-04-25 14:51:24] Query 2-2, Iteration 18 started
[2024-04-25 14:51:31] Query 2-2, Iteration 18 finished
[2024-04-25 14:51:31] Query 2-2, Iteration 19 started
[2024-04-25 14:51:38] Query 2-2, Iteration 19 finished
[2024-04-25 14:51:38] Query 2-2, Iteration 20 started
[2024-04-25 14:51:46] Query 2-2, Iteration 20 finished
[2024-04-25 14:51:46] Query 3-1, Iteration 1 started
The transaction has been terminated. Retry your operation in a new transaction, and you should see a successful result. The transaction has not completed within the timeout specified at its start by the client. You may want to retry with a longer timeout. 
[2024-04-25 14:56:49] Query 3-2, Iteration 1 started
The transaction has been terminated. Retry your operation in a new transaction, and you should see a successful result. The transaction has not completed within the timeout specified at its start by the client. You may want to retry with a longer timeout. 
[2024-04-25 15:01:51] Query 3-3, Iteration 1 started
The transaction has been terminated. Retry your operation in a new transaction, and you should see a successful result. The transaction has not completed within the timeout specified at its start by the client. You may want to retry with a longer timeout. 
[2024-04-25 15:06:53] Query 3-4, Iteration 1 started
[2024-04-25 15:08:07] Query 3-4, Iteration 1 finished
[2024-04-25 15:08:07] Query 3-4, Iteration 2 started
[2024-04-25 15:09:23] Query 3-4, Iteration 2 finished
[2024-04-25 15:09:23] Query 3-4, Iteration 3 started
[2024-04-25 15:10:36] Query 3-4, Iteration 3 finished
[2024-04-25 15:10:36] Query 3-4, Iteration 4 started
[2024-04-25 15:11:50] Query 3-4, Iteration 4 finished
[2024-04-25 15:11:50] Query 3-4, Iteration 5 started
[2024-04-25 15:13:01] Query 3-4, Iteration 5 finished
[2024-04-25 15:13:01] Query 3-4, Iteration 6 started
[2024-04-25 15:14:15] Query 3-4, Iteration 6 finished
[2024-04-25 15:14:15] Query 3-4, Iteration 7 started
[2024-04-25 15:15:26] Query 3-4, Iteration 7 finished
[2024-04-25 15:15:26] Query 3-4, Iteration 8 started
[2024-04-25 15:16:38] Query 3-4, Iteration 8 finished
[2024-04-25 15:16:38] Query 3-4, Iteration 9 started
[2024-04-25 15:17:51] Query 3-4, Iteration 9 finished
[2024-04-25 15:17:51] Query 3-4, Iteration 10 started
[2024-04-25 15:19:03] Query 3-4, Iteration 10 finished
[2024-04-25 15:19:03] Query 3-4, Iteration 11 started
[2024-04-25 15:20:17] Query 3-4, Iteration 11 finished
[2024-04-25 15:20:17] Query 3-4, Iteration 12 started
[2024-04-25 15:21:30] Query 3-4, Iteration 12 finished
[2024-04-25 15:21:30] Query 3-4, Iteration 13 started
[2024-04-25 15:22:43] Query 3-4, Iteration 13 finished
[2024-04-25 15:22:43] Query 3-4, Iteration 14 started
[2024-04-25 15:23:56] Query 3-4, Iteration 14 finished
[2024-04-25 15:23:56] Query 3-4, Iteration 15 started
[2024-04-25 15:25:09] Query 3-4, Iteration 15 finished
[2024-04-25 15:25:09] Query 3-4, Iteration 16 started
[2024-04-25 15:26:23] Query 3-4, Iteration 16 finished
[2024-04-25 15:26:23] Query 3-4, Iteration 17 started
[2024-04-25 15:27:38] Query 3-4, Iteration 17 finished
[2024-04-25 15:27:38] Query 3-4, Iteration 18 started
[2024-04-25 15:28:53] Query 3-4, Iteration 18 finished
[2024-04-25 15:28:53] Query 3-4, Iteration 19 started
[2024-04-25 15:30:07] Query 3-4, Iteration 19 finished
[2024-04-25 15:30:07] Query 3-4, Iteration 20 started
[2024-04-25 15:31:19] Query 3-4, Iteration 20 finished
[2024-04-25 15:31:19] Query 4-1, Iteration 1 started
The transaction has been terminated. Retry your operation in a new transaction, and you should see a successful result. The transaction has not completed within the timeout specified at its start by the client. You may want to retry with a longer timeout. 
[2024-04-25 15:36:21] Query 4-2, Iteration 1 started
[2024-04-25 15:36:23] Query 4-2, Iteration 1 finished
[2024-04-25 15:36:23] Query 4-2, Iteration 2 started
[2024-04-25 15:36:25] Query 4-2, Iteration 2 finished
[2024-04-25 15:36:25] Query 4-2, Iteration 3 started
[2024-04-25 15:36:27] Query 4-2, Iteration 3 finished
[2024-04-25 15:36:27] Query 4-2, Iteration 4 started
[2024-04-25 15:36:29] Query 4-2, Iteration 4 finished
[2024-04-25 15:36:29] Query 4-2, Iteration 5 started
[2024-04-25 15:36:31] Query 4-2, Iteration 5 finished
[2024-04-25 15:36:31] Query 4-2, Iteration 6 started
[2024-04-25 15:36:33] Query 4-2, Iteration 6 finished
[2024-04-25 15:36:33] Query 4-2, Iteration 7 started
[2024-04-25 15:36:36] Query 4-2, Iteration 7 finished
[2024-04-25 15:36:36] Query 4-2, Iteration 8 started
[2024-04-25 15:36:37] Query 4-2, Iteration 8 finished
[2024-04-25 15:36:37] Query 4-2, Iteration 9 started
[2024-04-25 15:36:39] Query 4-2, Iteration 9 finished
[2024-04-25 15:36:39] Query 4-2, Iteration 10 started
[2024-04-25 15:36:42] Query 4-2, Iteration 10 finished
[2024-04-25 15:36:42] Query 4-2, Iteration 11 started
[2024-04-25 15:36:44] Query 4-2, Iteration 11 finished
[2024-04-25 15:36:44] Query 4-2, Iteration 12 started
[2024-04-25 15:36:46] Query 4-2, Iteration 12 finished
[2024-04-25 15:36:46] Query 4-2, Iteration 13 started
[2024-04-25 15:36:48] Query 4-2, Iteration 13 finished
[2024-04-25 15:36:48] Query 4-2, Iteration 14 started
[2024-04-25 15:36:50] Query 4-2, Iteration 14 finished
[2024-04-25 15:36:50] Query 4-2, Iteration 15 started
[2024-04-25 15:36:52] Query 4-2, Iteration 15 finished
[2024-04-25 15:36:52] Query 4-2, Iteration 16 started
[2024-04-25 15:36:54] Query 4-2, Iteration 16 finished
[2024-04-25 15:36:54] Query 4-2, Iteration 17 started
[2024-04-25 15:36:57] Query 4-2, Iteration 17 finished
[2024-04-25 15:36:57] Query 4-2, Iteration 18 started
[2024-04-25 15:36:59] Query 4-2, Iteration 18 finished
[2024-04-25 15:36:59] Query 4-2, Iteration 19 started
[2024-04-25 15:37:01] Query 4-2, Iteration 19 finished
[2024-04-25 15:37:01] Query 4-2, Iteration 20 started
[2024-04-25 15:37:03] Query 4-2, Iteration 20 finished
[2024-04-25 15:37:03] Query 5, Iteration 1 started
[2024-04-25 15:38:46] Query 5, Iteration 1 finished
[2024-04-25 15:38:46] Query 5, Iteration 2 started
[2024-04-25 15:40:27] Query 5, Iteration 2 finished
[2024-04-25 15:40:27] Query 5, Iteration 3 started
[2024-04-25 15:42:06] Query 5, Iteration 3 finished
[2024-04-25 15:42:06] Query 5, Iteration 4 started
[2024-04-25 15:43:45] Query 5, Iteration 4 finished
[2024-04-25 15:43:45] Query 5, Iteration 5 started
[2024-04-25 15:45:24] Query 5, Iteration 5 finished
[2024-04-25 15:45:24] Query 5, Iteration 6 started
[2024-04-25 15:47:03] Query 5, Iteration 6 finished
[2024-04-25 15:47:03] Query 5, Iteration 7 started
[2024-04-25 15:48:41] Query 5, Iteration 7 finished
[2024-04-25 15:48:41] Query 5, Iteration 8 started
[2024-04-25 15:50:19] Query 5, Iteration 8 finished
[2024-04-25 15:50:19] Query 5, Iteration 9 started
[2024-04-25 15:51:57] Query 5, Iteration 9 finished
[2024-04-25 15:51:57] Query 5, Iteration 10 started
[2024-04-25 15:53:39] Query 5, Iteration 10 finished
[2024-04-25 15:53:39] Query 5, Iteration 11 started
[2024-04-25 15:55:17] Query 5, Iteration 11 finished
[2024-04-25 15:55:17] Query 5, Iteration 12 started
[2024-04-25 15:56:55] Query 5, Iteration 12 finished
[2024-04-25 15:56:55] Query 5, Iteration 13 started
[2024-04-25 15:58:33] Query 5, Iteration 13 finished
[2024-04-25 15:58:33] Query 5, Iteration 14 started
[2024-04-25 16:00:09] Query 5, Iteration 14 finished
[2024-04-25 16:00:09] Query 5, Iteration 15 started
[2024-04-25 16:01:45] Query 5, Iteration 15 finished
[2024-04-25 16:01:45] Query 5, Iteration 16 started
[2024-04-25 16:03:23] Query 5, Iteration 16 finished
[2024-04-25 16:03:23] Query 5, Iteration 17 started
[2024-04-25 16:05:02] Query 5, Iteration 17 finished
[2024-04-25 16:05:02] Query 5, Iteration 18 started
[2024-04-25 16:06:44] Query 5, Iteration 18 finished
[2024-04-25 16:06:44] Query 5, Iteration 19 started
[2024-04-25 16:08:23] Query 5, Iteration 19 finished
[2024-04-25 16:08:23] Query 5, Iteration 20 started
[2024-04-25 16:10:03] Query 5, Iteration 20 finished
[2024-04-25 16:10:03] Query 6, Iteration 1 started
The transaction has been terminated. Retry your operation in a new transaction, and you should see a successful result. The transaction has not completed within the timeout specified at its start by the client. You may want to retry with a longer timeout. 
[2024-04-25 16:15:05] Query 7, Iteration 1 started
