Query 10, Iteration 1, started at 2024-04-18 08:24:36
Now Tracing is enabled
Now capturing query output to '/dev/null'.
Query 10, Iteration 2, started at 2024-04-18 08:25:03
Now Tracing is enabled
Now capturing query output to '/dev/null'.
Query 10, Iteration 3, started at 2024-04-18 08:25:25
Now Tracing is enabled
Now capturing query output to '/dev/null'.
Query 10, Iteration 4, started at 2024-04-18 08:25:46
Now Tracing is enabled
Now capturing query output to '/dev/null'.
Query 10, Iteration 5, started at 2024-04-18 08:26:08
Now Tracing is enabled
Now capturing query output to '/dev/null'.
Query 10, Iteration 6, started at 2024-04-18 08:26:32
Now Tracing is enabled
Now capturing query output to '/dev/null'.
Query 10, Iteration 7, started at 2024-04-18 08:26:55
Now Tracing is enabled
Now capturing query output to '/dev/null'.
Query 10, Iteration 8, started at 2024-04-18 08:27:17
Now Tracing is enabled
Now capturing query output to '/dev/null'.
Query 10, Iteration 9, started at 2024-04-18 08:27:40
Now Tracing is enabled
Now capturing query output to '/dev/null'.
Query 10, Iteration 10, started at 2024-04-18 08:28:02
Now Tracing is enabled
Now capturing query output to '/dev/null'.
Query 10, Iteration 11, started at 2024-04-18 08:28:25
Now Tracing is enabled
Now capturing query output to '/dev/null'.
Query 10, Iteration 12, started at 2024-04-18 08:28:46
Now Tracing is enabled
Now capturing query output to '/dev/null'.
Query 10, Iteration 13, started at 2024-04-18 08:29:08
Now Tracing is enabled
Now capturing query output to '/dev/null'.
Query 10, Iteration 14, started at 2024-04-18 08:29:29
Now Tracing is enabled
Now capturing query output to '/dev/null'.
Query 10, Iteration 15, started at 2024-04-18 08:29:51
Now Tracing is enabled
Now capturing query output to '/dev/null'.
Query 10, Iteration 16, started at 2024-04-18 08:30:12
Now Tracing is enabled
Now capturing query output to '/dev/null'.
Query 10, Iteration 17, started at 2024-04-18 08:30:33
Now Tracing is enabled
Now capturing query output to '/dev/null'.
Query 10, Iteration 18, started at 2024-04-18 08:30:54
Now Tracing is enabled
Now capturing query output to '/dev/null'.
Query 10, Iteration 19, started at 2024-04-18 08:31:15
Now Tracing is enabled
Now capturing query output to '/dev/null'.
Query 10, Iteration 20, started at 2024-04-18 08:31:38
Now Tracing is enabled
Now capturing query output to '/dev/null'.
Query 1-1, Iteration 1, started at 2024-04-18 08:32:00
Now Tracing is enabled
Now capturing query output to '/dev/null'.
Query 1-1, Iteration 2, started at 2024-04-18 08:32:01
Now Tracing is enabled
Now capturing query output to '/dev/null'.
Query 1-1, Iteration 3, started at 2024-04-18 08:32:03
Now Tracing is enabled
Now capturing query output to '/dev/null'.
Query 1-1, Iteration 4, started at 2024-04-18 08:32:05
Now Tracing is enabled
Now capturing query output to '/dev/null'.
Query 1-1, Iteration 5, started at 2024-04-18 08:32:07
Now Tracing is enabled
Now capturing query output to '/dev/null'.
Query 1-1, Iteration 6, started at 2024-04-18 08:32:09
Now Tracing is enabled
Now capturing query output to '/dev/null'.
Query 1-1, Iteration 7, started at 2024-04-18 08:32:10
Now Tracing is enabled
Now capturing query output to '/dev/null'.
Query 1-1, Iteration 8, started at 2024-04-18 08:32:12
Now Tracing is enabled
Now capturing query output to '/dev/null'.
Query 1-1, Iteration 9, started at 2024-04-18 08:32:14
Now Tracing is enabled
Now capturing query output to '/dev/null'.
Query 1-1, Iteration 10, started at 2024-04-18 08:32:16
Now Tracing is enabled
Now capturing query output to '/dev/null'.
Query 1-1, Iteration 11, started at 2024-04-18 08:32:18
Now Tracing is enabled
Now capturing query output to '/dev/null'.
Query 1-1, Iteration 12, started at 2024-04-18 08:32:20
Now Tracing is enabled
Now capturing query output to '/dev/null'.
Query 1-1, Iteration 13, started at 2024-04-18 08:32:22
Now Tracing is enabled
Now capturing query output to '/dev/null'.
Query 1-1, Iteration 14, started at 2024-04-18 08:32:24
Now Tracing is enabled
Now capturing query output to '/dev/null'.
Query 1-1, Iteration 15, started at 2024-04-18 08:32:26
Now Tracing is enabled
Now capturing query output to '/dev/null'.
Query 1-1, Iteration 16, started at 2024-04-18 08:32:28
Now Tracing is enabled
Now capturing query output to '/dev/null'.
Query 1-1, Iteration 17, started at 2024-04-18 08:32:30
Now Tracing is enabled
Now capturing query output to '/dev/null'.
Query 1-1, Iteration 18, started at 2024-04-18 08:32:32
Now Tracing is enabled
Now capturing query output to '/dev/null'.
Query 1-1, Iteration 19, started at 2024-04-18 08:32:34
Now Tracing is enabled
Now capturing query output to '/dev/null'.
Query 1-1, Iteration 20, started at 2024-04-18 08:32:36
Now Tracing is enabled
Now capturing query output to '/dev/null'.
Query 11, Iteration 1, started at 2024-04-18 08:32:38
Now Tracing is enabled
Now capturing query output to '/dev/null'.
Query 11, Iteration 2, started at 2024-04-18 08:32:48
Now Tracing is enabled
Now capturing query output to '/dev/null'.
Query 11, Iteration 3, started at 2024-04-18 08:32:56
Now Tracing is enabled
Now capturing query output to '/dev/null'.
Query 11, Iteration 4, started at 2024-04-18 08:33:05
Now Tracing is enabled
Now capturing query output to '/dev/null'.
Query 11, Iteration 5, started at 2024-04-18 08:33:13
Now Tracing is enabled
Now capturing query output to '/dev/null'.
Query 11, Iteration 6, started at 2024-04-18 08:33:22
Now Tracing is enabled
Now capturing query output to '/dev/null'.
Query 11, Iteration 7, started at 2024-04-18 08:33:30
Now Tracing is enabled
Now capturing query output to '/dev/null'.
Query 11, Iteration 8, started at 2024-04-18 08:33:38
Now Tracing is enabled
Now capturing query output to '/dev/null'.
Query 11, Iteration 9, started at 2024-04-18 08:33:47
Now Tracing is enabled
Now capturing query output to '/dev/null'.
Query 11, Iteration 10, started at 2024-04-18 08:33:55
Now Tracing is enabled
Now capturing query output to '/dev/null'.
Query 11, Iteration 11, started at 2024-04-18 08:34:04
Now Tracing is enabled
Now capturing query output to '/dev/null'.
Query 11, Iteration 12, started at 2024-04-18 08:34:12
Now Tracing is enabled
Now capturing query output to '/dev/null'.
Query 11, Iteration 13, started at 2024-04-18 08:34:21
Now Tracing is enabled
Now capturing query output to '/dev/null'.
Query 11, Iteration 14, started at 2024-04-18 08:34:29
Now Tracing is enabled
Now capturing query output to '/dev/null'.
Query 11, Iteration 15, started at 2024-04-18 08:34:38
Now Tracing is enabled
Now capturing query output to '/dev/null'.
Query 11, Iteration 16, started at 2024-04-18 08:34:47
Now Tracing is enabled
Now capturing query output to '/dev/null'.
Query 11, Iteration 17, started at 2024-04-18 08:34:55
Now Tracing is enabled
Now capturing query output to '/dev/null'.
Query 11, Iteration 18, started at 2024-04-18 08:35:03
Now Tracing is enabled
Now capturing query output to '/dev/null'.
Query 11, Iteration 19, started at 2024-04-18 08:35:11
Now Tracing is enabled
Now capturing query output to '/dev/null'.
Query 11, Iteration 20, started at 2024-04-18 08:35:20
Now Tracing is enabled
Now capturing query output to '/dev/null'.
Query 1-2, Iteration 1, started at 2024-04-18 08:35:28
Now Tracing is enabled
Now capturing query output to '/dev/null'.
Query 1-2, Iteration 2, started at 2024-04-18 08:35:33
Now Tracing is enabled
Now capturing query output to '/dev/null'.
Query 1-2, Iteration 3, started at 2024-04-18 08:35:39
Now Tracing is enabled
Now capturing query output to '/dev/null'.
Query 1-2, Iteration 4, started at 2024-04-18 08:35:45
Now Tracing is enabled
Now capturing query output to '/dev/null'.
Query 1-2, Iteration 5, started at 2024-04-18 08:35:52
Now Tracing is enabled
Now capturing query output to '/dev/null'.
Query 1-2, Iteration 6, started at 2024-04-18 08:36:01
Now Tracing is enabled
Now capturing query output to '/dev/null'.
Query 1-2, Iteration 7, started at 2024-04-18 08:36:09
Now Tracing is enabled
Now capturing query output to '/dev/null'.
Query 1-2, Iteration 8, started at 2024-04-18 08:36:18
Now Tracing is enabled
Now capturing query output to '/dev/null'.
Query 1-2, Iteration 9, started at 2024-04-18 08:36:26
Now Tracing is enabled
Now capturing query output to '/dev/null'.
Query 1-2, Iteration 10, started at 2024-04-18 08:36:34
Now Tracing is enabled
Now capturing query output to '/dev/null'.
Query 1-2, Iteration 11, started at 2024-04-18 08:36:41
Now Tracing is enabled
Now capturing query output to '/dev/null'.
Query 1-2, Iteration 12, started at 2024-04-18 08:36:49
Now Tracing is enabled
Now capturing query output to '/dev/null'.
Query 1-2, Iteration 13, started at 2024-04-18 08:36:56
Now Tracing is enabled
Now capturing query output to '/dev/null'.
Query 1-2, Iteration 14, started at 2024-04-18 08:37:04
Now Tracing is enabled
Now capturing query output to '/dev/null'.
Query 1-2, Iteration 15, started at 2024-04-18 08:37:12
Now Tracing is enabled
Now capturing query output to '/dev/null'.
Query 1-2, Iteration 16, started at 2024-04-18 08:37:20
Now Tracing is enabled
Now capturing query output to '/dev/null'.
Query 1-2, Iteration 17, started at 2024-04-18 08:37:27
Now Tracing is enabled
Now capturing query output to '/dev/null'.
Query 1-2, Iteration 18, started at 2024-04-18 08:37:35
Now Tracing is enabled
Now capturing query output to '/dev/null'.
Query 1-2, Iteration 19, started at 2024-04-18 08:37:44
Now Tracing is enabled
Now capturing query output to '/dev/null'.
Query 1-2, Iteration 20, started at 2024-04-18 08:37:52
Now Tracing is enabled
Now capturing query output to '/dev/null'.
Query 1-3, Iteration 1, started at 2024-04-18 08:37:59
Now Tracing is enabled
Now capturing query output to '/dev/null'.
Query 1-3, Iteration 2, started at 2024-04-18 08:38:01
Now Tracing is enabled
Now capturing query output to '/dev/null'.
Query 1-3, Iteration 3, started at 2024-04-18 08:38:03
Now Tracing is enabled
Now capturing query output to '/dev/null'.
Query 1-3, Iteration 4, started at 2024-04-18 08:38:04
Now Tracing is enabled
Now capturing query output to '/dev/null'.
Query 1-3, Iteration 5, started at 2024-04-18 08:38:06
Now Tracing is enabled
Now capturing query output to '/dev/null'.
Query 1-3, Iteration 6, started at 2024-04-18 08:38:07
Now Tracing is enabled
Now capturing query output to '/dev/null'.
Query 1-3, Iteration 7, started at 2024-04-18 08:38:09
Now Tracing is enabled
Now capturing query output to '/dev/null'.
Query 1-3, Iteration 8, started at 2024-04-18 08:38:11
Now Tracing is enabled
Now capturing query output to '/dev/null'.
Query 1-3, Iteration 9, started at 2024-04-18 08:38:12
Now Tracing is enabled
Now capturing query output to '/dev/null'.
Query 1-3, Iteration 10, started at 2024-04-18 08:38:14
Now Tracing is enabled
Now capturing query output to '/dev/null'.
Query 1-3, Iteration 11, started at 2024-04-18 08:38:15
Now Tracing is enabled
Now capturing query output to '/dev/null'.
Query 1-3, Iteration 12, started at 2024-04-18 08:38:17
Now Tracing is enabled
Now capturing query output to '/dev/null'.
Query 1-3, Iteration 13, started at 2024-04-18 08:38:19
Now Tracing is enabled
Now capturing query output to '/dev/null'.
Query 1-3, Iteration 14, started at 2024-04-18 08:38:20
Now Tracing is enabled
Now capturing query output to '/dev/null'.
Query 1-3, Iteration 15, started at 2024-04-18 08:38:22
Now Tracing is enabled
Now capturing query output to '/dev/null'.
Query 1-3, Iteration 16, started at 2024-04-18 08:38:23
Now Tracing is enabled
Now capturing query output to '/dev/null'.
Query 1-3, Iteration 17, started at 2024-04-18 08:38:25
Now Tracing is enabled
Now capturing query output to '/dev/null'.
Query 1-3, Iteration 18, started at 2024-04-18 08:38:27
Now Tracing is enabled
Now capturing query output to '/dev/null'.
Query 1-3, Iteration 19, started at 2024-04-18 08:38:28
Now Tracing is enabled
Now capturing query output to '/dev/null'.
Query 1-3, Iteration 20, started at 2024-04-18 08:38:30
Now Tracing is enabled
Now capturing query output to '/dev/null'.
Query 1-4, Iteration 1, started at 2024-04-18 08:38:31
Now Tracing is enabled
Now capturing query output to '/dev/null'.
Query 1-4, Iteration 2, started at 2024-04-18 08:38:38
Now Tracing is enabled
Now capturing query output to '/dev/null'.
Query 1-4, Iteration 3, started at 2024-04-18 08:38:45
Now Tracing is enabled
Now capturing query output to '/dev/null'.
Query 1-4, Iteration 4, started at 2024-04-18 08:38:52
Now Tracing is enabled
Now capturing query output to '/dev/null'.
Query 1-4, Iteration 5, started at 2024-04-18 08:38:59
Now Tracing is enabled
Now capturing query output to '/dev/null'.
Query 1-4, Iteration 6, started at 2024-04-18 08:39:06
Now Tracing is enabled
Now capturing query output to '/dev/null'.
Query 1-4, Iteration 7, started at 2024-04-18 08:39:12
Now Tracing is enabled
Now capturing query output to '/dev/null'.
Query 1-4, Iteration 8, started at 2024-04-18 08:39:19
Now Tracing is enabled
Now capturing query output to '/dev/null'.
Query 1-4, Iteration 9, started at 2024-04-18 08:39:25
Now Tracing is enabled
Now capturing query output to '/dev/null'.
Query 1-4, Iteration 10, started at 2024-04-18 08:39:31
Now Tracing is enabled
Now capturing query output to '/dev/null'.
Query 1-4, Iteration 11, started at 2024-04-18 08:39:38
Now Tracing is enabled
Now capturing query output to '/dev/null'.
Query 1-4, Iteration 12, started at 2024-04-18 08:39:43
Now Tracing is enabled
Now capturing query output to '/dev/null'.
Query 1-4, Iteration 13, started at 2024-04-18 08:39:49
Now Tracing is enabled
Now capturing query output to '/dev/null'.
Query 1-4, Iteration 14, started at 2024-04-18 08:39:56
Now Tracing is enabled
Now capturing query output to '/dev/null'.
Query 1-4, Iteration 15, started at 2024-04-18 08:40:01
Now Tracing is enabled
Now capturing query output to '/dev/null'.
Query 1-4, Iteration 16, started at 2024-04-18 08:40:08
Now Tracing is enabled
Now capturing query output to '/dev/null'.
Query 1-4, Iteration 17, started at 2024-04-18 08:40:14
Now Tracing is enabled
Now capturing query output to '/dev/null'.
Query 1-4, Iteration 18, started at 2024-04-18 08:40:21
Now Tracing is enabled
Now capturing query output to '/dev/null'.
Query 1-4, Iteration 19, started at 2024-04-18 08:40:28
Now Tracing is enabled
Now capturing query output to '/dev/null'.
Query 1-4, Iteration 20, started at 2024-04-18 08:40:34
Now Tracing is enabled
Now capturing query output to '/dev/null'.
Query 2-1, Iteration 1, started at 2024-04-18 08:40:41
Now Tracing is enabled
Now capturing query output to '/dev/null'.
Query 2-1, Iteration 2, started at 2024-04-18 08:40:45
Now Tracing is enabled
Now capturing query output to '/dev/null'.
Query 2-1, Iteration 3, started at 2024-04-18 08:40:49
Now Tracing is enabled
Now capturing query output to '/dev/null'.
Query 2-1, Iteration 4, started at 2024-04-18 08:40:52
Now Tracing is enabled
Now capturing query output to '/dev/null'.
Query 2-1, Iteration 5, started at 2024-04-18 08:40:56
Now Tracing is enabled
Now capturing query output to '/dev/null'.
Query 2-1, Iteration 6, started at 2024-04-18 08:41:00
Now Tracing is enabled
Now capturing query output to '/dev/null'.
Query 2-1, Iteration 7, started at 2024-04-18 08:41:04
Now Tracing is enabled
Now capturing query output to '/dev/null'.
Query 2-1, Iteration 8, started at 2024-04-18 08:41:07
Now Tracing is enabled
Now capturing query output to '/dev/null'.
Query 2-1, Iteration 9, started at 2024-04-18 08:41:11
Now Tracing is enabled
Now capturing query output to '/dev/null'.
Query 2-1, Iteration 10, started at 2024-04-18 08:41:15
Now Tracing is enabled
Now capturing query output to '/dev/null'.
Query 2-1, Iteration 11, started at 2024-04-18 08:41:18
Now Tracing is enabled
Now capturing query output to '/dev/null'.
Query 2-1, Iteration 12, started at 2024-04-18 08:41:22
Now Tracing is enabled
Now capturing query output to '/dev/null'.
Query 2-1, Iteration 13, started at 2024-04-18 08:41:26
Now Tracing is enabled
Now capturing query output to '/dev/null'.
Query 2-1, Iteration 14, started at 2024-04-18 08:41:29
Now Tracing is enabled
Now capturing query output to '/dev/null'.
Query 2-1, Iteration 15, started at 2024-04-18 08:41:33
Now Tracing is enabled
Now capturing query output to '/dev/null'.
Query 2-1, Iteration 16, started at 2024-04-18 08:41:37
Now Tracing is enabled
Now capturing query output to '/dev/null'.
Query 2-1, Iteration 17, started at 2024-04-18 08:41:40
Now Tracing is enabled
Now capturing query output to '/dev/null'.
Query 2-1, Iteration 18, started at 2024-04-18 08:41:44
Now Tracing is enabled
Now capturing query output to '/dev/null'.
Query 2-1, Iteration 19, started at 2024-04-18 08:41:48
Now Tracing is enabled
Now capturing query output to '/dev/null'.
Query 2-1, Iteration 20, started at 2024-04-18 08:41:51
Now Tracing is enabled
Now capturing query output to '/dev/null'.
Query 2-2, Iteration 1, started at 2024-04-18 08:41:55
Now Tracing is enabled
Now capturing query output to '/dev/null'.
Query 2-2, Iteration 2, started at 2024-04-18 08:41:58
Now Tracing is enabled
Now capturing query output to '/dev/null'.
Query 2-2, Iteration 3, started at 2024-04-18 08:42:02
Now Tracing is enabled
Now capturing query output to '/dev/null'.
Query 2-2, Iteration 4, started at 2024-04-18 08:42:05
Now Tracing is enabled
Now capturing query output to '/dev/null'.
Query 2-2, Iteration 5, started at 2024-04-18 08:42:09
Now Tracing is enabled
Now capturing query output to '/dev/null'.
Query 2-2, Iteration 6, started at 2024-04-18 08:42:13
Now Tracing is enabled
Now capturing query output to '/dev/null'.
Query 2-2, Iteration 7, started at 2024-04-18 08:42:17
Now Tracing is enabled
Now capturing query output to '/dev/null'.
Query 2-2, Iteration 8, started at 2024-04-18 08:42:21
Now Tracing is enabled
Now capturing query output to '/dev/null'.
Query 2-2, Iteration 9, started at 2024-04-18 08:42:24
Now Tracing is enabled
Now capturing query output to '/dev/null'.
Query 2-2, Iteration 10, started at 2024-04-18 08:42:28
Now Tracing is enabled
Now capturing query output to '/dev/null'.
Query 2-2, Iteration 11, started at 2024-04-18 08:42:32
Now Tracing is enabled
Now capturing query output to '/dev/null'.
Query 2-2, Iteration 12, started at 2024-04-18 08:42:35
Now Tracing is enabled
Now capturing query output to '/dev/null'.
Query 2-2, Iteration 13, started at 2024-04-18 08:42:39
Now Tracing is enabled
Now capturing query output to '/dev/null'.
Query 2-2, Iteration 14, started at 2024-04-18 08:42:43
Now Tracing is enabled
Now capturing query output to '/dev/null'.
Query 2-2, Iteration 15, started at 2024-04-18 08:42:47
Now Tracing is enabled
Now capturing query output to '/dev/null'.
Query 2-2, Iteration 16, started at 2024-04-18 08:42:51
Now Tracing is enabled
Now capturing query output to '/dev/null'.
Query 2-2, Iteration 17, started at 2024-04-18 08:42:54
Now Tracing is enabled
Now capturing query output to '/dev/null'.
Query 2-2, Iteration 18, started at 2024-04-18 08:42:58
Now Tracing is enabled
Now capturing query output to '/dev/null'.
Query 2-2, Iteration 19, started at 2024-04-18 08:43:01
Now Tracing is enabled
Now capturing query output to '/dev/null'.
Query 2-2, Iteration 20, started at 2024-04-18 08:43:05
Now Tracing is enabled
Now capturing query output to '/dev/null'.
Query 3-1, Iteration 1, started at 2024-04-18 08:43:09
Now Tracing is enabled
Now capturing query output to '/dev/null'.
Query 3-1, Iteration 2, started at 2024-04-18 08:43:10
Now Tracing is enabled
Now capturing query output to '/dev/null'.
Query 3-1, Iteration 3, started at 2024-04-18 08:43:12
Now Tracing is enabled
Now capturing query output to '/dev/null'.
Query 3-1, Iteration 4, started at 2024-04-18 08:43:13
Now Tracing is enabled
Now capturing query output to '/dev/null'.
Query 3-1, Iteration 5, started at 2024-04-18 08:43:15
Now Tracing is enabled
Now capturing query output to '/dev/null'.
Query 3-1, Iteration 6, started at 2024-04-18 08:43:16
Now Tracing is enabled
Now capturing query output to '/dev/null'.
Query 3-1, Iteration 7, started at 2024-04-18 08:43:18
Now Tracing is enabled
Now capturing query output to '/dev/null'.
Query 3-1, Iteration 8, started at 2024-04-18 08:43:20
Now Tracing is enabled
Now capturing query output to '/dev/null'.
Query 3-1, Iteration 9, started at 2024-04-18 08:43:21
Now Tracing is enabled
Now capturing query output to '/dev/null'.
Query 3-1, Iteration 10, started at 2024-04-18 08:43:23
Now Tracing is enabled
Now capturing query output to '/dev/null'.
Query 3-1, Iteration 11, started at 2024-04-18 08:43:25
Now Tracing is enabled
Now capturing query output to '/dev/null'.
Query 3-1, Iteration 12, started at 2024-04-18 08:43:26
Now Tracing is enabled
Now capturing query output to '/dev/null'.
Query 3-1, Iteration 13, started at 2024-04-18 08:43:28
Now Tracing is enabled
Now capturing query output to '/dev/null'.
Query 3-1, Iteration 14, started at 2024-04-18 08:43:30
Now Tracing is enabled
Now capturing query output to '/dev/null'.
Query 3-1, Iteration 15, started at 2024-04-18 08:43:31
Now Tracing is enabled
Now capturing query output to '/dev/null'.
Query 3-1, Iteration 16, started at 2024-04-18 08:43:33
Now Tracing is enabled
Now capturing query output to '/dev/null'.
Query 3-1, Iteration 17, started at 2024-04-18 08:43:34
Now Tracing is enabled
Now capturing query output to '/dev/null'.
Query 3-1, Iteration 18, started at 2024-04-18 08:43:36
Now Tracing is enabled
Now capturing query output to '/dev/null'.
Query 3-1, Iteration 19, started at 2024-04-18 08:43:37
Now Tracing is enabled
Now capturing query output to '/dev/null'.
Query 3-1, Iteration 20, started at 2024-04-18 08:43:39
Now Tracing is enabled
Now capturing query output to '/dev/null'.
Query 3-2, Iteration 1, started at 2024-04-18 08:43:41
Now Tracing is enabled
Now capturing query output to '/dev/null'.
Query 3-2, Iteration 2, started at 2024-04-18 08:46:21
Now Tracing is enabled
Now capturing query output to '/dev/null'.
Query 3-2, Iteration 3, started at 2024-04-18 08:48:58
Now Tracing is enabled
Now capturing query output to '/dev/null'.
Query 3-2, Iteration 4, started at 2024-04-18 08:51:32
Now Tracing is enabled
Now capturing query output to '/dev/null'.
Query 3-2, Iteration 5, started at 2024-04-18 08:54:02
Now Tracing is enabled
Now capturing query output to '/dev/null'.
Query 3-2, Iteration 6, started at 2024-04-18 08:56:36
Now Tracing is enabled
Now capturing query output to '/dev/null'.
Query 3-2, Iteration 7, started at 2024-04-18 08:59:10
Now Tracing is enabled
Now capturing query output to '/dev/null'.
Query 3-2, Iteration 8, started at 2024-04-18 09:01:44
Now Tracing is enabled
Now capturing query output to '/dev/null'.
Query 3-2, Iteration 9, started at 2024-04-18 09:04:18
Now Tracing is enabled
Now capturing query output to '/dev/null'.
Query 3-2, Iteration 10, started at 2024-04-18 09:06:55
Now Tracing is enabled
Now capturing query output to '/dev/null'.
Query 3-2, Iteration 11, started at 2024-04-18 09:09:28
Now Tracing is enabled
Now capturing query output to '/dev/null'.
Query 3-2, Iteration 12, started at 2024-04-18 09:12:00
Now Tracing is enabled
Now capturing query output to '/dev/null'.
Query 3-2, Iteration 13, started at 2024-04-18 09:14:31
Now Tracing is enabled
Now capturing query output to '/dev/null'.
Query 3-2, Iteration 14, started at 2024-04-18 09:17:06
Now Tracing is enabled
Now capturing query output to '/dev/null'.
Query 3-2, Iteration 15, started at 2024-04-18 09:19:39
Now Tracing is enabled
Now capturing query output to '/dev/null'.
Query 3-2, Iteration 16, started at 2024-04-18 09:22:14
Now Tracing is enabled
Now capturing query output to '/dev/null'.
Query 3-2, Iteration 17, started at 2024-04-18 09:24:51
Now Tracing is enabled
Now capturing query output to '/dev/null'.
Query 3-2, Iteration 18, started at 2024-04-18 09:27:33
Now Tracing is enabled
Now capturing query output to '/dev/null'.
Query 3-2, Iteration 19, started at 2024-04-18 09:30:10
Now Tracing is enabled
Now capturing query output to '/dev/null'.
Query 3-2, Iteration 20, started at 2024-04-18 09:32:46
Now Tracing is enabled
Now capturing query output to '/dev/null'.
Query 3-3, Iteration 1, started at 2024-04-18 09:35:25
Now Tracing is enabled
Now capturing query output to '/dev/null'.
Query 3-3, Iteration 2, started at 2024-04-18 09:50:19
Now Tracing is enabled
Now capturing query output to '/dev/null'.
Query 3-3, Iteration 3, started at 2024-04-18 10:05:07
Now Tracing is enabled
Now capturing query output to '/dev/null'.
Query 3-3, Iteration 4, started at 2024-04-18 10:19:57
Now Tracing is enabled
Now capturing query output to '/dev/null'.
Query 3-3, Iteration 5, started at 2024-04-18 10:34:45
Now Tracing is enabled
Now capturing query output to '/dev/null'.
Query 3-3, Iteration 6, started at 2024-04-18 10:49:47
Now Tracing is enabled
Now capturing query output to '/dev/null'.
Query 3-3, Iteration 7, started at 2024-04-18 11:04:42
Now Tracing is enabled
Now capturing query output to '/dev/null'.
Query 3-3, Iteration 8, started at 2024-04-18 11:19:35
Now Tracing is enabled
Now capturing query output to '/dev/null'.
Query 3-3, Iteration 9, started at 2024-04-18 11:34:27
Now Tracing is enabled
Now capturing query output to '/dev/null'.
Query 3-3, Iteration 10, started at 2024-04-18 11:49:22
Now Tracing is enabled
Now capturing query output to '/dev/null'.
Query 3-3, Iteration 11, started at 2024-04-18 12:04:16
Now Tracing is enabled
Now capturing query output to '/dev/null'.
Query 3-3, Iteration 12, started at 2024-04-18 12:19:07
Now Tracing is enabled
Now capturing query output to '/dev/null'.
Query 3-3, Iteration 13, started at 2024-04-18 12:34:04
Now Tracing is enabled
Now capturing query output to '/dev/null'.
Query 3-3, Iteration 14, started at 2024-04-18 12:49:00
Now Tracing is enabled
Now capturing query output to '/dev/null'.
Query 3-3, Iteration 15, started at 2024-04-18 13:03:58
Now Tracing is enabled
Now capturing query output to '/dev/null'.
Query 3-3, Iteration 16, started at 2024-04-18 13:18:48
Now Tracing is enabled
Now capturing query output to '/dev/null'.
Query 3-3, Iteration 17, started at 2024-04-18 13:33:39
Now Tracing is enabled
Now capturing query output to '/dev/null'.
Query 3-3, Iteration 18, started at 2024-04-18 13:48:32
Now Tracing is enabled
Now capturing query output to '/dev/null'.
Query 3-3, Iteration 19, started at 2024-04-18 14:03:30
Now Tracing is enabled
Now capturing query output to '/dev/null'.
Query 3-3, Iteration 20, started at 2024-04-18 14:18:24
Now Tracing is enabled
Now capturing query output to '/dev/null'.
Query 3-4, Iteration 1, started at 2024-04-18 14:33:18
Now Tracing is enabled
Now capturing query output to '/dev/null'.
Query 3-4, Iteration 2, started at 2024-04-18 14:33:57
Now Tracing is enabled
Now capturing query output to '/dev/null'.
Query 3-4, Iteration 3, started at 2024-04-18 14:34:35
Now Tracing is enabled
Now capturing query output to '/dev/null'.
Query 3-4, Iteration 4, started at 2024-04-18 14:35:10
Now Tracing is enabled
Now capturing query output to '/dev/null'.
Query 3-4, Iteration 5, started at 2024-04-18 14:35:47
Now Tracing is enabled
Now capturing query output to '/dev/null'.
Query 3-4, Iteration 6, started at 2024-04-18 14:36:24
Now Tracing is enabled
Now capturing query output to '/dev/null'.
Query 3-4, Iteration 7, started at 2024-04-18 14:37:01
Now Tracing is enabled
Now capturing query output to '/dev/null'.
Query 3-4, Iteration 8, started at 2024-04-18 14:37:38
Now Tracing is enabled
Now capturing query output to '/dev/null'.
Query 3-4, Iteration 9, started at 2024-04-18 14:38:12
Now Tracing is enabled
Now capturing query output to '/dev/null'.
Query 3-4, Iteration 10, started at 2024-04-18 14:38:49
Now Tracing is enabled
Now capturing query output to '/dev/null'.
Query 3-4, Iteration 11, started at 2024-04-18 14:39:26
Now Tracing is enabled
Now capturing query output to '/dev/null'.
Query 3-4, Iteration 12, started at 2024-04-18 14:40:00
Now Tracing is enabled
Now capturing query output to '/dev/null'.
Query 3-4, Iteration 13, started at 2024-04-18 14:40:36
Now Tracing is enabled
Now capturing query output to '/dev/null'.
Query 3-4, Iteration 14, started at 2024-04-18 14:41:12
Now Tracing is enabled
Now capturing query output to '/dev/null'.
Query 3-4, Iteration 15, started at 2024-04-18 14:41:48
Now Tracing is enabled
Now capturing query output to '/dev/null'.
Query 3-4, Iteration 16, started at 2024-04-18 14:42:24
Now Tracing is enabled
Now capturing query output to '/dev/null'.
Query 3-4, Iteration 17, started at 2024-04-18 14:42:59
Now Tracing is enabled
Now capturing query output to '/dev/null'.
Query 3-4, Iteration 18, started at 2024-04-18 14:43:34
Now Tracing is enabled
Now capturing query output to '/dev/null'.
Query 3-4, Iteration 19, started at 2024-04-18 14:44:09
Now Tracing is enabled
Now capturing query output to '/dev/null'.
Query 3-4, Iteration 20, started at 2024-04-18 14:44:45
Now Tracing is enabled
Now capturing query output to '/dev/null'.
Query 5, Iteration 1, started at 2024-04-18 14:45:21
Now Tracing is enabled
Now capturing query output to '/dev/null'.
Query 5, Iteration 2, started at 2024-04-18 14:46:04
Now Tracing is enabled
Now capturing query output to '/dev/null'.
Query 5, Iteration 3, started at 2024-04-18 14:46:46
Now Tracing is enabled
Now capturing query output to '/dev/null'.
Query 5, Iteration 4, started at 2024-04-18 14:47:28
Now Tracing is enabled
Now capturing query output to '/dev/null'.
Query 5, Iteration 5, started at 2024-04-18 14:48:11
Now Tracing is enabled
Now capturing query output to '/dev/null'.
Query 5, Iteration 6, started at 2024-04-18 14:48:54
Now Tracing is enabled
Now capturing query output to '/dev/null'.
Query 5, Iteration 7, started at 2024-04-18 14:49:38
Now Tracing is enabled
Now capturing query output to '/dev/null'.
Query 5, Iteration 8, started at 2024-04-18 14:50:22
Now Tracing is enabled
Now capturing query output to '/dev/null'.
Query 5, Iteration 9, started at 2024-04-18 14:51:05
Now Tracing is enabled
Now capturing query output to '/dev/null'.
Query 5, Iteration 10, started at 2024-04-18 14:51:47
Now Tracing is enabled
Now capturing query output to '/dev/null'.
Query 5, Iteration 11, started at 2024-04-18 14:52:30
Now Tracing is enabled
Now capturing query output to '/dev/null'.
Query 5, Iteration 12, started at 2024-04-18 14:53:14
Now Tracing is enabled
Now capturing query output to '/dev/null'.
Query 5, Iteration 13, started at 2024-04-18 14:53:57
Now Tracing is enabled
Now capturing query output to '/dev/null'.
Query 5, Iteration 14, started at 2024-04-18 14:54:39
Now Tracing is enabled
Now capturing query output to '/dev/null'.
Query 5, Iteration 15, started at 2024-04-18 14:55:21
Now Tracing is enabled
Now capturing query output to '/dev/null'.
Query 5, Iteration 16, started at 2024-04-18 14:56:04
Now Tracing is enabled
Now capturing query output to '/dev/null'.
Query 5, Iteration 17, started at 2024-04-18 14:56:47
Now Tracing is enabled
Now capturing query output to '/dev/null'.
Query 5, Iteration 18, started at 2024-04-18 14:57:33
Now Tracing is enabled
Now capturing query output to '/dev/null'.
Query 5, Iteration 19, started at 2024-04-18 14:58:18
Now Tracing is enabled
Now capturing query output to '/dev/null'.
Query 5, Iteration 20, started at 2024-04-18 14:59:01
Now Tracing is enabled
Now capturing query output to '/dev/null'.
Query 6, Iteration 1, started at 2024-04-18 14:59:45
Now Tracing is enabled
Now capturing query output to '/dev/null'.
Query 6, Iteration 2, started at 2024-04-18 15:02:25
Now Tracing is enabled
Now capturing query output to '/dev/null'.
Query 6, Iteration 3, started at 2024-04-18 15:05:04
Now Tracing is enabled
Now capturing query output to '/dev/null'.
Query 6, Iteration 4, started at 2024-04-18 15:07:48
Now Tracing is enabled
Now capturing query output to '/dev/null'.
Query 6, Iteration 5, started at 2024-04-18 15:10:34
Now Tracing is enabled
Now capturing query output to '/dev/null'.
Query 6, Iteration 6, started at 2024-04-18 15:13:20
Now Tracing is enabled
Now capturing query output to '/dev/null'.
Query 6, Iteration 7, started at 2024-04-18 15:16:09
Now Tracing is enabled
Now capturing query output to '/dev/null'.
Query 6, Iteration 8, started at 2024-04-18 15:18:58
Now Tracing is enabled
Now capturing query output to '/dev/null'.
Query 6, Iteration 9, started at 2024-04-18 15:21:30
Now Tracing is enabled
Now capturing query output to '/dev/null'.
Query 6, Iteration 10, started at 2024-04-18 15:24:16
Now Tracing is enabled
Now capturing query output to '/dev/null'.
Query 6, Iteration 11, started at 2024-04-18 15:26:56
Now Tracing is enabled
Now capturing query output to '/dev/null'.
Query 6, Iteration 12, started at 2024-04-18 15:29:43
Now Tracing is enabled
Now capturing query output to '/dev/null'.
Query 6, Iteration 13, started at 2024-04-18 15:32:27
Now Tracing is enabled
Now capturing query output to '/dev/null'.
Query 6, Iteration 14, started at 2024-04-18 15:35:06
Now Tracing is enabled
Now capturing query output to '/dev/null'.
Query 6, Iteration 15, started at 2024-04-18 15:37:53
Now Tracing is enabled
Now capturing query output to '/dev/null'.
Query 6, Iteration 16, started at 2024-04-18 15:40:37
Now Tracing is enabled
Now capturing query output to '/dev/null'.
Query 6, Iteration 17, started at 2024-04-18 15:43:24
Now Tracing is enabled
Now capturing query output to '/dev/null'.
Query 6, Iteration 18, started at 2024-04-18 15:46:15
Now Tracing is enabled
Now capturing query output to '/dev/null'.
Query 6, Iteration 19, started at 2024-04-18 15:49:08
Now Tracing is enabled
Now capturing query output to '/dev/null'.
Query 6, Iteration 20, started at 2024-04-18 15:51:58
Now Tracing is enabled
Now capturing query output to '/dev/null'.
Query 7, Iteration 1, started at 2024-04-18 15:54:43
Now Tracing is enabled
Now capturing query output to '/dev/null'.
Query 7, Iteration 2, started at 2024-04-18 15:54:59
Now Tracing is enabled
Now capturing query output to '/dev/null'.
Query 7, Iteration 3, started at 2024-04-18 15:55:14
Now Tracing is enabled
Now capturing query output to '/dev/null'.
Query 7, Iteration 4, started at 2024-04-18 15:55:28
Now Tracing is enabled
Now capturing query output to '/dev/null'.
Query 7, Iteration 5, started at 2024-04-18 15:55:41
Now Tracing is enabled
Now capturing query output to '/dev/null'.
Query 7, Iteration 6, started at 2024-04-18 15:55:55
Now Tracing is enabled
Now capturing query output to '/dev/null'.
Query 7, Iteration 7, started at 2024-04-18 15:56:10
Now Tracing is enabled
Now capturing query output to '/dev/null'.
Query 7, Iteration 8, started at 2024-04-18 15:56:24
Now Tracing is enabled
Now capturing query output to '/dev/null'.
Query 7, Iteration 9, started at 2024-04-18 15:56:37
Now Tracing is enabled
Now capturing query output to '/dev/null'.
Query 7, Iteration 10, started at 2024-04-18 15:56:51
Now Tracing is enabled
Now capturing query output to '/dev/null'.
Query 7, Iteration 11, started at 2024-04-18 15:57:05
Now Tracing is enabled
Now capturing query output to '/dev/null'.
Query 7, Iteration 12, started at 2024-04-18 15:57:19
Now Tracing is enabled
Now capturing query output to '/dev/null'.
Query 7, Iteration 13, started at 2024-04-18 15:57:32
Now Tracing is enabled
Now capturing query output to '/dev/null'.
Query 7, Iteration 14, started at 2024-04-18 15:57:45
Now Tracing is enabled
Now capturing query output to '/dev/null'.
Query 7, Iteration 15, started at 2024-04-18 15:57:58
Now Tracing is enabled
Now capturing query output to '/dev/null'.
Query 7, Iteration 16, started at 2024-04-18 15:58:12
Now Tracing is enabled
Now capturing query output to '/dev/null'.
Query 7, Iteration 17, started at 2024-04-18 15:58:25
Now Tracing is enabled
Now capturing query output to '/dev/null'.
Query 7, Iteration 18, started at 2024-04-18 15:58:37
Now Tracing is enabled
Now capturing query output to '/dev/null'.
Query 7, Iteration 19, started at 2024-04-18 15:58:51
Now Tracing is enabled
Now capturing query output to '/dev/null'.
Query 7, Iteration 20, started at 2024-04-18 15:59:04
Now Tracing is enabled
Now capturing query output to '/dev/null'.
Query 8, Iteration 1, started at 2024-04-18 15:59:18
Now Tracing is enabled
Now capturing query output to '/dev/null'.
Query 8, Iteration 2, started at 2024-04-18 15:59:23
Now Tracing is enabled
Now capturing query output to '/dev/null'.
Query 8, Iteration 3, started at 2024-04-18 15:59:29
Now Tracing is enabled
Now capturing query output to '/dev/null'.
Query 8, Iteration 4, started at 2024-04-18 15:59:35
Now Tracing is enabled
Now capturing query output to '/dev/null'.
Query 8, Iteration 5, started at 2024-04-18 15:59:41
Now Tracing is enabled
Now capturing query output to '/dev/null'.
Query 8, Iteration 6, started at 2024-04-18 15:59:46
Now Tracing is enabled
Now capturing query output to '/dev/null'.
Query 8, Iteration 7, started at 2024-04-18 15:59:52
Now Tracing is enabled
Now capturing query output to '/dev/null'.
Query 8, Iteration 8, started at 2024-04-18 15:59:57
Now Tracing is enabled
Now capturing query output to '/dev/null'.
Query 8, Iteration 9, started at 2024-04-18 16:00:03
Now Tracing is enabled
Now capturing query output to '/dev/null'.
Query 8, Iteration 10, started at 2024-04-18 16:00:09
Now Tracing is enabled
Now capturing query output to '/dev/null'.
Query 8, Iteration 11, started at 2024-04-18 16:00:15
Now Tracing is enabled
Now capturing query output to '/dev/null'.
Query 8, Iteration 12, started at 2024-04-18 16:00:21
Now Tracing is enabled
Now capturing query output to '/dev/null'.
Query 8, Iteration 13, started at 2024-04-18 16:00:27
Now Tracing is enabled
Now capturing query output to '/dev/null'.
Query 8, Iteration 14, started at 2024-04-18 16:00:33
Now Tracing is enabled
Now capturing query output to '/dev/null'.
Query 8, Iteration 15, started at 2024-04-18 16:00:38
Now Tracing is enabled
Now capturing query output to '/dev/null'.
Query 8, Iteration 16, started at 2024-04-18 16:00:45
Now Tracing is enabled
Now capturing query output to '/dev/null'.
Query 8, Iteration 17, started at 2024-04-18 16:00:51
Now Tracing is enabled
Now capturing query output to '/dev/null'.
Query 8, Iteration 18, started at 2024-04-18 16:00:56
Now Tracing is enabled
Now capturing query output to '/dev/null'.
Query 8, Iteration 19, started at 2024-04-18 16:01:02
Now Tracing is enabled
Now capturing query output to '/dev/null'.
Query 8, Iteration 20, started at 2024-04-18 16:01:08
Now Tracing is enabled
Now capturing query output to '/dev/null'.
Query 9-2, Iteration 1, started at 2024-04-18 16:01:13
Now Tracing is enabled
Now capturing query output to '/dev/null'.
Query 9-2, Iteration 2, started at 2024-04-18 16:01:47
Now Tracing is enabled
Now capturing query output to '/dev/null'.
Query 9-2, Iteration 3, started at 2024-04-18 16:02:18
Now Tracing is enabled
Now capturing query output to '/dev/null'.
Query 9-2, Iteration 4, started at 2024-04-18 16:02:51
Now Tracing is enabled
Now capturing query output to '/dev/null'.
Query 9-2, Iteration 5, started at 2024-04-18 16:03:23
Now Tracing is enabled
Now capturing query output to '/dev/null'.
Query 9-2, Iteration 6, started at 2024-04-18 16:03:56
Now Tracing is enabled
Now capturing query output to '/dev/null'.
Query 9-2, Iteration 7, started at 2024-04-18 16:04:28
Now Tracing is enabled
Now capturing query output to '/dev/null'.
Query 9-2, Iteration 8, started at 2024-04-18 16:05:02
Now Tracing is enabled
Now capturing query output to '/dev/null'.
Query 9-2, Iteration 9, started at 2024-04-18 16:05:35
Now Tracing is enabled
Now capturing query output to '/dev/null'.
Query 9-2, Iteration 10, started at 2024-04-18 16:06:09
Now Tracing is enabled
Now capturing query output to '/dev/null'.
Query 9-2, Iteration 11, started at 2024-04-18 16:06:42
Now Tracing is enabled
Now capturing query output to '/dev/null'.
Query 9-2, Iteration 12, started at 2024-04-18 16:07:15
Now Tracing is enabled
Now capturing query output to '/dev/null'.
Query 9-2, Iteration 13, started at 2024-04-18 16:07:46
Now Tracing is enabled
Now capturing query output to '/dev/null'.
Query 9-2, Iteration 14, started at 2024-04-18 16:08:20
Now Tracing is enabled
Now capturing query output to '/dev/null'.
Query 9-2, Iteration 15, started at 2024-04-18 16:08:54
Now Tracing is enabled
Now capturing query output to '/dev/null'.
Query 9-2, Iteration 16, started at 2024-04-18 16:09:27
Now Tracing is enabled
Now capturing query output to '/dev/null'.
Query 9-2, Iteration 17, started at 2024-04-18 16:10:00
Now Tracing is enabled
Now capturing query output to '/dev/null'.
Query 9-2, Iteration 18, started at 2024-04-18 16:10:33
Now Tracing is enabled
Now capturing query output to '/dev/null'.
Query 9-2, Iteration 19, started at 2024-04-18 16:11:07
Now Tracing is enabled
Now capturing query output to '/dev/null'.
Query 9-2, Iteration 20, started at 2024-04-18 16:11:42
Now Tracing is enabled
Now capturing query output to '/dev/null'.
