Query 10, Iteration 1, started at 2024-04-07 14:36:34
Now Tracing is enabled
Now capturing query output to '/dev/null'.
Query 10, Iteration 2, started at 2024-04-07 14:36:51
Now Tracing is enabled
Now capturing query output to '/dev/null'.
Query 10, Iteration 3, started at 2024-04-07 14:37:06
Now Tracing is enabled
Now capturing query output to '/dev/null'.
Query 10, Iteration 4, started at 2024-04-07 14:37:19
Now Tracing is enabled
Now capturing query output to '/dev/null'.
Query 10, Iteration 5, started at 2024-04-07 14:37:34
Now Tracing is enabled
Now capturing query output to '/dev/null'.
Query 10, Iteration 6, started at 2024-04-07 14:37:48
Now Tracing is enabled
Now capturing query output to '/dev/null'.
Query 10, Iteration 7, started at 2024-04-07 14:38:03
Now Tracing is enabled
Now capturing query output to '/dev/null'.
Query 10, Iteration 8, started at 2024-04-07 14:38:18
Now Tracing is enabled
Now capturing query output to '/dev/null'.
Query 10, Iteration 9, started at 2024-04-07 14:38:32
Now Tracing is enabled
Now capturing query output to '/dev/null'.
Query 10, Iteration 10, started at 2024-04-07 14:38:47
Now Tracing is enabled
Now capturing query output to '/dev/null'.
Query 10, Iteration 11, started at 2024-04-07 14:39:02
Now Tracing is enabled
Now capturing query output to '/dev/null'.
Query 10, Iteration 12, started at 2024-04-07 14:39:17
Now Tracing is enabled
Now capturing query output to '/dev/null'.
Query 10, Iteration 13, started at 2024-04-07 14:39:32
Now Tracing is enabled
Now capturing query output to '/dev/null'.
Query 10, Iteration 14, started at 2024-04-07 14:39:46
Now Tracing is enabled
Now capturing query output to '/dev/null'.
Query 10, Iteration 15, started at 2024-04-07 14:40:01
Now Tracing is enabled
Now capturing query output to '/dev/null'.
Query 10, Iteration 16, started at 2024-04-07 14:40:15
Now Tracing is enabled
Now capturing query output to '/dev/null'.
Query 10, Iteration 17, started at 2024-04-07 14:40:30
Now Tracing is enabled
Now capturing query output to '/dev/null'.
Query 10, Iteration 18, started at 2024-04-07 14:40:45
Now Tracing is enabled
Now capturing query output to '/dev/null'.
Query 10, Iteration 19, started at 2024-04-07 14:41:01
Now Tracing is enabled
Now capturing query output to '/dev/null'.
Query 10, Iteration 20, started at 2024-04-07 14:41:15
Now Tracing is enabled
Now capturing query output to '/dev/null'.
Query 1-1, Iteration 1, started at 2024-04-07 14:41:30
Now Tracing is enabled
Now capturing query output to '/dev/null'.
Query 1-1, Iteration 2, started at 2024-04-07 14:41:34
Now Tracing is enabled
Now capturing query output to '/dev/null'.
Query 1-1, Iteration 3, started at 2024-04-07 14:41:37
Now Tracing is enabled
Now capturing query output to '/dev/null'.
Query 1-1, Iteration 4, started at 2024-04-07 14:41:41
Now Tracing is enabled
Now capturing query output to '/dev/null'.
Query 1-1, Iteration 5, started at 2024-04-07 14:41:44
Now Tracing is enabled
Now capturing query output to '/dev/null'.
Query 1-1, Iteration 6, started at 2024-04-07 14:41:48
Now Tracing is enabled
Now capturing query output to '/dev/null'.
Query 1-1, Iteration 7, started at 2024-04-07 14:41:51
Now Tracing is enabled
Now capturing query output to '/dev/null'.
Query 1-1, Iteration 8, started at 2024-04-07 14:41:55
Now Tracing is enabled
Now capturing query output to '/dev/null'.
Query 1-1, Iteration 9, started at 2024-04-07 14:41:58
Now Tracing is enabled
Now capturing query output to '/dev/null'.
Query 1-1, Iteration 10, started at 2024-04-07 14:42:02
Now Tracing is enabled
Now capturing query output to '/dev/null'.
Query 1-1, Iteration 11, started at 2024-04-07 14:42:05
Now Tracing is enabled
Now capturing query output to '/dev/null'.
Query 1-1, Iteration 12, started at 2024-04-07 14:42:08
Now Tracing is enabled
Now capturing query output to '/dev/null'.
Query 1-1, Iteration 13, started at 2024-04-07 14:42:12
Now Tracing is enabled
Now capturing query output to '/dev/null'.
Query 1-1, Iteration 14, started at 2024-04-07 14:42:16
Now Tracing is enabled
Now capturing query output to '/dev/null'.
Query 1-1, Iteration 15, started at 2024-04-07 14:42:19
Now Tracing is enabled
Now capturing query output to '/dev/null'.
Query 1-1, Iteration 16, started at 2024-04-07 14:42:23
Now Tracing is enabled
Now capturing query output to '/dev/null'.
Query 1-1, Iteration 17, started at 2024-04-07 14:42:26
Now Tracing is enabled
Now capturing query output to '/dev/null'.
Query 1-1, Iteration 18, started at 2024-04-07 14:42:30
Now Tracing is enabled
Now capturing query output to '/dev/null'.
Query 1-1, Iteration 19, started at 2024-04-07 14:42:33
Now Tracing is enabled
Now capturing query output to '/dev/null'.
Query 1-1, Iteration 20, started at 2024-04-07 14:42:37
Now Tracing is enabled
Now capturing query output to '/dev/null'.
Query 11, Iteration 1, started at 2024-04-07 14:42:40
Now Tracing is enabled
Now capturing query output to '/dev/null'.
Query 11, Iteration 2, started at 2024-04-07 14:43:18
Now Tracing is enabled
Now capturing query output to '/dev/null'.
Query 11, Iteration 3, started at 2024-04-07 14:43:52
Now Tracing is enabled
Now capturing query output to '/dev/null'.
Query 11, Iteration 4, started at 2024-04-07 14:44:27
Now Tracing is enabled
Now capturing query output to '/dev/null'.
Query 11, Iteration 5, started at 2024-04-07 14:45:04
Now Tracing is enabled
Now capturing query output to '/dev/null'.
Query 11, Iteration 6, started at 2024-04-07 14:45:42
Now Tracing is enabled
Now capturing query output to '/dev/null'.
Query 11, Iteration 7, started at 2024-04-07 14:46:21
Now Tracing is enabled
Now capturing query output to '/dev/null'.
Query 11, Iteration 8, started at 2024-04-07 14:47:01
Now Tracing is enabled
Now capturing query output to '/dev/null'.
Query 11, Iteration 9, started at 2024-04-07 14:47:41
Now Tracing is enabled
Now capturing query output to '/dev/null'.
Query 11, Iteration 10, started at 2024-04-07 14:48:20
Now Tracing is enabled
Now capturing query output to '/dev/null'.
Query 11, Iteration 11, started at 2024-04-07 14:48:57
Now Tracing is enabled
Now capturing query output to '/dev/null'.
Query 11, Iteration 12, started at 2024-04-07 14:49:36
Now Tracing is enabled
Now capturing query output to '/dev/null'.
Query 11, Iteration 13, started at 2024-04-07 14:50:16
Now Tracing is enabled
Now capturing query output to '/dev/null'.
Query 11, Iteration 14, started at 2024-04-07 14:50:56
Now Tracing is enabled
Now capturing query output to '/dev/null'.
Query 11, Iteration 15, started at 2024-04-07 14:51:36
Now Tracing is enabled
Now capturing query output to '/dev/null'.
Query 11, Iteration 16, started at 2024-04-07 14:52:16
Now Tracing is enabled
Now capturing query output to '/dev/null'.
Query 11, Iteration 17, started at 2024-04-07 14:52:55
Now Tracing is enabled
Now capturing query output to '/dev/null'.
Query 11, Iteration 18, started at 2024-04-07 14:53:33
Now Tracing is enabled
Now capturing query output to '/dev/null'.
Query 11, Iteration 19, started at 2024-04-07 14:54:12
Now Tracing is enabled
Now capturing query output to '/dev/null'.
Query 11, Iteration 20, started at 2024-04-07 14:54:52
Now Tracing is enabled
Now capturing query output to '/dev/null'.
Query 1-2, Iteration 1, started at 2024-04-07 14:55:32
Now Tracing is enabled
Now capturing query output to '/dev/null'.
Query 1-2, Iteration 2, started at 2024-04-07 14:56:03
Now Tracing is enabled
Now capturing query output to '/dev/null'.
Query 1-2, Iteration 3, started at 2024-04-07 14:56:30
Now Tracing is enabled
Now capturing query output to '/dev/null'.
Query 1-2, Iteration 4, started at 2024-04-07 14:56:58
Now Tracing is enabled
Now capturing query output to '/dev/null'.
Query 1-2, Iteration 5, started at 2024-04-07 14:57:26
Now Tracing is enabled
Now capturing query output to '/dev/null'.
Query 1-2, Iteration 6, started at 2024-04-07 14:57:53
Now Tracing is enabled
Now capturing query output to '/dev/null'.
Query 1-2, Iteration 7, started at 2024-04-07 14:58:21
Now Tracing is enabled
Now capturing query output to '/dev/null'.
Query 1-2, Iteration 8, started at 2024-04-07 14:58:49
Now Tracing is enabled
Now capturing query output to '/dev/null'.
Query 1-2, Iteration 9, started at 2024-04-07 14:59:16
Now Tracing is enabled
Now capturing query output to '/dev/null'.
Query 1-2, Iteration 10, started at 2024-04-07 14:59:43
Now Tracing is enabled
Now capturing query output to '/dev/null'.
Query 1-2, Iteration 11, started at 2024-04-07 15:00:13
Now Tracing is enabled
Now capturing query output to '/dev/null'.
Query 1-2, Iteration 12, started at 2024-04-07 15:00:40
Now Tracing is enabled
Now capturing query output to '/dev/null'.
Query 1-2, Iteration 13, started at 2024-04-07 15:01:09
Now Tracing is enabled
Now capturing query output to '/dev/null'.
Query 1-2, Iteration 14, started at 2024-04-07 15:01:36
Now Tracing is enabled
Now capturing query output to '/dev/null'.
Query 1-2, Iteration 15, started at 2024-04-07 15:02:04
Now Tracing is enabled
Now capturing query output to '/dev/null'.
Query 1-2, Iteration 16, started at 2024-04-07 15:02:32
Now Tracing is enabled
Now capturing query output to '/dev/null'.
Query 1-2, Iteration 17, started at 2024-04-07 15:03:00
Now Tracing is enabled
Now capturing query output to '/dev/null'.
Query 1-2, Iteration 18, started at 2024-04-07 15:03:28
Now Tracing is enabled
Now capturing query output to '/dev/null'.
Query 1-2, Iteration 19, started at 2024-04-07 15:03:56
Now Tracing is enabled
Now capturing query output to '/dev/null'.
Query 1-2, Iteration 20, started at 2024-04-07 15:04:24
Now Tracing is enabled
Now capturing query output to '/dev/null'.
Query 1-3, Iteration 1, started at 2024-04-07 15:04:54
Now Tracing is enabled
Now capturing query output to '/dev/null'.
Query 1-3, Iteration 2, started at 2024-04-07 15:04:56
Now Tracing is enabled
Now capturing query output to '/dev/null'.
Query 1-3, Iteration 3, started at 2024-04-07 15:04:58
Now Tracing is enabled
Now capturing query output to '/dev/null'.
Query 1-3, Iteration 4, started at 2024-04-07 15:04:59
Now Tracing is enabled
Now capturing query output to '/dev/null'.
Query 1-3, Iteration 5, started at 2024-04-07 15:05:01
Now Tracing is enabled
Now capturing query output to '/dev/null'.
Query 1-3, Iteration 6, started at 2024-04-07 15:05:03
Now Tracing is enabled
Now capturing query output to '/dev/null'.
Query 1-3, Iteration 7, started at 2024-04-07 15:05:05
Now Tracing is enabled
Now capturing query output to '/dev/null'.
Query 1-3, Iteration 8, started at 2024-04-07 15:05:07
Now Tracing is enabled
Now capturing query output to '/dev/null'.
Query 1-3, Iteration 9, started at 2024-04-07 15:05:08
Now Tracing is enabled
Now capturing query output to '/dev/null'.
Query 1-3, Iteration 10, started at 2024-04-07 15:05:10
Now Tracing is enabled
Now capturing query output to '/dev/null'.
Query 1-3, Iteration 11, started at 2024-04-07 15:05:12
Now Tracing is enabled
Now capturing query output to '/dev/null'.
Query 1-3, Iteration 12, started at 2024-04-07 15:05:14
Now Tracing is enabled
Now capturing query output to '/dev/null'.
Query 1-3, Iteration 13, started at 2024-04-07 15:05:16
Now Tracing is enabled
Now capturing query output to '/dev/null'.
Query 1-3, Iteration 14, started at 2024-04-07 15:05:17
Now Tracing is enabled
Now capturing query output to '/dev/null'.
Query 1-3, Iteration 15, started at 2024-04-07 15:05:19
Now Tracing is enabled
Now capturing query output to '/dev/null'.
Query 1-3, Iteration 16, started at 2024-04-07 15:05:21
Now Tracing is enabled
Now capturing query output to '/dev/null'.
Query 1-3, Iteration 17, started at 2024-04-07 15:05:23
Now Tracing is enabled
Now capturing query output to '/dev/null'.
Query 1-3, Iteration 18, started at 2024-04-07 15:05:24
Now Tracing is enabled
Now capturing query output to '/dev/null'.
Query 1-3, Iteration 19, started at 2024-04-07 15:05:26
Now Tracing is enabled
Now capturing query output to '/dev/null'.
Query 1-3, Iteration 20, started at 2024-04-07 15:05:28
Now Tracing is enabled
Now capturing query output to '/dev/null'.
Query 1-4, Iteration 1, started at 2024-04-07 15:05:30
Now Tracing is enabled
Now capturing query output to '/dev/null'.
Query 1-4, Iteration 2, started at 2024-04-07 15:05:56
Now Tracing is enabled
Now capturing query output to '/dev/null'.
Query 1-4, Iteration 3, started at 2024-04-07 15:06:20
Now Tracing is enabled
Now capturing query output to '/dev/null'.
Query 1-4, Iteration 4, started at 2024-04-07 15:06:43
Now Tracing is enabled
Now capturing query output to '/dev/null'.
Query 1-4, Iteration 5, started at 2024-04-07 15:07:06
Now Tracing is enabled
Now capturing query output to '/dev/null'.
Query 1-4, Iteration 6, started at 2024-04-07 15:07:31
Now Tracing is enabled
Now capturing query output to '/dev/null'.
Query 1-4, Iteration 7, started at 2024-04-07 15:07:53
Now Tracing is enabled
Now capturing query output to '/dev/null'.
Query 1-4, Iteration 8, started at 2024-04-07 15:08:17
Now Tracing is enabled
Now capturing query output to '/dev/null'.
Query 1-4, Iteration 9, started at 2024-04-07 15:08:41
Now Tracing is enabled
Now capturing query output to '/dev/null'.
Query 1-4, Iteration 10, started at 2024-04-07 15:09:05
Now Tracing is enabled
Now capturing query output to '/dev/null'.
Query 1-4, Iteration 11, started at 2024-04-07 15:09:28
Now Tracing is enabled
Now capturing query output to '/dev/null'.
Query 1-4, Iteration 12, started at 2024-04-07 15:09:53
Now Tracing is enabled
Now capturing query output to '/dev/null'.
Query 1-4, Iteration 13, started at 2024-04-07 15:10:17
Now Tracing is enabled
Now capturing query output to '/dev/null'.
Query 1-4, Iteration 14, started at 2024-04-07 15:10:40
Now Tracing is enabled
Now capturing query output to '/dev/null'.
Query 1-4, Iteration 15, started at 2024-04-07 15:11:06
Now Tracing is enabled
Now capturing query output to '/dev/null'.
Query 1-4, Iteration 16, started at 2024-04-07 15:11:30
Now Tracing is enabled
Now capturing query output to '/dev/null'.
Query 1-4, Iteration 17, started at 2024-04-07 15:11:55
Now Tracing is enabled
Now capturing query output to '/dev/null'.
Query 1-4, Iteration 18, started at 2024-04-07 15:12:18
Now Tracing is enabled
Now capturing query output to '/dev/null'.
Query 1-4, Iteration 19, started at 2024-04-07 15:12:41
Now Tracing is enabled
Now capturing query output to '/dev/null'.
Query 1-4, Iteration 20, started at 2024-04-07 15:13:05
Now Tracing is enabled
Now capturing query output to '/dev/null'.
Query 2-1, Iteration 1, started at 2024-04-07 15:13:29
Now Tracing is enabled
Now capturing query output to '/dev/null'.
Query 2-1, Iteration 2, started at 2024-04-07 15:13:42
Now Tracing is enabled
Now capturing query output to '/dev/null'.
Query 2-1, Iteration 3, started at 2024-04-07 15:13:55
Now Tracing is enabled
Now capturing query output to '/dev/null'.
Query 2-1, Iteration 4, started at 2024-04-07 15:14:06
Now Tracing is enabled
Now capturing query output to '/dev/null'.
Query 2-1, Iteration 5, started at 2024-04-07 15:14:19
Now Tracing is enabled
Now capturing query output to '/dev/null'.
Query 2-1, Iteration 6, started at 2024-04-07 15:14:31
Now Tracing is enabled
Now capturing query output to '/dev/null'.
Query 2-1, Iteration 7, started at 2024-04-07 15:14:44
Now Tracing is enabled
Now capturing query output to '/dev/null'.
Query 2-1, Iteration 8, started at 2024-04-07 15:14:57
Now Tracing is enabled
Now capturing query output to '/dev/null'.
Query 2-1, Iteration 9, started at 2024-04-07 15:15:09
Now Tracing is enabled
Now capturing query output to '/dev/null'.
Query 2-1, Iteration 10, started at 2024-04-07 15:15:21
Now Tracing is enabled
Now capturing query output to '/dev/null'.
Query 2-1, Iteration 11, started at 2024-04-07 15:15:33
Now Tracing is enabled
Now capturing query output to '/dev/null'.
Query 2-1, Iteration 12, started at 2024-04-07 15:15:45
Now Tracing is enabled
Now capturing query output to '/dev/null'.
Query 2-1, Iteration 13, started at 2024-04-07 15:15:57
Now Tracing is enabled
Now capturing query output to '/dev/null'.
Query 2-1, Iteration 14, started at 2024-04-07 15:16:10
Now Tracing is enabled
Now capturing query output to '/dev/null'.
Query 2-1, Iteration 15, started at 2024-04-07 15:16:22
Now Tracing is enabled
Now capturing query output to '/dev/null'.
Query 2-1, Iteration 16, started at 2024-04-07 15:16:34
Now Tracing is enabled
Now capturing query output to '/dev/null'.
Query 2-1, Iteration 17, started at 2024-04-07 15:16:46
Now Tracing is enabled
Now capturing query output to '/dev/null'.
Query 2-1, Iteration 18, started at 2024-04-07 15:16:57
Now Tracing is enabled
Now capturing query output to '/dev/null'.
Query 2-1, Iteration 19, started at 2024-04-07 15:17:08
Now Tracing is enabled
Now capturing query output to '/dev/null'.
Query 2-1, Iteration 20, started at 2024-04-07 15:17:19
Now Tracing is enabled
Now capturing query output to '/dev/null'.
Query 2-2, Iteration 1, started at 2024-04-07 15:17:30
Now Tracing is enabled
Now capturing query output to '/dev/null'.
Query 2-2, Iteration 2, started at 2024-04-07 15:17:43
Now Tracing is enabled
Now capturing query output to '/dev/null'.
Query 2-2, Iteration 3, started at 2024-04-07 15:17:55
Now Tracing is enabled
Now capturing query output to '/dev/null'.
Query 2-2, Iteration 4, started at 2024-04-07 15:18:07
Now Tracing is enabled
Now capturing query output to '/dev/null'.
Query 2-2, Iteration 5, started at 2024-04-07 15:18:18
Now Tracing is enabled
Now capturing query output to '/dev/null'.
Query 2-2, Iteration 6, started at 2024-04-07 15:18:30
Now Tracing is enabled
Now capturing query output to '/dev/null'.
Query 2-2, Iteration 7, started at 2024-04-07 15:18:44
Now Tracing is enabled
Now capturing query output to '/dev/null'.
Query 2-2, Iteration 8, started at 2024-04-07 15:18:57
Now Tracing is enabled
Now capturing query output to '/dev/null'.
Query 2-2, Iteration 9, started at 2024-04-07 15:19:10
Now Tracing is enabled
Now capturing query output to '/dev/null'.
Query 2-2, Iteration 10, started at 2024-04-07 15:19:22
Now Tracing is enabled
Now capturing query output to '/dev/null'.
Query 2-2, Iteration 11, started at 2024-04-07 15:19:33
Now Tracing is enabled
Now capturing query output to '/dev/null'.
Query 2-2, Iteration 12, started at 2024-04-07 15:19:45
Now Tracing is enabled
Now capturing query output to '/dev/null'.
Query 2-2, Iteration 13, started at 2024-04-07 15:19:56
Now Tracing is enabled
Now capturing query output to '/dev/null'.
Query 2-2, Iteration 14, started at 2024-04-07 15:20:07
Now Tracing is enabled
Now capturing query output to '/dev/null'.
Query 2-2, Iteration 15, started at 2024-04-07 15:20:18
Now Tracing is enabled
Now capturing query output to '/dev/null'.
Query 2-2, Iteration 16, started at 2024-04-07 15:20:29
Now Tracing is enabled
Now capturing query output to '/dev/null'.
Query 2-2, Iteration 17, started at 2024-04-07 15:20:41
Now Tracing is enabled
Now capturing query output to '/dev/null'.
Query 2-2, Iteration 18, started at 2024-04-07 15:20:53
Now Tracing is enabled
Now capturing query output to '/dev/null'.
Query 2-2, Iteration 19, started at 2024-04-07 15:21:04
Now Tracing is enabled
Now capturing query output to '/dev/null'.
Query 2-2, Iteration 20, started at 2024-04-07 15:21:16
Now Tracing is enabled
Now capturing query output to '/dev/null'.
Query 3-1, Iteration 1, started at 2024-04-07 15:21:27
Now Tracing is enabled
Now capturing query output to '/dev/null'.
Query 3-1, Iteration 2, started at 2024-04-07 15:21:29
Now Tracing is enabled
Now capturing query output to '/dev/null'.
Query 3-1, Iteration 3, started at 2024-04-07 15:21:31
Now Tracing is enabled
Now capturing query output to '/dev/null'.
Query 3-1, Iteration 4, started at 2024-04-07 15:21:33
Now Tracing is enabled
Now capturing query output to '/dev/null'.
Query 3-1, Iteration 5, started at 2024-04-07 15:21:34
Now Tracing is enabled
Now capturing query output to '/dev/null'.
Query 3-1, Iteration 6, started at 2024-04-07 15:21:36
Now Tracing is enabled
Now capturing query output to '/dev/null'.
Query 3-1, Iteration 7, started at 2024-04-07 15:21:38
Now Tracing is enabled
Now capturing query output to '/dev/null'.
Query 3-1, Iteration 8, started at 2024-04-07 15:21:40
Now Tracing is enabled
Now capturing query output to '/dev/null'.
Query 3-1, Iteration 9, started at 2024-04-07 15:21:41
Now Tracing is enabled
Now capturing query output to '/dev/null'.
Query 3-1, Iteration 10, started at 2024-04-07 15:21:43
Now Tracing is enabled
Now capturing query output to '/dev/null'.
Query 3-1, Iteration 11, started at 2024-04-07 15:21:45
Now Tracing is enabled
Now capturing query output to '/dev/null'.
Query 3-1, Iteration 12, started at 2024-04-07 15:21:47
Now Tracing is enabled
Now capturing query output to '/dev/null'.
Query 3-1, Iteration 13, started at 2024-04-07 15:21:49
Now Tracing is enabled
Now capturing query output to '/dev/null'.
Query 3-1, Iteration 14, started at 2024-04-07 15:21:50
Now Tracing is enabled
Now capturing query output to '/dev/null'.
Query 3-1, Iteration 15, started at 2024-04-07 15:21:52
Now Tracing is enabled
Now capturing query output to '/dev/null'.
Query 3-1, Iteration 16, started at 2024-04-07 15:21:54
Now Tracing is enabled
Now capturing query output to '/dev/null'.
Query 3-1, Iteration 17, started at 2024-04-07 15:21:56
Now Tracing is enabled
Now capturing query output to '/dev/null'.
Query 3-1, Iteration 18, started at 2024-04-07 15:21:57
Now Tracing is enabled
Now capturing query output to '/dev/null'.
Query 3-1, Iteration 19, started at 2024-04-07 15:21:59
Now Tracing is enabled
Now capturing query output to '/dev/null'.
Query 3-1, Iteration 20, started at 2024-04-07 15:22:01
Now Tracing is enabled
Now capturing query output to '/dev/null'.
Query 3-2, Iteration 1, started at 2024-04-07 15:22:03
Now Tracing is enabled
Now capturing query output to '/dev/null'.
Query 3-2, Iteration 2, started at 2024-04-07 15:32:57
Now Tracing is enabled
Now capturing query output to '/dev/null'.
Query 3-2, Iteration 3, started at 2024-04-07 15:43:37
Now Tracing is enabled
Now capturing query output to '/dev/null'.
Query 3-2, Iteration 4, started at 2024-04-07 15:54:14
Now Tracing is enabled
Now capturing query output to '/dev/null'.
Query 3-2, Iteration 5, started at 2024-04-07 16:05:12
Now Tracing is enabled
Now capturing query output to '/dev/null'.
Query 3-2, Iteration 6, started at 2024-04-07 16:16:21
Now Tracing is enabled
Now capturing query output to '/dev/null'.
Query 3-2, Iteration 7, started at 2024-04-07 16:27:28
Now Tracing is enabled
Now capturing query output to '/dev/null'.
Query 3-2, Iteration 8, started at 2024-04-07 16:37:50
Now Tracing is enabled
Now capturing query output to '/dev/null'.
Query 3-2, Iteration 9, started at 2024-04-07 16:48:15
Now Tracing is enabled
Now capturing query output to '/dev/null'.
Query 3-2, Iteration 10, started at 2024-04-07 16:58:44
Now Tracing is enabled
Now capturing query output to '/dev/null'.
Query 3-2, Iteration 11, started at 2024-04-07 17:09:16
Now Tracing is enabled
Now capturing query output to '/dev/null'.
Query 3-2, Iteration 12, started at 2024-04-07 17:19:37
Now Tracing is enabled
Now capturing query output to '/dev/null'.
Query 3-2, Iteration 13, started at 2024-04-07 17:30:11
Now Tracing is enabled
Now capturing query output to '/dev/null'.
Query 3-2, Iteration 14, started at 2024-04-07 17:40:41
Now Tracing is enabled
Now capturing query output to '/dev/null'.
Query 3-2, Iteration 15, started at 2024-04-07 17:51:12
Now Tracing is enabled
Now capturing query output to '/dev/null'.
Query 3-2, Iteration 16, started at 2024-04-07 18:01:56
Now Tracing is enabled
Now capturing query output to '/dev/null'.
Query 3-2, Iteration 17, started at 2024-04-07 18:12:33
Now Tracing is enabled
Now capturing query output to '/dev/null'.
Query 3-2, Iteration 18, started at 2024-04-07 18:23:07
Now Tracing is enabled
Now capturing query output to '/dev/null'.
Query 3-2, Iteration 19, started at 2024-04-07 18:33:53
Now Tracing is enabled
Now capturing query output to '/dev/null'.
Query 3-2, Iteration 20, started at 2024-04-07 18:44:39
Now Tracing is enabled
Now capturing query output to '/dev/null'.
Query 3-3, Iteration 1, started at 2024-04-07 18:55:05
Now Tracing is enabled
Now capturing query output to '/dev/null'.
Query 3-3, Iteration 2, started at 2024-04-07 19:17:31
Now Tracing is enabled
Now capturing query output to '/dev/null'.
Query 3-3, Iteration 3, started at 2024-04-07 19:40:26
Now Tracing is enabled
Now capturing query output to '/dev/null'.
Query 3-3, Iteration 4, started at 2024-04-07 20:03:21
Now Tracing is enabled
Now capturing query output to '/dev/null'.
Query 3-3, Iteration 5, started at 2024-04-07 20:26:15
Now Tracing is enabled
Now capturing query output to '/dev/null'.
Query 3-3, Iteration 6, started at 2024-04-07 20:49:13
Now Tracing is enabled
Now capturing query output to '/dev/null'.
Query 3-3, Iteration 7, started at 2024-04-07 21:12:15
Now Tracing is enabled
Now capturing query output to '/dev/null'.
Query 3-3, Iteration 8, started at 2024-04-07 21:35:18
Now Tracing is enabled
Now capturing query output to '/dev/null'.
Query 3-3, Iteration 9, started at 2024-04-07 21:58:20
Now Tracing is enabled
Now capturing query output to '/dev/null'.
Query 3-3, Iteration 10, started at 2024-04-07 22:21:20
Now Tracing is enabled
Now capturing query output to '/dev/null'.
Query 3-3, Iteration 11, started at 2024-04-07 22:44:18
Now Tracing is enabled
Now capturing query output to '/dev/null'.
Query 3-3, Iteration 12, started at 2024-04-07 23:07:16
Now Tracing is enabled
Now capturing query output to '/dev/null'.
Query 3-3, Iteration 13, started at 2024-04-07 23:30:21
Now Tracing is enabled
Now capturing query output to '/dev/null'.
Query 3-3, Iteration 14, started at 2024-04-07 23:53:23
Now Tracing is enabled
Now capturing query output to '/dev/null'.
Query 3-3, Iteration 15, started at 2024-04-08 00:16:26
Now Tracing is enabled
Now capturing query output to '/dev/null'.
Query 3-3, Iteration 16, started at 2024-04-08 00:39:22
Now Tracing is enabled
Now capturing query output to '/dev/null'.
Query 3-3, Iteration 17, started at 2024-04-08 01:02:13
Now Tracing is enabled
Now capturing query output to '/dev/null'.
Query 3-3, Iteration 18, started at 2024-04-08 01:25:16
Now Tracing is enabled
Now capturing query output to '/dev/null'.
Query 3-3, Iteration 19, started at 2024-04-08 01:47:55
Now Tracing is enabled
Now capturing query output to '/dev/null'.
Query 3-3, Iteration 20, started at 2024-04-08 02:10:53
Now Tracing is enabled
Now capturing query output to '/dev/null'.
Query 3-4, Iteration 1, started at 2024-04-08 02:33:55
Now Tracing is enabled
Now capturing query output to '/dev/null'.
Query 3-4, Iteration 2, started at 2024-04-08 02:36:23
Now Tracing is enabled
Now capturing query output to '/dev/null'.
Query 3-4, Iteration 3, started at 2024-04-08 02:38:51
Now Tracing is enabled
Now capturing query output to '/dev/null'.
Query 3-4, Iteration 4, started at 2024-04-08 02:41:20
Now Tracing is enabled
Now capturing query output to '/dev/null'.
Query 3-4, Iteration 5, started at 2024-04-08 02:43:45
Now Tracing is enabled
Now capturing query output to '/dev/null'.
Query 3-4, Iteration 6, started at 2024-04-08 02:46:13
Now Tracing is enabled
Now capturing query output to '/dev/null'.
Query 3-4, Iteration 7, started at 2024-04-08 02:48:38
Now Tracing is enabled
Now capturing query output to '/dev/null'.
Query 3-4, Iteration 8, started at 2024-04-08 02:51:08
Now Tracing is enabled
Now capturing query output to '/dev/null'.
Query 3-4, Iteration 9, started at 2024-04-08 02:53:34
Now Tracing is enabled
Now capturing query output to '/dev/null'.
Query 3-4, Iteration 10, started at 2024-04-08 02:56:00
Now Tracing is enabled
Now capturing query output to '/dev/null'.
Query 3-4, Iteration 11, started at 2024-04-08 02:58:25
Now Tracing is enabled
Now capturing query output to '/dev/null'.
Query 3-4, Iteration 12, started at 2024-04-08 03:00:46
Now Tracing is enabled
Now capturing query output to '/dev/null'.
Query 3-4, Iteration 13, started at 2024-04-08 03:03:09
Now Tracing is enabled
Now capturing query output to '/dev/null'.
Query 3-4, Iteration 14, started at 2024-04-08 03:05:33
Now Tracing is enabled
Now capturing query output to '/dev/null'.
Query 3-4, Iteration 15, started at 2024-04-08 03:08:01
Now Tracing is enabled
Now capturing query output to '/dev/null'.
Query 3-4, Iteration 16, started at 2024-04-08 03:10:28
Now Tracing is enabled
Now capturing query output to '/dev/null'.
Query 3-4, Iteration 17, started at 2024-04-08 03:12:52
Now Tracing is enabled
Now capturing query output to '/dev/null'.
Query 3-4, Iteration 18, started at 2024-04-08 03:15:20
Now Tracing is enabled
Now capturing query output to '/dev/null'.
Query 3-4, Iteration 19, started at 2024-04-08 03:17:49
Now Tracing is enabled
Now capturing query output to '/dev/null'.
Query 3-4, Iteration 20, started at 2024-04-08 03:20:16
Now Tracing is enabled
Now capturing query output to '/dev/null'.
Query 5, Iteration 1, started at 2024-04-08 03:22:41
Now Tracing is enabled
Now capturing query output to '/dev/null'.
Query 5, Iteration 2, started at 2024-04-08 03:25:35
Now Tracing is enabled
Now capturing query output to '/dev/null'.
Query 5, Iteration 3, started at 2024-04-08 03:28:32
Now Tracing is enabled
Now capturing query output to '/dev/null'.
Query 5, Iteration 4, started at 2024-04-08 03:31:30
Now Tracing is enabled
Now capturing query output to '/dev/null'.
Query 5, Iteration 5, started at 2024-04-08 03:34:25
Now Tracing is enabled
Now capturing query output to '/dev/null'.
Query 5, Iteration 6, started at 2024-04-08 03:37:22
Now Tracing is enabled
Now capturing query output to '/dev/null'.
Query 5, Iteration 7, started at 2024-04-08 03:40:19
Now Tracing is enabled
Now capturing query output to '/dev/null'.
Query 5, Iteration 8, started at 2024-04-08 03:43:14
Now Tracing is enabled
Now capturing query output to '/dev/null'.
Query 5, Iteration 9, started at 2024-04-08 03:46:12
Now Tracing is enabled
Now capturing query output to '/dev/null'.
Query 5, Iteration 10, started at 2024-04-08 03:49:08
Now Tracing is enabled
Now capturing query output to '/dev/null'.
Query 5, Iteration 11, started at 2024-04-08 03:52:03
Now Tracing is enabled
Now capturing query output to '/dev/null'.
Query 5, Iteration 12, started at 2024-04-08 03:55:00
Now Tracing is enabled
Now capturing query output to '/dev/null'.
Query 5, Iteration 13, started at 2024-04-08 03:57:56
Now Tracing is enabled
Now capturing query output to '/dev/null'.
Query 5, Iteration 14, started at 2024-04-08 04:00:51
Now Tracing is enabled
Now capturing query output to '/dev/null'.
Query 5, Iteration 15, started at 2024-04-08 04:03:48
Now Tracing is enabled
Now capturing query output to '/dev/null'.
Query 5, Iteration 16, started at 2024-04-08 04:06:43
Now Tracing is enabled
Now capturing query output to '/dev/null'.
Query 5, Iteration 17, started at 2024-04-08 04:09:38
Now Tracing is enabled
Now capturing query output to '/dev/null'.
Query 5, Iteration 18, started at 2024-04-08 04:12:34
Now Tracing is enabled
Now capturing query output to '/dev/null'.
Query 5, Iteration 19, started at 2024-04-08 04:15:25
Now Tracing is enabled
Now capturing query output to '/dev/null'.
Query 5, Iteration 20, started at 2024-04-08 04:18:20
Now Tracing is enabled
Now capturing query output to '/dev/null'.
Query 6, Iteration 1, started at 2024-04-08 04:21:16
Now Tracing is enabled
Now capturing query output to '/dev/null'.
Query 6, Iteration 2, started at 2024-04-08 04:32:58
Now Tracing is enabled
Now capturing query output to '/dev/null'.
Query 6, Iteration 3, started at 2024-04-08 04:44:43
Now Tracing is enabled
Now capturing query output to '/dev/null'.
Query 6, Iteration 4, started at 2024-04-08 04:56:24
Now Tracing is enabled
Now capturing query output to '/dev/null'.
Query 6, Iteration 5, started at 2024-04-08 05:08:02
Now Tracing is enabled
Now capturing query output to '/dev/null'.
Query 6, Iteration 6, started at 2024-04-08 05:19:41
Now Tracing is enabled
Now capturing query output to '/dev/null'.
Query 6, Iteration 7, started at 2024-04-08 05:31:18
Now Tracing is enabled
Now capturing query output to '/dev/null'.
Query 6, Iteration 8, started at 2024-04-08 05:43:05
Now Tracing is enabled
Now capturing query output to '/dev/null'.
Query 6, Iteration 9, started at 2024-04-08 05:54:39
Now Tracing is enabled
Now capturing query output to '/dev/null'.
Query 6, Iteration 10, started at 2024-04-08 06:06:36
Now Tracing is enabled
Now capturing query output to '/dev/null'.
Query 6, Iteration 11, started at 2024-04-08 06:18:21
Now Tracing is enabled
Now capturing query output to '/dev/null'.
Query 6, Iteration 12, started at 2024-04-08 06:29:58
Now Tracing is enabled
Now capturing query output to '/dev/null'.
Query 6, Iteration 13, started at 2024-04-08 06:41:45
Now Tracing is enabled
Now capturing query output to '/dev/null'.
Query 6, Iteration 14, started at 2024-04-08 06:52:57
Now Tracing is enabled
Now capturing query output to '/dev/null'.
Query 6, Iteration 15, started at 2024-04-08 07:04:41
Now Tracing is enabled
Now capturing query output to '/dev/null'.
Query 6, Iteration 16, started at 2024-04-08 07:16:27
Now Tracing is enabled
Now capturing query output to '/dev/null'.
Query 6, Iteration 17, started at 2024-04-08 07:28:06
Now Tracing is enabled
Now capturing query output to '/dev/null'.
Query 6, Iteration 18, started at 2024-04-08 07:39:57
Now Tracing is enabled
Now capturing query output to '/dev/null'.
Query 6, Iteration 19, started at 2024-04-08 07:51:37
Now Tracing is enabled
Now capturing query output to '/dev/null'.
Query 6, Iteration 20, started at 2024-04-08 08:03:03
Now Tracing is enabled
Now capturing query output to '/dev/null'.
Query 7, Iteration 1, started at 2024-04-08 08:14:52
Now Tracing is enabled
Now capturing query output to '/dev/null'.
Query 7, Iteration 2, started at 2024-04-08 08:16:02
Now Tracing is enabled
Now capturing query output to '/dev/null'.
Query 7, Iteration 3, started at 2024-04-08 08:17:10
Now Tracing is enabled
Now capturing query output to '/dev/null'.
Query 7, Iteration 4, started at 2024-04-08 08:18:16
Now Tracing is enabled
Now capturing query output to '/dev/null'.
Query 7, Iteration 5, started at 2024-04-08 08:19:27
Now Tracing is enabled
Now capturing query output to '/dev/null'.
Query 7, Iteration 6, started at 2024-04-08 08:20:38
Now Tracing is enabled
Now capturing query output to '/dev/null'.
Query 7, Iteration 7, started at 2024-04-08 08:21:48
Now Tracing is enabled
Now capturing query output to '/dev/null'.
Query 7, Iteration 8, started at 2024-04-08 08:22:58
Now Tracing is enabled
Now capturing query output to '/dev/null'.
Query 7, Iteration 9, started at 2024-04-08 08:24:09
Now Tracing is enabled
Now capturing query output to '/dev/null'.
Query 7, Iteration 10, started at 2024-04-08 08:25:13
Now Tracing is enabled
Now capturing query output to '/dev/null'.
Query 7, Iteration 11, started at 2024-04-08 08:26:15
Now Tracing is enabled
Now capturing query output to '/dev/null'.
Query 7, Iteration 12, started at 2024-04-08 08:27:22
Now Tracing is enabled
Now capturing query output to '/dev/null'.
Query 7, Iteration 13, started at 2024-04-08 08:28:28
Now Tracing is enabled
Now capturing query output to '/dev/null'.
Query 7, Iteration 14, started at 2024-04-08 08:29:37
Now Tracing is enabled
Now capturing query output to '/dev/null'.
Query 7, Iteration 15, started at 2024-04-08 08:30:46
Now Tracing is enabled
Now capturing query output to '/dev/null'.
Query 7, Iteration 16, started at 2024-04-08 08:31:56
Now Tracing is enabled
Now capturing query output to '/dev/null'.
Query 7, Iteration 17, started at 2024-04-08 08:33:06
Now Tracing is enabled
Now capturing query output to '/dev/null'.
Query 7, Iteration 18, started at 2024-04-08 08:34:15
Now Tracing is enabled
Now capturing query output to '/dev/null'.
Query 7, Iteration 19, started at 2024-04-08 08:35:23
Now Tracing is enabled
Now capturing query output to '/dev/null'.
Query 7, Iteration 20, started at 2024-04-08 08:36:33
Now Tracing is enabled
Now capturing query output to '/dev/null'.
Query 8, Iteration 1, started at 2024-04-08 08:37:42
Now Tracing is enabled
Now capturing query output to '/dev/null'.
Query 8, Iteration 2, started at 2024-04-08 08:38:09
Now Tracing is enabled
Now capturing query output to '/dev/null'.
Query 8, Iteration 3, started at 2024-04-08 08:38:37
Now Tracing is enabled
Now capturing query output to '/dev/null'.
Query 8, Iteration 4, started at 2024-04-08 08:39:02
Now Tracing is enabled
Now capturing query output to '/dev/null'.
Query 8, Iteration 5, started at 2024-04-08 08:39:29
Now Tracing is enabled
Now capturing query output to '/dev/null'.
Query 8, Iteration 6, started at 2024-04-08 08:39:57
Now Tracing is enabled
Now capturing query output to '/dev/null'.
Query 8, Iteration 7, started at 2024-04-08 08:40:23
Now Tracing is enabled
Now capturing query output to '/dev/null'.
Query 8, Iteration 8, started at 2024-04-08 08:40:50
Now Tracing is enabled
Now capturing query output to '/dev/null'.
Query 8, Iteration 9, started at 2024-04-08 08:41:17
Now Tracing is enabled
Now capturing query output to '/dev/null'.
Query 8, Iteration 10, started at 2024-04-08 08:41:44
Now Tracing is enabled
Now capturing query output to '/dev/null'.
Query 8, Iteration 11, started at 2024-04-08 08:42:11
Now Tracing is enabled
Now capturing query output to '/dev/null'.
Query 8, Iteration 12, started at 2024-04-08 08:42:38
Now Tracing is enabled
Now capturing query output to '/dev/null'.
Query 8, Iteration 13, started at 2024-04-08 08:43:02
Now Tracing is enabled
Now capturing query output to '/dev/null'.
Query 8, Iteration 14, started at 2024-04-08 08:43:25
Now Tracing is enabled
Now capturing query output to '/dev/null'.
Query 8, Iteration 15, started at 2024-04-08 08:43:49
Now Tracing is enabled
Now capturing query output to '/dev/null'.
Query 8, Iteration 16, started at 2024-04-08 08:44:13
Now Tracing is enabled
Now capturing query output to '/dev/null'.
Query 8, Iteration 17, started at 2024-04-08 08:44:39
Now Tracing is enabled
Now capturing query output to '/dev/null'.
Query 8, Iteration 18, started at 2024-04-08 08:45:02
Now Tracing is enabled
Now capturing query output to '/dev/null'.
Query 8, Iteration 19, started at 2024-04-08 08:45:26
Now Tracing is enabled
Now capturing query output to '/dev/null'.
Query 8, Iteration 20, started at 2024-04-08 08:45:51
Now Tracing is enabled
Now capturing query output to '/dev/null'.
Query 9-2, Iteration 1, started at 2024-04-08 08:46:17
Now Tracing is enabled
Now capturing query output to '/dev/null'.
Query 9-2, Iteration 2, started at 2024-04-08 08:48:41
Now Tracing is enabled
Now capturing query output to '/dev/null'.
Query 9-2, Iteration 3, started at 2024-04-08 08:51:00
Now Tracing is enabled
Now capturing query output to '/dev/null'.
Query 9-2, Iteration 4, started at 2024-04-08 08:53:20
Now Tracing is enabled
Now capturing query output to '/dev/null'.
Query 9-2, Iteration 5, started at 2024-04-08 08:55:41
Now Tracing is enabled
Now capturing query output to '/dev/null'.
Query 9-2, Iteration 6, started at 2024-04-08 08:58:01
Now Tracing is enabled
Now capturing query output to '/dev/null'.
Query 9-2, Iteration 7, started at 2024-04-08 09:00:21
Now Tracing is enabled
Now capturing query output to '/dev/null'.
Query 9-2, Iteration 8, started at 2024-04-08 09:02:43
Now Tracing is enabled
Now capturing query output to '/dev/null'.
Query 9-2, Iteration 9, started at 2024-04-08 09:05:07
Now Tracing is enabled
Now capturing query output to '/dev/null'.
Query 9-2, Iteration 10, started at 2024-04-08 09:07:29
Now Tracing is enabled
Now capturing query output to '/dev/null'.
Query 9-2, Iteration 11, started at 2024-04-08 09:09:48
Now Tracing is enabled
Now capturing query output to '/dev/null'.
Query 9-2, Iteration 12, started at 2024-04-08 09:12:10
Now Tracing is enabled
Now capturing query output to '/dev/null'.
Query 9-2, Iteration 13, started at 2024-04-08 09:14:30
Now Tracing is enabled
Now capturing query output to '/dev/null'.
Query 9-2, Iteration 14, started at 2024-04-08 09:16:52
Now Tracing is enabled
Now capturing query output to '/dev/null'.
Query 9-2, Iteration 15, started at 2024-04-08 09:19:09
Now Tracing is enabled
Now capturing query output to '/dev/null'.
Query 9-2, Iteration 16, started at 2024-04-08 09:21:26
Now Tracing is enabled
Now capturing query output to '/dev/null'.
Query 9-2, Iteration 17, started at 2024-04-08 09:23:50
Now Tracing is enabled
Now capturing query output to '/dev/null'.
Query 9-2, Iteration 18, started at 2024-04-08 09:26:12
Now Tracing is enabled
Now capturing query output to '/dev/null'.
Query 9-2, Iteration 19, started at 2024-04-08 09:28:36
Now Tracing is enabled
Now capturing query output to '/dev/null'.
Query 9-2, Iteration 20, started at 2024-04-08 09:31:00
Now Tracing is enabled
Now capturing query output to '/dev/null'.
