[2024-04-14 14:48:37] JSON export started
file, source, format, nodes, relationships, properties, time, rows, batchSize, batches, done, data
"exports/nodes/vendors.json", "statement: cols(1)", "json", 1000, 0, 3000, 87, 2000, -1, 0, TRUE, NULL
file, source, format, nodes, relationships, properties, time, rows, batchSize, batches, done, data
"exports/nodes/products.json", "statement: cols(1)", "json", 1000, 0, 6000, 59, 2000, -1, 0, TRUE, NULL
file, source, format, nodes, relationships, properties, time, rows, batchSize, batches, done, data
"exports/nodes/orders.json", "statement: cols(1)", "json", 1568, 0, 1568, 14, 3136, -1, 0, TRUE, NULL
file, source, format, nodes, relationships, properties, time, rows, batchSize, batches, done, data
"exports/nodes/types.json", "statement: cols(1)", "json", 13, 0, 26, 2, 26, -1, 0, TRUE, NULL
file, source, format, nodes, relationships, properties, time, rows, batchSize, batches, done, data
"exports/nodes/customers.json", "statement: cols(1)", "json", 774, 0, 774, 8, 1548, -1, 0, TRUE, NULL
file, source, format, nodes, relationships, properties, time, rows, batchSize, batches, done, data
"exports/nodes/persons.json", "statement: cols(1)", "json", 1000, 0, 9000, 35, 2000, -1, 0, TRUE, NULL
file, source, format, nodes, relationships, properties, time, rows, batchSize, batches, done, data
"exports/nodes/posts.json", "statement: cols(1)", "json", 1000, 0, 8000, 43, 2000, -1, 0, TRUE, NULL
file, source, format, nodes, relationships, properties, time, rows, batchSize, batches, done, data
"exports/nodes/tags.json", "statement: cols(1)", "json", 1000, 0, 2000, 10, 2000, -1, 0, TRUE, NULL
file, source, format, nodes, relationships, properties, time, rows, batchSize, batches, done, data
"exports/edges/contactType.json", "statement: cols(1)", "json", 0, 6741, 6741, 179, 13482, -1, 0, TRUE, NULL
file, source, format, nodes, relationships, properties, time, rows, batchSize, batches, done, data
"exports/edges/containsProducts.json", "statement: cols(1)", "json", 0, 4777, 4777, 140, 9554, -1, 0, TRUE, NULL
file, source, format, nodes, relationships, properties, time, rows, batchSize, batches, done, data
"exports/edges/createdBy.json", "statement: cols(1)", "json", 0, 1000, 0, 62, 2000, -1, 0, TRUE, NULL
file, source, format, nodes, relationships, properties, time, rows, batchSize, batches, done, data
"exports/edges/hasInterest.json", "statement: cols(1)", "json", 0, 4790, 0, 155, 9580, -1, 0, TRUE, NULL
file, source, format, nodes, relationships, properties, time, rows, batchSize, batches, done, data
"exports/edges/hasTag.json", "statement: cols(1)", "json", 0, 5026, 0, 156, 10052, -1, 0, TRUE, NULL
file, source, format, nodes, relationships, properties, time, rows, batchSize, batches, done, data
"exports/edges/industryType.json", "statement: cols(1)", "json", 0, 1499, 0, 19, 2998, -1, 0, TRUE, NULL
file, source, format, nodes, relationships, properties, time, rows, batchSize, batches, done, data
"exports/edges/isPerson.json", "statement: cols(1)", "json", 0, 774, 0, 23, 1548, -1, 0, TRUE, NULL
file, source, format, nodes, relationships, properties, time, rows, batchSize, batches, done, data
"exports/edges/knows.json", "statement: cols(1)", "json", 0, 5140, 0, 247, 10280, -1, 0, TRUE, NULL
file, source, format, nodes, relationships, properties, time, rows, batchSize, batches, done, data
"exports/edges/manufacturedBy.json", "statement: cols(1)", "json", 0, 2719, 0, 75, 5438, -1, 0, TRUE, NULL
file, source, format, nodes, relationships, properties, time, rows, batchSize, batches, done, data
"exports/edges/orderedBy.json", "statement: cols(1)", "json", 0, 1568, 0, 11, 3136, -1, 0, TRUE, NULL
[2024-04-14 14:48:41] JSON export finished
