[2024-04-17 15:49:27] Query testing started
[2024-04-17 15:49:27] Query 1-1 - iteration 1 started
[2024-04-17 15:49:27] Query 1-1 - iteration 1 finished
[2024-04-17 15:49:27] Query 1-1 - iteration 2 started
[2024-04-17 15:49:27] Query 1-1 - iteration 2 finished
[2024-04-17 15:49:27] Query 1-1 - iteration 3 started
[2024-04-17 15:49:27] Query 1-1 - iteration 3 finished
[2024-04-17 15:49:27] Query 1-1 - iteration 4 started
[2024-04-17 15:49:27] Query 1-1 - iteration 4 finished
[2024-04-17 15:49:27] Query 1-1 - iteration 5 started
[2024-04-17 15:49:27] Query 1-1 - iteration 5 finished
[2024-04-17 15:49:27] Query 1-1 - iteration 6 started
[2024-04-17 15:49:27] Query 1-1 - iteration 6 finished
[2024-04-17 15:49:27] Query 1-1 - iteration 7 started
[2024-04-17 15:49:27] Query 1-1 - iteration 7 finished
[2024-04-17 15:49:27] Query 1-1 - iteration 8 started
[2024-04-17 15:49:27] Query 1-1 - iteration 8 finished
[2024-04-17 15:49:27] Query 1-1 - iteration 9 started
[2024-04-17 15:49:27] Query 1-1 - iteration 9 finished
[2024-04-17 15:49:27] Query 1-1 - iteration 10 started
[2024-04-17 15:49:27] Query 1-1 - iteration 10 finished
[2024-04-17 15:49:27] Query 1-1 - iteration 11 started
[2024-04-17 15:49:27] Query 1-1 - iteration 11 finished
[2024-04-17 15:49:27] Query 1-1 - iteration 12 started
[2024-04-17 15:49:28] Query 1-1 - iteration 12 finished
[2024-04-17 15:49:28] Query 1-1 - iteration 13 started
[2024-04-17 15:49:28] Query 1-1 - iteration 13 finished
[2024-04-17 15:49:28] Query 1-1 - iteration 14 started
[2024-04-17 15:49:28] Query 1-1 - iteration 14 finished
[2024-04-17 15:49:28] Query 1-1 - iteration 15 started
[2024-04-17 15:49:28] Query 1-1 - iteration 15 finished
[2024-04-17 15:49:28] Query 1-1 - iteration 16 started
[2024-04-17 15:49:28] Query 1-1 - iteration 16 finished
[2024-04-17 15:49:28] Query 1-1 - iteration 17 started
[2024-04-17 15:49:28] Query 1-1 - iteration 17 finished
[2024-04-17 15:49:28] Query 1-1 - iteration 18 started
[2024-04-17 15:49:28] Query 1-1 - iteration 18 finished
[2024-04-17 15:49:28] Query 1-1 - iteration 19 started
[2024-04-17 15:49:28] Query 1-1 - iteration 19 finished
[2024-04-17 15:49:28] Query 1-1 - iteration 20 started
[2024-04-17 15:49:28] Query 1-1 - iteration 20 finished
[2024-04-17 15:49:28] Query 1-2 - iteration 1 started
[2024-04-17 15:49:28] Query 1-2 - iteration 1 finished
[2024-04-17 15:49:28] Query 1-2 - iteration 2 started
[2024-04-17 15:49:28] Query 1-2 - iteration 2 finished
[2024-04-17 15:49:29] Query 1-2 - iteration 3 started
[2024-04-17 15:49:29] Query 1-2 - iteration 3 finished
[2024-04-17 15:49:29] Query 1-2 - iteration 4 started
[2024-04-17 15:49:29] Query 1-2 - iteration 4 finished
[2024-04-17 15:49:29] Query 1-2 - iteration 5 started
[2024-04-17 15:49:29] Query 1-2 - iteration 5 finished
[2024-04-17 15:49:29] Query 1-2 - iteration 6 started
[2024-04-17 15:49:29] Query 1-2 - iteration 6 finished
[2024-04-17 15:49:29] Query 1-2 - iteration 7 started
[2024-04-17 15:49:29] Query 1-2 - iteration 7 finished
[2024-04-17 15:49:29] Query 1-2 - iteration 8 started
[2024-04-17 15:49:29] Query 1-2 - iteration 8 finished
[2024-04-17 15:49:29] Query 1-2 - iteration 9 started
[2024-04-17 15:49:29] Query 1-2 - iteration 9 finished
[2024-04-17 15:49:29] Query 1-2 - iteration 10 started
[2024-04-17 15:49:29] Query 1-2 - iteration 10 finished
[2024-04-17 15:49:29] Query 1-2 - iteration 11 started
[2024-04-17 15:49:29] Query 1-2 - iteration 11 finished
[2024-04-17 15:49:29] Query 1-2 - iteration 12 started
[2024-04-17 15:49:29] Query 1-2 - iteration 12 finished
[2024-04-17 15:49:29] Query 1-2 - iteration 13 started
[2024-04-17 15:49:29] Query 1-2 - iteration 13 finished
[2024-04-17 15:49:29] Query 1-2 - iteration 14 started
[2024-04-17 15:49:30] Query 1-2 - iteration 14 finished
[2024-04-17 15:49:30] Query 1-2 - iteration 15 started
[2024-04-17 15:49:30] Query 1-2 - iteration 15 finished
[2024-04-17 15:49:30] Query 1-2 - iteration 16 started
[2024-04-17 15:49:30] Query 1-2 - iteration 16 finished
[2024-04-17 15:49:30] Query 1-2 - iteration 17 started
[2024-04-17 15:49:30] Query 1-2 - iteration 17 finished
[2024-04-17 15:49:30] Query 1-2 - iteration 18 started
[2024-04-17 15:49:30] Query 1-2 - iteration 18 finished
[2024-04-17 15:49:30] Query 1-2 - iteration 19 started
[2024-04-17 15:49:30] Query 1-2 - iteration 19 finished
[2024-04-17 15:49:30] Query 1-2 - iteration 20 started
[2024-04-17 15:49:30] Query 1-2 - iteration 20 finished
[2024-04-17 15:49:30] Query 1-3 - iteration 1 started
[2024-04-17 15:49:30] Query 1-3 - iteration 1 finished
[2024-04-17 15:49:30] Query 1-3 - iteration 2 started
[2024-04-17 15:49:30] Query 1-3 - iteration 2 finished
[2024-04-17 15:49:30] Query 1-3 - iteration 3 started
[2024-04-17 15:49:30] Query 1-3 - iteration 3 finished
[2024-04-17 15:49:30] Query 1-3 - iteration 4 started
[2024-04-17 15:49:30] Query 1-3 - iteration 4 finished
[2024-04-17 15:49:30] Query 1-3 - iteration 5 started
[2024-04-17 15:49:30] Query 1-3 - iteration 5 finished
[2024-04-17 15:49:30] Query 1-3 - iteration 6 started
[2024-04-17 15:49:30] Query 1-3 - iteration 6 finished
[2024-04-17 15:49:30] Query 1-3 - iteration 7 started
[2024-04-17 15:49:30] Query 1-3 - iteration 7 finished
[2024-04-17 15:49:30] Query 1-3 - iteration 8 started
[2024-04-17 15:49:30] Query 1-3 - iteration 8 finished
[2024-04-17 15:49:30] Query 1-3 - iteration 9 started
[2024-04-17 15:49:30] Query 1-3 - iteration 9 finished
[2024-04-17 15:49:30] Query 1-3 - iteration 10 started
[2024-04-17 15:49:30] Query 1-3 - iteration 10 finished
[2024-04-17 15:49:30] Query 1-3 - iteration 11 started
[2024-04-17 15:49:30] Query 1-3 - iteration 11 finished
[2024-04-17 15:49:30] Query 1-3 - iteration 12 started
[2024-04-17 15:49:30] Query 1-3 - iteration 12 finished
[2024-04-17 15:49:30] Query 1-3 - iteration 13 started
[2024-04-17 15:49:30] Query 1-3 - iteration 13 finished
[2024-04-17 15:49:30] Query 1-3 - iteration 14 started
[2024-04-17 15:49:30] Query 1-3 - iteration 14 finished
[2024-04-17 15:49:30] Query 1-3 - iteration 15 started
[2024-04-17 15:49:30] Query 1-3 - iteration 15 finished
[2024-04-17 15:49:30] Query 1-3 - iteration 16 started
[2024-04-17 15:49:30] Query 1-3 - iteration 16 finished
[2024-04-17 15:49:30] Query 1-3 - iteration 17 started
[2024-04-17 15:49:30] Query 1-3 - iteration 17 finished
[2024-04-17 15:49:30] Query 1-3 - iteration 18 started
[2024-04-17 15:49:30] Query 1-3 - iteration 18 finished
[2024-04-17 15:49:30] Query 1-3 - iteration 19 started
[2024-04-17 15:49:30] Query 1-3 - iteration 19 finished
[2024-04-17 15:49:30] Query 1-3 - iteration 20 started
[2024-04-17 15:49:30] Query 1-3 - iteration 20 finished
[2024-04-17 15:49:30] Query 1-4 - iteration 1 started
[2024-04-17 15:49:30] Query 1-4 - iteration 1 finished
[2024-04-17 15:49:30] Query 1-4 - iteration 2 started
[2024-04-17 15:49:30] Query 1-4 - iteration 2 finished
[2024-04-17 15:49:30] Query 1-4 - iteration 3 started
[2024-04-17 15:49:31] Query 1-4 - iteration 3 finished
[2024-04-17 15:49:31] Query 1-4 - iteration 4 started
[2024-04-17 15:49:31] Query 1-4 - iteration 4 finished
[2024-04-17 15:49:31] Query 1-4 - iteration 5 started
[2024-04-17 15:49:31] Query 1-4 - iteration 5 finished
[2024-04-17 15:49:31] Query 1-4 - iteration 6 started
[2024-04-17 15:49:31] Query 1-4 - iteration 6 finished
[2024-04-17 15:49:31] Query 1-4 - iteration 7 started
[2024-04-17 15:49:31] Query 1-4 - iteration 7 finished
[2024-04-17 15:49:31] Query 1-4 - iteration 8 started
[2024-04-17 15:49:31] Query 1-4 - iteration 8 finished
[2024-04-17 15:49:31] Query 1-4 - iteration 9 started
[2024-04-17 15:49:31] Query 1-4 - iteration 9 finished
[2024-04-17 15:49:31] Query 1-4 - iteration 10 started
[2024-04-17 15:49:31] Query 1-4 - iteration 10 finished
[2024-04-17 15:49:31] Query 1-4 - iteration 11 started
[2024-04-17 15:49:31] Query 1-4 - iteration 11 finished
[2024-04-17 15:49:31] Query 1-4 - iteration 12 started
[2024-04-17 15:49:31] Query 1-4 - iteration 12 finished
[2024-04-17 15:49:31] Query 1-4 - iteration 13 started
[2024-04-17 15:49:31] Query 1-4 - iteration 13 finished
[2024-04-17 15:49:32] Query 1-4 - iteration 14 started
[2024-04-17 15:49:32] Query 1-4 - iteration 14 finished
[2024-04-17 15:49:32] Query 1-4 - iteration 15 started
[2024-04-17 15:49:32] Query 1-4 - iteration 15 finished
[2024-04-17 15:49:32] Query 1-4 - iteration 16 started
[2024-04-17 15:49:32] Query 1-4 - iteration 16 finished
[2024-04-17 15:49:32] Query 1-4 - iteration 17 started
[2024-04-17 15:49:32] Query 1-4 - iteration 17 finished
[2024-04-17 15:49:32] Query 1-4 - iteration 18 started
[2024-04-17 15:49:32] Query 1-4 - iteration 18 finished
[2024-04-17 15:49:32] Query 1-4 - iteration 19 started
[2024-04-17 15:49:32] Query 1-4 - iteration 19 finished
[2024-04-17 15:49:32] Query 1-4 - iteration 20 started
[2024-04-17 15:49:32] Query 1-4 - iteration 20 finished
[2024-04-17 15:49:32] Query 10 - iteration 1 started
[2024-04-17 15:49:33] Query 10 - iteration 1 finished
[2024-04-17 15:49:34] Query 10 - iteration 2 started
[2024-04-17 15:49:35] Query 10 - iteration 2 finished
[2024-04-17 15:49:35] Query 10 - iteration 3 started
[2024-04-17 15:49:36] Query 10 - iteration 3 finished
[2024-04-17 15:49:36] Query 10 - iteration 4 started
[2024-04-17 15:49:37] Query 10 - iteration 4 finished
[2024-04-17 15:49:37] Query 10 - iteration 5 started
[2024-04-17 15:49:38] Query 10 - iteration 5 finished
[2024-04-17 15:49:38] Query 10 - iteration 6 started
[2024-04-17 15:49:39] Query 10 - iteration 6 finished
[2024-04-17 15:49:39] Query 10 - iteration 7 started
[2024-04-17 15:49:40] Query 10 - iteration 7 finished
[2024-04-17 15:49:40] Query 10 - iteration 8 started
[2024-04-17 15:49:41] Query 10 - iteration 8 finished
[2024-04-17 15:49:41] Query 10 - iteration 9 started
[2024-04-17 15:49:42] Query 10 - iteration 9 finished
[2024-04-17 15:49:42] Query 10 - iteration 10 started
[2024-04-17 15:49:43] Query 10 - iteration 10 finished
[2024-04-17 15:49:43] Query 10 - iteration 11 started
[2024-04-17 15:49:44] Query 10 - iteration 11 finished
[2024-04-17 15:49:44] Query 10 - iteration 12 started
[2024-04-17 15:49:45] Query 10 - iteration 12 finished
[2024-04-17 15:49:45] Query 10 - iteration 13 started
[2024-04-17 15:49:46] Query 10 - iteration 13 finished
[2024-04-17 15:49:46] Query 10 - iteration 14 started
[2024-04-17 15:49:47] Query 10 - iteration 14 finished
[2024-04-17 15:49:47] Query 10 - iteration 15 started
[2024-04-17 15:49:48] Query 10 - iteration 15 finished
[2024-04-17 15:49:48] Query 10 - iteration 16 started
[2024-04-17 15:49:49] Query 10 - iteration 16 finished
[2024-04-17 15:49:49] Query 10 - iteration 17 started
[2024-04-17 15:49:50] Query 10 - iteration 17 finished
[2024-04-17 15:49:50] Query 10 - iteration 18 started
[2024-04-17 15:49:51] Query 10 - iteration 18 finished
[2024-04-17 15:49:51] Query 10 - iteration 19 started
[2024-04-17 15:49:52] Query 10 - iteration 19 finished
[2024-04-17 15:49:52] Query 10 - iteration 20 started
[2024-04-17 15:49:53] Query 10 - iteration 20 finished
[2024-04-17 15:49:53] Query 11 - iteration 1 started
[2024-04-17 15:49:53] Query 11 - iteration 1 finished
[2024-04-17 15:49:53] Query 11 - iteration 2 started
[2024-04-17 15:49:53] Query 11 - iteration 2 finished
[2024-04-17 15:49:53] Query 11 - iteration 3 started
[2024-04-17 15:49:54] Query 11 - iteration 3 finished
[2024-04-17 15:49:54] Query 11 - iteration 4 started
[2024-04-17 15:49:54] Query 11 - iteration 4 finished
[2024-04-17 15:49:54] Query 11 - iteration 5 started
[2024-04-17 15:49:54] Query 11 - iteration 5 finished
[2024-04-17 15:49:54] Query 11 - iteration 6 started
[2024-04-17 15:49:54] Query 11 - iteration 6 finished
[2024-04-17 15:49:54] Query 11 - iteration 7 started
[2024-04-17 15:49:54] Query 11 - iteration 7 finished
[2024-04-17 15:49:54] Query 11 - iteration 8 started
[2024-04-17 15:49:54] Query 11 - iteration 8 finished
[2024-04-17 15:49:54] Query 11 - iteration 9 started
[2024-04-17 15:49:54] Query 11 - iteration 9 finished
[2024-04-17 15:49:54] Query 11 - iteration 10 started
[2024-04-17 15:49:55] Query 11 - iteration 10 finished
[2024-04-17 15:49:55] Query 11 - iteration 11 started
[2024-04-17 15:49:55] Query 11 - iteration 11 finished
[2024-04-17 15:49:55] Query 11 - iteration 12 started
[2024-04-17 15:49:55] Query 11 - iteration 12 finished
[2024-04-17 15:49:55] Query 11 - iteration 13 started
[2024-04-17 15:49:55] Query 11 - iteration 13 finished
[2024-04-17 15:49:55] Query 11 - iteration 14 started
[2024-04-17 15:49:55] Query 11 - iteration 14 finished
[2024-04-17 15:49:55] Query 11 - iteration 15 started
[2024-04-17 15:49:55] Query 11 - iteration 15 finished
[2024-04-17 15:49:55] Query 11 - iteration 16 started
[2024-04-17 15:49:55] Query 11 - iteration 16 finished
[2024-04-17 15:49:55] Query 11 - iteration 17 started
[2024-04-17 15:49:56] Query 11 - iteration 17 finished
[2024-04-17 15:49:56] Query 11 - iteration 18 started
[2024-04-17 15:49:56] Query 11 - iteration 18 finished
[2024-04-17 15:49:56] Query 11 - iteration 19 started
[2024-04-17 15:49:56] Query 11 - iteration 19 finished
[2024-04-17 15:49:56] Query 11 - iteration 20 started
[2024-04-17 15:49:56] Query 11 - iteration 20 finished
[2024-04-17 15:49:56] Query 2-1 - iteration 1 started
[2024-04-17 15:49:56] Query 2-1 - iteration 1 finished
[2024-04-17 15:49:56] Query 2-1 - iteration 2 started
[2024-04-17 15:49:56] Query 2-1 - iteration 2 finished
[2024-04-17 15:49:56] Query 2-1 - iteration 3 started
[2024-04-17 15:49:56] Query 2-1 - iteration 3 finished
[2024-04-17 15:49:56] Query 2-1 - iteration 4 started
[2024-04-17 15:49:56] Query 2-1 - iteration 4 finished
[2024-04-17 15:49:56] Query 2-1 - iteration 5 started
[2024-04-17 15:49:57] Query 2-1 - iteration 5 finished
[2024-04-17 15:49:57] Query 2-1 - iteration 6 started
[2024-04-17 15:49:57] Query 2-1 - iteration 6 finished
[2024-04-17 15:49:57] Query 2-1 - iteration 7 started
[2024-04-17 15:49:57] Query 2-1 - iteration 7 finished
[2024-04-17 15:49:57] Query 2-1 - iteration 8 started
[2024-04-17 15:49:57] Query 2-1 - iteration 8 finished
[2024-04-17 15:49:57] Query 2-1 - iteration 9 started
[2024-04-17 15:49:57] Query 2-1 - iteration 9 finished
[2024-04-17 15:49:57] Query 2-1 - iteration 10 started
[2024-04-17 15:49:57] Query 2-1 - iteration 10 finished
[2024-04-17 15:49:57] Query 2-1 - iteration 11 started
[2024-04-17 15:49:57] Query 2-1 - iteration 11 finished
[2024-04-17 15:49:57] Query 2-1 - iteration 12 started
[2024-04-17 15:49:57] Query 2-1 - iteration 12 finished
[2024-04-17 15:49:57] Query 2-1 - iteration 13 started
[2024-04-17 15:49:58] Query 2-1 - iteration 13 finished
[2024-04-17 15:49:58] Query 2-1 - iteration 14 started
[2024-04-17 15:49:58] Query 2-1 - iteration 14 finished
[2024-04-17 15:49:58] Query 2-1 - iteration 15 started
[2024-04-17 15:49:58] Query 2-1 - iteration 15 finished
[2024-04-17 15:49:58] Query 2-1 - iteration 16 started
[2024-04-17 15:49:58] Query 2-1 - iteration 16 finished
[2024-04-17 15:49:58] Query 2-1 - iteration 17 started
[2024-04-17 15:49:58] Query 2-1 - iteration 17 finished
[2024-04-17 15:49:58] Query 2-1 - iteration 18 started
[2024-04-17 15:49:58] Query 2-1 - iteration 18 finished
[2024-04-17 15:49:58] Query 2-1 - iteration 19 started
[2024-04-17 15:49:58] Query 2-1 - iteration 19 finished
[2024-04-17 15:49:58] Query 2-1 - iteration 20 started
[2024-04-17 15:49:59] Query 2-1 - iteration 20 finished
[2024-04-17 15:49:59] Query 2-2 - iteration 1 started
[2024-04-17 15:49:59] Query 2-2 - iteration 1 finished
[2024-04-17 15:49:59] Query 2-2 - iteration 2 started
[2024-04-17 15:49:59] Query 2-2 - iteration 2 finished
[2024-04-17 15:49:59] Query 2-2 - iteration 3 started
[2024-04-17 15:49:59] Query 2-2 - iteration 3 finished
[2024-04-17 15:49:59] Query 2-2 - iteration 4 started
[2024-04-17 15:49:59] Query 2-2 - iteration 4 finished
[2024-04-17 15:49:59] Query 2-2 - iteration 5 started
[2024-04-17 15:49:59] Query 2-2 - iteration 5 finished
[2024-04-17 15:49:59] Query 2-2 - iteration 6 started
[2024-04-17 15:49:59] Query 2-2 - iteration 6 finished
[2024-04-17 15:49:59] Query 2-2 - iteration 7 started
[2024-04-17 15:49:59] Query 2-2 - iteration 7 finished
[2024-04-17 15:49:59] Query 2-2 - iteration 8 started
[2024-04-17 15:50:00] Query 2-2 - iteration 8 finished
[2024-04-17 15:50:00] Query 2-2 - iteration 9 started
[2024-04-17 15:50:00] Query 2-2 - iteration 9 finished
[2024-04-17 15:50:00] Query 2-2 - iteration 10 started
[2024-04-17 15:50:00] Query 2-2 - iteration 10 finished
[2024-04-17 15:50:00] Query 2-2 - iteration 11 started
[2024-04-17 15:50:00] Query 2-2 - iteration 11 finished
[2024-04-17 15:50:00] Query 2-2 - iteration 12 started
[2024-04-17 15:50:00] Query 2-2 - iteration 12 finished
[2024-04-17 15:50:00] Query 2-2 - iteration 13 started
[2024-04-17 15:50:00] Query 2-2 - iteration 13 finished
[2024-04-17 15:50:00] Query 2-2 - iteration 14 started
[2024-04-17 15:50:00] Query 2-2 - iteration 14 finished
[2024-04-17 15:50:00] Query 2-2 - iteration 15 started
[2024-04-17 15:50:01] Query 2-2 - iteration 15 finished
[2024-04-17 15:50:01] Query 2-2 - iteration 16 started
[2024-04-17 15:50:01] Query 2-2 - iteration 16 finished
[2024-04-17 15:50:01] Query 2-2 - iteration 17 started
[2024-04-17 15:50:01] Query 2-2 - iteration 17 finished
[2024-04-17 15:50:01] Query 2-2 - iteration 18 started
[2024-04-17 15:50:01] Query 2-2 - iteration 18 finished
[2024-04-17 15:50:01] Query 2-2 - iteration 19 started
[2024-04-17 15:50:01] Query 2-2 - iteration 19 finished
[2024-04-17 15:50:01] Query 2-2 - iteration 20 started
[2024-04-17 15:50:01] Query 2-2 - iteration 20 finished
[2024-04-17 15:50:01] Query 3-2 - iteration 1 started
[2024-04-17 15:50:03] Query 3-2 - iteration 1 finished
[2024-04-17 15:50:05] Query 3-2 - iteration 2 started
[2024-04-17 15:50:07] Query 3-2 - iteration 2 finished
[2024-04-17 15:50:09] Query 3-2 - iteration 3 started
[2024-04-17 15:50:11] Query 3-2 - iteration 3 finished
[2024-04-17 15:50:12] Query 3-2 - iteration 4 started
[2024-04-17 15:50:14] Query 3-2 - iteration 4 finished
[2024-04-17 15:50:16] Query 3-2 - iteration 5 started
[2024-04-17 15:50:18] Query 3-2 - iteration 5 finished
[2024-04-17 15:50:19] Query 3-2 - iteration 6 started
[2024-04-17 15:50:21] Query 3-2 - iteration 6 finished
[2024-04-17 15:50:23] Query 3-2 - iteration 7 started
[2024-04-17 15:50:25] Query 3-2 - iteration 7 finished
[2024-04-17 15:50:26] Query 3-2 - iteration 8 started
[2024-04-17 15:50:28] Query 3-2 - iteration 8 finished
[2024-04-17 15:50:30] Query 3-2 - iteration 9 started
[2024-04-17 15:50:32] Query 3-2 - iteration 9 finished
[2024-04-17 15:50:33] Query 3-2 - iteration 10 started
[2024-04-17 15:50:35] Query 3-2 - iteration 10 finished
[2024-04-17 15:50:37] Query 3-2 - iteration 11 started
[2024-04-17 15:50:39] Query 3-2 - iteration 11 finished
[2024-04-17 15:50:40] Query 3-2 - iteration 12 started
[2024-04-17 15:50:42] Query 3-2 - iteration 12 finished
[2024-04-17 15:50:44] Query 3-2 - iteration 13 started
[2024-04-17 15:50:46] Query 3-2 - iteration 13 finished
[2024-04-17 15:50:47] Query 3-2 - iteration 14 started
[2024-04-17 15:50:49] Query 3-2 - iteration 14 finished
[2024-04-17 15:50:51] Query 3-2 - iteration 15 started
[2024-04-17 15:50:53] Query 3-2 - iteration 15 finished
[2024-04-17 15:50:54] Query 3-2 - iteration 16 started
[2024-04-17 15:50:56] Query 3-2 - iteration 16 finished
[2024-04-17 15:50:58] Query 3-2 - iteration 17 started
[2024-04-17 15:51:00] Query 3-2 - iteration 17 finished
[2024-04-17 15:51:02] Query 3-2 - iteration 18 started
[2024-04-17 15:51:04] Query 3-2 - iteration 18 finished
[2024-04-17 15:51:05] Query 3-2 - iteration 19 started
[2024-04-17 15:51:07] Query 3-2 - iteration 19 finished
[2024-04-17 15:51:08] Query 3-2 - iteration 20 started
[2024-04-17 15:51:10] Query 3-2 - iteration 20 finished
[2024-04-17 15:51:12] Query 3-3 - iteration 1 started
[2024-04-17 15:56:12] Query 3-4 - iteration 1 started
[2024-04-17 15:56:12] Query 3-4 - iteration 1 finished
[2024-04-17 15:56:13] Query 3-4 - iteration 2 started
[2024-04-17 15:56:13] Query 3-4 - iteration 2 finished
[2024-04-17 15:56:13] Query 3-4 - iteration 3 started
[2024-04-17 15:56:14] Query 3-4 - iteration 3 finished
[2024-04-17 15:56:14] Query 3-4 - iteration 4 started
[2024-04-17 15:56:15] Query 3-4 - iteration 4 finished
[2024-04-17 15:56:15] Query 3-4 - iteration 5 started
[2024-04-17 15:56:15] Query 3-4 - iteration 5 finished
[2024-04-17 15:56:16] Query 3-4 - iteration 6 started
[2024-04-17 15:56:16] Query 3-4 - iteration 6 finished
[2024-04-17 15:56:16] Query 3-4 - iteration 7 started
[2024-04-17 15:56:17] Query 3-4 - iteration 7 finished
[2024-04-17 15:56:17] Query 3-4 - iteration 8 started
[2024-04-17 15:56:17] Query 3-4 - iteration 8 finished
[2024-04-17 15:56:18] Query 3-4 - iteration 9 started
[2024-04-17 15:56:18] Query 3-4 - iteration 9 finished
[2024-04-17 15:56:18] Query 3-4 - iteration 10 started
[2024-04-17 15:56:19] Query 3-4 - iteration 10 finished
[2024-04-17 15:56:19] Query 3-4 - iteration 11 started
[2024-04-17 15:56:19] Query 3-4 - iteration 11 finished
[2024-04-17 15:56:20] Query 3-4 - iteration 12 started
[2024-04-17 15:56:20] Query 3-4 - iteration 12 finished
[2024-04-17 15:56:20] Query 3-4 - iteration 13 started
[2024-04-17 15:56:21] Query 3-4 - iteration 13 finished
[2024-04-17 15:56:21] Query 3-4 - iteration 14 started
[2024-04-17 15:56:22] Query 3-4 - iteration 14 finished
[2024-04-17 15:56:22] Query 3-4 - iteration 15 started
[2024-04-17 15:56:22] Query 3-4 - iteration 15 finished
[2024-04-17 15:56:23] Query 3-4 - iteration 16 started
[2024-04-17 15:56:23] Query 3-4 - iteration 16 finished
[2024-04-17 15:56:23] Query 3-4 - iteration 17 started
[2024-04-17 15:56:24] Query 3-4 - iteration 17 finished
[2024-04-17 15:56:24] Query 3-4 - iteration 18 started
[2024-04-17 15:56:24] Query 3-4 - iteration 18 finished
[2024-04-17 15:56:25] Query 3-4 - iteration 19 started
[2024-04-17 15:56:25] Query 3-4 - iteration 19 finished
[2024-04-17 15:56:25] Query 3-4 - iteration 20 started
[2024-04-17 15:56:26] Query 3-4 - iteration 20 finished
[2024-04-17 15:56:26] Query 4-1 - iteration 1 started
[2024-04-17 16:01:27] Query 4-2 - iteration 1 started
[2024-04-17 16:01:27] Query 4-2 - iteration 1 finished
[2024-04-17 16:01:27] Query 4-2 - iteration 2 started
[2024-04-17 16:01:27] Query 4-2 - iteration 2 finished
[2024-04-17 16:01:27] Query 4-2 - iteration 3 started
[2024-04-17 16:01:27] Query 4-2 - iteration 3 finished
[2024-04-17 16:01:27] Query 4-2 - iteration 4 started
[2024-04-17 16:01:27] Query 4-2 - iteration 4 finished
[2024-04-17 16:01:27] Query 4-2 - iteration 5 started
[2024-04-17 16:01:27] Query 4-2 - iteration 5 finished
[2024-04-17 16:01:27] Query 4-2 - iteration 6 started
[2024-04-17 16:01:27] Query 4-2 - iteration 6 finished
[2024-04-17 16:01:27] Query 4-2 - iteration 7 started
[2024-04-17 16:01:27] Query 4-2 - iteration 7 finished
[2024-04-17 16:01:27] Query 4-2 - iteration 8 started
[2024-04-17 16:01:27] Query 4-2 - iteration 8 finished
[2024-04-17 16:01:27] Query 4-2 - iteration 9 started
[2024-04-17 16:01:27] Query 4-2 - iteration 9 finished
[2024-04-17 16:01:27] Query 4-2 - iteration 10 started
[2024-04-17 16:01:27] Query 4-2 - iteration 10 finished
[2024-04-17 16:01:27] Query 4-2 - iteration 11 started
[2024-04-17 16:01:27] Query 4-2 - iteration 11 finished
[2024-04-17 16:01:27] Query 4-2 - iteration 12 started
[2024-04-17 16:01:27] Query 4-2 - iteration 12 finished
[2024-04-17 16:01:27] Query 4-2 - iteration 13 started
[2024-04-17 16:01:27] Query 4-2 - iteration 13 finished
[2024-04-17 16:01:27] Query 4-2 - iteration 14 started
[2024-04-17 16:01:27] Query 4-2 - iteration 14 finished
[2024-04-17 16:01:27] Query 4-2 - iteration 15 started
[2024-04-17 16:01:27] Query 4-2 - iteration 15 finished
[2024-04-17 16:01:27] Query 4-2 - iteration 16 started
[2024-04-17 16:01:27] Query 4-2 - iteration 16 finished
[2024-04-17 16:01:27] Query 4-2 - iteration 17 started
[2024-04-17 16:01:27] Query 4-2 - iteration 17 finished
[2024-04-17 16:01:27] Query 4-2 - iteration 18 started
[2024-04-17 16:01:27] Query 4-2 - iteration 18 finished
[2024-04-17 16:01:27] Query 4-2 - iteration 19 started
[2024-04-17 16:01:27] Query 4-2 - iteration 19 finished
[2024-04-17 16:01:27] Query 4-2 - iteration 20 started
[2024-04-17 16:01:27] Query 4-2 - iteration 20 finished
[2024-04-17 16:01:27] Query 5 - iteration 1 started
[2024-04-17 16:01:28] Query 5 - iteration 1 finished
[2024-04-17 16:01:28] Query 5 - iteration 2 started
[2024-04-17 16:01:29] Query 5 - iteration 2 finished
[2024-04-17 16:01:30] Query 5 - iteration 3 started
[2024-04-17 16:01:31] Query 5 - iteration 3 finished
[2024-04-17 16:01:31] Query 5 - iteration 4 started
[2024-04-17 16:01:32] Query 5 - iteration 4 finished
[2024-04-17 16:01:32] Query 5 - iteration 5 started
[2024-04-17 16:01:33] Query 5 - iteration 5 finished
[2024-04-17 16:01:33] Query 5 - iteration 6 started
[2024-04-17 16:01:34] Query 5 - iteration 6 finished
[2024-04-17 16:01:34] Query 5 - iteration 7 started
[2024-04-17 16:01:35] Query 5 - iteration 7 finished
[2024-04-17 16:01:35] Query 5 - iteration 8 started
[2024-04-17 16:01:36] Query 5 - iteration 8 finished
[2024-04-17 16:01:36] Query 5 - iteration 9 started
[2024-04-17 16:01:38] Query 5 - iteration 9 finished
[2024-04-17 16:01:38] Query 5 - iteration 10 started
[2024-04-17 16:01:39] Query 5 - iteration 10 finished
[2024-04-17 16:01:39] Query 5 - iteration 11 started
[2024-04-17 16:01:39] Query 5 - iteration 11 finished
[2024-04-17 16:01:40] Query 5 - iteration 12 started
[2024-04-17 16:01:41] Query 5 - iteration 12 finished
[2024-04-17 16:01:41] Query 5 - iteration 13 started
[2024-04-17 16:01:42] Query 5 - iteration 13 finished
[2024-04-17 16:01:42] Query 5 - iteration 14 started
[2024-04-17 16:01:43] Query 5 - iteration 14 finished
[2024-04-17 16:01:43] Query 5 - iteration 15 started
[2024-04-17 16:01:44] Query 5 - iteration 15 finished
[2024-04-17 16:01:44] Query 5 - iteration 16 started
[2024-04-17 16:01:45] Query 5 - iteration 16 finished
[2024-04-17 16:01:45] Query 5 - iteration 17 started
[2024-04-17 16:01:46] Query 5 - iteration 17 finished
[2024-04-17 16:01:46] Query 5 - iteration 18 started
[2024-04-17 16:01:47] Query 5 - iteration 18 finished
[2024-04-17 16:01:47] Query 5 - iteration 19 started
[2024-04-17 16:01:48] Query 5 - iteration 19 finished
[2024-04-17 16:01:48] Query 5 - iteration 20 started
[2024-04-17 16:01:49] Query 5 - iteration 20 finished
[2024-04-17 16:01:49] Query 6 - iteration 1 started
[2024-04-17 16:01:51] Query 6 - iteration 1 finished
[2024-04-17 16:01:53] Query 6 - iteration 2 started
[2024-04-17 16:01:55] Query 6 - iteration 2 finished
[2024-04-17 16:01:56] Query 6 - iteration 3 started
[2024-04-17 16:01:58] Query 6 - iteration 3 finished
[2024-04-17 16:01:59] Query 6 - iteration 4 started
[2024-04-17 16:02:01] Query 6 - iteration 4 finished
[2024-04-17 16:02:03] Query 6 - iteration 5 started
[2024-04-17 16:02:05] Query 6 - iteration 5 finished
[2024-04-17 16:02:06] Query 6 - iteration 6 started
[2024-04-17 16:02:08] Query 6 - iteration 6 finished
[2024-04-17 16:02:09] Query 6 - iteration 7 started
[2024-04-17 16:02:12] Query 6 - iteration 7 finished
[2024-04-17 16:02:13] Query 6 - iteration 8 started
[2024-04-17 16:02:15] Query 6 - iteration 8 finished
[2024-04-17 16:02:16] Query 6 - iteration 9 started
[2024-04-17 16:02:18] Query 6 - iteration 9 finished
[2024-04-17 16:02:19] Query 6 - iteration 10 started
[2024-04-17 16:02:21] Query 6 - iteration 10 finished
[2024-04-17 16:02:23] Query 6 - iteration 11 started
[2024-04-17 16:02:25] Query 6 - iteration 11 finished
[2024-04-17 16:02:26] Query 6 - iteration 12 started
[2024-04-17 16:02:28] Query 6 - iteration 12 finished
[2024-04-17 16:02:30] Query 6 - iteration 13 started
[2024-04-17 16:02:32] Query 6 - iteration 13 finished
[2024-04-17 16:02:33] Query 6 - iteration 14 started
[2024-04-17 16:02:35] Query 6 - iteration 14 finished
[2024-04-17 16:02:37] Query 6 - iteration 15 started
[2024-04-17 16:02:39] Query 6 - iteration 15 finished
[2024-04-17 16:02:40] Query 6 - iteration 16 started
[2024-04-17 16:02:43] Query 6 - iteration 16 finished
[2024-04-17 16:02:44] Query 6 - iteration 17 started
[2024-04-17 16:02:46] Query 6 - iteration 17 finished
[2024-04-17 16:02:47] Query 6 - iteration 18 started
[2024-04-17 16:02:49] Query 6 - iteration 18 finished
[2024-04-17 16:02:50] Query 6 - iteration 19 started
[2024-04-17 16:02:53] Query 6 - iteration 19 finished
[2024-04-17 16:02:54] Query 6 - iteration 20 started
[2024-04-17 16:02:56] Query 6 - iteration 20 finished
[2024-04-17 16:02:57] Query 7 - iteration 1 started
[2024-04-17 16:03:00] Query 7 - iteration 1 finished
[2024-04-17 16:03:00] Query 7 - iteration 2 started
[2024-04-17 16:03:02] Query 7 - iteration 2 finished
[2024-04-17 16:03:02] Query 7 - iteration 3 started
[2024-04-17 16:03:04] Query 7 - iteration 3 finished
[2024-04-17 16:03:05] Query 7 - iteration 4 started
[2024-04-17 16:03:06] Query 7 - iteration 4 finished
[2024-04-17 16:03:07] Query 7 - iteration 5 started
[2024-04-17 16:03:09] Query 7 - iteration 5 finished
[2024-04-17 16:03:09] Query 7 - iteration 6 started
[2024-04-17 16:03:11] Query 7 - iteration 6 finished
[2024-04-17 16:03:11] Query 7 - iteration 7 started
[2024-04-17 16:03:13] Query 7 - iteration 7 finished
[2024-04-17 16:03:13] Query 7 - iteration 8 started
[2024-04-17 16:03:15] Query 7 - iteration 8 finished
[2024-04-17 16:03:15] Query 7 - iteration 9 started
[2024-04-17 16:03:18] Query 7 - iteration 9 finished
[2024-04-17 16:03:18] Query 7 - iteration 10 started
[2024-04-17 16:03:20] Query 7 - iteration 10 finished
[2024-04-17 16:03:20] Query 7 - iteration 11 started
[2024-04-17 16:03:22] Query 7 - iteration 11 finished
[2024-04-17 16:03:22] Query 7 - iteration 12 started
[2024-04-17 16:03:24] Query 7 - iteration 12 finished
[2024-04-17 16:03:24] Query 7 - iteration 13 started
[2024-04-17 16:03:27] Query 7 - iteration 13 finished
[2024-04-17 16:03:27] Query 7 - iteration 14 started
[2024-04-17 16:03:29] Query 7 - iteration 14 finished
[2024-04-17 16:03:29] Query 7 - iteration 15 started
[2024-04-17 16:03:31] Query 7 - iteration 15 finished
[2024-04-17 16:03:32] Query 7 - iteration 16 started
[2024-04-17 16:03:33] Query 7 - iteration 16 finished
[2024-04-17 16:03:33] Query 7 - iteration 17 started
[2024-04-17 16:03:35] Query 7 - iteration 17 finished
[2024-04-17 16:03:35] Query 7 - iteration 18 started
[2024-04-17 16:03:38] Query 7 - iteration 18 finished
[2024-04-17 16:03:38] Query 7 - iteration 19 started
[2024-04-17 16:03:40] Query 7 - iteration 19 finished
[2024-04-17 16:03:40] Query 7 - iteration 20 started
[2024-04-17 16:03:42] Query 7 - iteration 20 finished
[2024-04-17 16:03:43] Query 8 - iteration 1 started
[2024-04-17 16:03:43] Query 8 - iteration 1 finished
[2024-04-17 16:03:43] Query 8 - iteration 2 started
[2024-04-17 16:03:43] Query 8 - iteration 2 finished
[2024-04-17 16:03:43] Query 8 - iteration 3 started
[2024-04-17 16:03:43] Query 8 - iteration 3 finished
[2024-04-17 16:03:43] Query 8 - iteration 4 started
[2024-04-17 16:03:44] Query 8 - iteration 4 finished
[2024-04-17 16:03:44] Query 8 - iteration 5 started
[2024-04-17 16:03:44] Query 8 - iteration 5 finished
[2024-04-17 16:03:44] Query 8 - iteration 6 started
[2024-04-17 16:03:44] Query 8 - iteration 6 finished
[2024-04-17 16:03:44] Query 8 - iteration 7 started
[2024-04-17 16:03:45] Query 8 - iteration 7 finished
[2024-04-17 16:03:45] Query 8 - iteration 8 started
[2024-04-17 16:03:45] Query 8 - iteration 8 finished
[2024-04-17 16:03:45] Query 8 - iteration 9 started
[2024-04-17 16:03:45] Query 8 - iteration 9 finished
[2024-04-17 16:03:45] Query 8 - iteration 10 started
[2024-04-17 16:03:46] Query 8 - iteration 10 finished
[2024-04-17 16:03:46] Query 8 - iteration 11 started
[2024-04-17 16:03:46] Query 8 - iteration 11 finished
[2024-04-17 16:03:46] Query 8 - iteration 12 started
[2024-04-17 16:03:46] Query 8 - iteration 12 finished
[2024-04-17 16:03:46] Query 8 - iteration 13 started
[2024-04-17 16:03:46] Query 8 - iteration 13 finished
[2024-04-17 16:03:46] Query 8 - iteration 14 started
[2024-04-17 16:03:47] Query 8 - iteration 14 finished
[2024-04-17 16:03:47] Query 8 - iteration 15 started
[2024-04-17 16:03:47] Query 8 - iteration 15 finished
[2024-04-17 16:03:47] Query 8 - iteration 16 started
[2024-04-17 16:03:47] Query 8 - iteration 16 finished
[2024-04-17 16:03:47] Query 8 - iteration 17 started
[2024-04-17 16:03:48] Query 8 - iteration 17 finished
[2024-04-17 16:03:48] Query 8 - iteration 18 started
[2024-04-17 16:03:48] Query 8 - iteration 18 finished
[2024-04-17 16:03:48] Query 8 - iteration 19 started
[2024-04-17 16:03:48] Query 8 - iteration 19 finished
[2024-04-17 16:03:48] Query 8 - iteration 20 started
[2024-04-17 16:03:48] Query 8 - iteration 20 finished
[2024-04-17 16:03:48] Query 9-1 - iteration 1 started
[2024-04-17 16:03:49] Query 9-1 - iteration 1 finished
[2024-04-17 16:03:49] Query 9-1 - iteration 2 started
[2024-04-17 16:03:50] Query 9-1 - iteration 2 finished
[2024-04-17 16:03:50] Query 9-1 - iteration 3 started
[2024-04-17 16:03:50] Query 9-1 - iteration 3 finished
[2024-04-17 16:03:51] Query 9-1 - iteration 4 started
[2024-04-17 16:03:51] Query 9-1 - iteration 4 finished
[2024-04-17 16:03:52] Query 9-1 - iteration 5 started
[2024-04-17 16:03:52] Query 9-1 - iteration 5 finished
[2024-04-17 16:03:52] Query 9-1 - iteration 6 started
[2024-04-17 16:03:53] Query 9-1 - iteration 6 finished
[2024-04-17 16:03:53] Query 9-1 - iteration 7 started
[2024-04-17 16:03:53] Query 9-1 - iteration 7 finished
[2024-04-17 16:03:54] Query 9-1 - iteration 8 started
[2024-04-17 16:03:54] Query 9-1 - iteration 8 finished
[2024-04-17 16:03:55] Query 9-1 - iteration 9 started
[2024-04-17 16:03:55] Query 9-1 - iteration 9 finished
[2024-04-17 16:03:55] Query 9-1 - iteration 10 started
[2024-04-17 16:03:56] Query 9-1 - iteration 10 finished
[2024-04-17 16:03:56] Query 9-1 - iteration 11 started
[2024-04-17 16:03:57] Query 9-1 - iteration 11 finished
[2024-04-17 16:03:57] Query 9-1 - iteration 12 started
[2024-04-17 16:03:57] Query 9-1 - iteration 12 finished
[2024-04-17 16:03:58] Query 9-1 - iteration 13 started
[2024-04-17 16:03:58] Query 9-1 - iteration 13 finished
[2024-04-17 16:03:58] Query 9-1 - iteration 14 started
[2024-04-17 16:03:59] Query 9-1 - iteration 14 finished
[2024-04-17 16:03:59] Query 9-1 - iteration 15 started
[2024-04-17 16:03:59] Query 9-1 - iteration 15 finished
[2024-04-17 16:04:00] Query 9-1 - iteration 16 started
[2024-04-17 16:04:00] Query 9-1 - iteration 16 finished
[2024-04-17 16:04:01] Query 9-1 - iteration 17 started
[2024-04-17 16:04:01] Query 9-1 - iteration 17 finished
[2024-04-17 16:04:01] Query 9-1 - iteration 18 started
[2024-04-17 16:04:02] Query 9-1 - iteration 18 finished
[2024-04-17 16:04:02] Query 9-1 - iteration 19 started
[2024-04-17 16:04:02] Query 9-1 - iteration 19 finished
[2024-04-17 16:04:03] Query 9-1 - iteration 20 started
[2024-04-17 16:04:03] Query 9-1 - iteration 20 finished
[2024-04-17 16:04:04] Query 9-2 - iteration 1 started
[2024-04-17 16:04:04] Query 9-2 - iteration 1 finished
[2024-04-17 16:04:04] Query 9-2 - iteration 2 started
[2024-04-17 16:04:04] Query 9-2 - iteration 2 finished
[2024-04-17 16:04:05] Query 9-2 - iteration 3 started
[2024-04-17 16:04:05] Query 9-2 - iteration 3 finished
[2024-04-17 16:04:05] Query 9-2 - iteration 4 started
[2024-04-17 16:04:06] Query 9-2 - iteration 4 finished
[2024-04-17 16:04:06] Query 9-2 - iteration 5 started
[2024-04-17 16:04:06] Query 9-2 - iteration 5 finished
[2024-04-17 16:04:07] Query 9-2 - iteration 6 started
[2024-04-17 16:04:07] Query 9-2 - iteration 6 finished
[2024-04-17 16:04:07] Query 9-2 - iteration 7 started
[2024-04-17 16:04:07] Query 9-2 - iteration 7 finished
[2024-04-17 16:04:08] Query 9-2 - iteration 8 started
[2024-04-17 16:04:08] Query 9-2 - iteration 8 finished
[2024-04-17 16:04:08] Query 9-2 - iteration 9 started
[2024-04-17 16:04:09] Query 9-2 - iteration 9 finished
[2024-04-17 16:04:09] Query 9-2 - iteration 10 started
[2024-04-17 16:04:09] Query 9-2 - iteration 10 finished
[2024-04-17 16:04:09] Query 9-2 - iteration 11 started
[2024-04-17 16:04:10] Query 9-2 - iteration 11 finished
[2024-04-17 16:04:10] Query 9-2 - iteration 12 started
[2024-04-17 16:04:10] Query 9-2 - iteration 12 finished
[2024-04-17 16:04:11] Query 9-2 - iteration 13 started
[2024-04-17 16:04:11] Query 9-2 - iteration 13 finished
[2024-04-17 16:04:11] Query 9-2 - iteration 14 started
[2024-04-17 16:04:11] Query 9-2 - iteration 14 finished
[2024-04-17 16:04:12] Query 9-2 - iteration 15 started
[2024-04-17 16:04:12] Query 9-2 - iteration 15 finished
[2024-04-17 16:04:12] Query 9-2 - iteration 16 started
[2024-04-17 16:04:13] Query 9-2 - iteration 16 finished
[2024-04-17 16:04:13] Query 9-2 - iteration 17 started
[2024-04-17 16:04:13] Query 9-2 - iteration 17 finished
[2024-04-17 16:04:14] Query 9-2 - iteration 18 started
[2024-04-17 16:04:14] Query 9-2 - iteration 18 finished
[2024-04-17 16:04:14] Query 9-2 - iteration 19 started
[2024-04-17 16:04:14] Query 9-2 - iteration 19 finished
[2024-04-17 16:04:15] Query 9-2 - iteration 20 started
[2024-04-17 16:04:15] Query 9-2 - iteration 20 finished
[2024-04-17 16:04:15] Query testing finished
