[2024-04-22 13:29:17] Query testing started
[2024-04-22 13:29:17] Query 1-1 - iteration 1 started
[2024-04-22 13:29:17] Query 1-1 - iteration 1 finished
[2024-04-22 13:29:17] Query 1-1 - iteration 2 started
[2024-04-22 13:29:17] Query 1-1 - iteration 2 finished
[2024-04-22 13:29:17] Query 1-1 - iteration 3 started
[2024-04-22 13:29:17] Query 1-1 - iteration 3 finished
[2024-04-22 13:29:17] Query 1-1 - iteration 4 started
[2024-04-22 13:29:17] Query 1-1 - iteration 4 finished
[2024-04-22 13:29:17] Query 1-1 - iteration 5 started
[2024-04-22 13:29:17] Query 1-1 - iteration 5 finished
[2024-04-22 13:29:17] Query 1-1 - iteration 6 started
[2024-04-22 13:29:17] Query 1-1 - iteration 6 finished
[2024-04-22 13:29:17] Query 1-1 - iteration 7 started
[2024-04-22 13:29:18] Query 1-1 - iteration 7 finished
[2024-04-22 13:29:18] Query 1-1 - iteration 8 started
[2024-04-22 13:29:18] Query 1-1 - iteration 8 finished
[2024-04-22 13:29:18] Query 1-1 - iteration 9 started
[2024-04-22 13:29:18] Query 1-1 - iteration 9 finished
[2024-04-22 13:29:18] Query 1-1 - iteration 10 started
[2024-04-22 13:29:18] Query 1-1 - iteration 10 finished
[2024-04-22 13:29:18] Query 1-1 - iteration 11 started
[2024-04-22 13:29:18] Query 1-1 - iteration 11 finished
[2024-04-22 13:29:18] Query 1-1 - iteration 12 started
[2024-04-22 13:29:18] Query 1-1 - iteration 12 finished
[2024-04-22 13:29:18] Query 1-1 - iteration 13 started
[2024-04-22 13:29:18] Query 1-1 - iteration 13 finished
[2024-04-22 13:29:18] Query 1-1 - iteration 14 started
[2024-04-22 13:29:19] Query 1-1 - iteration 14 finished
[2024-04-22 13:29:19] Query 1-1 - iteration 15 started
[2024-04-22 13:29:19] Query 1-1 - iteration 15 finished
[2024-04-22 13:29:19] Query 1-1 - iteration 16 started
[2024-04-22 13:29:19] Query 1-1 - iteration 16 finished
[2024-04-22 13:29:19] Query 1-1 - iteration 17 started
[2024-04-22 13:29:19] Query 1-1 - iteration 17 finished
[2024-04-22 13:29:19] Query 1-1 - iteration 18 started
[2024-04-22 13:29:19] Query 1-1 - iteration 18 finished
[2024-04-22 13:29:19] Query 1-1 - iteration 19 started
[2024-04-22 13:29:19] Query 1-1 - iteration 19 finished
[2024-04-22 13:29:19] Query 1-1 - iteration 20 started
[2024-04-22 13:29:19] Query 1-1 - iteration 20 finished
[2024-04-22 13:29:19] Query 1-2 - iteration 1 started
[2024-04-22 13:29:20] Query 1-2 - iteration 1 finished
[2024-04-22 13:29:20] Query 1-2 - iteration 2 started
[2024-04-22 13:29:21] Query 1-2 - iteration 2 finished
[2024-04-22 13:29:21] Query 1-2 - iteration 3 started
[2024-04-22 13:29:21] Query 1-2 - iteration 3 finished
[2024-04-22 13:29:21] Query 1-2 - iteration 4 started
[2024-04-22 13:29:22] Query 1-2 - iteration 4 finished
[2024-04-22 13:29:22] Query 1-2 - iteration 5 started
[2024-04-22 13:29:22] Query 1-2 - iteration 5 finished
[2024-04-22 13:29:23] Query 1-2 - iteration 6 started
[2024-04-22 13:29:23] Query 1-2 - iteration 6 finished
[2024-04-22 13:29:23] Query 1-2 - iteration 7 started
[2024-04-22 13:29:24] Query 1-2 - iteration 7 finished
[2024-04-22 13:29:24] Query 1-2 - iteration 8 started
[2024-04-22 13:29:24] Query 1-2 - iteration 8 finished
[2024-04-22 13:29:25] Query 1-2 - iteration 9 started
[2024-04-22 13:29:25] Query 1-2 - iteration 9 finished
[2024-04-22 13:29:25] Query 1-2 - iteration 10 started
[2024-04-22 13:29:26] Query 1-2 - iteration 10 finished
[2024-04-22 13:29:26] Query 1-2 - iteration 11 started
[2024-04-22 13:29:26] Query 1-2 - iteration 11 finished
[2024-04-22 13:29:27] Query 1-2 - iteration 12 started
[2024-04-22 13:29:27] Query 1-2 - iteration 12 finished
[2024-04-22 13:29:27] Query 1-2 - iteration 13 started
[2024-04-22 13:29:28] Query 1-2 - iteration 13 finished
[2024-04-22 13:29:28] Query 1-2 - iteration 14 started
[2024-04-22 13:29:28] Query 1-2 - iteration 14 finished
[2024-04-22 13:29:29] Query 1-2 - iteration 15 started
[2024-04-22 13:29:29] Query 1-2 - iteration 15 finished
[2024-04-22 13:29:29] Query 1-2 - iteration 16 started
[2024-04-22 13:29:30] Query 1-2 - iteration 16 finished
[2024-04-22 13:29:30] Query 1-2 - iteration 17 started
[2024-04-22 13:29:30] Query 1-2 - iteration 17 finished
[2024-04-22 13:29:31] Query 1-2 - iteration 18 started
[2024-04-22 13:29:31] Query 1-2 - iteration 18 finished
[2024-04-22 13:29:31] Query 1-2 - iteration 19 started
[2024-04-22 13:29:32] Query 1-2 - iteration 19 finished
[2024-04-22 13:29:32] Query 1-2 - iteration 20 started
[2024-04-22 13:29:32] Query 1-2 - iteration 20 finished
[2024-04-22 13:29:33] Query 1-3 - iteration 1 started
[2024-04-22 13:29:33] Query 1-3 - iteration 1 finished
[2024-04-22 13:29:33] Query 1-3 - iteration 2 started
[2024-04-22 13:29:33] Query 1-3 - iteration 2 finished
[2024-04-22 13:29:33] Query 1-3 - iteration 3 started
[2024-04-22 13:29:33] Query 1-3 - iteration 3 finished
[2024-04-22 13:29:33] Query 1-3 - iteration 4 started
[2024-04-22 13:29:33] Query 1-3 - iteration 4 finished
[2024-04-22 13:29:33] Query 1-3 - iteration 5 started
[2024-04-22 13:29:33] Query 1-3 - iteration 5 finished
[2024-04-22 13:29:33] Query 1-3 - iteration 6 started
[2024-04-22 13:29:33] Query 1-3 - iteration 6 finished
[2024-04-22 13:29:33] Query 1-3 - iteration 7 started
[2024-04-22 13:29:33] Query 1-3 - iteration 7 finished
[2024-04-22 13:29:33] Query 1-3 - iteration 8 started
[2024-04-22 13:29:33] Query 1-3 - iteration 8 finished
[2024-04-22 13:29:33] Query 1-3 - iteration 9 started
[2024-04-22 13:29:33] Query 1-3 - iteration 9 finished
[2024-04-22 13:29:33] Query 1-3 - iteration 10 started
[2024-04-22 13:29:33] Query 1-3 - iteration 10 finished
[2024-04-22 13:29:33] Query 1-3 - iteration 11 started
[2024-04-22 13:29:33] Query 1-3 - iteration 11 finished
[2024-04-22 13:29:33] Query 1-3 - iteration 12 started
[2024-04-22 13:29:33] Query 1-3 - iteration 12 finished
[2024-04-22 13:29:33] Query 1-3 - iteration 13 started
[2024-04-22 13:29:33] Query 1-3 - iteration 13 finished
[2024-04-22 13:29:33] Query 1-3 - iteration 14 started
[2024-04-22 13:29:33] Query 1-3 - iteration 14 finished
[2024-04-22 13:29:33] Query 1-3 - iteration 15 started
[2024-04-22 13:29:33] Query 1-3 - iteration 15 finished
[2024-04-22 13:29:33] Query 1-3 - iteration 16 started
[2024-04-22 13:29:33] Query 1-3 - iteration 16 finished
[2024-04-22 13:29:33] Query 1-3 - iteration 17 started
[2024-04-22 13:29:33] Query 1-3 - iteration 17 finished
[2024-04-22 13:29:33] Query 1-3 - iteration 18 started
[2024-04-22 13:29:33] Query 1-3 - iteration 18 finished
[2024-04-22 13:29:33] Query 1-3 - iteration 19 started
[2024-04-22 13:29:33] Query 1-3 - iteration 19 finished
[2024-04-22 13:29:33] Query 1-3 - iteration 20 started
[2024-04-22 13:29:33] Query 1-3 - iteration 20 finished
[2024-04-22 13:29:33] Query 1-4 - iteration 1 started
[2024-04-22 13:29:35] Query 1-4 - iteration 1 finished
[2024-04-22 13:29:35] Query 1-4 - iteration 2 started
[2024-04-22 13:29:36] Query 1-4 - iteration 2 finished
[2024-04-22 13:29:36] Query 1-4 - iteration 3 started
[2024-04-22 13:29:37] Query 1-4 - iteration 3 finished
[2024-04-22 13:29:37] Query 1-4 - iteration 4 started
[2024-04-22 13:29:38] Query 1-4 - iteration 4 finished
[2024-04-22 13:29:38] Query 1-4 - iteration 5 started
[2024-04-22 13:29:39] Query 1-4 - iteration 5 finished
[2024-04-22 13:29:39] Query 1-4 - iteration 6 started
[2024-04-22 13:29:40] Query 1-4 - iteration 6 finished
[2024-04-22 13:29:40] Query 1-4 - iteration 7 started
[2024-04-22 13:29:41] Query 1-4 - iteration 7 finished
[2024-04-22 13:29:41] Query 1-4 - iteration 8 started
[2024-04-22 13:29:42] Query 1-4 - iteration 8 finished
[2024-04-22 13:29:42] Query 1-4 - iteration 9 started
[2024-04-22 13:29:43] Query 1-4 - iteration 9 finished
[2024-04-22 13:29:43] Query 1-4 - iteration 10 started
[2024-04-22 13:29:44] Query 1-4 - iteration 10 finished
[2024-04-22 13:29:44] Query 1-4 - iteration 11 started
[2024-04-22 13:29:45] Query 1-4 - iteration 11 finished
[2024-04-22 13:29:45] Query 1-4 - iteration 12 started
[2024-04-22 13:29:46] Query 1-4 - iteration 12 finished
[2024-04-22 13:29:47] Query 1-4 - iteration 13 started
[2024-04-22 13:29:47] Query 1-4 - iteration 13 finished
[2024-04-22 13:29:48] Query 1-4 - iteration 14 started
[2024-04-22 13:29:48] Query 1-4 - iteration 14 finished
[2024-04-22 13:29:49] Query 1-4 - iteration 15 started
[2024-04-22 13:29:49] Query 1-4 - iteration 15 finished
[2024-04-22 13:29:50] Query 1-4 - iteration 16 started
[2024-04-22 13:29:50] Query 1-4 - iteration 16 finished
[2024-04-22 13:29:51] Query 1-4 - iteration 17 started
[2024-04-22 13:29:51] Query 1-4 - iteration 17 finished
[2024-04-22 13:29:52] Query 1-4 - iteration 18 started
[2024-04-22 13:29:52] Query 1-4 - iteration 18 finished
[2024-04-22 13:29:53] Query 1-4 - iteration 19 started
[2024-04-22 13:29:54] Query 1-4 - iteration 19 finished
[2024-04-22 13:29:54] Query 1-4 - iteration 20 started
[2024-04-22 13:29:55] Query 1-4 - iteration 20 finished
[2024-04-22 13:29:55] Query 10 - iteration 1 started
[2024-04-22 13:29:57] Query 10 - iteration 1 finished
[2024-04-22 13:29:57] Query 10 - iteration 2 started
[2024-04-22 13:29:59] Query 10 - iteration 2 finished
[2024-04-22 13:29:59] Query 10 - iteration 3 started
[2024-04-22 13:30:00] Query 10 - iteration 3 finished
[2024-04-22 13:30:01] Query 10 - iteration 4 started
[2024-04-22 13:30:02] Query 10 - iteration 4 finished
[2024-04-22 13:30:03] Query 10 - iteration 5 started
[2024-04-22 13:30:04] Query 10 - iteration 5 finished
[2024-04-22 13:30:05] Query 10 - iteration 6 started
[2024-04-22 13:30:06] Query 10 - iteration 6 finished
[2024-04-22 13:30:07] Query 10 - iteration 7 started
[2024-04-22 13:30:08] Query 10 - iteration 7 finished
[2024-04-22 13:30:09] Query 10 - iteration 8 started
[2024-04-22 13:30:10] Query 10 - iteration 8 finished
[2024-04-22 13:30:11] Query 10 - iteration 9 started
[2024-04-22 13:30:12] Query 10 - iteration 9 finished
[2024-04-22 13:30:13] Query 10 - iteration 10 started
[2024-04-22 13:30:14] Query 10 - iteration 10 finished
[2024-04-22 13:30:15] Query 10 - iteration 11 started
[2024-04-22 13:30:16] Query 10 - iteration 11 finished
[2024-04-22 13:30:16] Query 10 - iteration 12 started
[2024-04-22 13:30:18] Query 10 - iteration 12 finished
[2024-04-22 13:30:18] Query 10 - iteration 13 started
[2024-04-22 13:30:20] Query 10 - iteration 13 finished
[2024-04-22 13:30:20] Query 10 - iteration 14 started
[2024-04-22 13:30:22] Query 10 - iteration 14 finished
[2024-04-22 13:30:22] Query 10 - iteration 15 started
[2024-04-22 13:30:24] Query 10 - iteration 15 finished
[2024-04-22 13:30:24] Query 10 - iteration 16 started
[2024-04-22 13:30:26] Query 10 - iteration 16 finished
[2024-04-22 13:30:26] Query 10 - iteration 17 started
[2024-04-22 13:30:28] Query 10 - iteration 17 finished
[2024-04-22 13:30:28] Query 10 - iteration 18 started
[2024-04-22 13:30:30] Query 10 - iteration 18 finished
[2024-04-22 13:30:30] Query 10 - iteration 19 started
[2024-04-22 13:30:32] Query 10 - iteration 19 finished
[2024-04-22 13:30:32] Query 10 - iteration 20 started
[2024-04-22 13:30:34] Query 10 - iteration 20 finished
[2024-04-22 13:30:34] Query 11 - iteration 1 started
[2024-04-22 13:30:36] Query 11 - iteration 1 finished
[2024-04-22 13:30:36] Query 11 - iteration 2 started
[2024-04-22 13:30:38] Query 11 - iteration 2 finished
[2024-04-22 13:30:38] Query 11 - iteration 3 started
[2024-04-22 13:30:39] Query 11 - iteration 3 finished
[2024-04-22 13:30:40] Query 11 - iteration 4 started
[2024-04-22 13:30:41] Query 11 - iteration 4 finished
[2024-04-22 13:30:42] Query 11 - iteration 5 started
[2024-04-22 13:30:43] Query 11 - iteration 5 finished
[2024-04-22 13:30:43] Query 11 - iteration 6 started
[2024-04-22 13:30:45] Query 11 - iteration 6 finished
[2024-04-22 13:30:45] Query 11 - iteration 7 started
[2024-04-22 13:30:47] Query 11 - iteration 7 finished
[2024-04-22 13:30:47] Query 11 - iteration 8 started
[2024-04-22 13:30:49] Query 11 - iteration 8 finished
[2024-04-22 13:30:49] Query 11 - iteration 9 started
[2024-04-22 13:30:51] Query 11 - iteration 9 finished
[2024-04-22 13:30:51] Query 11 - iteration 10 started
[2024-04-22 13:30:53] Query 11 - iteration 10 finished
[2024-04-22 13:30:53] Query 11 - iteration 11 started
[2024-04-22 13:30:55] Query 11 - iteration 11 finished
[2024-04-22 13:30:55] Query 11 - iteration 12 started
[2024-04-22 13:30:57] Query 11 - iteration 12 finished
[2024-04-22 13:30:57] Query 11 - iteration 13 started
[2024-04-22 13:30:59] Query 11 - iteration 13 finished
[2024-04-22 13:30:59] Query 11 - iteration 14 started
[2024-04-22 13:31:00] Query 11 - iteration 14 finished
[2024-04-22 13:31:01] Query 11 - iteration 15 started
[2024-04-22 13:31:02] Query 11 - iteration 15 finished
[2024-04-22 13:31:03] Query 11 - iteration 16 started
[2024-04-22 13:31:04] Query 11 - iteration 16 finished
[2024-04-22 13:31:05] Query 11 - iteration 17 started
[2024-04-22 13:31:06] Query 11 - iteration 17 finished
[2024-04-22 13:31:06] Query 11 - iteration 18 started
[2024-04-22 13:31:08] Query 11 - iteration 18 finished
[2024-04-22 13:31:08] Query 11 - iteration 19 started
[2024-04-22 13:31:10] Query 11 - iteration 19 finished
[2024-04-22 13:31:10] Query 11 - iteration 20 started
[2024-04-22 13:31:12] Query 11 - iteration 20 finished
[2024-04-22 13:31:12] Query 2-1 - iteration 1 started
[2024-04-22 13:31:13] Query 2-1 - iteration 1 finished
[2024-04-22 13:31:13] Query 2-1 - iteration 2 started
[2024-04-22 13:31:15] Query 2-1 - iteration 2 finished
[2024-04-22 13:31:15] Query 2-1 - iteration 3 started
[2024-04-22 13:31:16] Query 2-1 - iteration 3 finished
[2024-04-22 13:31:16] Query 2-1 - iteration 4 started
[2024-04-22 13:31:17] Query 2-1 - iteration 4 finished
[2024-04-22 13:31:17] Query 2-1 - iteration 5 started
[2024-04-22 13:31:18] Query 2-1 - iteration 5 finished
[2024-04-22 13:31:18] Query 2-1 - iteration 6 started
[2024-04-22 13:31:20] Query 2-1 - iteration 6 finished
[2024-04-22 13:31:20] Query 2-1 - iteration 7 started
[2024-04-22 13:31:21] Query 2-1 - iteration 7 finished
[2024-04-22 13:31:21] Query 2-1 - iteration 8 started
[2024-04-22 13:31:22] Query 2-1 - iteration 8 finished
[2024-04-22 13:31:22] Query 2-1 - iteration 9 started
[2024-04-22 13:31:23] Query 2-1 - iteration 9 finished
[2024-04-22 13:31:23] Query 2-1 - iteration 10 started
[2024-04-22 13:31:25] Query 2-1 - iteration 10 finished
[2024-04-22 13:31:25] Query 2-1 - iteration 11 started
[2024-04-22 13:31:26] Query 2-1 - iteration 11 finished
[2024-04-22 13:31:26] Query 2-1 - iteration 12 started
[2024-04-22 13:31:27] Query 2-1 - iteration 12 finished
[2024-04-22 13:31:27] Query 2-1 - iteration 13 started
[2024-04-22 13:31:28] Query 2-1 - iteration 13 finished
[2024-04-22 13:31:28] Query 2-1 - iteration 14 started
[2024-04-22 13:31:30] Query 2-1 - iteration 14 finished
[2024-04-22 13:31:30] Query 2-1 - iteration 15 started
[2024-04-22 13:31:31] Query 2-1 - iteration 15 finished
[2024-04-22 13:31:31] Query 2-1 - iteration 16 started
[2024-04-22 13:31:32] Query 2-1 - iteration 16 finished
[2024-04-22 13:31:32] Query 2-1 - iteration 17 started
[2024-04-22 13:31:33] Query 2-1 - iteration 17 finished
[2024-04-22 13:31:33] Query 2-1 - iteration 18 started
[2024-04-22 13:31:35] Query 2-1 - iteration 18 finished
[2024-04-22 13:31:35] Query 2-1 - iteration 19 started
[2024-04-22 13:31:36] Query 2-1 - iteration 19 finished
[2024-04-22 13:31:36] Query 2-1 - iteration 20 started
[2024-04-22 13:31:37] Query 2-1 - iteration 20 finished
[2024-04-22 13:31:37] Query 2-2 - iteration 1 started
[2024-04-22 13:31:38] Query 2-2 - iteration 1 finished
[2024-04-22 13:31:39] Query 2-2 - iteration 2 started
[2024-04-22 13:31:40] Query 2-2 - iteration 2 finished
[2024-04-22 13:31:40] Query 2-2 - iteration 3 started
[2024-04-22 13:31:41] Query 2-2 - iteration 3 finished
[2024-04-22 13:31:41] Query 2-2 - iteration 4 started
[2024-04-22 13:31:43] Query 2-2 - iteration 4 finished
[2024-04-22 13:31:43] Query 2-2 - iteration 5 started
[2024-04-22 13:31:44] Query 2-2 - iteration 5 finished
[2024-04-22 13:31:44] Query 2-2 - iteration 6 started
[2024-04-22 13:31:45] Query 2-2 - iteration 6 finished
[2024-04-22 13:31:45] Query 2-2 - iteration 7 started
[2024-04-22 13:31:47] Query 2-2 - iteration 7 finished
[2024-04-22 13:31:47] Query 2-2 - iteration 8 started
[2024-04-22 13:31:48] Query 2-2 - iteration 8 finished
[2024-04-22 13:31:48] Query 2-2 - iteration 9 started
[2024-04-22 13:31:49] Query 2-2 - iteration 9 finished
[2024-04-22 13:31:49] Query 2-2 - iteration 10 started
[2024-04-22 13:31:51] Query 2-2 - iteration 10 finished
[2024-04-22 13:31:51] Query 2-2 - iteration 11 started
[2024-04-22 13:31:52] Query 2-2 - iteration 11 finished
[2024-04-22 13:31:52] Query 2-2 - iteration 12 started
[2024-04-22 13:31:53] Query 2-2 - iteration 12 finished
[2024-04-22 13:31:53] Query 2-2 - iteration 13 started
[2024-04-22 13:31:55] Query 2-2 - iteration 13 finished
[2024-04-22 13:31:55] Query 2-2 - iteration 14 started
[2024-04-22 13:31:56] Query 2-2 - iteration 14 finished
[2024-04-22 13:31:56] Query 2-2 - iteration 15 started
[2024-04-22 13:31:57] Query 2-2 - iteration 15 finished
[2024-04-22 13:31:57] Query 2-2 - iteration 16 started
[2024-04-22 13:31:59] Query 2-2 - iteration 16 finished
[2024-04-22 13:31:59] Query 2-2 - iteration 17 started
[2024-04-22 13:32:00] Query 2-2 - iteration 17 finished
[2024-04-22 13:32:00] Query 2-2 - iteration 18 started
[2024-04-22 13:32:01] Query 2-2 - iteration 18 finished
[2024-04-22 13:32:02] Query 2-2 - iteration 19 started
[2024-04-22 13:32:03] Query 2-2 - iteration 19 finished
[2024-04-22 13:32:03] Query 2-2 - iteration 20 started
[2024-04-22 13:32:04] Query 2-2 - iteration 20 finished
[2024-04-22 13:32:04] Query 3-1 - iteration 1 started
