[2024-04-22 14:17:36] Query testing started
[2024-04-22 14:17:36] Query 3-2 - iteration 1 started
[2024-04-22 14:18:03] Query 3-2 - iteration 1 finished
[2024-04-22 14:18:20] Query 3-2 - iteration 2 started
[2024-04-22 14:18:41] Query 3-2 - iteration 2 finished
[2024-04-22 14:18:57] Query 3-2 - iteration 3 started
[2024-04-22 14:19:19] Query 3-2 - iteration 3 finished
[2024-04-22 14:19:35] Query 3-2 - iteration 4 started
[2024-04-22 14:19:56] Query 3-2 - iteration 4 finished
[2024-04-22 14:20:11] Query 3-2 - iteration 5 started
[2024-04-22 14:20:33] Query 3-2 - iteration 5 finished
[2024-04-22 14:20:48] Query 3-2 - iteration 6 started
[2024-04-22 14:21:10] Query 3-2 - iteration 6 finished
[2024-04-22 14:21:25] Query 3-2 - iteration 7 started
[2024-04-22 14:21:47] Query 3-2 - iteration 7 finished
[2024-04-22 14:22:02] Query 3-2 - iteration 8 started
[2024-04-22 14:22:23] Query 3-2 - iteration 8 finished
[2024-04-22 14:22:38] Query 3-2 - iteration 9 started
[2024-04-22 14:23:00] Query 3-2 - iteration 9 finished
[2024-04-22 14:23:17] Query 3-2 - iteration 10 started
[2024-04-22 14:23:38] Query 3-2 - iteration 10 finished
[2024-04-22 14:23:53] Query 3-2 - iteration 11 started
[2024-04-22 14:24:14] Query 3-2 - iteration 11 finished
[2024-04-22 14:24:30] Query 3-2 - iteration 12 started
[2024-04-22 14:24:52] Query 3-2 - iteration 12 finished
[2024-04-22 14:25:08] Query 3-2 - iteration 13 started
[2024-04-22 14:25:30] Query 3-2 - iteration 13 finished
[2024-04-22 14:25:45] Query 3-2 - iteration 14 started
[2024-04-22 14:26:07] Query 3-2 - iteration 14 finished
[2024-04-22 14:26:23] Query 3-2 - iteration 15 started
[2024-04-22 14:26:45] Query 3-2 - iteration 15 finished
[2024-04-22 14:27:00] Query 3-2 - iteration 16 started
[2024-04-22 14:27:21] Query 3-2 - iteration 16 finished
[2024-04-22 14:27:36] Query 3-2 - iteration 17 started
[2024-04-22 14:27:57] Query 3-2 - iteration 17 finished
[2024-04-22 14:28:13] Query 3-2 - iteration 18 started
[2024-04-22 14:28:36] Query 3-2 - iteration 18 finished
[2024-04-22 14:28:51] Query 3-2 - iteration 19 started
[2024-04-22 14:29:12] Query 3-2 - iteration 19 finished
[2024-04-22 14:29:27] Query 3-2 - iteration 20 started
[2024-04-22 14:29:48] Query 3-2 - iteration 20 finished
[2024-04-22 14:30:04] Query 3-3 - iteration 1 started
[2024-04-22 14:35:04] Query 3-4 - iteration 1 started
[2024-04-22 14:35:11] Query 3-4 - iteration 1 finished
[2024-04-22 14:35:13] Query 3-4 - iteration 2 started
[2024-04-22 14:35:17] Query 3-4 - iteration 2 finished
[2024-04-22 14:35:19] Query 3-4 - iteration 3 started
[2024-04-22 14:35:23] Query 3-4 - iteration 3 finished
[2024-04-22 14:35:25] Query 3-4 - iteration 4 started
[2024-04-22 14:35:28] Query 3-4 - iteration 4 finished
[2024-04-22 14:35:30] Query 3-4 - iteration 5 started
[2024-04-22 14:35:33] Query 3-4 - iteration 5 finished
[2024-04-22 14:35:36] Query 3-4 - iteration 6 started
[2024-04-22 14:35:39] Query 3-4 - iteration 6 finished
[2024-04-22 14:35:41] Query 3-4 - iteration 7 started
[2024-04-22 14:35:44] Query 3-4 - iteration 7 finished
[2024-04-22 14:35:47] Query 3-4 - iteration 8 started
[2024-04-22 14:35:50] Query 3-4 - iteration 8 finished
[2024-04-22 14:35:52] Query 3-4 - iteration 9 started
[2024-04-22 14:35:56] Query 3-4 - iteration 9 finished
[2024-04-22 14:35:58] Query 3-4 - iteration 10 started
[2024-04-22 14:36:01] Query 3-4 - iteration 10 finished
[2024-04-22 14:36:03] Query 3-4 - iteration 11 started
[2024-04-22 14:36:07] Query 3-4 - iteration 11 finished
[2024-04-22 14:36:09] Query 3-4 - iteration 12 started
[2024-04-22 14:36:13] Query 3-4 - iteration 12 finished
[2024-04-22 14:36:15] Query 3-4 - iteration 13 started
[2024-04-22 14:36:19] Query 3-4 - iteration 13 finished
[2024-04-22 14:36:21] Query 3-4 - iteration 14 started
[2024-04-22 14:36:24] Query 3-4 - iteration 14 finished
[2024-04-22 14:36:27] Query 3-4 - iteration 15 started
[2024-04-22 14:36:30] Query 3-4 - iteration 15 finished
[2024-04-22 14:36:32] Query 3-4 - iteration 16 started
[2024-04-22 14:36:35] Query 3-4 - iteration 16 finished
[2024-04-22 14:36:37] Query 3-4 - iteration 17 started
[2024-04-22 14:36:40] Query 3-4 - iteration 17 finished
[2024-04-22 14:36:42] Query 3-4 - iteration 18 started
[2024-04-22 14:36:45] Query 3-4 - iteration 18 finished
[2024-04-22 14:36:47] Query 3-4 - iteration 19 started
[2024-04-22 14:36:51] Query 3-4 - iteration 19 finished
[2024-04-22 14:36:53] Query 3-4 - iteration 20 started
[2024-04-22 14:36:56] Query 3-4 - iteration 20 finished
[2024-04-22 14:36:59] Query 4-1 - iteration 1 started
[2024-04-22 14:41:59] Query 4-2 - iteration 1 started
[2024-04-22 14:47:00] Query 5 - iteration 1 started
[2024-04-22 14:47:10] Query 5 - iteration 1 finished
[2024-04-22 14:47:11] Query 5 - iteration 2 started
[2024-04-22 14:47:20] Query 5 - iteration 2 finished
[2024-04-22 14:47:21] Query 5 - iteration 3 started
[2024-04-22 14:47:31] Query 5 - iteration 3 finished
[2024-04-22 14:47:32] Query 5 - iteration 4 started
[2024-04-22 14:47:42] Query 5 - iteration 4 finished
[2024-04-22 14:47:42] Query 5 - iteration 5 started
[2024-04-22 14:47:53] Query 5 - iteration 5 finished
[2024-04-22 14:47:54] Query 5 - iteration 6 started
[2024-04-22 14:48:04] Query 5 - iteration 6 finished
[2024-04-22 14:48:05] Query 5 - iteration 7 started
[2024-04-22 14:48:15] Query 5 - iteration 7 finished
[2024-04-22 14:48:16] Query 5 - iteration 8 started
[2024-04-22 14:48:26] Query 5 - iteration 8 finished
[2024-04-22 14:48:26] Query 5 - iteration 9 started
[2024-04-22 14:48:36] Query 5 - iteration 9 finished
[2024-04-22 14:48:36] Query 5 - iteration 10 started
[2024-04-22 14:48:47] Query 5 - iteration 10 finished
[2024-04-22 14:48:48] Query 5 - iteration 11 started
[2024-04-22 14:48:59] Query 5 - iteration 11 finished
[2024-04-22 14:49:00] Query 5 - iteration 12 started
[2024-04-22 14:49:10] Query 5 - iteration 12 finished
[2024-04-22 14:49:10] Query 5 - iteration 13 started
[2024-04-22 14:49:21] Query 5 - iteration 13 finished
[2024-04-22 14:49:21] Query 5 - iteration 14 started
[2024-04-22 14:49:32] Query 5 - iteration 14 finished
[2024-04-22 14:49:32] Query 5 - iteration 15 started
[2024-04-22 14:49:42] Query 5 - iteration 15 finished
[2024-04-22 14:49:43] Query 5 - iteration 16 started
[2024-04-22 14:49:53] Query 5 - iteration 16 finished
[2024-04-22 14:49:53] Query 5 - iteration 17 started
[2024-04-22 14:50:03] Query 5 - iteration 17 finished
[2024-04-22 14:50:04] Query 5 - iteration 18 started
[2024-04-22 14:50:14] Query 5 - iteration 18 finished
[2024-04-22 14:50:15] Query 5 - iteration 19 started
[2024-04-22 14:50:25] Query 5 - iteration 19 finished
[2024-04-22 14:50:26] Query 5 - iteration 20 started
[2024-04-22 14:50:36] Query 5 - iteration 20 finished
[2024-04-22 14:50:36] Query 6 - iteration 1 started
[2024-04-22 14:51:05] Query 6 - iteration 1 finished
[2024-04-22 14:51:17] Query 6 - iteration 2 started
[2024-04-22 14:51:36] Query 6 - iteration 2 finished
[2024-04-22 14:51:48] Query 6 - iteration 3 started
[2024-04-22 14:52:09] Query 6 - iteration 3 finished
[2024-04-22 14:52:21] Query 6 - iteration 4 started
[2024-04-22 14:52:41] Query 6 - iteration 4 finished
[2024-04-22 14:52:53] Query 6 - iteration 5 started
[2024-04-22 14:53:14] Query 6 - iteration 5 finished
[2024-04-22 14:53:24] Query 6 - iteration 6 started
[2024-04-22 14:53:45] Query 6 - iteration 6 finished
[2024-04-22 14:53:57] Query 6 - iteration 7 started
[2024-04-22 14:54:18] Query 6 - iteration 7 finished
[2024-04-22 14:54:29] Query 6 - iteration 8 started
[2024-04-22 14:54:49] Query 6 - iteration 8 finished
[2024-04-22 14:55:00] Query 6 - iteration 9 started
[2024-04-22 14:55:21] Query 6 - iteration 9 finished
[2024-04-22 14:55:32] Query 6 - iteration 10 started
[2024-04-22 14:55:53] Query 6 - iteration 10 finished
[2024-04-22 14:56:03] Query 6 - iteration 11 started
[2024-04-22 14:56:24] Query 6 - iteration 11 finished
[2024-04-22 14:56:35] Query 6 - iteration 12 started
[2024-04-22 14:56:56] Query 6 - iteration 12 finished
[2024-04-22 14:57:07] Query 6 - iteration 13 started
[2024-04-22 14:57:27] Query 6 - iteration 13 finished
[2024-04-22 14:57:39] Query 6 - iteration 14 started
[2024-04-22 14:58:00] Query 6 - iteration 14 finished
[2024-04-22 14:58:12] Query 6 - iteration 15 started
[2024-04-22 14:58:35] Query 6 - iteration 15 finished
[2024-04-22 14:58:47] Query 6 - iteration 16 started
[2024-04-22 14:59:08] Query 6 - iteration 16 finished
[2024-04-22 14:59:20] Query 6 - iteration 17 started
[2024-04-22 14:59:41] Query 6 - iteration 17 finished
[2024-04-22 14:59:52] Query 6 - iteration 18 started
[2024-04-22 15:00:12] Query 6 - iteration 18 finished
[2024-04-22 15:00:24] Query 6 - iteration 19 started
[2024-04-22 15:00:45] Query 6 - iteration 19 finished
[2024-04-22 15:00:56] Query 6 - iteration 20 started
[2024-04-22 15:01:17] Query 6 - iteration 20 finished
[2024-04-22 15:01:28] Query 7 - iteration 1 started
[2024-04-22 15:01:54] Query 7 - iteration 1 finished
[2024-04-22 15:01:55] Query 7 - iteration 2 started
[2024-04-22 15:02:18] Query 7 - iteration 2 finished
[2024-04-22 15:02:19] Query 7 - iteration 3 started
[2024-04-22 15:02:42] Query 7 - iteration 3 finished
[2024-04-22 15:02:42] Query 7 - iteration 4 started
[2024-04-22 15:03:04] Query 7 - iteration 4 finished
[2024-04-22 15:03:05] Query 7 - iteration 5 started
[2024-04-22 15:03:27] Query 7 - iteration 5 finished
[2024-04-22 15:03:28] Query 7 - iteration 6 started
[2024-04-22 15:03:50] Query 7 - iteration 6 finished
[2024-04-22 15:03:51] Query 7 - iteration 7 started
[2024-04-22 15:04:13] Query 7 - iteration 7 finished
[2024-04-22 15:04:13] Query 7 - iteration 8 started
[2024-04-22 15:04:37] Query 7 - iteration 8 finished
[2024-04-22 15:04:37] Query 7 - iteration 9 started
[2024-04-22 15:04:59] Query 7 - iteration 9 finished
[2024-04-22 15:05:00] Query 7 - iteration 10 started
[2024-04-22 15:05:23] Query 7 - iteration 10 finished
[2024-04-22 15:05:24] Query 7 - iteration 11 started
[2024-04-22 15:05:46] Query 7 - iteration 11 finished
[2024-04-22 15:05:47] Query 7 - iteration 12 started
[2024-04-22 15:06:09] Query 7 - iteration 12 finished
[2024-04-22 15:06:09] Query 7 - iteration 13 started
[2024-04-22 15:06:32] Query 7 - iteration 13 finished
[2024-04-22 15:06:33] Query 7 - iteration 14 started
[2024-04-22 15:06:55] Query 7 - iteration 14 finished
[2024-04-22 15:06:56] Query 7 - iteration 15 started
[2024-04-22 15:07:17] Query 7 - iteration 15 finished
[2024-04-22 15:07:18] Query 7 - iteration 16 started
[2024-04-22 15:07:41] Query 7 - iteration 16 finished
[2024-04-22 15:07:41] Query 7 - iteration 17 started
[2024-04-22 15:08:03] Query 7 - iteration 17 finished
[2024-04-22 15:08:04] Query 7 - iteration 18 started
[2024-04-22 15:08:26] Query 7 - iteration 18 finished
[2024-04-22 15:08:27] Query 7 - iteration 19 started
[2024-04-22 15:08:49] Query 7 - iteration 19 finished
[2024-04-22 15:08:50] Query 7 - iteration 20 started
[2024-04-22 15:09:12] Query 7 - iteration 20 finished
[2024-04-22 15:09:13] Query 8 - iteration 1 started
[2024-04-22 15:09:15] Query 8 - iteration 1 finished
[2024-04-22 15:09:15] Query 8 - iteration 2 started
[2024-04-22 15:09:17] Query 8 - iteration 2 finished
[2024-04-22 15:09:17] Query 8 - iteration 3 started
[2024-04-22 15:09:19] Query 8 - iteration 3 finished
[2024-04-22 15:09:19] Query 8 - iteration 4 started
[2024-04-22 15:09:22] Query 8 - iteration 4 finished
[2024-04-22 15:09:22] Query 8 - iteration 5 started
[2024-04-22 15:09:24] Query 8 - iteration 5 finished
[2024-04-22 15:09:24] Query 8 - iteration 6 started
[2024-04-22 15:09:26] Query 8 - iteration 6 finished
[2024-04-22 15:09:26] Query 8 - iteration 7 started
[2024-04-22 15:09:29] Query 8 - iteration 7 finished
[2024-04-22 15:09:29] Query 8 - iteration 8 started
[2024-04-22 15:09:31] Query 8 - iteration 8 finished
[2024-04-22 15:09:31] Query 8 - iteration 9 started
[2024-04-22 15:09:34] Query 8 - iteration 9 finished
[2024-04-22 15:09:34] Query 8 - iteration 10 started
[2024-04-22 15:09:36] Query 8 - iteration 10 finished
[2024-04-22 15:09:36] Query 8 - iteration 11 started
[2024-04-22 15:09:38] Query 8 - iteration 11 finished
[2024-04-22 15:09:38] Query 8 - iteration 12 started
[2024-04-22 15:09:41] Query 8 - iteration 12 finished
[2024-04-22 15:09:41] Query 8 - iteration 13 started
[2024-04-22 15:09:43] Query 8 - iteration 13 finished
[2024-04-22 15:09:43] Query 8 - iteration 14 started
[2024-04-22 15:09:46] Query 8 - iteration 14 finished
[2024-04-22 15:09:46] Query 8 - iteration 15 started
[2024-04-22 15:09:48] Query 8 - iteration 15 finished
[2024-04-22 15:09:48] Query 8 - iteration 16 started
[2024-04-22 15:09:50] Query 8 - iteration 16 finished
[2024-04-22 15:09:50] Query 8 - iteration 17 started
[2024-04-22 15:09:53] Query 8 - iteration 17 finished
[2024-04-22 15:09:53] Query 8 - iteration 18 started
[2024-04-22 15:09:55] Query 8 - iteration 18 finished
[2024-04-22 15:09:55] Query 8 - iteration 19 started
[2024-04-22 15:09:58] Query 8 - iteration 19 finished
[2024-04-22 15:09:58] Query 8 - iteration 20 started
[2024-04-22 15:10:00] Query 8 - iteration 20 finished
[2024-04-22 15:10:00] Query 9-1 - iteration 1 started
[2024-04-22 15:10:04] Query 9-1 - iteration 1 finished
[2024-04-22 15:10:07] Query 9-1 - iteration 2 started
[2024-04-22 15:10:10] Query 9-1 - iteration 2 finished
[2024-04-22 15:10:13] Query 9-1 - iteration 3 started
[2024-04-22 15:10:17] Query 9-1 - iteration 3 finished
[2024-04-22 15:10:20] Query 9-1 - iteration 4 started
[2024-04-22 15:10:24] Query 9-1 - iteration 4 finished
[2024-04-22 15:10:27] Query 9-1 - iteration 5 started
[2024-04-22 15:10:31] Query 9-1 - iteration 5 finished
[2024-04-22 15:10:34] Query 9-1 - iteration 6 started
[2024-04-22 15:10:37] Query 9-1 - iteration 6 finished
[2024-04-22 15:10:40] Query 9-1 - iteration 7 started
[2024-04-22 15:10:43] Query 9-1 - iteration 7 finished
[2024-04-22 15:10:46] Query 9-1 - iteration 8 started
[2024-04-22 15:10:49] Query 9-1 - iteration 8 finished
[2024-04-22 15:10:52] Query 9-1 - iteration 9 started
[2024-04-22 15:10:55] Query 9-1 - iteration 9 finished
[2024-04-22 15:10:58] Query 9-1 - iteration 10 started
[2024-04-22 15:11:01] Query 9-1 - iteration 10 finished
[2024-04-22 15:11:04] Query 9-1 - iteration 11 started
[2024-04-22 15:11:06] Query 9-1 - iteration 11 finished
[2024-04-22 15:11:09] Query 9-1 - iteration 12 started
[2024-04-22 15:11:12] Query 9-1 - iteration 12 finished
[2024-04-22 15:11:14] Query 9-1 - iteration 13 started
[2024-04-22 15:11:17] Query 9-1 - iteration 13 finished
[2024-04-22 15:11:20] Query 9-1 - iteration 14 started
[2024-04-22 15:11:24] Query 9-1 - iteration 14 finished
[2024-04-22 15:11:26] Query 9-1 - iteration 15 started
[2024-04-22 15:11:30] Query 9-1 - iteration 15 finished
[2024-04-22 15:11:33] Query 9-1 - iteration 16 started
[2024-04-22 15:11:36] Query 9-1 - iteration 16 finished
[2024-04-22 15:11:39] Query 9-1 - iteration 17 started
[2024-04-22 15:11:41] Query 9-1 - iteration 17 finished
[2024-04-22 15:11:44] Query 9-1 - iteration 18 started
[2024-04-22 15:11:48] Query 9-1 - iteration 18 finished
[2024-04-22 15:11:51] Query 9-1 - iteration 19 started
[2024-04-22 15:11:54] Query 9-1 - iteration 19 finished
[2024-04-22 15:11:57] Query 9-1 - iteration 20 started
[2024-04-22 15:12:00] Query 9-1 - iteration 20 finished
[2024-04-22 15:12:03] Query 9-2 - iteration 1 started
[2024-04-22 15:12:05] Query 9-2 - iteration 1 finished
[2024-04-22 15:12:08] Query 9-2 - iteration 2 started
[2024-04-22 15:12:10] Query 9-2 - iteration 2 finished
[2024-04-22 15:12:13] Query 9-2 - iteration 3 started
[2024-04-22 15:12:15] Query 9-2 - iteration 3 finished
[2024-04-22 15:12:18] Query 9-2 - iteration 4 started
[2024-04-22 15:12:20] Query 9-2 - iteration 4 finished
[2024-04-22 15:12:23] Query 9-2 - iteration 5 started
[2024-04-22 15:12:25] Query 9-2 - iteration 5 finished
[2024-04-22 15:12:27] Query 9-2 - iteration 6 started
[2024-04-22 15:12:29] Query 9-2 - iteration 6 finished
[2024-04-22 15:12:32] Query 9-2 - iteration 7 started
[2024-04-22 15:12:34] Query 9-2 - iteration 7 finished
[2024-04-22 15:12:37] Query 9-2 - iteration 8 started
[2024-04-22 15:12:39] Query 9-2 - iteration 8 finished
[2024-04-22 15:12:42] Query 9-2 - iteration 9 started
[2024-04-22 15:12:44] Query 9-2 - iteration 9 finished
[2024-04-22 15:12:47] Query 9-2 - iteration 10 started
[2024-04-22 15:12:49] Query 9-2 - iteration 10 finished
[2024-04-22 15:12:52] Query 9-2 - iteration 11 started
[2024-04-22 15:12:54] Query 9-2 - iteration 11 finished
[2024-04-22 15:12:56] Query 9-2 - iteration 12 started
[2024-04-22 15:12:58] Query 9-2 - iteration 12 finished
[2024-04-22 15:13:01] Query 9-2 - iteration 13 started
[2024-04-22 15:13:03] Query 9-2 - iteration 13 finished
[2024-04-22 15:13:06] Query 9-2 - iteration 14 started
[2024-04-22 15:13:08] Query 9-2 - iteration 14 finished
[2024-04-22 15:13:11] Query 9-2 - iteration 15 started
[2024-04-22 15:13:13] Query 9-2 - iteration 15 finished
[2024-04-22 15:13:15] Query 9-2 - iteration 16 started
[2024-04-22 15:13:17] Query 9-2 - iteration 16 finished
[2024-04-22 15:13:20] Query 9-2 - iteration 17 started
[2024-04-22 15:13:23] Query 9-2 - iteration 17 finished
[2024-04-22 15:13:25] Query 9-2 - iteration 18 started
[2024-04-22 15:13:28] Query 9-2 - iteration 18 finished
[2024-04-22 15:13:31] Query 9-2 - iteration 19 started
[2024-04-22 15:13:33] Query 9-2 - iteration 19 finished
[2024-04-22 15:13:36] Query 9-2 - iteration 20 started
[2024-04-22 15:13:38] Query 9-2 - iteration 20 finished
[2024-04-22 15:13:40] Query testing finished
