[2024-03-28 15:14:20] Setting up profiling
mysql: [Warning] Using a password on the command line interface can be insecure.
[2024-03-28 15:14:20] Finished setting up profiling
[2024-03-28 15:14:20] Query testing started
[2024-03-28 15:14:20] Query 1-1 - iteration 1 started
[2024-03-28 15:14:21] Query 1-1 - iteration 1 finished
[2024-03-28 15:14:21] Query 1-1 - iteration 2 started
[2024-03-28 15:14:21] Query 1-1 - iteration 2 finished
[2024-03-28 15:14:21] Query 1-1 - iteration 3 started
[2024-03-28 15:14:21] Query 1-1 - iteration 3 finished
[2024-03-28 15:14:21] Query 1-1 - iteration 4 started
[2024-03-28 15:14:22] Query 1-1 - iteration 4 finished
[2024-03-28 15:14:22] Query 1-1 - iteration 5 started
[2024-03-28 15:14:22] Query 1-1 - iteration 5 finished
[2024-03-28 15:14:22] Query 1-1 - iteration 6 started
[2024-03-28 15:14:22] Query 1-1 - iteration 6 finished
[2024-03-28 15:14:22] Query 1-1 - iteration 7 started
[2024-03-28 15:14:23] Query 1-1 - iteration 7 finished
[2024-03-28 15:14:23] Query 1-1 - iteration 8 started
[2024-03-28 15:14:23] Query 1-1 - iteration 8 finished
[2024-03-28 15:14:23] Query 1-1 - iteration 9 started
[2024-03-28 15:14:23] Query 1-1 - iteration 9 finished
[2024-03-28 15:14:23] Query 1-1 - iteration 10 started
[2024-03-28 15:14:24] Query 1-1 - iteration 10 finished
[2024-03-28 15:14:24] Query 1-1 - iteration 11 started
[2024-03-28 15:14:24] Query 1-1 - iteration 11 finished
[2024-03-28 15:14:24] Query 1-1 - iteration 12 started
[2024-03-28 15:14:24] Query 1-1 - iteration 12 finished
[2024-03-28 15:14:24] Query 1-1 - iteration 13 started
[2024-03-28 15:14:25] Query 1-1 - iteration 13 finished
[2024-03-28 15:14:25] Query 1-1 - iteration 14 started
[2024-03-28 15:14:25] Query 1-1 - iteration 14 finished
[2024-03-28 15:14:25] Query 1-1 - iteration 15 started
[2024-03-28 15:14:25] Query 1-1 - iteration 15 finished
[2024-03-28 15:14:25] Query 1-1 - iteration 16 started
[2024-03-28 15:14:26] Query 1-1 - iteration 16 finished
[2024-03-28 15:14:26] Query 1-1 - iteration 17 started
[2024-03-28 15:14:26] Query 1-1 - iteration 17 finished
[2024-03-28 15:14:26] Query 1-1 - iteration 18 started
[2024-03-28 15:14:26] Query 1-1 - iteration 18 finished
[2024-03-28 15:14:26] Query 1-1 - iteration 19 started
[2024-03-28 15:14:27] Query 1-1 - iteration 19 finished
[2024-03-28 15:14:27] Query 1-1 - iteration 20 started
[2024-03-28 15:14:27] Query 1-1 - iteration 20 finished
[2024-03-28 15:14:27] Query 1-2 - iteration 1 started
[2024-03-28 15:14:28] Query 1-2 - iteration 1 finished
[2024-03-28 15:14:28] Query 1-2 - iteration 2 started
[2024-03-28 15:14:28] Query 1-2 - iteration 2 finished
[2024-03-28 15:14:28] Query 1-2 - iteration 3 started
[2024-03-28 15:14:29] Query 1-2 - iteration 3 finished
[2024-03-28 15:14:29] Query 1-2 - iteration 4 started
[2024-03-28 15:14:29] Query 1-2 - iteration 4 finished
[2024-03-28 15:14:29] Query 1-2 - iteration 5 started
[2024-03-28 15:14:30] Query 1-2 - iteration 5 finished
[2024-03-28 15:14:30] Query 1-2 - iteration 6 started
[2024-03-28 15:14:31] Query 1-2 - iteration 6 finished
[2024-03-28 15:14:31] Query 1-2 - iteration 7 started
[2024-03-28 15:14:31] Query 1-2 - iteration 7 finished
[2024-03-28 15:14:31] Query 1-2 - iteration 8 started
[2024-03-28 15:14:32] Query 1-2 - iteration 8 finished
[2024-03-28 15:14:32] Query 1-2 - iteration 9 started
[2024-03-28 15:14:32] Query 1-2 - iteration 9 finished
[2024-03-28 15:14:32] Query 1-2 - iteration 10 started
[2024-03-28 15:14:33] Query 1-2 - iteration 10 finished
[2024-03-28 15:14:33] Query 1-2 - iteration 11 started
[2024-03-28 15:14:34] Query 1-2 - iteration 11 finished
[2024-03-28 15:14:34] Query 1-2 - iteration 12 started
[2024-03-28 15:14:34] Query 1-2 - iteration 12 finished
[2024-03-28 15:14:34] Query 1-2 - iteration 13 started
[2024-03-28 15:14:35] Query 1-2 - iteration 13 finished
[2024-03-28 15:14:35] Query 1-2 - iteration 14 started
[2024-03-28 15:14:36] Query 1-2 - iteration 14 finished
[2024-03-28 15:14:36] Query 1-2 - iteration 15 started
[2024-03-28 15:14:36] Query 1-2 - iteration 15 finished
[2024-03-28 15:14:36] Query 1-2 - iteration 16 started
[2024-03-28 15:14:37] Query 1-2 - iteration 16 finished
[2024-03-28 15:14:37] Query 1-2 - iteration 17 started
[2024-03-28 15:14:37] Query 1-2 - iteration 17 finished
[2024-03-28 15:14:37] Query 1-2 - iteration 18 started
[2024-03-28 15:14:38] Query 1-2 - iteration 18 finished
[2024-03-28 15:14:38] Query 1-2 - iteration 19 started
[2024-03-28 15:14:39] Query 1-2 - iteration 19 finished
[2024-03-28 15:14:39] Query 1-2 - iteration 20 started
[2024-03-28 15:14:39] Query 1-2 - iteration 20 finished
[2024-03-28 15:14:39] Query 1-3 - iteration 1 started
[2024-03-28 15:14:39] Query 1-3 - iteration 1 finished
[2024-03-28 15:14:39] Query 1-3 - iteration 2 started
[2024-03-28 15:14:39] Query 1-3 - iteration 2 finished
[2024-03-28 15:14:39] Query 1-3 - iteration 3 started
[2024-03-28 15:14:39] Query 1-3 - iteration 3 finished
[2024-03-28 15:14:39] Query 1-3 - iteration 4 started
[2024-03-28 15:14:39] Query 1-3 - iteration 4 finished
[2024-03-28 15:14:39] Query 1-3 - iteration 5 started
[2024-03-28 15:14:39] Query 1-3 - iteration 5 finished
[2024-03-28 15:14:40] Query 1-3 - iteration 6 started
[2024-03-28 15:14:40] Query 1-3 - iteration 6 finished
[2024-03-28 15:14:40] Query 1-3 - iteration 7 started
[2024-03-28 15:14:40] Query 1-3 - iteration 7 finished
[2024-03-28 15:14:40] Query 1-3 - iteration 8 started
[2024-03-28 15:14:40] Query 1-3 - iteration 8 finished
[2024-03-28 15:14:40] Query 1-3 - iteration 9 started
[2024-03-28 15:14:40] Query 1-3 - iteration 9 finished
[2024-03-28 15:14:40] Query 1-3 - iteration 10 started
[2024-03-28 15:14:40] Query 1-3 - iteration 10 finished
[2024-03-28 15:14:40] Query 1-3 - iteration 11 started
[2024-03-28 15:14:40] Query 1-3 - iteration 11 finished
[2024-03-28 15:14:40] Query 1-3 - iteration 12 started
[2024-03-28 15:14:40] Query 1-3 - iteration 12 finished
[2024-03-28 15:14:40] Query 1-3 - iteration 13 started
[2024-03-28 15:14:40] Query 1-3 - iteration 13 finished
[2024-03-28 15:14:40] Query 1-3 - iteration 14 started
[2024-03-28 15:14:40] Query 1-3 - iteration 14 finished
[2024-03-28 15:14:40] Query 1-3 - iteration 15 started
[2024-03-28 15:14:40] Query 1-3 - iteration 15 finished
[2024-03-28 15:14:40] Query 1-3 - iteration 16 started
[2024-03-28 15:14:40] Query 1-3 - iteration 16 finished
[2024-03-28 15:14:40] Query 1-3 - iteration 17 started
[2024-03-28 15:14:40] Query 1-3 - iteration 17 finished
[2024-03-28 15:14:40] Query 1-3 - iteration 18 started
[2024-03-28 15:14:40] Query 1-3 - iteration 18 finished
[2024-03-28 15:14:40] Query 1-3 - iteration 19 started
[2024-03-28 15:14:40] Query 1-3 - iteration 19 finished
[2024-03-28 15:14:40] Query 1-3 - iteration 20 started
[2024-03-28 15:14:40] Query 1-3 - iteration 20 finished
[2024-03-28 15:14:40] Query 1-4 - iteration 1 started
[2024-03-28 15:14:42] Query 1-4 - iteration 1 finished
[2024-03-28 15:14:42] Query 1-4 - iteration 2 started
[2024-03-28 15:14:43] Query 1-4 - iteration 2 finished
[2024-03-28 15:14:43] Query 1-4 - iteration 3 started
[2024-03-28 15:14:43] Query 1-4 - iteration 3 finished
[2024-03-28 15:14:43] Query 1-4 - iteration 4 started
[2024-03-28 15:14:44] Query 1-4 - iteration 4 finished
[2024-03-28 15:14:44] Query 1-4 - iteration 5 started
[2024-03-28 15:14:45] Query 1-4 - iteration 5 finished
[2024-03-28 15:14:45] Query 1-4 - iteration 6 started
[2024-03-28 15:14:45] Query 1-4 - iteration 6 finished
[2024-03-28 15:14:45] Query 1-4 - iteration 7 started
[2024-03-28 15:14:46] Query 1-4 - iteration 7 finished
[2024-03-28 15:14:46] Query 1-4 - iteration 8 started
[2024-03-28 15:14:46] Query 1-4 - iteration 8 finished
[2024-03-28 15:14:46] Query 1-4 - iteration 9 started
[2024-03-28 15:14:47] Query 1-4 - iteration 9 finished
[2024-03-28 15:14:47] Query 1-4 - iteration 10 started
[2024-03-28 15:14:47] Query 1-4 - iteration 10 finished
[2024-03-28 15:14:47] Query 1-4 - iteration 11 started
[2024-03-28 15:14:48] Query 1-4 - iteration 11 finished
[2024-03-28 15:14:48] Query 1-4 - iteration 12 started
[2024-03-28 15:14:49] Query 1-4 - iteration 12 finished
[2024-03-28 15:14:49] Query 1-4 - iteration 13 started
[2024-03-28 15:14:49] Query 1-4 - iteration 13 finished
[2024-03-28 15:14:49] Query 1-4 - iteration 14 started
[2024-03-28 15:14:50] Query 1-4 - iteration 14 finished
[2024-03-28 15:14:50] Query 1-4 - iteration 15 started
[2024-03-28 15:14:50] Query 1-4 - iteration 15 finished
[2024-03-28 15:14:50] Query 1-4 - iteration 16 started
[2024-03-28 15:14:51] Query 1-4 - iteration 16 finished
[2024-03-28 15:14:51] Query 1-4 - iteration 17 started
[2024-03-28 15:14:52] Query 1-4 - iteration 17 finished
[2024-03-28 15:14:52] Query 1-4 - iteration 18 started
[2024-03-28 15:14:52] Query 1-4 - iteration 18 finished
[2024-03-28 15:14:52] Query 1-4 - iteration 19 started
[2024-03-28 15:14:53] Query 1-4 - iteration 19 finished
[2024-03-28 15:14:53] Query 1-4 - iteration 20 started
[2024-03-28 15:14:53] Query 1-4 - iteration 20 finished
[2024-03-28 15:14:53] Query 10 - iteration 1 started
[2024-03-28 15:14:57] Query 10 - iteration 1 finished
[2024-03-28 15:14:57] Query 10 - iteration 2 started
[2024-03-28 15:14:59] Query 10 - iteration 2 finished
[2024-03-28 15:14:59] Query 10 - iteration 3 started
[2024-03-28 15:15:02] Query 10 - iteration 3 finished
[2024-03-28 15:15:02] Query 10 - iteration 4 started
[2024-03-28 15:15:06] Query 10 - iteration 4 finished
[2024-03-28 15:15:06] Query 10 - iteration 5 started
[2024-03-28 15:15:09] Query 10 - iteration 5 finished
[2024-03-28 15:15:09] Query 10 - iteration 6 started
[2024-03-28 15:15:12] Query 10 - iteration 6 finished
[2024-03-28 15:15:12] Query 10 - iteration 7 started
[2024-03-28 15:15:15] Query 10 - iteration 7 finished
[2024-03-28 15:15:15] Query 10 - iteration 8 started
[2024-03-28 15:15:18] Query 10 - iteration 8 finished
[2024-03-28 15:15:18] Query 10 - iteration 9 started
[2024-03-28 15:15:21] Query 10 - iteration 9 finished
[2024-03-28 15:15:21] Query 10 - iteration 10 started
[2024-03-28 15:15:24] Query 10 - iteration 10 finished
[2024-03-28 15:15:24] Query 10 - iteration 11 started
[2024-03-28 15:15:27] Query 10 - iteration 11 finished
[2024-03-28 15:15:27] Query 10 - iteration 12 started
[2024-03-28 15:15:30] Query 10 - iteration 12 finished
[2024-03-28 15:15:30] Query 10 - iteration 13 started
[2024-03-28 15:15:33] Query 10 - iteration 13 finished
[2024-03-28 15:15:33] Query 10 - iteration 14 started
[2024-03-28 15:15:36] Query 10 - iteration 14 finished
[2024-03-28 15:15:36] Query 10 - iteration 15 started
[2024-03-28 15:15:39] Query 10 - iteration 15 finished
[2024-03-28 15:15:39] Query 10 - iteration 16 started
[2024-03-28 15:15:41] Query 10 - iteration 16 finished
[2024-03-28 15:15:41] Query 10 - iteration 17 started
[2024-03-28 15:15:44] Query 10 - iteration 17 finished
[2024-03-28 15:15:44] Query 10 - iteration 18 started
[2024-03-28 15:15:46] Query 10 - iteration 18 finished
[2024-03-28 15:15:46] Query 10 - iteration 19 started
[2024-03-28 15:15:49] Query 10 - iteration 19 finished
[2024-03-28 15:15:49] Query 10 - iteration 20 started
[2024-03-28 15:15:51] Query 10 - iteration 20 finished
[2024-03-28 15:15:51] Query 11 - iteration 1 started
[2024-03-28 15:15:53] Query 11 - iteration 1 finished
[2024-03-28 15:15:53] Query 11 - iteration 2 started
[2024-03-28 15:15:54] Query 11 - iteration 2 finished
[2024-03-28 15:15:54] Query 11 - iteration 3 started
[2024-03-28 15:15:55] Query 11 - iteration 3 finished
[2024-03-28 15:15:55] Query 11 - iteration 4 started
[2024-03-28 15:15:56] Query 11 - iteration 4 finished
[2024-03-28 15:15:56] Query 11 - iteration 5 started
[2024-03-28 15:15:57] Query 11 - iteration 5 finished
[2024-03-28 15:15:57] Query 11 - iteration 6 started
[2024-03-28 15:15:58] Query 11 - iteration 6 finished
[2024-03-28 15:15:58] Query 11 - iteration 7 started
[2024-03-28 15:15:59] Query 11 - iteration 7 finished
[2024-03-28 15:15:59] Query 11 - iteration 8 started
[2024-03-28 15:16:01] Query 11 - iteration 8 finished
[2024-03-28 15:16:01] Query 11 - iteration 9 started
[2024-03-28 15:16:02] Query 11 - iteration 9 finished
[2024-03-28 15:16:02] Query 11 - iteration 10 started
[2024-03-28 15:16:03] Query 11 - iteration 10 finished
[2024-03-28 15:16:03] Query 11 - iteration 11 started
[2024-03-28 15:16:04] Query 11 - iteration 11 finished
[2024-03-28 15:16:04] Query 11 - iteration 12 started
[2024-03-28 15:16:05] Query 11 - iteration 12 finished
[2024-03-28 15:16:05] Query 11 - iteration 13 started
[2024-03-28 15:16:06] Query 11 - iteration 13 finished
[2024-03-28 15:16:06] Query 11 - iteration 14 started
[2024-03-28 15:16:07] Query 11 - iteration 14 finished
[2024-03-28 15:16:07] Query 11 - iteration 15 started
[2024-03-28 15:16:08] Query 11 - iteration 15 finished
[2024-03-28 15:16:08] Query 11 - iteration 16 started
[2024-03-28 15:16:09] Query 11 - iteration 16 finished
[2024-03-28 15:16:09] Query 11 - iteration 17 started
[2024-03-28 15:16:10] Query 11 - iteration 17 finished
[2024-03-28 15:16:10] Query 11 - iteration 18 started
[2024-03-28 15:16:12] Query 11 - iteration 18 finished
[2024-03-28 15:16:12] Query 11 - iteration 19 started
[2024-03-28 15:16:13] Query 11 - iteration 19 finished
[2024-03-28 15:16:13] Query 11 - iteration 20 started
[2024-03-28 15:16:14] Query 11 - iteration 20 finished
[2024-03-28 15:16:14] Query 2-1 - iteration 1 started
[2024-03-28 15:16:15] Query 2-1 - iteration 1 finished
[2024-03-28 15:16:15] Query 2-1 - iteration 2 started
[2024-03-28 15:16:15] Query 2-1 - iteration 2 finished
[2024-03-28 15:16:16] Query 2-1 - iteration 3 started
[2024-03-28 15:16:16] Query 2-1 - iteration 3 finished
[2024-03-28 15:16:16] Query 2-1 - iteration 4 started
[2024-03-28 15:16:17] Query 2-1 - iteration 4 finished
[2024-03-28 15:16:17] Query 2-1 - iteration 5 started
[2024-03-28 15:16:18] Query 2-1 - iteration 5 finished
[2024-03-28 15:16:18] Query 2-1 - iteration 6 started
[2024-03-28 15:16:19] Query 2-1 - iteration 6 finished
[2024-03-28 15:16:19] Query 2-1 - iteration 7 started
[2024-03-28 15:16:20] Query 2-1 - iteration 7 finished
[2024-03-28 15:16:20] Query 2-1 - iteration 8 started
[2024-03-28 15:16:20] Query 2-1 - iteration 8 finished
[2024-03-28 15:16:20] Query 2-1 - iteration 9 started
[2024-03-28 15:16:21] Query 2-1 - iteration 9 finished
[2024-03-28 15:16:21] Query 2-1 - iteration 10 started
[2024-03-28 15:16:22] Query 2-1 - iteration 10 finished
[2024-03-28 15:16:22] Query 2-1 - iteration 11 started
[2024-03-28 15:16:23] Query 2-1 - iteration 11 finished
[2024-03-28 15:16:23] Query 2-1 - iteration 12 started
[2024-03-28 15:16:24] Query 2-1 - iteration 12 finished
[2024-03-28 15:16:24] Query 2-1 - iteration 13 started
[2024-03-28 15:16:25] Query 2-1 - iteration 13 finished
[2024-03-28 15:16:25] Query 2-1 - iteration 14 started
[2024-03-28 15:16:26] Query 2-1 - iteration 14 finished
[2024-03-28 15:16:26] Query 2-1 - iteration 15 started
[2024-03-28 15:16:27] Query 2-1 - iteration 15 finished
[2024-03-28 15:16:27] Query 2-1 - iteration 16 started
[2024-03-28 15:16:27] Query 2-1 - iteration 16 finished
[2024-03-28 15:16:27] Query 2-1 - iteration 17 started
[2024-03-28 15:16:28] Query 2-1 - iteration 17 finished
[2024-03-28 15:16:28] Query 2-1 - iteration 18 started
[2024-03-28 15:16:29] Query 2-1 - iteration 18 finished
[2024-03-28 15:16:29] Query 2-1 - iteration 19 started
[2024-03-28 15:16:30] Query 2-1 - iteration 19 finished
[2024-03-28 15:16:30] Query 2-1 - iteration 20 started
[2024-03-28 15:16:31] Query 2-1 - iteration 20 finished
[2024-03-28 15:16:31] Query 2-2 - iteration 1 started
[2024-03-28 15:16:32] Query 2-2 - iteration 1 finished
[2024-03-28 15:16:32] Query 2-2 - iteration 2 started
[2024-03-28 15:16:33] Query 2-2 - iteration 2 finished
[2024-03-28 15:16:33] Query 2-2 - iteration 3 started
[2024-03-28 15:16:33] Query 2-2 - iteration 3 finished
[2024-03-28 15:16:33] Query 2-2 - iteration 4 started
[2024-03-28 15:16:34] Query 2-2 - iteration 4 finished
[2024-03-28 15:16:34] Query 2-2 - iteration 5 started
[2024-03-28 15:16:35] Query 2-2 - iteration 5 finished
[2024-03-28 15:16:35] Query 2-2 - iteration 6 started
[2024-03-28 15:16:36] Query 2-2 - iteration 6 finished
[2024-03-28 15:16:36] Query 2-2 - iteration 7 started
[2024-03-28 15:16:37] Query 2-2 - iteration 7 finished
[2024-03-28 15:16:37] Query 2-2 - iteration 8 started
[2024-03-28 15:16:38] Query 2-2 - iteration 8 finished
[2024-03-28 15:16:38] Query 2-2 - iteration 9 started
[2024-03-28 15:16:39] Query 2-2 - iteration 9 finished
[2024-03-28 15:16:39] Query 2-2 - iteration 10 started
[2024-03-28 15:16:40] Query 2-2 - iteration 10 finished
[2024-03-28 15:16:40] Query 2-2 - iteration 11 started
[2024-03-28 15:16:40] Query 2-2 - iteration 11 finished
[2024-03-28 15:16:40] Query 2-2 - iteration 12 started
[2024-03-28 15:16:41] Query 2-2 - iteration 12 finished
[2024-03-28 15:16:41] Query 2-2 - iteration 13 started
[2024-03-28 15:16:42] Query 2-2 - iteration 13 finished
[2024-03-28 15:16:42] Query 2-2 - iteration 14 started
[2024-03-28 15:16:43] Query 2-2 - iteration 14 finished
[2024-03-28 15:16:43] Query 2-2 - iteration 15 started
[2024-03-28 15:16:44] Query 2-2 - iteration 15 finished
[2024-03-28 15:16:44] Query 2-2 - iteration 16 started
[2024-03-28 15:16:45] Query 2-2 - iteration 16 finished
[2024-03-28 15:16:45] Query 2-2 - iteration 17 started
[2024-03-28 15:16:46] Query 2-2 - iteration 17 finished
[2024-03-28 15:16:46] Query 2-2 - iteration 18 started
[2024-03-28 15:16:47] Query 2-2 - iteration 18 finished
[2024-03-28 15:16:47] Query 2-2 - iteration 19 started
[2024-03-28 15:16:48] Query 2-2 - iteration 19 finished
[2024-03-28 15:16:48] Query 2-2 - iteration 20 started
[2024-03-28 15:16:49] Query 2-2 - iteration 20 finished
[2024-03-28 15:16:49] Query 3-1 - iteration 1 started
[2024-03-28 15:19:29] Query 3-2 - iteration 1 started
[2024-03-28 15:19:45] Query 3-2 - iteration 1 finished
[2024-03-28 15:19:45] Query 3-2 - iteration 2 started
[2024-03-28 15:19:54] Query 3-2 - iteration 2 finished
[2024-03-28 15:19:54] Query 3-2 - iteration 3 started
[2024-03-28 15:20:01] Query 3-2 - iteration 3 finished
[2024-03-28 15:20:01] Query 3-2 - iteration 4 started
[2024-03-28 15:20:09] Query 3-2 - iteration 4 finished
[2024-03-28 15:20:09] Query 3-2 - iteration 5 started
[2024-03-28 15:20:17] Query 3-2 - iteration 5 finished
[2024-03-28 15:20:17] Query 3-2 - iteration 6 started
[2024-03-28 15:20:26] Query 3-2 - iteration 6 finished
[2024-03-28 15:20:26] Query 3-2 - iteration 7 started
[2024-03-28 15:20:34] Query 3-2 - iteration 7 finished
[2024-03-28 15:20:34] Query 3-2 - iteration 8 started
[2024-03-28 15:20:41] Query 3-2 - iteration 8 finished
[2024-03-28 15:20:41] Query 3-2 - iteration 9 started
[2024-03-28 15:20:49] Query 3-2 - iteration 9 finished
[2024-03-28 15:20:49] Query 3-2 - iteration 10 started
[2024-03-28 15:20:57] Query 3-2 - iteration 10 finished
[2024-03-28 15:20:57] Query 3-2 - iteration 11 started
[2024-03-28 15:21:05] Query 3-2 - iteration 11 finished
[2024-03-28 15:21:05] Query 3-2 - iteration 12 started
[2024-03-28 15:21:14] Query 3-2 - iteration 12 finished
[2024-03-28 15:21:14] Query 3-2 - iteration 13 started
[2024-03-28 15:21:22] Query 3-2 - iteration 13 finished
[2024-03-28 15:21:22] Query 3-2 - iteration 14 started
[2024-03-28 15:21:30] Query 3-2 - iteration 14 finished
[2024-03-28 15:21:30] Query 3-2 - iteration 15 started
[2024-03-28 15:21:38] Query 3-2 - iteration 15 finished
[2024-03-28 15:21:38] Query 3-2 - iteration 16 started
[2024-03-28 15:21:46] Query 3-2 - iteration 16 finished
[2024-03-28 15:21:46] Query 3-2 - iteration 17 started
[2024-03-28 15:21:54] Query 3-2 - iteration 17 finished
[2024-03-28 15:21:54] Query 3-2 - iteration 18 started
[2024-03-28 15:22:01] Query 3-2 - iteration 18 finished
[2024-03-28 15:22:02] Query 3-2 - iteration 19 started
[2024-03-28 15:22:09] Query 3-2 - iteration 19 finished
[2024-03-28 15:22:09] Query 3-2 - iteration 20 started
[2024-03-28 15:22:17] Query 3-2 - iteration 20 finished
[2024-03-28 15:22:17] Query 3-3 - iteration 1 started
[2024-03-28 15:22:46] Query 3-3 - iteration 1 finished
[2024-03-28 15:22:46] Query 3-3 - iteration 2 started
[2024-03-28 15:23:13] Query 3-3 - iteration 2 finished
[2024-03-28 15:23:13] Query 3-3 - iteration 3 started
[2024-03-28 15:23:40] Query 3-3 - iteration 3 finished
[2024-03-28 15:23:40] Query 3-3 - iteration 4 started
[2024-03-28 15:24:07] Query 3-3 - iteration 4 finished
[2024-03-28 15:24:07] Query 3-3 - iteration 5 started
[2024-03-28 15:24:34] Query 3-3 - iteration 5 finished
[2024-03-28 15:24:34] Query 3-3 - iteration 6 started
[2024-03-28 15:25:02] Query 3-3 - iteration 6 finished
[2024-03-28 15:25:03] Query 3-3 - iteration 7 started
[2024-03-28 15:25:31] Query 3-3 - iteration 7 finished
[2024-03-28 15:25:31] Query 3-3 - iteration 8 started
[2024-03-28 15:25:58] Query 3-3 - iteration 8 finished
[2024-03-28 15:25:58] Query 3-3 - iteration 9 started
[2024-03-28 15:26:26] Query 3-3 - iteration 9 finished
[2024-03-28 15:26:26] Query 3-3 - iteration 10 started
[2024-03-28 15:26:53] Query 3-3 - iteration 10 finished
[2024-03-28 15:26:53] Query 3-3 - iteration 11 started
[2024-03-28 15:27:20] Query 3-3 - iteration 11 finished
[2024-03-28 15:27:20] Query 3-3 - iteration 12 started
[2024-03-28 15:27:47] Query 3-3 - iteration 12 finished
[2024-03-28 15:27:47] Query 3-3 - iteration 13 started
[2024-03-28 15:28:15] Query 3-3 - iteration 13 finished
[2024-03-28 15:28:15] Query 3-3 - iteration 14 started
[2024-03-28 15:28:42] Query 3-3 - iteration 14 finished
[2024-03-28 15:28:42] Query 3-3 - iteration 15 started
[2024-03-28 15:29:09] Query 3-3 - iteration 15 finished
[2024-03-28 15:29:09] Query 3-3 - iteration 16 started
[2024-03-28 15:29:36] Query 3-3 - iteration 16 finished
[2024-03-28 15:29:36] Query 3-3 - iteration 17 started
[2024-03-28 15:30:03] Query 3-3 - iteration 17 finished
[2024-03-28 15:30:03] Query 3-3 - iteration 18 started
[2024-03-28 15:30:30] Query 3-3 - iteration 18 finished
[2024-03-28 15:30:30] Query 3-3 - iteration 19 started
[2024-03-28 15:30:58] Query 3-3 - iteration 19 finished
[2024-03-28 15:30:58] Query 3-3 - iteration 20 started
[2024-03-28 15:31:26] Query 3-3 - iteration 20 finished
[2024-03-28 15:31:26] Query 3-4 - iteration 1 started
[2024-03-28 15:31:31] Query 3-4 - iteration 1 finished
[2024-03-28 15:31:31] Query 3-4 - iteration 2 started
[2024-03-28 15:31:34] Query 3-4 - iteration 2 finished
[2024-03-28 15:31:34] Query 3-4 - iteration 3 started
[2024-03-28 15:31:37] Query 3-4 - iteration 3 finished
[2024-03-28 15:31:37] Query 3-4 - iteration 4 started
[2024-03-28 15:31:40] Query 3-4 - iteration 4 finished
[2024-03-28 15:31:40] Query 3-4 - iteration 5 started
[2024-03-28 15:31:44] Query 3-4 - iteration 5 finished
[2024-03-28 15:31:44] Query 3-4 - iteration 6 started
[2024-03-28 15:31:47] Query 3-4 - iteration 6 finished
[2024-03-28 15:31:47] Query 3-4 - iteration 7 started
[2024-03-28 15:31:50] Query 3-4 - iteration 7 finished
[2024-03-28 15:31:50] Query 3-4 - iteration 8 started
[2024-03-28 15:31:53] Query 3-4 - iteration 8 finished
[2024-03-28 15:31:53] Query 3-4 - iteration 9 started
[2024-03-28 15:31:57] Query 3-4 - iteration 9 finished
[2024-03-28 15:31:57] Query 3-4 - iteration 10 started
[2024-03-28 15:32:00] Query 3-4 - iteration 10 finished
[2024-03-28 15:32:00] Query 3-4 - iteration 11 started
[2024-03-28 15:32:04] Query 3-4 - iteration 11 finished
[2024-03-28 15:32:04] Query 3-4 - iteration 12 started
[2024-03-28 15:32:07] Query 3-4 - iteration 12 finished
[2024-03-28 15:32:07] Query 3-4 - iteration 13 started
[2024-03-28 15:32:11] Query 3-4 - iteration 13 finished
[2024-03-28 15:32:11] Query 3-4 - iteration 14 started
[2024-03-28 15:32:14] Query 3-4 - iteration 14 finished
[2024-03-28 15:32:14] Query 3-4 - iteration 15 started
[2024-03-28 15:32:18] Query 3-4 - iteration 15 finished
[2024-03-28 15:32:18] Query 3-4 - iteration 16 started
[2024-03-28 15:32:21] Query 3-4 - iteration 16 finished
[2024-03-28 15:32:22] Query 3-4 - iteration 17 started
[2024-03-28 15:32:25] Query 3-4 - iteration 17 finished
[2024-03-28 15:32:25] Query 3-4 - iteration 18 started
[2024-03-28 15:32:29] Query 3-4 - iteration 18 finished
[2024-03-28 15:32:29] Query 3-4 - iteration 19 started
[2024-03-28 15:32:33] Query 3-4 - iteration 19 finished
[2024-03-28 15:32:33] Query 3-4 - iteration 20 started
[2024-03-28 15:32:37] Query 3-4 - iteration 20 finished
[2024-03-28 15:32:37] Query 4-1 - iteration 1 started
ERROR 3024 (HY000) at line 6: Query execution was interrupted, maximum statement execution time exceeded
[2024-03-28 15:37:37] Query 4-2 - iteration 1 started
[2024-03-28 15:37:37] Query 4-2 - iteration 1 finished
[2024-03-28 15:37:37] Query 4-2 - iteration 2 started
[2024-03-28 15:37:37] Query 4-2 - iteration 2 finished
[2024-03-28 15:37:37] Query 4-2 - iteration 3 started
[2024-03-28 15:37:37] Query 4-2 - iteration 3 finished
[2024-03-28 15:37:37] Query 4-2 - iteration 4 started
[2024-03-28 15:37:37] Query 4-2 - iteration 4 finished
[2024-03-28 15:37:37] Query 4-2 - iteration 5 started
[2024-03-28 15:37:37] Query 4-2 - iteration 5 finished
[2024-03-28 15:37:37] Query 4-2 - iteration 6 started
[2024-03-28 15:37:37] Query 4-2 - iteration 6 finished
[2024-03-28 15:37:37] Query 4-2 - iteration 7 started
[2024-03-28 15:37:37] Query 4-2 - iteration 7 finished
[2024-03-28 15:37:37] Query 4-2 - iteration 8 started
[2024-03-28 15:37:37] Query 4-2 - iteration 8 finished
[2024-03-28 15:37:37] Query 4-2 - iteration 9 started
[2024-03-28 15:37:37] Query 4-2 - iteration 9 finished
[2024-03-28 15:37:37] Query 4-2 - iteration 10 started
[2024-03-28 15:37:37] Query 4-2 - iteration 10 finished
[2024-03-28 15:37:37] Query 4-2 - iteration 11 started
[2024-03-28 15:37:37] Query 4-2 - iteration 11 finished
[2024-03-28 15:37:37] Query 4-2 - iteration 12 started
[2024-03-28 15:37:38] Query 4-2 - iteration 12 finished
[2024-03-28 15:37:38] Query 4-2 - iteration 13 started
[2024-03-28 15:37:38] Query 4-2 - iteration 13 finished
[2024-03-28 15:37:38] Query 4-2 - iteration 14 started
[2024-03-28 15:37:38] Query 4-2 - iteration 14 finished
[2024-03-28 15:37:38] Query 4-2 - iteration 15 started
[2024-03-28 15:37:38] Query 4-2 - iteration 15 finished
[2024-03-28 15:37:38] Query 4-2 - iteration 16 started
[2024-03-28 15:37:38] Query 4-2 - iteration 16 finished
[2024-03-28 15:37:38] Query 4-2 - iteration 17 started
[2024-03-28 15:37:38] Query 4-2 - iteration 17 finished
[2024-03-28 15:37:38] Query 4-2 - iteration 18 started
[2024-03-28 15:37:38] Query 4-2 - iteration 18 finished
[2024-03-28 15:37:38] Query 4-2 - iteration 19 started
[2024-03-28 15:37:38] Query 4-2 - iteration 19 finished
[2024-03-28 15:37:38] Query 4-2 - iteration 20 started
[2024-03-28 15:37:38] Query 4-2 - iteration 20 finished
[2024-03-28 15:37:38] Query 5 - iteration 1 started
[2024-03-28 15:37:44] Query 5 - iteration 1 finished
[2024-03-28 15:37:44] Query 5 - iteration 2 started
[2024-03-28 15:37:50] Query 5 - iteration 2 finished
[2024-03-28 15:37:50] Query 5 - iteration 3 started
[2024-03-28 15:37:55] Query 5 - iteration 3 finished
[2024-03-28 15:37:55] Query 5 - iteration 4 started
[2024-03-28 15:38:02] Query 5 - iteration 4 finished
[2024-03-28 15:38:02] Query 5 - iteration 5 started
[2024-03-28 15:38:08] Query 5 - iteration 5 finished
[2024-03-28 15:38:08] Query 5 - iteration 6 started
[2024-03-28 15:38:15] Query 5 - iteration 6 finished
[2024-03-28 15:38:15] Query 5 - iteration 7 started
[2024-03-28 15:38:21] Query 5 - iteration 7 finished
[2024-03-28 15:38:21] Query 5 - iteration 8 started
[2024-03-28 15:38:28] Query 5 - iteration 8 finished
[2024-03-28 15:38:28] Query 5 - iteration 9 started
[2024-03-28 15:38:34] Query 5 - iteration 9 finished
[2024-03-28 15:38:34] Query 5 - iteration 10 started
[2024-03-28 15:38:40] Query 5 - iteration 10 finished
[2024-03-28 15:38:40] Query 5 - iteration 11 started
[2024-03-28 15:38:49] Query 5 - iteration 11 finished
[2024-03-28 15:38:49] Query 5 - iteration 12 started
[2024-03-28 15:38:57] Query 5 - iteration 12 finished
[2024-03-28 15:38:57] Query 5 - iteration 13 started
[2024-03-28 15:39:04] Query 5 - iteration 13 finished
[2024-03-28 15:39:04] Query 5 - iteration 14 started
[2024-03-28 15:39:09] Query 5 - iteration 14 finished
[2024-03-28 15:39:09] Query 5 - iteration 15 started
[2024-03-28 15:39:16] Query 5 - iteration 15 finished
[2024-03-28 15:39:16] Query 5 - iteration 16 started
[2024-03-28 15:39:22] Query 5 - iteration 16 finished
[2024-03-28 15:39:22] Query 5 - iteration 17 started
[2024-03-28 15:39:29] Query 5 - iteration 17 finished
[2024-03-28 15:39:29] Query 5 - iteration 18 started
[2024-03-28 15:39:34] Query 5 - iteration 18 finished
[2024-03-28 15:39:34] Query 5 - iteration 19 started
[2024-03-28 15:39:41] Query 5 - iteration 19 finished
[2024-03-28 15:39:41] Query 5 - iteration 20 started
[2024-03-28 15:39:47] Query 5 - iteration 20 finished
[2024-03-28 15:39:47] Query 6 - iteration 1 started
[2024-03-28 15:40:30] Query 6 - iteration 1 finished
[2024-03-28 15:40:30] Query 6 - iteration 2 started
[2024-03-28 15:41:10] Query 6 - iteration 2 finished
[2024-03-28 15:41:10] Query 6 - iteration 3 started
[2024-03-28 15:41:49] Query 6 - iteration 3 finished
[2024-03-28 15:41:49] Query 6 - iteration 4 started
[2024-03-28 15:42:30] Query 6 - iteration 4 finished
[2024-03-28 15:42:30] Query 6 - iteration 5 started
[2024-03-28 15:43:09] Query 6 - iteration 5 finished
[2024-03-28 15:43:09] Query 6 - iteration 6 started
[2024-03-28 15:43:48] Query 6 - iteration 6 finished
[2024-03-28 15:43:48] Query 6 - iteration 7 started
[2024-03-28 15:44:27] Query 6 - iteration 7 finished
[2024-03-28 15:44:27] Query 6 - iteration 8 started
[2024-03-28 15:45:06] Query 6 - iteration 8 finished
[2024-03-28 15:45:06] Query 6 - iteration 9 started
[2024-03-28 15:45:45] Query 6 - iteration 9 finished
[2024-03-28 15:45:45] Query 6 - iteration 10 started
[2024-03-28 15:46:25] Query 6 - iteration 10 finished
[2024-03-28 15:46:25] Query 6 - iteration 11 started
[2024-03-28 15:47:04] Query 6 - iteration 11 finished
[2024-03-28 15:47:04] Query 6 - iteration 12 started
[2024-03-28 15:47:45] Query 6 - iteration 12 finished
[2024-03-28 15:47:45] Query 6 - iteration 13 started
[2024-03-28 15:48:26] Query 6 - iteration 13 finished
[2024-03-28 15:48:26] Query 6 - iteration 14 started
[2024-03-28 15:49:06] Query 6 - iteration 14 finished
[2024-03-28 15:49:06] Query 6 - iteration 15 started
[2024-03-28 15:49:46] Query 6 - iteration 15 finished
[2024-03-28 15:49:46] Query 6 - iteration 16 started
[2024-03-28 15:50:26] Query 6 - iteration 16 finished
[2024-03-28 15:50:26] Query 6 - iteration 17 started
[2024-03-28 15:51:05] Query 6 - iteration 17 finished
[2024-03-28 15:51:05] Query 6 - iteration 18 started
[2024-03-28 15:51:45] Query 6 - iteration 18 finished
[2024-03-28 15:51:45] Query 6 - iteration 19 started
[2024-03-28 15:52:24] Query 6 - iteration 19 finished
[2024-03-28 15:52:24] Query 6 - iteration 20 started
[2024-03-28 15:53:03] Query 6 - iteration 20 finished
[2024-03-28 15:53:03] Query 7 - iteration 1 started
[2024-03-28 15:53:28] Query 7 - iteration 1 finished
[2024-03-28 15:53:28] Query 7 - iteration 2 started
[2024-03-28 15:53:50] Query 7 - iteration 2 finished
[2024-03-28 15:53:50] Query 7 - iteration 3 started
[2024-03-28 15:54:10] Query 7 - iteration 3 finished
[2024-03-28 15:54:10] Query 7 - iteration 4 started
[2024-03-28 15:54:32] Query 7 - iteration 4 finished
[2024-03-28 15:54:32] Query 7 - iteration 5 started
[2024-03-28 15:54:52] Query 7 - iteration 5 finished
[2024-03-28 15:54:52] Query 7 - iteration 6 started
[2024-03-28 15:55:13] Query 7 - iteration 6 finished
[2024-03-28 15:55:13] Query 7 - iteration 7 started
[2024-03-28 15:55:33] Query 7 - iteration 7 finished
[2024-03-28 15:55:33] Query 7 - iteration 8 started
[2024-03-28 15:55:54] Query 7 - iteration 8 finished
[2024-03-28 15:55:54] Query 7 - iteration 9 started
[2024-03-28 15:56:15] Query 7 - iteration 9 finished
[2024-03-28 15:56:16] Query 7 - iteration 10 started
[2024-03-28 15:56:37] Query 7 - iteration 10 finished
[2024-03-28 15:56:37] Query 7 - iteration 11 started
[2024-03-28 15:56:59] Query 7 - iteration 11 finished
[2024-03-28 15:56:59] Query 7 - iteration 12 started
[2024-03-28 15:57:20] Query 7 - iteration 12 finished
[2024-03-28 15:57:20] Query 7 - iteration 13 started
[2024-03-28 15:57:42] Query 7 - iteration 13 finished
[2024-03-28 15:57:42] Query 7 - iteration 14 started
[2024-03-28 15:58:04] Query 7 - iteration 14 finished
[2024-03-28 15:58:04] Query 7 - iteration 15 started
[2024-03-28 15:58:25] Query 7 - iteration 15 finished
[2024-03-28 15:58:25] Query 7 - iteration 16 started
[2024-03-28 15:58:46] Query 7 - iteration 16 finished
[2024-03-28 15:58:46] Query 7 - iteration 17 started
[2024-03-28 15:59:07] Query 7 - iteration 17 finished
[2024-03-28 15:59:07] Query 7 - iteration 18 started
[2024-03-28 15:59:28] Query 7 - iteration 18 finished
[2024-03-28 15:59:28] Query 7 - iteration 19 started
[2024-03-28 15:59:49] Query 7 - iteration 19 finished
[2024-03-28 15:59:49] Query 7 - iteration 20 started
[2024-03-28 16:00:09] Query 7 - iteration 20 finished
[2024-03-28 16:00:09] Query 8 - iteration 1 started
[2024-03-28 16:00:13] Query 8 - iteration 1 finished
[2024-03-28 16:00:13] Query 8 - iteration 2 started
[2024-03-28 16:00:17] Query 8 - iteration 2 finished
[2024-03-28 16:00:17] Query 8 - iteration 3 started
[2024-03-28 16:00:21] Query 8 - iteration 3 finished
[2024-03-28 16:00:21] Query 8 - iteration 4 started
[2024-03-28 16:00:24] Query 8 - iteration 4 finished
[2024-03-28 16:00:24] Query 8 - iteration 5 started
[2024-03-28 16:00:27] Query 8 - iteration 5 finished
[2024-03-28 16:00:27] Query 8 - iteration 6 started
[2024-03-28 16:00:30] Query 8 - iteration 6 finished
[2024-03-28 16:00:30] Query 8 - iteration 7 started
[2024-03-28 16:00:34] Query 8 - iteration 7 finished
[2024-03-28 16:00:34] Query 8 - iteration 8 started
[2024-03-28 16:00:37] Query 8 - iteration 8 finished
[2024-03-28 16:00:37] Query 8 - iteration 9 started
[2024-03-28 16:00:40] Query 8 - iteration 9 finished
[2024-03-28 16:00:40] Query 8 - iteration 10 started
[2024-03-28 16:00:43] Query 8 - iteration 10 finished
[2024-03-28 16:00:43] Query 8 - iteration 11 started
[2024-03-28 16:00:46] Query 8 - iteration 11 finished
[2024-03-28 16:00:46] Query 8 - iteration 12 started
[2024-03-28 16:00:50] Query 8 - iteration 12 finished
[2024-03-28 16:00:50] Query 8 - iteration 13 started
[2024-03-28 16:00:53] Query 8 - iteration 13 finished
[2024-03-28 16:00:53] Query 8 - iteration 14 started
[2024-03-28 16:00:56] Query 8 - iteration 14 finished
[2024-03-28 16:00:56] Query 8 - iteration 15 started
[2024-03-28 16:01:00] Query 8 - iteration 15 finished
[2024-03-28 16:01:00] Query 8 - iteration 16 started
[2024-03-28 16:01:03] Query 8 - iteration 16 finished
[2024-03-28 16:01:03] Query 8 - iteration 17 started
[2024-03-28 16:01:06] Query 8 - iteration 17 finished
[2024-03-28 16:01:06] Query 8 - iteration 18 started
[2024-03-28 16:01:09] Query 8 - iteration 18 finished
[2024-03-28 16:01:09] Query 8 - iteration 19 started
[2024-03-28 16:01:12] Query 8 - iteration 19 finished
[2024-03-28 16:01:13] Query 8 - iteration 20 started
[2024-03-28 16:01:16] Query 8 - iteration 20 finished
[2024-03-28 16:01:16] Query 9-1 - iteration 1 started
[2024-03-28 16:01:18] Query 9-1 - iteration 1 finished
[2024-03-28 16:01:18] Query 9-1 - iteration 2 started
[2024-03-28 16:01:20] Query 9-1 - iteration 2 finished
[2024-03-28 16:01:20] Query 9-1 - iteration 3 started
[2024-03-28 16:01:21] Query 9-1 - iteration 3 finished
[2024-03-28 16:01:21] Query 9-1 - iteration 4 started
[2024-03-28 16:01:23] Query 9-1 - iteration 4 finished
[2024-03-28 16:01:23] Query 9-1 - iteration 5 started
[2024-03-28 16:01:25] Query 9-1 - iteration 5 finished
[2024-03-28 16:01:25] Query 9-1 - iteration 6 started
[2024-03-28 16:01:26] Query 9-1 - iteration 6 finished
[2024-03-28 16:01:26] Query 9-1 - iteration 7 started
[2024-03-28 16:01:28] Query 9-1 - iteration 7 finished
[2024-03-28 16:01:28] Query 9-1 - iteration 8 started
[2024-03-28 16:01:29] Query 9-1 - iteration 8 finished
[2024-03-28 16:01:29] Query 9-1 - iteration 9 started
[2024-03-28 16:01:31] Query 9-1 - iteration 9 finished
[2024-03-28 16:01:31] Query 9-1 - iteration 10 started
[2024-03-28 16:01:33] Query 9-1 - iteration 10 finished
[2024-03-28 16:01:33] Query 9-1 - iteration 11 started
[2024-03-28 16:01:34] Query 9-1 - iteration 11 finished
[2024-03-28 16:01:34] Query 9-1 - iteration 12 started
[2024-03-28 16:01:36] Query 9-1 - iteration 12 finished
[2024-03-28 16:01:36] Query 9-1 - iteration 13 started
[2024-03-28 16:01:37] Query 9-1 - iteration 13 finished
[2024-03-28 16:01:37] Query 9-1 - iteration 14 started
[2024-03-28 16:01:39] Query 9-1 - iteration 14 finished
[2024-03-28 16:01:39] Query 9-1 - iteration 15 started
[2024-03-28 16:01:41] Query 9-1 - iteration 15 finished
[2024-03-28 16:01:41] Query 9-1 - iteration 16 started
[2024-03-28 16:01:42] Query 9-1 - iteration 16 finished
[2024-03-28 16:01:42] Query 9-1 - iteration 17 started
[2024-03-28 16:01:44] Query 9-1 - iteration 17 finished
[2024-03-28 16:01:44] Query 9-1 - iteration 18 started
[2024-03-28 16:01:46] Query 9-1 - iteration 18 finished
[2024-03-28 16:01:46] Query 9-1 - iteration 19 started
[2024-03-28 16:01:47] Query 9-1 - iteration 19 finished
[2024-03-28 16:01:47] Query 9-1 - iteration 20 started
[2024-03-28 16:01:49] Query 9-1 - iteration 20 finished
[2024-03-28 16:01:49] Query 9-2 - iteration 1 started
[2024-03-28 16:01:50] Query 9-2 - iteration 1 finished
[2024-03-28 16:01:50] Query 9-2 - iteration 2 started
[2024-03-28 16:01:51] Query 9-2 - iteration 2 finished
[2024-03-28 16:01:51] Query 9-2 - iteration 3 started
[2024-03-28 16:01:51] Query 9-2 - iteration 3 finished
[2024-03-28 16:01:51] Query 9-2 - iteration 4 started
[2024-03-28 16:01:52] Query 9-2 - iteration 4 finished
[2024-03-28 16:01:52] Query 9-2 - iteration 5 started
[2024-03-28 16:01:54] Query 9-2 - iteration 5 finished
[2024-03-28 16:01:54] Query 9-2 - iteration 6 started
[2024-03-28 16:01:55] Query 9-2 - iteration 6 finished
[2024-03-28 16:01:55] Query 9-2 - iteration 7 started
[2024-03-28 16:01:56] Query 9-2 - iteration 7 finished
[2024-03-28 16:01:56] Query 9-2 - iteration 8 started
[2024-03-28 16:01:57] Query 9-2 - iteration 8 finished
[2024-03-28 16:01:57] Query 9-2 - iteration 9 started
[2024-03-28 16:01:58] Query 9-2 - iteration 9 finished
[2024-03-28 16:01:58] Query 9-2 - iteration 10 started
[2024-03-28 16:01:59] Query 9-2 - iteration 10 finished
[2024-03-28 16:01:59] Query 9-2 - iteration 11 started
[2024-03-28 16:02:00] Query 9-2 - iteration 11 finished
[2024-03-28 16:02:00] Query 9-2 - iteration 12 started
[2024-03-28 16:02:01] Query 9-2 - iteration 12 finished
[2024-03-28 16:02:01] Query 9-2 - iteration 13 started
[2024-03-28 16:02:02] Query 9-2 - iteration 13 finished
[2024-03-28 16:02:02] Query 9-2 - iteration 14 started
[2024-03-28 16:02:03] Query 9-2 - iteration 14 finished
[2024-03-28 16:02:03] Query 9-2 - iteration 15 started
[2024-03-28 16:02:04] Query 9-2 - iteration 15 finished
[2024-03-28 16:02:04] Query 9-2 - iteration 16 started
[2024-03-28 16:02:05] Query 9-2 - iteration 16 finished
[2024-03-28 16:02:05] Query 9-2 - iteration 17 started
[2024-03-28 16:02:06] Query 9-2 - iteration 17 finished
[2024-03-28 16:02:06] Query 9-2 - iteration 18 started
[2024-03-28 16:02:07] Query 9-2 - iteration 18 finished
[2024-03-28 16:02:07] Query 9-2 - iteration 19 started
[2024-03-28 16:02:08] Query 9-2 - iteration 19 finished
[2024-03-28 16:02:08] Query 9-2 - iteration 20 started
[2024-03-28 16:02:09] Query 9-2 - iteration 20 finished
[2024-03-28 16:02:09] Query testing finished
