[2024-03-28 13:59:59] Query testing started
[2024-03-28 13:59:59] Query 1-1 - iteration 1 started
[2024-03-28 13:59:59] Query 1-1 - iteration 1 finished
[2024-03-28 13:59:59] Query 1-1 - iteration 2 started
[2024-03-28 13:59:59] Query 1-1 - iteration 2 finished
[2024-03-28 13:59:59] Query 1-1 - iteration 3 started
[2024-03-28 13:59:59] Query 1-1 - iteration 3 finished
[2024-03-28 13:59:59] Query 1-1 - iteration 4 started
[2024-03-28 13:59:59] Query 1-1 - iteration 4 finished
[2024-03-28 13:59:59] Query 1-1 - iteration 5 started
[2024-03-28 13:59:59] Query 1-1 - iteration 5 finished
[2024-03-28 13:59:59] Query 1-1 - iteration 6 started
[2024-03-28 13:59:59] Query 1-1 - iteration 6 finished
[2024-03-28 13:59:59] Query 1-1 - iteration 7 started
[2024-03-28 13:59:59] Query 1-1 - iteration 7 finished
[2024-03-28 13:59:59] Query 1-1 - iteration 8 started
[2024-03-28 13:59:59] Query 1-1 - iteration 8 finished
[2024-03-28 13:59:59] Query 1-1 - iteration 9 started
[2024-03-28 13:59:59] Query 1-1 - iteration 9 finished
[2024-03-28 13:59:59] Query 1-1 - iteration 10 started
[2024-03-28 14:00:00] Query 1-1 - iteration 10 finished
[2024-03-28 14:00:00] Query 1-1 - iteration 11 started
[2024-03-28 14:00:00] Query 1-1 - iteration 11 finished
[2024-03-28 14:00:00] Query 1-1 - iteration 12 started
[2024-03-28 14:00:00] Query 1-1 - iteration 12 finished
[2024-03-28 14:00:00] Query 1-1 - iteration 13 started
[2024-03-28 14:00:00] Query 1-1 - iteration 13 finished
[2024-03-28 14:00:00] Query 1-1 - iteration 14 started
[2024-03-28 14:00:00] Query 1-1 - iteration 14 finished
[2024-03-28 14:00:00] Query 1-1 - iteration 15 started
[2024-03-28 14:00:00] Query 1-1 - iteration 15 finished
[2024-03-28 14:00:00] Query 1-1 - iteration 16 started
[2024-03-28 14:00:00] Query 1-1 - iteration 16 finished
[2024-03-28 14:00:00] Query 1-1 - iteration 17 started
[2024-03-28 14:00:00] Query 1-1 - iteration 17 finished
[2024-03-28 14:00:00] Query 1-1 - iteration 18 started
[2024-03-28 14:00:00] Query 1-1 - iteration 18 finished
[2024-03-28 14:00:00] Query 1-1 - iteration 19 started
[2024-03-28 14:00:00] Query 1-1 - iteration 19 finished
[2024-03-28 14:00:00] Query 1-1 - iteration 20 started
[2024-03-28 14:00:00] Query 1-1 - iteration 20 finished
[2024-03-28 14:00:00] Query 1-2 - iteration 1 started
[2024-03-28 14:00:00] Query 1-2 - iteration 1 finished
[2024-03-28 14:00:01] Query 1-2 - iteration 2 started
[2024-03-28 14:00:01] Query 1-2 - iteration 2 finished
[2024-03-28 14:00:01] Query 1-2 - iteration 3 started
[2024-03-28 14:00:01] Query 1-2 - iteration 3 finished
[2024-03-28 14:00:01] Query 1-2 - iteration 4 started
[2024-03-28 14:00:01] Query 1-2 - iteration 4 finished
[2024-03-28 14:00:02] Query 1-2 - iteration 5 started
[2024-03-28 14:00:02] Query 1-2 - iteration 5 finished
[2024-03-28 14:00:02] Query 1-2 - iteration 6 started
[2024-03-28 14:00:02] Query 1-2 - iteration 6 finished
[2024-03-28 14:00:02] Query 1-2 - iteration 7 started
[2024-03-28 14:00:02] Query 1-2 - iteration 7 finished
[2024-03-28 14:00:03] Query 1-2 - iteration 8 started
[2024-03-28 14:00:03] Query 1-2 - iteration 8 finished
[2024-03-28 14:00:03] Query 1-2 - iteration 9 started
[2024-03-28 14:00:03] Query 1-2 - iteration 9 finished
[2024-03-28 14:00:03] Query 1-2 - iteration 10 started
[2024-03-28 14:00:03] Query 1-2 - iteration 10 finished
[2024-03-28 14:00:04] Query 1-2 - iteration 11 started
[2024-03-28 14:00:04] Query 1-2 - iteration 11 finished
[2024-03-28 14:00:04] Query 1-2 - iteration 12 started
[2024-03-28 14:00:04] Query 1-2 - iteration 12 finished
[2024-03-28 14:00:04] Query 1-2 - iteration 13 started
[2024-03-28 14:00:04] Query 1-2 - iteration 13 finished
[2024-03-28 14:00:05] Query 1-2 - iteration 14 started
[2024-03-28 14:00:05] Query 1-2 - iteration 14 finished
[2024-03-28 14:00:05] Query 1-2 - iteration 15 started
[2024-03-28 14:00:05] Query 1-2 - iteration 15 finished
[2024-03-28 14:00:05] Query 1-2 - iteration 16 started
[2024-03-28 14:00:05] Query 1-2 - iteration 16 finished
[2024-03-28 14:00:05] Query 1-2 - iteration 17 started
[2024-03-28 14:00:06] Query 1-2 - iteration 17 finished
[2024-03-28 14:00:06] Query 1-2 - iteration 18 started
[2024-03-28 14:00:06] Query 1-2 - iteration 18 finished
[2024-03-28 14:00:06] Query 1-2 - iteration 19 started
[2024-03-28 14:00:06] Query 1-2 - iteration 19 finished
[2024-03-28 14:00:06] Query 1-2 - iteration 20 started
[2024-03-28 14:00:07] Query 1-2 - iteration 20 finished
[2024-03-28 14:00:07] Query 1-3 - iteration 1 started
[2024-03-28 14:00:07] Query 1-3 - iteration 1 finished
[2024-03-28 14:00:07] Query 1-3 - iteration 2 started
[2024-03-28 14:00:07] Query 1-3 - iteration 2 finished
[2024-03-28 14:00:07] Query 1-3 - iteration 3 started
[2024-03-28 14:00:07] Query 1-3 - iteration 3 finished
[2024-03-28 14:00:07] Query 1-3 - iteration 4 started
[2024-03-28 14:00:07] Query 1-3 - iteration 4 finished
[2024-03-28 14:00:07] Query 1-3 - iteration 5 started
[2024-03-28 14:00:07] Query 1-3 - iteration 5 finished
[2024-03-28 14:00:07] Query 1-3 - iteration 6 started
[2024-03-28 14:00:07] Query 1-3 - iteration 6 finished
[2024-03-28 14:00:07] Query 1-3 - iteration 7 started
[2024-03-28 14:00:07] Query 1-3 - iteration 7 finished
[2024-03-28 14:00:07] Query 1-3 - iteration 8 started
[2024-03-28 14:00:07] Query 1-3 - iteration 8 finished
[2024-03-28 14:00:07] Query 1-3 - iteration 9 started
[2024-03-28 14:00:07] Query 1-3 - iteration 9 finished
[2024-03-28 14:00:07] Query 1-3 - iteration 10 started
[2024-03-28 14:00:07] Query 1-3 - iteration 10 finished
[2024-03-28 14:00:07] Query 1-3 - iteration 11 started
[2024-03-28 14:00:07] Query 1-3 - iteration 11 finished
[2024-03-28 14:00:07] Query 1-3 - iteration 12 started
[2024-03-28 14:00:07] Query 1-3 - iteration 12 finished
[2024-03-28 14:00:07] Query 1-3 - iteration 13 started
[2024-03-28 14:00:07] Query 1-3 - iteration 13 finished
[2024-03-28 14:00:07] Query 1-3 - iteration 14 started
[2024-03-28 14:00:07] Query 1-3 - iteration 14 finished
[2024-03-28 14:00:07] Query 1-3 - iteration 15 started
[2024-03-28 14:00:07] Query 1-3 - iteration 15 finished
[2024-03-28 14:00:07] Query 1-3 - iteration 16 started
[2024-03-28 14:00:07] Query 1-3 - iteration 16 finished
[2024-03-28 14:00:07] Query 1-3 - iteration 17 started
[2024-03-28 14:00:07] Query 1-3 - iteration 17 finished
[2024-03-28 14:00:07] Query 1-3 - iteration 18 started
[2024-03-28 14:00:07] Query 1-3 - iteration 18 finished
[2024-03-28 14:00:07] Query 1-3 - iteration 19 started
[2024-03-28 14:00:07] Query 1-3 - iteration 19 finished
[2024-03-28 14:00:07] Query 1-3 - iteration 20 started
[2024-03-28 14:00:07] Query 1-3 - iteration 20 finished
[2024-03-28 14:00:07] Query 1-4 - iteration 1 started
[2024-03-28 14:00:08] Query 1-4 - iteration 1 finished
[2024-03-28 14:00:08] Query 1-4 - iteration 2 started
[2024-03-28 14:00:08] Query 1-4 - iteration 2 finished
[2024-03-28 14:00:08] Query 1-4 - iteration 3 started
[2024-03-28 14:00:09] Query 1-4 - iteration 3 finished
[2024-03-28 14:00:09] Query 1-4 - iteration 4 started
[2024-03-28 14:00:09] Query 1-4 - iteration 4 finished
[2024-03-28 14:00:09] Query 1-4 - iteration 5 started
[2024-03-28 14:00:10] Query 1-4 - iteration 5 finished
[2024-03-28 14:00:10] Query 1-4 - iteration 6 started
[2024-03-28 14:00:10] Query 1-4 - iteration 6 finished
[2024-03-28 14:00:10] Query 1-4 - iteration 7 started
[2024-03-28 14:00:10] Query 1-4 - iteration 7 finished
[2024-03-28 14:00:10] Query 1-4 - iteration 8 started
[2024-03-28 14:00:11] Query 1-4 - iteration 8 finished
[2024-03-28 14:00:11] Query 1-4 - iteration 9 started
[2024-03-28 14:00:11] Query 1-4 - iteration 9 finished
[2024-03-28 14:00:11] Query 1-4 - iteration 10 started
[2024-03-28 14:00:12] Query 1-4 - iteration 10 finished
[2024-03-28 14:00:12] Query 1-4 - iteration 11 started
[2024-03-28 14:00:12] Query 1-4 - iteration 11 finished
[2024-03-28 14:00:12] Query 1-4 - iteration 12 started
[2024-03-28 14:00:13] Query 1-4 - iteration 12 finished
[2024-03-28 14:00:13] Query 1-4 - iteration 13 started
[2024-03-28 14:00:13] Query 1-4 - iteration 13 finished
[2024-03-28 14:00:13] Query 1-4 - iteration 14 started
[2024-03-28 14:00:14] Query 1-4 - iteration 14 finished
[2024-03-28 14:00:14] Query 1-4 - iteration 15 started
[2024-03-28 14:00:14] Query 1-4 - iteration 15 finished
[2024-03-28 14:00:14] Query 1-4 - iteration 16 started
[2024-03-28 14:00:14] Query 1-4 - iteration 16 finished
[2024-03-28 14:00:14] Query 1-4 - iteration 17 started
[2024-03-28 14:00:15] Query 1-4 - iteration 17 finished
[2024-03-28 14:00:15] Query 1-4 - iteration 18 started
[2024-03-28 14:00:15] Query 1-4 - iteration 18 finished
[2024-03-28 14:00:15] Query 1-4 - iteration 19 started
[2024-03-28 14:00:16] Query 1-4 - iteration 19 finished
[2024-03-28 14:00:16] Query 1-4 - iteration 20 started
[2024-03-28 14:00:16] Query 1-4 - iteration 20 finished
[2024-03-28 14:00:16] Query 10 - iteration 1 started
[2024-03-28 14:00:17] Query 10 - iteration 1 finished
[2024-03-28 14:00:17] Query 10 - iteration 2 started
[2024-03-28 14:00:18] Query 10 - iteration 2 finished
[2024-03-28 14:00:18] Query 10 - iteration 3 started
[2024-03-28 14:00:19] Query 10 - iteration 3 finished
[2024-03-28 14:00:19] Query 10 - iteration 4 started
[2024-03-28 14:00:19] Query 10 - iteration 4 finished
[2024-03-28 14:00:19] Query 10 - iteration 5 started
[2024-03-28 14:00:20] Query 10 - iteration 5 finished
[2024-03-28 14:00:20] Query 10 - iteration 6 started
[2024-03-28 14:00:21] Query 10 - iteration 6 finished
[2024-03-28 14:00:21] Query 10 - iteration 7 started
[2024-03-28 14:00:22] Query 10 - iteration 7 finished
[2024-03-28 14:00:22] Query 10 - iteration 8 started
[2024-03-28 14:00:23] Query 10 - iteration 8 finished
[2024-03-28 14:00:23] Query 10 - iteration 9 started
[2024-03-28 14:00:24] Query 10 - iteration 9 finished
[2024-03-28 14:00:24] Query 10 - iteration 10 started
[2024-03-28 14:00:25] Query 10 - iteration 10 finished
[2024-03-28 14:00:25] Query 10 - iteration 11 started
[2024-03-28 14:00:25] Query 10 - iteration 11 finished
[2024-03-28 14:00:25] Query 10 - iteration 12 started
[2024-03-28 14:00:26] Query 10 - iteration 12 finished
[2024-03-28 14:00:26] Query 10 - iteration 13 started
[2024-03-28 14:00:27] Query 10 - iteration 13 finished
[2024-03-28 14:00:27] Query 10 - iteration 14 started
[2024-03-28 14:00:28] Query 10 - iteration 14 finished
[2024-03-28 14:00:28] Query 10 - iteration 15 started
[2024-03-28 14:00:29] Query 10 - iteration 15 finished
[2024-03-28 14:00:29] Query 10 - iteration 16 started
[2024-03-28 14:00:30] Query 10 - iteration 16 finished
[2024-03-28 14:00:30] Query 10 - iteration 17 started
[2024-03-28 14:00:30] Query 10 - iteration 17 finished
[2024-03-28 14:00:30] Query 10 - iteration 18 started
[2024-03-28 14:00:31] Query 10 - iteration 18 finished
[2024-03-28 14:00:31] Query 10 - iteration 19 started
[2024-03-28 14:00:32] Query 10 - iteration 19 finished
[2024-03-28 14:00:32] Query 10 - iteration 20 started
[2024-03-28 14:00:33] Query 10 - iteration 20 finished
[2024-03-28 14:00:33] Query 11 - iteration 1 started
[2024-03-28 14:00:33] Query 11 - iteration 1 finished
[2024-03-28 14:00:33] Query 11 - iteration 2 started
[2024-03-28 14:00:34] Query 11 - iteration 2 finished
[2024-03-28 14:00:34] Query 11 - iteration 3 started
[2024-03-28 14:00:35] Query 11 - iteration 3 finished
[2024-03-28 14:00:35] Query 11 - iteration 4 started
[2024-03-28 14:00:35] Query 11 - iteration 4 finished
[2024-03-28 14:00:35] Query 11 - iteration 5 started
[2024-03-28 14:00:36] Query 11 - iteration 5 finished
[2024-03-28 14:00:36] Query 11 - iteration 6 started
[2024-03-28 14:00:36] Query 11 - iteration 6 finished
[2024-03-28 14:00:37] Query 11 - iteration 7 started
[2024-03-28 14:00:37] Query 11 - iteration 7 finished
[2024-03-28 14:00:37] Query 11 - iteration 8 started
[2024-03-28 14:00:38] Query 11 - iteration 8 finished
[2024-03-28 14:00:38] Query 11 - iteration 9 started
[2024-03-28 14:00:38] Query 11 - iteration 9 finished
[2024-03-28 14:00:38] Query 11 - iteration 10 started
[2024-03-28 14:00:39] Query 11 - iteration 10 finished
[2024-03-28 14:00:39] Query 11 - iteration 11 started
[2024-03-28 14:00:40] Query 11 - iteration 11 finished
[2024-03-28 14:00:40] Query 11 - iteration 12 started
[2024-03-28 14:00:40] Query 11 - iteration 12 finished
[2024-03-28 14:00:40] Query 11 - iteration 13 started
[2024-03-28 14:00:41] Query 11 - iteration 13 finished
[2024-03-28 14:00:41] Query 11 - iteration 14 started
[2024-03-28 14:00:42] Query 11 - iteration 14 finished
[2024-03-28 14:00:42] Query 11 - iteration 15 started
[2024-03-28 14:00:42] Query 11 - iteration 15 finished
[2024-03-28 14:00:42] Query 11 - iteration 16 started
[2024-03-28 14:00:43] Query 11 - iteration 16 finished
[2024-03-28 14:00:43] Query 11 - iteration 17 started
[2024-03-28 14:00:43] Query 11 - iteration 17 finished
[2024-03-28 14:00:43] Query 11 - iteration 18 started
[2024-03-28 14:00:44] Query 11 - iteration 18 finished
[2024-03-28 14:00:44] Query 11 - iteration 19 started
[2024-03-28 14:00:44] Query 11 - iteration 19 finished
[2024-03-28 14:00:44] Query 11 - iteration 20 started
[2024-03-28 14:00:45] Query 11 - iteration 20 finished
[2024-03-28 14:00:45] Query 2-1 - iteration 1 started
[2024-03-28 14:00:45] Query 2-1 - iteration 1 finished
[2024-03-28 14:00:45] Query 2-1 - iteration 2 started
[2024-03-28 14:00:46] Query 2-1 - iteration 2 finished
[2024-03-28 14:00:46] Query 2-1 - iteration 3 started
[2024-03-28 14:00:46] Query 2-1 - iteration 3 finished
[2024-03-28 14:00:47] Query 2-1 - iteration 4 started
[2024-03-28 14:00:47] Query 2-1 - iteration 4 finished
[2024-03-28 14:00:47] Query 2-1 - iteration 5 started
[2024-03-28 14:00:47] Query 2-1 - iteration 5 finished
[2024-03-28 14:00:47] Query 2-1 - iteration 6 started
[2024-03-28 14:00:48] Query 2-1 - iteration 6 finished
[2024-03-28 14:00:48] Query 2-1 - iteration 7 started
[2024-03-28 14:00:48] Query 2-1 - iteration 7 finished
[2024-03-28 14:00:48] Query 2-1 - iteration 8 started
[2024-03-28 14:00:49] Query 2-1 - iteration 8 finished
[2024-03-28 14:00:49] Query 2-1 - iteration 9 started
[2024-03-28 14:00:49] Query 2-1 - iteration 9 finished
[2024-03-28 14:00:49] Query 2-1 - iteration 10 started
[2024-03-28 14:00:50] Query 2-1 - iteration 10 finished
[2024-03-28 14:00:50] Query 2-1 - iteration 11 started
[2024-03-28 14:00:50] Query 2-1 - iteration 11 finished
[2024-03-28 14:00:50] Query 2-1 - iteration 12 started
[2024-03-28 14:00:51] Query 2-1 - iteration 12 finished
[2024-03-28 14:00:51] Query 2-1 - iteration 13 started
[2024-03-28 14:00:51] Query 2-1 - iteration 13 finished
[2024-03-28 14:00:51] Query 2-1 - iteration 14 started
[2024-03-28 14:00:52] Query 2-1 - iteration 14 finished
[2024-03-28 14:00:52] Query 2-1 - iteration 15 started
[2024-03-28 14:00:52] Query 2-1 - iteration 15 finished
[2024-03-28 14:00:52] Query 2-1 - iteration 16 started
[2024-03-28 14:00:53] Query 2-1 - iteration 16 finished
[2024-03-28 14:00:53] Query 2-1 - iteration 17 started
[2024-03-28 14:00:53] Query 2-1 - iteration 17 finished
[2024-03-28 14:00:53] Query 2-1 - iteration 18 started
[2024-03-28 14:00:54] Query 2-1 - iteration 18 finished
[2024-03-28 14:00:54] Query 2-1 - iteration 19 started
[2024-03-28 14:00:54] Query 2-1 - iteration 19 finished
[2024-03-28 14:00:54] Query 2-1 - iteration 20 started
[2024-03-28 14:00:55] Query 2-1 - iteration 20 finished
[2024-03-28 14:00:55] Query 2-2 - iteration 1 started
[2024-03-28 14:00:56] Query 2-2 - iteration 1 finished
[2024-03-28 14:00:56] Query 2-2 - iteration 2 started
[2024-03-28 14:00:56] Query 2-2 - iteration 2 finished
[2024-03-28 14:00:56] Query 2-2 - iteration 3 started
[2024-03-28 14:00:57] Query 2-2 - iteration 3 finished
[2024-03-28 14:00:57] Query 2-2 - iteration 4 started
[2024-03-28 14:00:57] Query 2-2 - iteration 4 finished
[2024-03-28 14:00:57] Query 2-2 - iteration 5 started
[2024-03-28 14:00:58] Query 2-2 - iteration 5 finished
[2024-03-28 14:00:58] Query 2-2 - iteration 6 started
[2024-03-28 14:00:58] Query 2-2 - iteration 6 finished
[2024-03-28 14:00:58] Query 2-2 - iteration 7 started
[2024-03-28 14:00:59] Query 2-2 - iteration 7 finished
[2024-03-28 14:00:59] Query 2-2 - iteration 8 started
[2024-03-28 14:00:59] Query 2-2 - iteration 8 finished
[2024-03-28 14:00:59] Query 2-2 - iteration 9 started
[2024-03-28 14:01:00] Query 2-2 - iteration 9 finished
[2024-03-28 14:01:00] Query 2-2 - iteration 10 started
[2024-03-28 14:01:01] Query 2-2 - iteration 10 finished
[2024-03-28 14:01:01] Query 2-2 - iteration 11 started
[2024-03-28 14:01:01] Query 2-2 - iteration 11 finished
[2024-03-28 14:01:01] Query 2-2 - iteration 12 started
[2024-03-28 14:01:02] Query 2-2 - iteration 12 finished
[2024-03-28 14:01:02] Query 2-2 - iteration 13 started
[2024-03-28 14:01:02] Query 2-2 - iteration 13 finished
[2024-03-28 14:01:02] Query 2-2 - iteration 14 started
[2024-03-28 14:01:03] Query 2-2 - iteration 14 finished
[2024-03-28 14:01:03] Query 2-2 - iteration 15 started
[2024-03-28 14:01:03] Query 2-2 - iteration 15 finished
[2024-03-28 14:01:03] Query 2-2 - iteration 16 started
[2024-03-28 14:01:04] Query 2-2 - iteration 16 finished
[2024-03-28 14:01:04] Query 2-2 - iteration 17 started
[2024-03-28 14:01:04] Query 2-2 - iteration 17 finished
[2024-03-28 14:01:04] Query 2-2 - iteration 18 started
[2024-03-28 14:01:05] Query 2-2 - iteration 18 finished
[2024-03-28 14:01:05] Query 2-2 - iteration 19 started
[2024-03-28 14:01:05] Query 2-2 - iteration 19 finished
[2024-03-28 14:01:05] Query 2-2 - iteration 20 started
[2024-03-28 14:01:06] Query 2-2 - iteration 20 finished
[2024-03-28 14:01:06] Query 3-1 - iteration 1 started
[2024-03-28 14:06:30] Query 3-2 - iteration 1 started
[2024-03-28 14:06:44] Query 3-2 - iteration 1 finished
[2024-03-28 14:06:51] Query 3-2 - iteration 2 started
[2024-03-28 14:06:59] Query 3-2 - iteration 2 finished
[2024-03-28 14:07:05] Query 3-2 - iteration 3 started
[2024-03-28 14:07:13] Query 3-2 - iteration 3 finished
[2024-03-28 14:07:20] Query 3-2 - iteration 4 started
[2024-03-28 14:07:27] Query 3-2 - iteration 4 finished
[2024-03-28 14:07:33] Query 3-2 - iteration 5 started
[2024-03-28 14:07:41] Query 3-2 - iteration 5 finished
[2024-03-28 14:07:47] Query 3-2 - iteration 6 started
[2024-03-28 14:07:56] Query 3-2 - iteration 6 finished
[2024-03-28 14:08:01] Query 3-2 - iteration 7 started
[2024-03-28 14:08:10] Query 3-2 - iteration 7 finished
[2024-03-28 14:08:16] Query 3-2 - iteration 8 started
[2024-03-28 14:08:24] Query 3-2 - iteration 8 finished
[2024-03-28 14:08:31] Query 3-2 - iteration 9 started
[2024-03-28 14:08:39] Query 3-2 - iteration 9 finished
[2024-03-28 14:08:46] Query 3-2 - iteration 10 started
[2024-03-28 14:08:54] Query 3-2 - iteration 10 finished
[2024-03-28 14:09:00] Query 3-2 - iteration 11 started
[2024-03-28 14:09:08] Query 3-2 - iteration 11 finished
[2024-03-28 14:09:15] Query 3-2 - iteration 12 started
[2024-03-28 14:09:23] Query 3-2 - iteration 12 finished
[2024-03-28 14:09:29] Query 3-2 - iteration 13 started
[2024-03-28 14:09:37] Query 3-2 - iteration 13 finished
[2024-03-28 14:09:44] Query 3-2 - iteration 14 started
[2024-03-28 14:09:52] Query 3-2 - iteration 14 finished
[2024-03-28 14:09:58] Query 3-2 - iteration 15 started
[2024-03-28 14:10:06] Query 3-2 - iteration 15 finished
[2024-03-28 14:10:13] Query 3-2 - iteration 16 started
[2024-03-28 14:10:21] Query 3-2 - iteration 16 finished
[2024-03-28 14:10:27] Query 3-2 - iteration 17 started
[2024-03-28 14:10:35] Query 3-2 - iteration 17 finished
[2024-03-28 14:10:41] Query 3-2 - iteration 18 started
[2024-03-28 14:10:49] Query 3-2 - iteration 18 finished
[2024-03-28 14:10:55] Query 3-2 - iteration 19 started
[2024-03-28 14:11:04] Query 3-2 - iteration 19 finished
[2024-03-28 14:11:10] Query 3-2 - iteration 20 started
[2024-03-28 14:11:18] Query 3-2 - iteration 20 finished
[2024-03-28 14:11:24] Query 3-3 - iteration 1 started
[2024-03-28 14:16:24] Query 3-4 - iteration 1 started
[2024-03-28 14:16:31] Query 3-4 - iteration 1 finished
[2024-03-28 14:16:32] Query 3-4 - iteration 2 started
[2024-03-28 14:16:34] Query 3-4 - iteration 2 finished
[2024-03-28 14:16:35] Query 3-4 - iteration 3 started
[2024-03-28 14:16:36] Query 3-4 - iteration 3 finished
[2024-03-28 14:16:37] Query 3-4 - iteration 4 started
[2024-03-28 14:16:39] Query 3-4 - iteration 4 finished
[2024-03-28 14:16:40] Query 3-4 - iteration 5 started
[2024-03-28 14:16:41] Query 3-4 - iteration 5 finished
[2024-03-28 14:16:42] Query 3-4 - iteration 6 started
[2024-03-28 14:16:44] Query 3-4 - iteration 6 finished
[2024-03-28 14:16:45] Query 3-4 - iteration 7 started
[2024-03-28 14:16:46] Query 3-4 - iteration 7 finished
[2024-03-28 14:16:47] Query 3-4 - iteration 8 started
[2024-03-28 14:16:48] Query 3-4 - iteration 8 finished
[2024-03-28 14:16:49] Query 3-4 - iteration 9 started
[2024-03-28 14:16:51] Query 3-4 - iteration 9 finished
[2024-03-28 14:16:52] Query 3-4 - iteration 10 started
[2024-03-28 14:16:54] Query 3-4 - iteration 10 finished
[2024-03-28 14:16:55] Query 3-4 - iteration 11 started
[2024-03-28 14:16:56] Query 3-4 - iteration 11 finished
[2024-03-28 14:16:57] Query 3-4 - iteration 12 started
[2024-03-28 14:16:59] Query 3-4 - iteration 12 finished
[2024-03-28 14:16:59] Query 3-4 - iteration 13 started
[2024-03-28 14:17:01] Query 3-4 - iteration 13 finished
[2024-03-28 14:17:02] Query 3-4 - iteration 14 started
[2024-03-28 14:17:04] Query 3-4 - iteration 14 finished
[2024-03-28 14:17:05] Query 3-4 - iteration 15 started
[2024-03-28 14:17:06] Query 3-4 - iteration 15 finished
[2024-03-28 14:17:07] Query 3-4 - iteration 16 started
[2024-03-28 14:17:09] Query 3-4 - iteration 16 finished
[2024-03-28 14:17:10] Query 3-4 - iteration 17 started
[2024-03-28 14:17:11] Query 3-4 - iteration 17 finished
[2024-03-28 14:17:12] Query 3-4 - iteration 18 started
[2024-03-28 14:17:14] Query 3-4 - iteration 18 finished
[2024-03-28 14:17:15] Query 3-4 - iteration 19 started
[2024-03-28 14:17:16] Query 3-4 - iteration 19 finished
[2024-03-28 14:17:17] Query 3-4 - iteration 20 started
[2024-03-28 14:17:19] Query 3-4 - iteration 20 finished
[2024-03-28 14:17:20] Query 4-1 - iteration 1 started
[2024-03-28 14:22:21] Query 4-2 - iteration 1 started
[2024-03-28 14:22:21] Query 4-2 - iteration 1 finished
[2024-03-28 14:22:21] Query 4-2 - iteration 2 started
[2024-03-28 14:22:21] Query 4-2 - iteration 2 finished
[2024-03-28 14:22:21] Query 4-2 - iteration 3 started
[2024-03-28 14:22:21] Query 4-2 - iteration 3 finished
[2024-03-28 14:22:21] Query 4-2 - iteration 4 started
[2024-03-28 14:22:21] Query 4-2 - iteration 4 finished
[2024-03-28 14:22:21] Query 4-2 - iteration 5 started
[2024-03-28 14:22:21] Query 4-2 - iteration 5 finished
[2024-03-28 14:22:21] Query 4-2 - iteration 6 started
[2024-03-28 14:22:21] Query 4-2 - iteration 6 finished
[2024-03-28 14:22:21] Query 4-2 - iteration 7 started
[2024-03-28 14:22:21] Query 4-2 - iteration 7 finished
[2024-03-28 14:22:21] Query 4-2 - iteration 8 started
[2024-03-28 14:22:21] Query 4-2 - iteration 8 finished
[2024-03-28 14:22:21] Query 4-2 - iteration 9 started
[2024-03-28 14:22:21] Query 4-2 - iteration 9 finished
[2024-03-28 14:22:21] Query 4-2 - iteration 10 started
[2024-03-28 14:22:21] Query 4-2 - iteration 10 finished
[2024-03-28 14:22:21] Query 4-2 - iteration 11 started
[2024-03-28 14:22:21] Query 4-2 - iteration 11 finished
[2024-03-28 14:22:21] Query 4-2 - iteration 12 started
[2024-03-28 14:22:21] Query 4-2 - iteration 12 finished
[2024-03-28 14:22:21] Query 4-2 - iteration 13 started
[2024-03-28 14:22:21] Query 4-2 - iteration 13 finished
[2024-03-28 14:22:21] Query 4-2 - iteration 14 started
[2024-03-28 14:22:21] Query 4-2 - iteration 14 finished
[2024-03-28 14:22:21] Query 4-2 - iteration 15 started
[2024-03-28 14:22:21] Query 4-2 - iteration 15 finished
[2024-03-28 14:22:21] Query 4-2 - iteration 16 started
[2024-03-28 14:22:21] Query 4-2 - iteration 16 finished
[2024-03-28 14:22:21] Query 4-2 - iteration 17 started
[2024-03-28 14:22:21] Query 4-2 - iteration 17 finished
[2024-03-28 14:22:21] Query 4-2 - iteration 18 started
[2024-03-28 14:22:21] Query 4-2 - iteration 18 finished
[2024-03-28 14:22:21] Query 4-2 - iteration 19 started
[2024-03-28 14:22:21] Query 4-2 - iteration 19 finished
[2024-03-28 14:22:21] Query 4-2 - iteration 20 started
[2024-03-28 14:22:21] Query 4-2 - iteration 20 finished
[2024-03-28 14:22:21] Query 5 - iteration 1 started
[2024-03-28 14:22:26] Query 5 - iteration 1 finished
[2024-03-28 14:22:26] Query 5 - iteration 2 started
[2024-03-28 14:22:31] Query 5 - iteration 2 finished
[2024-03-28 14:22:32] Query 5 - iteration 3 started
[2024-03-28 14:22:36] Query 5 - iteration 3 finished
[2024-03-28 14:22:37] Query 5 - iteration 4 started
[2024-03-28 14:22:42] Query 5 - iteration 4 finished
[2024-03-28 14:22:42] Query 5 - iteration 5 started
[2024-03-28 14:22:47] Query 5 - iteration 5 finished
[2024-03-28 14:22:47] Query 5 - iteration 6 started
[2024-03-28 14:22:52] Query 5 - iteration 6 finished
[2024-03-28 14:22:52] Query 5 - iteration 7 started
[2024-03-28 14:22:57] Query 5 - iteration 7 finished
[2024-03-28 14:22:57] Query 5 - iteration 8 started
[2024-03-28 14:23:02] Query 5 - iteration 8 finished
[2024-03-28 14:23:03] Query 5 - iteration 9 started
[2024-03-28 14:23:07] Query 5 - iteration 9 finished
[2024-03-28 14:23:08] Query 5 - iteration 10 started
[2024-03-28 14:23:12] Query 5 - iteration 10 finished
[2024-03-28 14:23:13] Query 5 - iteration 11 started
[2024-03-28 14:23:17] Query 5 - iteration 11 finished
[2024-03-28 14:23:18] Query 5 - iteration 12 started
[2024-03-28 14:23:22] Query 5 - iteration 12 finished
[2024-03-28 14:23:23] Query 5 - iteration 13 started
[2024-03-28 14:23:27] Query 5 - iteration 13 finished
[2024-03-28 14:23:28] Query 5 - iteration 14 started
[2024-03-28 14:23:32] Query 5 - iteration 14 finished
[2024-03-28 14:23:33] Query 5 - iteration 15 started
[2024-03-28 14:23:38] Query 5 - iteration 15 finished
[2024-03-28 14:23:38] Query 5 - iteration 16 started
[2024-03-28 14:23:43] Query 5 - iteration 16 finished
[2024-03-28 14:23:43] Query 5 - iteration 17 started
[2024-03-28 14:23:48] Query 5 - iteration 17 finished
[2024-03-28 14:23:48] Query 5 - iteration 18 started
[2024-03-28 14:23:53] Query 5 - iteration 18 finished
[2024-03-28 14:23:54] Query 5 - iteration 19 started
[2024-03-28 14:23:59] Query 5 - iteration 19 finished
[2024-03-28 14:23:59] Query 5 - iteration 20 started
[2024-03-28 14:24:04] Query 5 - iteration 20 finished
[2024-03-28 14:24:04] Query 6 - iteration 1 started
[2024-03-28 14:24:22] Query 6 - iteration 1 finished
[2024-03-28 14:24:27] Query 6 - iteration 2 started
[2024-03-28 14:24:35] Query 6 - iteration 2 finished
[2024-03-28 14:24:40] Query 6 - iteration 3 started
[2024-03-28 14:24:49] Query 6 - iteration 3 finished
[2024-03-28 14:24:53] Query 6 - iteration 4 started
[2024-03-28 14:25:02] Query 6 - iteration 4 finished
[2024-03-28 14:25:07] Query 6 - iteration 5 started
[2024-03-28 14:25:15] Query 6 - iteration 5 finished
[2024-03-28 14:25:20] Query 6 - iteration 6 started
[2024-03-28 14:25:28] Query 6 - iteration 6 finished
[2024-03-28 14:25:33] Query 6 - iteration 7 started
[2024-03-28 14:25:43] Query 6 - iteration 7 finished
[2024-03-28 14:25:48] Query 6 - iteration 8 started
[2024-03-28 14:25:57] Query 6 - iteration 8 finished
[2024-03-28 14:26:02] Query 6 - iteration 9 started
[2024-03-28 14:26:10] Query 6 - iteration 9 finished
[2024-03-28 14:26:15] Query 6 - iteration 10 started
[2024-03-28 14:26:24] Query 6 - iteration 10 finished
[2024-03-28 14:26:28] Query 6 - iteration 11 started
[2024-03-28 14:26:37] Query 6 - iteration 11 finished
[2024-03-28 14:26:42] Query 6 - iteration 12 started
[2024-03-28 14:26:52] Query 6 - iteration 12 finished
[2024-03-28 14:26:57] Query 6 - iteration 13 started
[2024-03-28 14:27:05] Query 6 - iteration 13 finished
[2024-03-28 14:27:10] Query 6 - iteration 14 started
[2024-03-28 14:27:19] Query 6 - iteration 14 finished
[2024-03-28 14:27:24] Query 6 - iteration 15 started
[2024-03-28 14:27:32] Query 6 - iteration 15 finished
[2024-03-28 14:27:37] Query 6 - iteration 16 started
[2024-03-28 14:27:45] Query 6 - iteration 16 finished
[2024-03-28 14:27:50] Query 6 - iteration 17 started
[2024-03-28 14:27:59] Query 6 - iteration 17 finished
[2024-03-28 14:28:04] Query 6 - iteration 18 started
[2024-03-28 14:28:12] Query 6 - iteration 18 finished
[2024-03-28 14:28:17] Query 6 - iteration 19 started
[2024-03-28 14:28:26] Query 6 - iteration 19 finished
[2024-03-28 14:28:31] Query 6 - iteration 20 started
[2024-03-28 14:28:39] Query 6 - iteration 20 finished
[2024-03-28 14:28:45] Query 7 - iteration 1 started
[2024-03-28 14:28:58] Query 7 - iteration 1 finished
[2024-03-28 14:28:58] Query 7 - iteration 2 started
[2024-03-28 14:29:08] Query 7 - iteration 2 finished
[2024-03-28 14:29:09] Query 7 - iteration 3 started
[2024-03-28 14:29:19] Query 7 - iteration 3 finished
[2024-03-28 14:29:19] Query 7 - iteration 4 started
[2024-03-28 14:29:30] Query 7 - iteration 4 finished
[2024-03-28 14:29:30] Query 7 - iteration 5 started
[2024-03-28 14:29:41] Query 7 - iteration 5 finished
[2024-03-28 14:29:41] Query 7 - iteration 6 started
[2024-03-28 14:29:51] Query 7 - iteration 6 finished
[2024-03-28 14:29:52] Query 7 - iteration 7 started
[2024-03-28 14:30:02] Query 7 - iteration 7 finished
[2024-03-28 14:30:02] Query 7 - iteration 8 started
[2024-03-28 14:30:13] Query 7 - iteration 8 finished
[2024-03-28 14:30:13] Query 7 - iteration 9 started
[2024-03-28 14:30:24] Query 7 - iteration 9 finished
[2024-03-28 14:30:24] Query 7 - iteration 10 started
[2024-03-28 14:30:34] Query 7 - iteration 10 finished
[2024-03-28 14:30:35] Query 7 - iteration 11 started
[2024-03-28 14:30:45] Query 7 - iteration 11 finished
[2024-03-28 14:30:45] Query 7 - iteration 12 started
[2024-03-28 14:30:56] Query 7 - iteration 12 finished
[2024-03-28 14:30:56] Query 7 - iteration 13 started
[2024-03-28 14:31:06] Query 7 - iteration 13 finished
[2024-03-28 14:31:07] Query 7 - iteration 14 started
[2024-03-28 14:31:17] Query 7 - iteration 14 finished
[2024-03-28 14:31:18] Query 7 - iteration 15 started
[2024-03-28 14:31:28] Query 7 - iteration 15 finished
[2024-03-28 14:31:28] Query 7 - iteration 16 started
[2024-03-28 14:31:39] Query 7 - iteration 16 finished
[2024-03-28 14:31:39] Query 7 - iteration 17 started
[2024-03-28 14:31:50] Query 7 - iteration 17 finished
[2024-03-28 14:31:50] Query 7 - iteration 18 started
[2024-03-28 14:32:00] Query 7 - iteration 18 finished
[2024-03-28 14:32:01] Query 7 - iteration 19 started
[2024-03-28 14:32:11] Query 7 - iteration 19 finished
[2024-03-28 14:32:12] Query 7 - iteration 20 started
[2024-03-28 14:32:22] Query 7 - iteration 20 finished
[2024-03-28 14:32:22] Query 8 - iteration 1 started
[2024-03-28 14:32:23] Query 8 - iteration 1 finished
[2024-03-28 14:32:24] Query 8 - iteration 2 started
[2024-03-28 14:32:25] Query 8 - iteration 2 finished
[2024-03-28 14:32:25] Query 8 - iteration 3 started
[2024-03-28 14:32:26] Query 8 - iteration 3 finished
[2024-03-28 14:32:26] Query 8 - iteration 4 started
[2024-03-28 14:32:27] Query 8 - iteration 4 finished
[2024-03-28 14:32:27] Query 8 - iteration 5 started
[2024-03-28 14:32:28] Query 8 - iteration 5 finished
[2024-03-28 14:32:28] Query 8 - iteration 6 started
[2024-03-28 14:32:29] Query 8 - iteration 6 finished
[2024-03-28 14:32:29] Query 8 - iteration 7 started
[2024-03-28 14:32:30] Query 8 - iteration 7 finished
[2024-03-28 14:32:30] Query 8 - iteration 8 started
[2024-03-28 14:32:31] Query 8 - iteration 8 finished
[2024-03-28 14:32:32] Query 8 - iteration 9 started
[2024-03-28 14:32:33] Query 8 - iteration 9 finished
[2024-03-28 14:32:33] Query 8 - iteration 10 started
[2024-03-28 14:32:34] Query 8 - iteration 10 finished
[2024-03-28 14:32:34] Query 8 - iteration 11 started
[2024-03-28 14:32:35] Query 8 - iteration 11 finished
[2024-03-28 14:32:35] Query 8 - iteration 12 started
[2024-03-28 14:32:36] Query 8 - iteration 12 finished
[2024-03-28 14:32:36] Query 8 - iteration 13 started
[2024-03-28 14:32:37] Query 8 - iteration 13 finished
[2024-03-28 14:32:37] Query 8 - iteration 14 started
[2024-03-28 14:32:38] Query 8 - iteration 14 finished
[2024-03-28 14:32:39] Query 8 - iteration 15 started
[2024-03-28 14:32:40] Query 8 - iteration 15 finished
[2024-03-28 14:32:40] Query 8 - iteration 16 started
[2024-03-28 14:32:41] Query 8 - iteration 16 finished
[2024-03-28 14:32:41] Query 8 - iteration 17 started
[2024-03-28 14:32:42] Query 8 - iteration 17 finished
[2024-03-28 14:32:42] Query 8 - iteration 18 started
[2024-03-28 14:32:43] Query 8 - iteration 18 finished
[2024-03-28 14:32:43] Query 8 - iteration 19 started
[2024-03-28 14:32:44] Query 8 - iteration 19 finished
[2024-03-28 14:32:44] Query 8 - iteration 20 started
[2024-03-28 14:32:45] Query 8 - iteration 20 finished
[2024-03-28 14:32:45] Query 9-1 - iteration 1 started
[2024-03-28 14:32:47] Query 9-1 - iteration 1 finished
[2024-03-28 14:32:49] Query 9-1 - iteration 2 started
[2024-03-28 14:32:50] Query 9-1 - iteration 2 finished
[2024-03-28 14:32:52] Query 9-1 - iteration 3 started
[2024-03-28 14:32:53] Query 9-1 - iteration 3 finished
[2024-03-28 14:32:55] Query 9-1 - iteration 4 started
[2024-03-28 14:32:56] Query 9-1 - iteration 4 finished
[2024-03-28 14:32:58] Query 9-1 - iteration 5 started
[2024-03-28 14:33:00] Query 9-1 - iteration 5 finished
[2024-03-28 14:33:01] Query 9-1 - iteration 6 started
[2024-03-28 14:33:03] Query 9-1 - iteration 6 finished
[2024-03-28 14:33:04] Query 9-1 - iteration 7 started
[2024-03-28 14:33:06] Query 9-1 - iteration 7 finished
[2024-03-28 14:33:07] Query 9-1 - iteration 8 started
[2024-03-28 14:33:09] Query 9-1 - iteration 8 finished
[2024-03-28 14:33:10] Query 9-1 - iteration 9 started
[2024-03-28 14:33:12] Query 9-1 - iteration 9 finished
[2024-03-28 14:33:13] Query 9-1 - iteration 10 started
[2024-03-28 14:33:15] Query 9-1 - iteration 10 finished
[2024-03-28 14:33:16] Query 9-1 - iteration 11 started
[2024-03-28 14:33:18] Query 9-1 - iteration 11 finished
[2024-03-28 14:33:19] Query 9-1 - iteration 12 started
[2024-03-28 14:33:20] Query 9-1 - iteration 12 finished
[2024-03-28 14:33:22] Query 9-1 - iteration 13 started
[2024-03-28 14:33:24] Query 9-1 - iteration 13 finished
[2024-03-28 14:33:25] Query 9-1 - iteration 14 started
[2024-03-28 14:33:27] Query 9-1 - iteration 14 finished
[2024-03-28 14:33:29] Query 9-1 - iteration 15 started
[2024-03-28 14:33:30] Query 9-1 - iteration 15 finished
[2024-03-28 14:33:32] Query 9-1 - iteration 16 started
[2024-03-28 14:33:34] Query 9-1 - iteration 16 finished
[2024-03-28 14:33:35] Query 9-1 - iteration 17 started
[2024-03-28 14:33:37] Query 9-1 - iteration 17 finished
[2024-03-28 14:33:38] Query 9-1 - iteration 18 started
[2024-03-28 14:33:40] Query 9-1 - iteration 18 finished
[2024-03-28 14:33:41] Query 9-1 - iteration 19 started
[2024-03-28 14:33:43] Query 9-1 - iteration 19 finished
[2024-03-28 14:33:44] Query 9-1 - iteration 20 started
[2024-03-28 14:33:46] Query 9-1 - iteration 20 finished
[2024-03-28 14:33:47] Query 9-2 - iteration 1 started
[2024-03-28 14:33:48] Query 9-2 - iteration 1 finished
[2024-03-28 14:33:49] Query 9-2 - iteration 2 started
[2024-03-28 14:33:50] Query 9-2 - iteration 2 finished
[2024-03-28 14:33:52] Query 9-2 - iteration 3 started
[2024-03-28 14:33:53] Query 9-2 - iteration 3 finished
[2024-03-28 14:33:54] Query 9-2 - iteration 4 started
[2024-03-28 14:33:55] Query 9-2 - iteration 4 finished
[2024-03-28 14:33:57] Query 9-2 - iteration 5 started
[2024-03-28 14:33:58] Query 9-2 - iteration 5 finished
[2024-03-28 14:33:59] Query 9-2 - iteration 6 started
[2024-03-28 14:34:00] Query 9-2 - iteration 6 finished
[2024-03-28 14:34:01] Query 9-2 - iteration 7 started
[2024-03-28 14:34:02] Query 9-2 - iteration 7 finished
[2024-03-28 14:34:03] Query 9-2 - iteration 8 started
[2024-03-28 14:34:04] Query 9-2 - iteration 8 finished
[2024-03-28 14:34:06] Query 9-2 - iteration 9 started
[2024-03-28 14:34:07] Query 9-2 - iteration 9 finished
[2024-03-28 14:34:08] Query 9-2 - iteration 10 started
[2024-03-28 14:34:09] Query 9-2 - iteration 10 finished
[2024-03-28 14:34:11] Query 9-2 - iteration 11 started
[2024-03-28 14:34:12] Query 9-2 - iteration 11 finished
[2024-03-28 14:34:13] Query 9-2 - iteration 12 started
[2024-03-28 14:34:14] Query 9-2 - iteration 12 finished
[2024-03-28 14:34:16] Query 9-2 - iteration 13 started
[2024-03-28 14:34:17] Query 9-2 - iteration 13 finished
[2024-03-28 14:34:18] Query 9-2 - iteration 14 started
[2024-03-28 14:34:19] Query 9-2 - iteration 14 finished
[2024-03-28 14:34:21] Query 9-2 - iteration 15 started
[2024-03-28 14:34:21] Query 9-2 - iteration 15 finished
[2024-03-28 14:34:23] Query 9-2 - iteration 16 started
[2024-03-28 14:34:24] Query 9-2 - iteration 16 finished
[2024-03-28 14:34:25] Query 9-2 - iteration 17 started
[2024-03-28 14:34:26] Query 9-2 - iteration 17 finished
[2024-03-28 14:34:27] Query 9-2 - iteration 18 started
[2024-03-28 14:34:28] Query 9-2 - iteration 18 finished
[2024-03-28 14:34:30] Query 9-2 - iteration 19 started
[2024-03-28 14:34:31] Query 9-2 - iteration 19 finished
[2024-03-28 14:34:32] Query 9-2 - iteration 20 started
[2024-03-28 14:34:33] Query 9-2 - iteration 20 finished
[2024-03-28 14:34:34] Query testing finished
