[2024-03-24 23:34:35] Starting init
[2024-03-24 23:34:35] Creating nodes
[2024-03-24 23:34:35] Importing customers
Connected to ArangoDB 'http+tcp://127.0.0.1:8529, version: 3.11.3, database: '_system', username: 'root'
----------------------------------------
database:               _system
collection:             customers
overwrite coll. prefix: no
create:                 yes
create database:        no
source filename:        data_256k/nodes/customers.json
file type:              jsonl
threads:                8
on duplicate:           error
connect timeout:        5
request timeout:        1200
----------------------------------------
Starting JSON import...
2024-03-24T23:34:35Z [213] INFO [9ddf3] {general} processed 1.0 MB (3%) of input file
2024-03-24T23:34:35Z [213] INFO [9ddf3] {general} processed 2.0 MB (19%) of input file
2024-03-24T23:34:35Z [213] INFO [9ddf3] {general} processed 3.1 MB (35%) of input file
2024-03-24T23:34:35Z [213] INFO [9ddf3] {general} processed 4.1 MB (51%) of input file
2024-03-24T23:34:35Z [213] INFO [9ddf3] {general} processed 5.2 MB (67%) of input file
2024-03-24T23:34:35Z [213] INFO [9ddf3] {general} processed 6.2 MB (83%) of input file
2024-03-24T23:34:35Z [213] INFO [9ddf3] {general} processed 6.5 MB (99%) of input file

created:          170627
warnings/errors:  0
updated/replaced: 0
ignored:          0
[2024-03-24 23:34:38] Finished importing customers
[2024-03-24 23:34:38] Importing orders
Connected to ArangoDB 'http+tcp://127.0.0.1:8529, version: 3.11.3, database: '_system', username: 'root'
----------------------------------------
database:               _system
collection:             orders
overwrite coll. prefix: no
create:                 yes
create database:        no
source filename:        data_256k/nodes/orders.json
file type:              jsonl
threads:                8
on duplicate:           error
connect timeout:        5
request timeout:        1200
----------------------------------------
Starting JSON import...
2024-03-24T23:34:38Z [233] INFO [9ddf3] {general} processed 1.0 MB (3%) of input file
2024-03-24T23:34:38Z [233] INFO [9ddf3] {general} processed 2.0 MB (11%) of input file
2024-03-24T23:34:38Z [233] INFO [9ddf3] {general} processed 3.1 MB (20%) of input file
2024-03-24T23:34:38Z [233] INFO [9ddf3] {general} processed 4.1 MB (29%) of input file
2024-03-24T23:34:38Z [233] INFO [9ddf3] {general} processed 5.2 MB (38%) of input file
2024-03-24T23:34:38Z [233] INFO [9ddf3] {general} processed 6.2 MB (47%) of input file
2024-03-24T23:34:38Z [233] INFO [9ddf3] {general} processed 7.3 MB (56%) of input file
2024-03-24T23:34:38Z [233] INFO [9ddf3] {general} processed 8.3 MB (65%) of input file
2024-03-24T23:34:38Z [233] INFO [9ddf3] {general} processed 9.4 MB (73%) of input file
2024-03-24T23:34:38Z [233] INFO [9ddf3] {general} processed 10.4 MB (82%) of input file
2024-03-24T23:34:38Z [233] INFO [9ddf3] {general} processed 11.5 MB (91%) of input file
2024-03-24T23:34:38Z [233] INFO [9ddf3] {general} processed 11.8 MB (100%) of input file

created:          341365
warnings/errors:  0
updated/replaced: 0
ignored:          0
[2024-03-24 23:34:41] Finished importing orders
[2024-03-24 23:34:41] Importing persons
Connected to ArangoDB 'http+tcp://127.0.0.1:8529, version: 3.11.3, database: '_system', username: 'root'
----------------------------------------
database:               _system
collection:             persons
overwrite coll. prefix: no
create:                 yes
create database:        no
source filename:        data_256k/nodes/persons.json
file type:              jsonl
threads:                8
on duplicate:           error
connect timeout:        5
request timeout:        1200
----------------------------------------
Starting JSON import...
2024-03-24T23:34:41Z [256] INFO [9ddf3] {general} processed 2.0 MB (3%) of input file
2024-03-24T23:34:41Z [256] INFO [9ddf3] {general} processed 4.1 MB (6%) of input file
2024-03-24T23:34:41Z [256] INFO [9ddf3] {general} processed 6.2 MB (10%) of input file
2024-03-24T23:34:41Z [256] INFO [9ddf3] {general} processed 8.3 MB (13%) of input file
2024-03-24T23:34:41Z [256] INFO [9ddf3] {general} processed 10.4 MB (17%) of input file
2024-03-24T23:34:41Z [256] INFO [9ddf3] {general} processed 12.5 MB (21%) of input file
2024-03-24T23:34:41Z [256] INFO [9ddf3] {general} processed 14.6 MB (24%) of input file
2024-03-24T23:34:41Z [256] INFO [9ddf3] {general} processed 16.7 MB (28%) of input file
2024-03-24T23:34:41Z [256] INFO [9ddf3] {general} processed 18.8 MB (31%) of input file
2024-03-24T23:34:41Z [256] INFO [9ddf3] {general} processed 20.9 MB (35%) of input file
2024-03-24T23:34:41Z [256] INFO [9ddf3] {general} processed 23.0 MB (39%) of input file
2024-03-24T23:34:41Z [256] INFO [9ddf3] {general} processed 25.1 MB (42%) of input file
2024-03-24T23:34:41Z [256] INFO [9ddf3] {general} processed 27.2 MB (46%) of input file
2024-03-24T23:34:41Z [256] INFO [9ddf3] {general} processed 29.3 MB (50%) of input file
2024-03-24T23:34:41Z [256] INFO [9ddf3] {general} processed 31.4 MB (53%) of input file
2024-03-24T23:34:41Z [256] INFO [9ddf3] {general} processed 33.5 MB (57%) of input file
2024-03-24T23:34:41Z [256] INFO [9ddf3] {general} processed 35.6 MB (60%) of input file
2024-03-24T23:34:41Z [256] INFO [9ddf3] {general} processed 37.7 MB (64%) of input file
2024-03-24T23:34:41Z [256] INFO [9ddf3] {general} processed 39.8 MB (68%) of input file
2024-03-24T23:34:41Z [256] INFO [9ddf3] {general} processed 41.9 MB (71%) of input file
2024-03-24T23:34:41Z [256] INFO [9ddf3] {general} processed 44.0 MB (75%) of input file
2024-03-24T23:34:41Z [256] INFO [9ddf3] {general} processed 46.1 MB (78%) of input file
2024-03-24T23:34:41Z [256] INFO [9ddf3] {general} processed 48.2 MB (82%) of input file
2024-03-24T23:34:41Z [256] INFO [9ddf3] {general} processed 50.3 MB (86%) of input file
2024-03-24T23:34:41Z [256] INFO [9ddf3] {general} processed 52.4 MB (89%) of input file
2024-03-24T23:34:41Z [256] INFO [9ddf3] {general} processed 54.5 MB (93%) of input file
2024-03-24T23:34:41Z [256] INFO [9ddf3] {general} processed 56.6 MB (97%) of input file
2024-03-24T23:34:41Z [256] INFO [9ddf3] {general} processed 58.0 MB (100%) of input file

created:          256000
warnings/errors:  0
updated/replaced: 0
ignored:          0
[2024-03-24 23:34:44] Finished importing persons
[2024-03-24 23:34:44] Importing posts
Connected to ArangoDB 'http+tcp://127.0.0.1:8529, version: 3.11.3, database: '_system', username: 'root'
----------------------------------------
database:               _system
collection:             posts
overwrite coll. prefix: no
create:                 yes
create database:        no
source filename:        data_256k/nodes/posts.json
file type:              jsonl
threads:                8
on duplicate:           error
connect timeout:        5
request timeout:        1200
----------------------------------------
Starting JSON import...
2024-03-24T23:34:44Z [284] INFO [9ddf3] {general} processed 6.2 MB (3%) of input file
2024-03-24T23:34:44Z [284] INFO [9ddf3] {general} processed 12.5 MB (6%) of input file
2024-03-24T23:34:44Z [284] INFO [9ddf3] {general} processed 18.8 MB (9%) of input file
2024-03-24T23:34:44Z [284] INFO [9ddf3] {general} processed 24.1 MB (12%) of input file
2024-03-24T23:34:44Z [284] INFO [9ddf3] {general} processed 30.4 MB (15%) of input file
2024-03-24T23:34:44Z [284] INFO [9ddf3] {general} processed 36.7 MB (18%) of input file
2024-03-24T23:34:44Z [284] INFO [9ddf3] {general} processed 41.9 MB (21%) of input file
2024-03-24T23:34:44Z [284] INFO [9ddf3] {general} processed 48.2 MB (24%) of input file
2024-03-24T23:34:44Z [284] INFO [9ddf3] {general} processed 54.5 MB (27%) of input file
2024-03-24T23:34:44Z [284] INFO [9ddf3] {general} processed 59.7 MB (30%) of input file
2024-03-24T23:34:44Z [284] INFO [9ddf3] {general} processed 66.0 MB (33%) of input file
2024-03-24T23:34:44Z [284] INFO [9ddf3] {general} processed 72.3 MB (36%) of input file
2024-03-24T23:34:44Z [284] INFO [9ddf3] {general} processed 78.6 MB (39%) of input file
2024-03-24T23:34:44Z [284] INFO [9ddf3] {general} processed 83.8 MB (42%) of input file
2024-03-24T23:34:44Z [284] INFO [9ddf3] {general} processed 90.1 MB (45%) of input file
2024-03-24T23:34:45Z [284] INFO [9ddf3] {general} processed 96.4 MB (48%) of input file
2024-03-24T23:34:45Z [284] INFO [9ddf3] {general} processed 101.7 MB (51%) of input file
2024-03-24T23:34:45Z [284] INFO [9ddf3] {general} processed 108.0 MB (54%) of input file
2024-03-24T23:34:45Z [284] INFO [9ddf3] {general} processed 114.2 MB (57%) of input file
2024-03-24T23:34:45Z [284] INFO [9ddf3] {general} processed 119.5 MB (60%) of input file
2024-03-24T23:34:45Z [284] INFO [9ddf3] {general} processed 125.8 MB (63%) of input file
2024-03-24T23:34:45Z [284] INFO [9ddf3] {general} processed 132.1 MB (66%) of input file
2024-03-24T23:34:46Z [284] INFO [9ddf3] {general} processed 137.3 MB (69%) of input file
2024-03-24T23:34:46Z [284] INFO [9ddf3] {general} processed 143.6 MB (72%) of input file
2024-03-24T23:34:46Z [284] INFO [9ddf3] {general} processed 149.9 MB (75%) of input file
2024-03-24T23:34:46Z [284] INFO [9ddf3] {general} processed 156.2 MB (78%) of input file
2024-03-24T23:34:46Z [284] INFO [9ddf3] {general} processed 161.4 MB (81%) of input file
2024-03-24T23:34:46Z [284] INFO [9ddf3] {general} processed 167.7 MB (84%) of input file
2024-03-24T23:34:46Z [284] INFO [9ddf3] {general} processed 174.0 MB (87%) of input file
2024-03-24T23:34:46Z [284] INFO [9ddf3] {general} processed 179.3 MB (90%) of input file
2024-03-24T23:34:46Z [284] INFO [9ddf3] {general} processed 185.5 MB (93%) of input file
2024-03-24T23:34:46Z [284] INFO [9ddf3] {general} processed 191.8 MB (96%) of input file
2024-03-24T23:34:46Z [284] INFO [9ddf3] {general} processed 197.1 MB (99%) of input file

created:          256000
warnings/errors:  0
updated/replaced: 0
ignored:          0
[2024-03-24 23:34:46] Finished importing posts
[2024-03-24 23:34:46] Importing products
Connected to ArangoDB 'http+tcp://127.0.0.1:8529, version: 3.11.3, database: '_system', username: 'root'
----------------------------------------
database:               _system
collection:             products
overwrite coll. prefix: no
create:                 yes
create database:        no
source filename:        data_256k/nodes/products.json
file type:              jsonl
threads:                8
on duplicate:           error
connect timeout:        5
request timeout:        1200
----------------------------------------
Starting JSON import...
2024-03-24T23:34:46Z [307] INFO [9ddf3] {general} processed 2.0 MB (3%) of input file
2024-03-24T23:34:46Z [307] INFO [9ddf3] {general} processed 4.1 MB (7%) of input file
2024-03-24T23:34:46Z [307] INFO [9ddf3] {general} processed 6.2 MB (11%) of input file
2024-03-24T23:34:46Z [307] INFO [9ddf3] {general} processed 8.3 MB (16%) of input file
2024-03-24T23:34:46Z [307] INFO [9ddf3] {general} processed 10.4 MB (20%) of input file
2024-03-24T23:34:46Z [307] INFO [9ddf3] {general} processed 12.5 MB (24%) of input file
2024-03-24T23:34:46Z [307] INFO [9ddf3] {general} processed 14.6 MB (29%) of input file
2024-03-24T23:34:46Z [307] INFO [9ddf3] {general} processed 16.7 MB (33%) of input file
2024-03-24T23:34:46Z [307] INFO [9ddf3] {general} processed 18.8 MB (37%) of input file
2024-03-24T23:34:46Z [307] INFO [9ddf3] {general} processed 20.9 MB (42%) of input file
2024-03-24T23:34:46Z [307] INFO [9ddf3] {general} processed 23.0 MB (46%) of input file
2024-03-24T23:34:46Z [307] INFO [9ddf3] {general} processed 25.1 MB (50%) of input file
2024-03-24T23:34:46Z [307] INFO [9ddf3] {general} processed 27.2 MB (55%) of input file
2024-03-24T23:34:46Z [307] INFO [9ddf3] {general} processed 29.3 MB (59%) of input file
2024-03-24T23:34:46Z [307] INFO [9ddf3] {general} processed 31.4 MB (63%) of input file
2024-03-24T23:34:46Z [307] INFO [9ddf3] {general} processed 33.5 MB (68%) of input file
2024-03-24T23:34:46Z [307] INFO [9ddf3] {general} processed 35.6 MB (72%) of input file
2024-03-24T23:34:46Z [307] INFO [9ddf3] {general} processed 37.7 MB (76%) of input file
2024-03-24T23:34:46Z [307] INFO [9ddf3] {general} processed 39.8 MB (81%) of input file
2024-03-24T23:34:46Z [307] INFO [9ddf3] {general} processed 41.9 MB (85%) of input file
2024-03-24T23:34:46Z [307] INFO [9ddf3] {general} processed 44.0 MB (89%) of input file
2024-03-24T23:34:46Z [307] INFO [9ddf3] {general} processed 46.1 MB (94%) of input file
2024-03-24T23:34:46Z [307] INFO [9ddf3] {general} processed 48.2 MB (98%) of input file

created:          256000
warnings/errors:  0
updated/replaced: 0
ignored:          0
[2024-03-24 23:34:48] Finished importing products
[2024-03-24 23:34:48] Importing tags
Connected to ArangoDB 'http+tcp://127.0.0.1:8529, version: 3.11.3, database: '_system', username: 'root'
----------------------------------------
database:               _system
collection:             tags
overwrite coll. prefix: no
create:                 yes
create database:        no
source filename:        data_256k/nodes/tags.json
file type:              jsonl
threads:                8
on duplicate:           error
connect timeout:        5
request timeout:        1200
----------------------------------------
Starting JSON import...
2024-03-24T23:34:48Z [331] INFO [9ddf3] {general} processed 1.0 MB (3%) of input file
2024-03-24T23:34:48Z [331] INFO [9ddf3] {general} processed 2.0 MB (9%) of input file
2024-03-24T23:34:48Z [331] INFO [9ddf3] {general} processed 3.1 MB (15%) of input file
2024-03-24T23:34:48Z [331] INFO [9ddf3] {general} processed 4.1 MB (21%) of input file
2024-03-24T23:34:48Z [331] INFO [9ddf3] {general} processed 5.2 MB (28%) of input file
2024-03-24T23:34:48Z [331] INFO [9ddf3] {general} processed 6.2 MB (34%) of input file
2024-03-24T23:34:48Z [331] INFO [9ddf3] {general} processed 7.3 MB (40%) of input file
2024-03-24T23:34:48Z [331] INFO [9ddf3] {general} processed 8.3 MB (47%) of input file
2024-03-24T23:34:48Z [331] INFO [9ddf3] {general} processed 9.4 MB (53%) of input file
2024-03-24T23:34:48Z [331] INFO [9ddf3] {general} processed 10.4 MB (59%) of input file
2024-03-24T23:34:48Z [331] INFO [9ddf3] {general} processed 11.5 MB (66%) of input file
2024-03-24T23:34:48Z [331] INFO [9ddf3] {general} processed 12.5 MB (72%) of input file
2024-03-24T23:34:48Z [331] INFO [9ddf3] {general} processed 13.6 MB (78%) of input file
2024-03-24T23:34:48Z [331] INFO [9ddf3] {general} processed 14.6 MB (85%) of input file
2024-03-24T23:34:48Z [331] INFO [9ddf3] {general} processed 15.7 MB (91%) of input file
2024-03-24T23:34:48Z [331] INFO [9ddf3] {general} processed 16.5 MB (97%) of input file

created:          256000
warnings/errors:  0
updated/replaced: 0
ignored:          0
[2024-03-24 23:34:50] Finished importing tags
[2024-03-24 23:34:50] Importing types
Connected to ArangoDB 'http+tcp://127.0.0.1:8529, version: 3.11.3, database: '_system', username: 'root'
----------------------------------------
database:               _system
collection:             types
overwrite coll. prefix: no
create:                 yes
create database:        no
source filename:        data_256k/nodes/types.json
file type:              jsonl
threads:                8
on duplicate:           error
connect timeout:        5
request timeout:        1200
----------------------------------------
Starting JSON import...

created:          13
warnings/errors:  0
updated/replaced: 0
ignored:          0
[2024-03-24 23:34:50] Finished importing types
[2024-03-24 23:34:50] Importing vendors
Connected to ArangoDB 'http+tcp://127.0.0.1:8529, version: 3.11.3, database: '_system', username: 'root'
----------------------------------------
database:               _system
collection:             vendors
overwrite coll. prefix: no
create:                 yes
create database:        no
source filename:        data_256k/nodes/vendors.json
file type:              jsonl
threads:                8
on duplicate:           error
connect timeout:        5
request timeout:        1200
----------------------------------------
Starting JSON import...
2024-03-24T23:34:50Z [374] INFO [9ddf3] {general} processed 1.0 MB (3%) of input file
2024-03-24T23:34:50Z [374] INFO [9ddf3] {general} processed 2.0 MB (7%) of input file
2024-03-24T23:34:50Z [374] INFO [9ddf3] {general} processed 3.1 MB (12%) of input file
2024-03-24T23:34:50Z [374] INFO [9ddf3] {general} processed 4.1 MB (17%) of input file
2024-03-24T23:34:50Z [374] INFO [9ddf3] {general} processed 5.2 MB (21%) of input file
2024-03-24T23:34:50Z [374] INFO [9ddf3] {general} processed 6.2 MB (26%) of input file
2024-03-24T23:34:50Z [374] INFO [9ddf3] {general} processed 7.3 MB (31%) of input file
2024-03-24T23:34:50Z [374] INFO [9ddf3] {general} processed 8.3 MB (35%) of input file
2024-03-24T23:34:50Z [374] INFO [9ddf3] {general} processed 9.4 MB (40%) of input file
2024-03-24T23:34:50Z [374] INFO [9ddf3] {general} processed 10.4 MB (45%) of input file
2024-03-24T23:34:50Z [374] INFO [9ddf3] {general} processed 11.5 MB (49%) of input file
2024-03-24T23:34:50Z [374] INFO [9ddf3] {general} processed 12.5 MB (54%) of input file
2024-03-24T23:34:50Z [374] INFO [9ddf3] {general} processed 13.6 MB (59%) of input file
2024-03-24T23:34:50Z [374] INFO [9ddf3] {general} processed 14.6 MB (63%) of input file
2024-03-24T23:34:50Z [374] INFO [9ddf3] {general} processed 15.7 MB (68%) of input file
2024-03-24T23:34:50Z [374] INFO [9ddf3] {general} processed 16.7 MB (73%) of input file
2024-03-24T23:34:50Z [374] INFO [9ddf3] {general} processed 17.8 MB (77%) of input file
2024-03-24T23:34:50Z [374] INFO [9ddf3] {general} processed 18.8 MB (82%) of input file
2024-03-24T23:34:50Z [374] INFO [9ddf3] {general} processed 19.9 MB (87%) of input file
2024-03-24T23:34:50Z [374] INFO [9ddf3] {general} processed 20.9 MB (91%) of input file
2024-03-24T23:34:50Z [374] INFO [9ddf3] {general} processed 22.0 MB (96%) of input file

created:          256000
warnings/errors:  0
updated/replaced: 0
ignored:          0
[2024-03-24 23:34:53] Finished importing vendors
[2024-03-24 23:34:53] Finished creating nodes
[2024-03-24 23:34:53] Creating edges
[2024-03-24 23:34:53] Importing contactType
Connected to ArangoDB 'http+tcp://127.0.0.1:8529, version: 3.11.3, database: '_system', username: 'root'
----------------------------------------
database:               _system
collection:             contactType
overwrite coll. prefix: no
create:                 yes
create database:        no
source filename:        data_256k/edges/contactType.json
file type:              jsonl
threads:                8
on duplicate:           error
connect timeout:        5
request timeout:        1200
----------------------------------------
Starting JSON import...
2024-03-24T23:34:53Z [403] INFO [9ddf3] {general} processed 5.2 MB (3%) of input file
2024-03-24T23:34:53Z [403] INFO [9ddf3] {general} processed 9.4 MB (6%) of input file
2024-03-24T23:34:53Z [403] INFO [9ddf3] {general} processed 14.6 MB (9%) of input file
2024-03-24T23:34:53Z [403] INFO [9ddf3] {general} processed 18.8 MB (12%) of input file
2024-03-24T23:34:53Z [403] INFO [9ddf3] {general} processed 23.0 MB (15%) of input file
2024-03-24T23:34:53Z [403] INFO [9ddf3] {general} processed 28.3 MB (18%) of input file
2024-03-24T23:34:53Z [403] INFO [9ddf3] {general} processed 32.5 MB (21%) of input file
2024-03-24T23:34:53Z [403] INFO [9ddf3] {general} processed 36.7 MB (24%) of input file
2024-03-24T23:34:53Z [403] INFO [9ddf3] {general} processed 41.9 MB (27%) of input file
2024-03-24T23:34:53Z [403] INFO [9ddf3] {general} processed 46.1 MB (30%) of input file
2024-03-24T23:34:53Z [403] INFO [9ddf3] {general} processed 50.3 MB (33%) of input file
2024-03-24T23:34:53Z [403] INFO [9ddf3] {general} processed 55.5 MB (36%) of input file
2024-03-24T23:34:53Z [403] INFO [9ddf3] {general} processed 59.7 MB (39%) of input file
2024-03-24T23:34:53Z [403] INFO [9ddf3] {general} processed 63.9 MB (42%) of input file
2024-03-24T23:34:53Z [403] INFO [9ddf3] {general} processed 69.2 MB (45%) of input file
2024-03-24T23:34:53Z [403] INFO [9ddf3] {general} processed 73.4 MB (48%) of input file
2024-03-24T23:34:56Z [403] INFO [9ddf3] {general} processed 77.5 MB (51%) of input file
2024-03-24T23:34:56Z [403] INFO [9ddf3] {general} processed 82.8 MB (54%) of input file
2024-03-24T23:34:56Z [403] INFO [9ddf3] {general} processed 87.0 MB (57%) of input file
2024-03-24T23:34:56Z [403] INFO [9ddf3] {general} processed 91.2 MB (60%) of input file
2024-03-24T23:34:57Z [403] INFO [9ddf3] {general} processed 96.4 MB (63%) of input file
2024-03-24T23:34:57Z [403] INFO [9ddf3] {general} processed 100.6 MB (66%) of input file
2024-03-24T23:34:57Z [403] INFO [9ddf3] {general} processed 104.8 MB (69%) of input file
2024-03-24T23:34:57Z [403] INFO [9ddf3] {general} processed 110.1 MB (72%) of input file
2024-03-24T23:34:58Z [403] INFO [9ddf3] {general} processed 114.2 MB (75%) of input file
2024-03-24T23:34:58Z [403] INFO [9ddf3] {general} processed 118.4 MB (78%) of input file
2024-03-24T23:34:58Z [403] INFO [9ddf3] {general} processed 123.7 MB (81%) of input file
2024-03-24T23:34:58Z [403] INFO [9ddf3] {general} processed 127.9 MB (84%) of input file
2024-03-24T23:34:58Z [403] INFO [9ddf3] {general} processed 132.1 MB (87%) of input file
2024-03-24T23:34:59Z [403] INFO [9ddf3] {general} processed 137.3 MB (90%) of input file
2024-03-24T23:34:59Z [403] INFO [9ddf3] {general} processed 141.5 MB (93%) of input file
2024-03-24T23:35:00Z [403] INFO [9ddf3] {general} processed 145.7 MB (96%) of input file
2024-03-24T23:35:00Z [403] INFO [9ddf3] {general} processed 150.9 MB (99%) of input file

created:          1536056
warnings/errors:  0
updated/replaced: 0
ignored:          0
[2024-03-24 23:35:04] Finished importing contactType
[2024-03-24 23:35:05] Importing containsProducts
Connected to ArangoDB 'http+tcp://127.0.0.1:8529, version: 3.11.3, database: '_system', username: 'root'
----------------------------------------
database:               _system
collection:             containsProducts
overwrite coll. prefix: no
create:                 yes
create database:        no
source filename:        data_256k/edges/containsProducts.json
file type:              jsonl
threads:                8
on duplicate:           error
connect timeout:        5
request timeout:        1200
----------------------------------------
Starting JSON import...
2024-03-24T23:35:05Z [443] INFO [9ddf3] {general} processed 3.1 MB (3%) of input file
2024-03-24T23:35:05Z [443] INFO [9ddf3] {general} processed 5.2 MB (7%) of input file
2024-03-24T23:35:05Z [443] INFO [9ddf3] {general} processed 7.3 MB (10%) of input file
2024-03-24T23:35:05Z [443] INFO [9ddf3] {general} processed 9.4 MB (13%) of input file
2024-03-24T23:35:05Z [443] INFO [9ddf3] {general} processed 12.5 MB (16%) of input file
2024-03-24T23:35:05Z [443] INFO [9ddf3] {general} processed 14.6 MB (20%) of input file
2024-03-24T23:35:05Z [443] INFO [9ddf3] {general} processed 16.7 MB (23%) of input file
2024-03-24T23:35:05Z [443] INFO [9ddf3] {general} processed 18.8 MB (26%) of input file
2024-03-24T23:35:05Z [443] INFO [9ddf3] {general} processed 22.0 MB (29%) of input file
2024-03-24T23:35:05Z [443] INFO [9ddf3] {general} processed 24.1 MB (33%) of input file
2024-03-24T23:35:05Z [443] INFO [9ddf3] {general} processed 26.2 MB (36%) of input file
2024-03-24T23:35:05Z [443] INFO [9ddf3] {general} processed 28.3 MB (39%) of input file
2024-03-24T23:35:05Z [443] INFO [9ddf3] {general} processed 30.4 MB (42%) of input file
2024-03-24T23:35:05Z [443] INFO [9ddf3] {general} processed 33.5 MB (45%) of input file
2024-03-24T23:35:05Z [443] INFO [9ddf3] {general} processed 35.6 MB (49%) of input file
2024-03-24T23:35:05Z [443] INFO [9ddf3] {general} processed 37.7 MB (52%) of input file
2024-03-24T23:35:05Z [443] INFO [9ddf3] {general} processed 39.8 MB (55%) of input file
2024-03-24T23:35:05Z [443] INFO [9ddf3] {general} processed 42.9 MB (58%) of input file
2024-03-24T23:35:05Z [443] INFO [9ddf3] {general} processed 45.0 MB (62%) of input file
2024-03-24T23:35:05Z [443] INFO [9ddf3] {general} processed 47.1 MB (65%) of input file
2024-03-24T23:35:05Z [443] INFO [9ddf3] {general} processed 49.2 MB (68%) of input file
2024-03-24T23:35:05Z [443] INFO [9ddf3] {general} processed 51.3 MB (71%) of input file
2024-03-24T23:35:05Z [443] INFO [9ddf3] {general} processed 54.5 MB (74%) of input file
2024-03-24T23:35:05Z [443] INFO [9ddf3] {general} processed 56.6 MB (78%) of input file
2024-03-24T23:35:05Z [443] INFO [9ddf3] {general} processed 58.7 MB (81%) of input file
2024-03-24T23:35:05Z [443] INFO [9ddf3] {general} processed 60.8 MB (84%) of input file
2024-03-24T23:35:05Z [443] INFO [9ddf3] {general} processed 63.9 MB (87%) of input file
2024-03-24T23:35:05Z [443] INFO [9ddf3] {general} processed 66.0 MB (91%) of input file
2024-03-24T23:35:05Z [443] INFO [9ddf3] {general} processed 68.1 MB (94%) of input file
2024-03-24T23:35:05Z [443] INFO [9ddf3] {general} processed 70.2 MB (97%) of input file
2024-03-24T23:35:05Z [443] INFO [9ddf3] {general} processed 72.3 MB (100%) of input file

created:          1025494
warnings/errors:  0
updated/replaced: 0
ignored:          0
[2024-03-24 23:35:13] Finished importing containsProducts
[2024-03-24 23:35:13] Importing createdBy
Connected to ArangoDB 'http+tcp://127.0.0.1:8529, version: 3.11.3, database: '_system', username: 'root'
----------------------------------------
database:               _system
collection:             createdBy
overwrite coll. prefix: no
create:                 yes
create database:        no
source filename:        data_256k/edges/createdBy.json
file type:              jsonl
threads:                8
on duplicate:           error
connect timeout:        5
request timeout:        1200
----------------------------------------
Starting JSON import...
2024-03-24T23:35:13Z [485] INFO [9ddf3] {general} processed 1.0 MB (3%) of input file
2024-03-24T23:35:13Z [485] INFO [9ddf3] {general} processed 2.0 MB (10%) of input file
2024-03-24T23:35:13Z [485] INFO [9ddf3] {general} processed 3.1 MB (17%) of input file
2024-03-24T23:35:13Z [485] INFO [9ddf3] {general} processed 4.1 MB (24%) of input file
2024-03-24T23:35:13Z [485] INFO [9ddf3] {general} processed 5.2 MB (31%) of input file
2024-03-24T23:35:13Z [485] INFO [9ddf3] {general} processed 6.2 MB (38%) of input file
2024-03-24T23:35:13Z [485] INFO [9ddf3] {general} processed 7.3 MB (45%) of input file
2024-03-24T23:35:13Z [485] INFO [9ddf3] {general} processed 8.3 MB (52%) of input file
2024-03-24T23:35:13Z [485] INFO [9ddf3] {general} processed 9.4 MB (59%) of input file
2024-03-24T23:35:13Z [485] INFO [9ddf3] {general} processed 10.4 MB (66%) of input file
2024-03-24T23:35:13Z [485] INFO [9ddf3] {general} processed 11.5 MB (73%) of input file
2024-03-24T23:35:13Z [485] INFO [9ddf3] {general} processed 12.5 MB (80%) of input file
2024-03-24T23:35:13Z [485] INFO [9ddf3] {general} processed 13.6 MB (87%) of input file
2024-03-24T23:35:13Z [485] INFO [9ddf3] {general} processed 14.6 MB (94%) of input file

created:          256000
warnings/errors:  0
updated/replaced: 0
ignored:          0
[2024-03-24 23:35:18] Finished importing createdBy
[2024-03-24 23:35:18] Importing hasInterest
Connected to ArangoDB 'http+tcp://127.0.0.1:8529, version: 3.11.3, database: '_system', username: 'root'
----------------------------------------
database:               _system
collection:             hasInterest
overwrite coll. prefix: no
create:                 yes
create database:        no
source filename:        data_256k/edges/hasInterest.json
file type:              jsonl
threads:                8
on duplicate:           error
connect timeout:        5
request timeout:        1200
----------------------------------------
Starting JSON import...
2024-03-24T23:35:18Z [512] INFO [9ddf3] {general} processed 3.1 MB (3%) of input file
2024-03-24T23:35:18Z [512] INFO [9ddf3] {general} processed 5.2 MB (7%) of input file
2024-03-24T23:35:18Z [512] INFO [9ddf3] {general} processed 8.3 MB (10%) of input file
2024-03-24T23:35:18Z [512] INFO [9ddf3] {general} processed 10.4 MB (14%) of input file
2024-03-24T23:35:18Z [512] INFO [9ddf3] {general} processed 12.5 MB (17%) of input file
2024-03-24T23:35:18Z [512] INFO [9ddf3] {general} processed 15.7 MB (20%) of input file
2024-03-24T23:35:18Z [512] INFO [9ddf3] {general} processed 17.8 MB (24%) of input file
2024-03-24T23:35:18Z [512] INFO [9ddf3] {general} processed 19.9 MB (27%) of input file
2024-03-24T23:35:18Z [512] INFO [9ddf3] {general} processed 23.0 MB (30%) of input file
2024-03-24T23:35:18Z [512] INFO [9ddf3] {general} processed 25.1 MB (34%) of input file
2024-03-24T23:35:18Z [512] INFO [9ddf3] {general} processed 27.2 MB (37%) of input file
2024-03-24T23:35:18Z [512] INFO [9ddf3] {general} processed 30.4 MB (40%) of input file
2024-03-24T23:35:18Z [512] INFO [9ddf3] {general} processed 32.5 MB (44%) of input file
2024-03-24T23:35:18Z [512] INFO [9ddf3] {general} processed 34.6 MB (47%) of input file
2024-03-24T23:35:18Z [512] INFO [9ddf3] {general} processed 37.7 MB (50%) of input file
2024-03-24T23:35:18Z [512] INFO [9ddf3] {general} processed 39.8 MB (54%) of input file
2024-03-24T23:35:18Z [512] INFO [9ddf3] {general} processed 42.9 MB (57%) of input file
2024-03-24T23:35:18Z [512] INFO [9ddf3] {general} processed 45.0 MB (61%) of input file
2024-03-24T23:35:18Z [512] INFO [9ddf3] {general} processed 47.1 MB (64%) of input file
2024-03-24T23:35:18Z [512] INFO [9ddf3] {general} processed 50.3 MB (67%) of input file
2024-03-24T23:35:18Z [512] INFO [9ddf3] {general} processed 52.4 MB (71%) of input file
2024-03-24T23:35:18Z [512] INFO [9ddf3] {general} processed 54.5 MB (74%) of input file
2024-03-24T23:35:18Z [512] INFO [9ddf3] {general} processed 57.6 MB (77%) of input file
2024-03-24T23:35:18Z [512] INFO [9ddf3] {general} processed 59.7 MB (81%) of input file
2024-03-24T23:35:18Z [512] INFO [9ddf3] {general} processed 61.8 MB (84%) of input file
2024-03-24T23:35:18Z [512] INFO [9ddf3] {general} processed 65.0 MB (87%) of input file
2024-03-24T23:35:18Z [512] INFO [9ddf3] {general} processed 67.1 MB (91%) of input file
2024-03-24T23:35:18Z [512] INFO [9ddf3] {general} processed 69.2 MB (94%) of input file
2024-03-24T23:35:18Z [512] INFO [9ddf3] {general} processed 72.3 MB (97%) of input file

created:          1281585
warnings/errors:  0
updated/replaced: 0
ignored:          0
[2024-03-24 23:35:29] Finished importing hasInterest
[2024-03-24 23:35:29] Importing hasTag
Connected to ArangoDB 'http+tcp://127.0.0.1:8529, version: 3.11.3, database: '_system', username: 'root'
----------------------------------------
database:               _system
collection:             hasTag
overwrite coll. prefix: no
create:                 yes
create database:        no
source filename:        data_256k/edges/hasTag.json
file type:              jsonl
threads:                8
on duplicate:           error
connect timeout:        5
request timeout:        1200
----------------------------------------
Starting JSON import...
2024-03-24T23:35:29Z [553] INFO [9ddf3] {general} processed 3.1 MB (3%) of input file
2024-03-24T23:35:29Z [553] INFO [9ddf3] {general} processed 5.2 MB (7%) of input file
2024-03-24T23:35:29Z [553] INFO [9ddf3] {general} processed 7.3 MB (10%) of input file
2024-03-24T23:35:29Z [553] INFO [9ddf3] {general} processed 9.4 MB (13%) of input file
2024-03-24T23:35:30Z [553] INFO [9ddf3] {general} processed 11.5 MB (16%) of input file
2024-03-24T23:35:30Z [553] INFO [9ddf3] {general} processed 13.6 MB (19%) of input file
2024-03-24T23:35:30Z [553] INFO [9ddf3] {general} processed 16.7 MB (22%) of input file
2024-03-24T23:35:30Z [553] INFO [9ddf3] {general} processed 18.8 MB (26%) of input file
2024-03-24T23:35:30Z [553] INFO [9ddf3] {general} processed 20.9 MB (29%) of input file
2024-03-24T23:35:30Z [553] INFO [9ddf3] {general} processed 23.0 MB (32%) of input file
2024-03-24T23:35:30Z [553] INFO [9ddf3] {general} processed 25.1 MB (35%) of input file
2024-03-24T23:35:30Z [553] INFO [9ddf3] {general} processed 27.2 MB (38%) of input file
2024-03-24T23:35:30Z [553] INFO [9ddf3] {general} processed 30.4 MB (41%) of input file
2024-03-24T23:35:30Z [553] INFO [9ddf3] {general} processed 32.5 MB (45%) of input file
2024-03-24T23:35:30Z [553] INFO [9ddf3] {general} processed 34.6 MB (48%) of input file
2024-03-24T23:35:30Z [553] INFO [9ddf3] {general} processed 36.7 MB (51%) of input file
2024-03-24T23:35:30Z [553] INFO [9ddf3] {general} processed 38.7 MB (54%) of input file
2024-03-24T23:35:30Z [553] INFO [9ddf3] {general} processed 40.8 MB (57%) of input file
2024-03-24T23:35:30Z [553] INFO [9ddf3] {general} processed 42.9 MB (60%) of input file
2024-03-24T23:35:30Z [553] INFO [9ddf3] {general} processed 46.1 MB (63%) of input file
2024-03-24T23:35:30Z [553] INFO [9ddf3] {general} processed 48.2 MB (67%) of input file
2024-03-24T23:35:30Z [553] INFO [9ddf3] {general} processed 50.3 MB (70%) of input file
2024-03-24T23:35:30Z [553] INFO [9ddf3] {general} processed 52.4 MB (73%) of input file
2024-03-24T23:35:30Z [553] INFO [9ddf3] {general} processed 54.5 MB (76%) of input file
2024-03-24T23:35:30Z [553] INFO [9ddf3] {general} processed 56.6 MB (79%) of input file
2024-03-24T23:35:30Z [553] INFO [9ddf3] {general} processed 59.7 MB (82%) of input file
2024-03-24T23:35:30Z [553] INFO [9ddf3] {general} processed 61.8 MB (86%) of input file
2024-03-24T23:35:30Z [553] INFO [9ddf3] {general} processed 63.9 MB (89%) of input file
2024-03-24T23:35:30Z [553] INFO [9ddf3] {general} processed 66.0 MB (92%) of input file
2024-03-24T23:35:30Z [553] INFO [9ddf3] {general} processed 68.1 MB (95%) of input file
2024-03-24T23:35:30Z [553] INFO [9ddf3] {general} processed 70.2 MB (98%) of input file

created:          1279277
warnings/errors:  0
updated/replaced: 0
ignored:          0
[2024-03-24 23:35:42] Finished importing hasTag
[2024-03-24 23:35:42] Importing industryType
Connected to ArangoDB 'http+tcp://127.0.0.1:8529, version: 3.11.3, database: '_system', username: 'root'
----------------------------------------
database:               _system
collection:             industryType
overwrite coll. prefix: no
create:                 yes
create database:        no
source filename:        data_256k/edges/industryType.json
file type:              jsonl
threads:                8
on duplicate:           error
connect timeout:        5
request timeout:        1200
----------------------------------------
Starting JSON import...
2024-03-24T23:35:42Z [597] INFO [9ddf3] {general} processed 1.0 MB (3%) of input file
2024-03-24T23:35:42Z [597] INFO [9ddf3] {general} processed 2.0 MB (7%) of input file
2024-03-24T23:35:42Z [597] INFO [9ddf3] {general} processed 3.1 MB (12%) of input file
2024-03-24T23:35:42Z [597] INFO [9ddf3] {general} processed 4.1 MB (17%) of input file
2024-03-24T23:35:42Z [597] INFO [9ddf3] {general} processed 5.2 MB (21%) of input file
2024-03-24T23:35:42Z [597] INFO [9ddf3] {general} processed 6.2 MB (26%) of input file
2024-03-24T23:35:42Z [597] INFO [9ddf3] {general} processed 7.3 MB (31%) of input file
2024-03-24T23:35:42Z [597] INFO [9ddf3] {general} processed 8.3 MB (35%) of input file
2024-03-24T23:35:42Z [597] INFO [9ddf3] {general} processed 9.4 MB (40%) of input file
2024-03-24T23:35:42Z [597] INFO [9ddf3] {general} processed 10.4 MB (45%) of input file
2024-03-24T23:35:42Z [597] INFO [9ddf3] {general} processed 11.5 MB (50%) of input file
2024-03-24T23:35:42Z [597] INFO [9ddf3] {general} processed 12.5 MB (54%) of input file
2024-03-24T23:35:42Z [597] INFO [9ddf3] {general} processed 13.6 MB (59%) of input file
2024-03-24T23:35:42Z [597] INFO [9ddf3] {general} processed 14.6 MB (64%) of input file
2024-03-24T23:35:42Z [597] INFO [9ddf3] {general} processed 15.7 MB (68%) of input file
2024-03-24T23:35:42Z [597] INFO [9ddf3] {general} processed 16.7 MB (73%) of input file
2024-03-24T23:35:42Z [597] INFO [9ddf3] {general} processed 17.8 MB (78%) of input file
2024-03-24T23:35:42Z [597] INFO [9ddf3] {general} processed 18.8 MB (83%) of input file
2024-03-24T23:35:42Z [597] INFO [9ddf3] {general} processed 19.9 MB (87%) of input file
2024-03-24T23:35:42Z [597] INFO [9ddf3] {general} processed 20.9 MB (92%) of input file
2024-03-24T23:35:42Z [597] INFO [9ddf3] {general} processed 22.0 MB (97%) of input file

created:          383829
warnings/errors:  0
updated/replaced: 0
ignored:          0
[2024-03-24 23:35:47] Finished importing industryType
[2024-03-24 23:35:47] Importing isPerson
Connected to ArangoDB 'http+tcp://127.0.0.1:8529, version: 3.11.3, database: '_system', username: 'root'
----------------------------------------
database:               _system
collection:             isPerson
overwrite coll. prefix: no
create:                 yes
create database:        no
source filename:        data_256k/edges/isPerson.json
file type:              jsonl
threads:                8
on duplicate:           error
connect timeout:        5
request timeout:        1200
----------------------------------------
Starting JSON import...
2024-03-24T23:35:47Z [625] INFO [9ddf3] {general} processed 1.0 MB (3%) of input file
2024-03-24T23:35:47Z [625] INFO [9ddf3] {general} processed 2.0 MB (12%) of input file
2024-03-24T23:35:47Z [625] INFO [9ddf3] {general} processed 3.1 MB (22%) of input file
2024-03-24T23:35:47Z [625] INFO [9ddf3] {general} processed 4.1 MB (32%) of input file
2024-03-24T23:35:47Z [625] INFO [9ddf3] {general} processed 5.2 MB (42%) of input file
2024-03-24T23:35:47Z [625] INFO [9ddf3] {general} processed 6.2 MB (52%) of input file
2024-03-24T23:35:47Z [625] INFO [9ddf3] {general} processed 7.3 MB (62%) of input file
2024-03-24T23:35:47Z [625] INFO [9ddf3] {general} processed 8.3 MB (72%) of input file
2024-03-24T23:35:47Z [625] INFO [9ddf3] {general} processed 9.4 MB (82%) of input file
2024-03-24T23:35:47Z [625] INFO [9ddf3] {general} processed 10.4 MB (92%) of input file

created:          170627
warnings/errors:  0
updated/replaced: 0
ignored:          0
[2024-03-24 23:35:51] Finished importing isPerson
[2024-03-24 23:35:51] Importing knows
Connected to ArangoDB 'http+tcp://127.0.0.1:8529, version: 3.11.3, database: '_system', username: 'root'
----------------------------------------
database:               _system
collection:             knows
overwrite coll. prefix: no
create:                 yes
create database:        no
source filename:        data_256k/edges/knows.json
file type:              jsonl
threads:                8
on duplicate:           error
connect timeout:        5
request timeout:        1200
----------------------------------------
Starting JSON import...
2024-03-24T23:35:51Z [648] INFO [9ddf3] {general} processed 3.1 MB (3%) of input file
2024-03-24T23:35:51Z [648] INFO [9ddf3] {general} processed 6.2 MB (7%) of input file
2024-03-24T23:35:51Z [648] INFO [9ddf3] {general} processed 9.4 MB (11%) of input file
2024-03-24T23:35:51Z [648] INFO [9ddf3] {general} processed 11.5 MB (15%) of input file
2024-03-24T23:35:51Z [648] INFO [9ddf3] {general} processed 14.6 MB (18%) of input file
2024-03-24T23:35:51Z [648] INFO [9ddf3] {general} processed 17.8 MB (22%) of input file
2024-03-24T23:35:51Z [648] INFO [9ddf3] {general} processed 19.9 MB (26%) of input file
2024-03-24T23:35:51Z [648] INFO [9ddf3] {general} processed 23.0 MB (29%) of input file
2024-03-24T23:35:51Z [648] INFO [9ddf3] {general} processed 26.2 MB (33%) of input file
2024-03-24T23:35:51Z [648] INFO [9ddf3] {general} processed 29.3 MB (37%) of input file
2024-03-24T23:35:51Z [648] INFO [9ddf3] {general} processed 31.4 MB (41%) of input file
2024-03-24T23:35:51Z [648] INFO [9ddf3] {general} processed 34.6 MB (44%) of input file
2024-03-24T23:35:51Z [648] INFO [9ddf3] {general} processed 37.7 MB (48%) of input file
2024-03-24T23:35:51Z [648] INFO [9ddf3] {general} processed 39.8 MB (52%) of input file
2024-03-24T23:35:51Z [648] INFO [9ddf3] {general} processed 42.9 MB (55%) of input file
2024-03-24T23:35:51Z [648] INFO [9ddf3] {general} processed 46.1 MB (59%) of input file
2024-03-24T23:35:51Z [648] INFO [9ddf3] {general} processed 49.2 MB (63%) of input file
2024-03-24T23:35:51Z [648] INFO [9ddf3] {general} processed 51.3 MB (67%) of input file
2024-03-24T23:35:51Z [648] INFO [9ddf3] {general} processed 54.5 MB (70%) of input file
2024-03-24T23:35:51Z [648] INFO [9ddf3] {general} processed 57.6 MB (74%) of input file
2024-03-24T23:35:51Z [648] INFO [9ddf3] {general} processed 59.7 MB (78%) of input file
2024-03-24T23:35:51Z [648] INFO [9ddf3] {general} processed 62.9 MB (81%) of input file
2024-03-24T23:35:51Z [648] INFO [9ddf3] {general} processed 66.0 MB (85%) of input file
2024-03-24T23:35:51Z [648] INFO [9ddf3] {general} processed 69.2 MB (89%) of input file
2024-03-24T23:35:51Z [648] INFO [9ddf3] {general} processed 71.3 MB (93%) of input file
2024-03-24T23:35:51Z [648] INFO [9ddf3] {general} processed 74.4 MB (96%) of input file
2024-03-24T23:35:56Z [648] INFO [9ddf3] {general} processed 76.5 MB (100%) of input file

created:          1279600
warnings/errors:  0
updated/replaced: 0
ignored:          0
[2024-03-24 23:36:02] Finished importing knows
[2024-03-24 23:36:02] Importing manufacturedBy
Connected to ArangoDB 'http+tcp://127.0.0.1:8529, version: 3.11.3, database: '_system', username: 'root'
----------------------------------------
database:               _system
collection:             manufacturedBy
overwrite coll. prefix: no
create:                 yes
create database:        no
source filename:        data_256k/edges/manufacturedBy.json
file type:              jsonl
threads:                8
on duplicate:           error
connect timeout:        5
request timeout:        1200
----------------------------------------
Starting JSON import...
2024-03-24T23:36:02Z [691] INFO [9ddf3] {general} processed 2.0 MB (3%) of input file
2024-03-24T23:36:02Z [691] INFO [9ddf3] {general} processed 4.1 MB (8%) of input file
2024-03-24T23:36:02Z [691] INFO [9ddf3] {general} processed 6.2 MB (13%) of input file
2024-03-24T23:36:02Z [691] INFO [9ddf3] {general} processed 8.3 MB (18%) of input file
2024-03-24T23:36:02Z [691] INFO [9ddf3] {general} processed 10.4 MB (23%) of input file
2024-03-24T23:36:02Z [691] INFO [9ddf3] {general} processed 12.5 MB (28%) of input file
2024-03-24T23:36:02Z [691] INFO [9ddf3] {general} processed 14.6 MB (33%) of input file
2024-03-24T23:36:02Z [691] INFO [9ddf3] {general} processed 16.7 MB (38%) of input file
2024-03-24T23:36:02Z [691] INFO [9ddf3] {general} processed 18.8 MB (43%) of input file
2024-03-24T23:36:02Z [691] INFO [9ddf3] {general} processed 20.9 MB (48%) of input file
2024-03-24T23:36:02Z [691] INFO [9ddf3] {general} processed 23.0 MB (53%) of input file
2024-03-24T23:36:02Z [691] INFO [9ddf3] {general} processed 25.1 MB (58%) of input file
2024-03-24T23:36:02Z [691] INFO [9ddf3] {general} processed 27.2 MB (63%) of input file
2024-03-24T23:36:02Z [691] INFO [9ddf3] {general} processed 29.3 MB (68%) of input file
2024-03-24T23:36:02Z [691] INFO [9ddf3] {general} processed 31.4 MB (73%) of input file
2024-03-24T23:36:02Z [691] INFO [9ddf3] {general} processed 33.5 MB (78%) of input file
2024-03-24T23:36:02Z [691] INFO [9ddf3] {general} processed 35.6 MB (83%) of input file
2024-03-24T23:36:02Z [691] INFO [9ddf3] {general} processed 37.7 MB (88%) of input file
2024-03-24T23:36:02Z [691] INFO [9ddf3] {general} processed 39.8 MB (93%) of input file
2024-03-24T23:36:02Z [691] INFO [9ddf3] {general} processed 41.8 MB (98%) of input file

created:          702504
warnings/errors:  0
updated/replaced: 0
ignored:          0
[2024-03-24 23:36:09] Finished importing manufacturedBy
[2024-03-24 23:36:09] Importing orderedBy
Connected to ArangoDB 'http+tcp://127.0.0.1:8529, version: 3.11.3, database: '_system', username: 'root'
----------------------------------------
database:               _system
collection:             orderedBy
overwrite coll. prefix: no
create:                 yes
create database:        no
source filename:        data_256k/edges/orderedBy.json
file type:              jsonl
threads:                8
on duplicate:           error
connect timeout:        5
request timeout:        1200
----------------------------------------
Starting JSON import...
2024-03-24T23:36:09Z [724] INFO [9ddf3] {general} processed 1.0 MB (3%) of input file
2024-03-24T23:36:09Z [724] INFO [9ddf3] {general} processed 2.0 MB (8%) of input file
2024-03-24T23:36:09Z [724] INFO [9ddf3] {general} processed 3.1 MB (13%) of input file
2024-03-24T23:36:09Z [724] INFO [9ddf3] {general} processed 4.1 MB (18%) of input file
2024-03-24T23:36:09Z [724] INFO [9ddf3] {general} processed 5.2 MB (23%) of input file
2024-03-24T23:36:09Z [724] INFO [9ddf3] {general} processed 6.2 MB (28%) of input file
2024-03-24T23:36:09Z [724] INFO [9ddf3] {general} processed 7.3 MB (33%) of input file
2024-03-24T23:36:09Z [724] INFO [9ddf3] {general} processed 8.3 MB (38%) of input file
2024-03-24T23:36:09Z [724] INFO [9ddf3] {general} processed 9.4 MB (43%) of input file
2024-03-24T23:36:09Z [724] INFO [9ddf3] {general} processed 10.4 MB (48%) of input file
2024-03-24T23:36:09Z [724] INFO [9ddf3] {general} processed 11.5 MB (53%) of input file
2024-03-24T23:36:09Z [724] INFO [9ddf3] {general} processed 12.5 MB (58%) of input file
2024-03-24T23:36:09Z [724] INFO [9ddf3] {general} processed 13.6 MB (63%) of input file
2024-03-24T23:36:09Z [724] INFO [9ddf3] {general} processed 14.6 MB (68%) of input file
2024-03-24T23:36:09Z [724] INFO [9ddf3] {general} processed 15.7 MB (73%) of input file
2024-03-24T23:36:09Z [724] INFO [9ddf3] {general} processed 16.7 MB (78%) of input file
2024-03-24T23:36:09Z [724] INFO [9ddf3] {general} processed 17.8 MB (83%) of input file
2024-03-24T23:36:09Z [724] INFO [9ddf3] {general} processed 18.8 MB (88%) of input file
2024-03-24T23:36:09Z [724] INFO [9ddf3] {general} processed 19.9 MB (93%) of input file
2024-03-24T23:36:09Z [724] INFO [9ddf3] {general} processed 20.8 MB (98%) of input file

created:          341365
warnings/errors:  0
updated/replaced: 0
ignored:          0
[2024-03-24 23:36:13] Finished importing orderedBy
[2024-03-24 23:36:13] Finished creating edges
