[2024-04-19 10:37:06] Starting init
[2024-04-19 10:37:06] Creating nodes
[2024-04-19 10:37:06] Importing customers
Connected to ArangoDB 'http+tcp://127.0.0.1:8529, version: 3.11.3, database: '_system', username: 'root'
----------------------------------------
database:               _system
collection:             customers
overwrite coll. prefix: no
create:                 yes
create database:        no
source filename:        dumps/data_128k/nodes/customers.json
file type:              json
threads:                8
on duplicate:           error
connect timeout:        5
request timeout:        1200
----------------------------------------
Starting JSON import...
2024-04-19T10:37:06Z [251] INFO [9ddf3] {general} processed 1.0 MB (3%) of input file
2024-04-19T10:37:06Z [251] INFO [9ddf3] {general} processed 2.0 MB (34%) of input file
2024-04-19T10:37:06Z [251] INFO [9ddf3] {general} processed 3.1 MB (66%) of input file
2024-04-19T10:37:06Z [251] INFO [9ddf3] {general} processed 3.3 MB (97%) of input file

created:          90031
warnings/errors:  0
updated/replaced: 0
ignored:          0
[2024-04-19 10:37:07] Finished importing customers
[2024-04-19 10:37:07] Importing orders
Connected to ArangoDB 'http+tcp://127.0.0.1:8529, version: 3.11.3, database: '_system', username: 'root'
----------------------------------------
database:               _system
collection:             orders
overwrite coll. prefix: no
create:                 yes
create database:        no
source filename:        dumps/data_128k/nodes/orders.json
file type:              json
threads:                8
on duplicate:           error
connect timeout:        5
request timeout:        1200
----------------------------------------
Starting JSON import...
2024-04-19T10:37:07Z [274] INFO [9ddf3] {general} processed 1.0 MB (3%) of input file
2024-04-19T10:37:07Z [274] INFO [9ddf3] {general} processed 2.0 MB (19%) of input file
2024-04-19T10:37:07Z [274] INFO [9ddf3] {general} processed 3.1 MB (36%) of input file
2024-04-19T10:37:07Z [274] INFO [9ddf3] {general} processed 4.1 MB (53%) of input file
2024-04-19T10:37:07Z [274] INFO [9ddf3] {general} processed 5.2 MB (70%) of input file
2024-04-19T10:37:07Z [274] INFO [9ddf3] {general} processed 6.2 MB (87%) of input file

created:          180319
warnings/errors:  0
updated/replaced: 0
ignored:          0
[2024-04-19 10:37:10] Finished importing orders
[2024-04-19 10:37:10] Importing persons
Connected to ArangoDB 'http+tcp://127.0.0.1:8529, version: 3.11.3, database: '_system', username: 'root'
----------------------------------------
database:               _system
collection:             persons
overwrite coll. prefix: no
create:                 yes
create database:        no
source filename:        dumps/data_128k/nodes/persons.json
file type:              json
threads:                8
on duplicate:           error
connect timeout:        5
request timeout:        1200
----------------------------------------
Starting JSON import...
2024-04-19T10:37:10Z [294] INFO [9ddf3] {general} processed 1.0 MB (3%) of input file
2024-04-19T10:37:10Z [294] INFO [9ddf3] {general} processed 2.0 MB (6%) of input file
2024-04-19T10:37:10Z [294] INFO [9ddf3] {general} processed 3.1 MB (9%) of input file
2024-04-19T10:37:10Z [294] INFO [9ddf3] {general} processed 4.1 MB (13%) of input file
2024-04-19T10:37:10Z [294] INFO [9ddf3] {general} processed 5.2 MB (16%) of input file
2024-04-19T10:37:10Z [294] INFO [9ddf3] {general} processed 6.2 MB (20%) of input file
2024-04-19T10:37:10Z [294] INFO [9ddf3] {general} processed 7.3 MB (23%) of input file
2024-04-19T10:37:10Z [294] INFO [9ddf3] {general} processed 8.3 MB (27%) of input file
2024-04-19T10:37:10Z [294] INFO [9ddf3] {general} processed 9.4 MB (30%) of input file
2024-04-19T10:37:10Z [294] INFO [9ddf3] {general} processed 10.4 MB (34%) of input file
2024-04-19T10:37:10Z [294] INFO [9ddf3] {general} processed 11.5 MB (37%) of input file
2024-04-19T10:37:10Z [294] INFO [9ddf3] {general} processed 12.5 MB (41%) of input file
2024-04-19T10:37:10Z [294] INFO [9ddf3] {general} processed 13.6 MB (44%) of input file
2024-04-19T10:37:10Z [294] INFO [9ddf3] {general} processed 14.6 MB (48%) of input file
2024-04-19T10:37:10Z [294] INFO [9ddf3] {general} processed 15.7 MB (51%) of input file
2024-04-19T10:37:10Z [294] INFO [9ddf3] {general} processed 16.7 MB (55%) of input file
2024-04-19T10:37:10Z [294] INFO [9ddf3] {general} processed 17.8 MB (58%) of input file
2024-04-19T10:37:10Z [294] INFO [9ddf3] {general} processed 18.8 MB (62%) of input file
2024-04-19T10:37:10Z [294] INFO [9ddf3] {general} processed 19.9 MB (65%) of input file
2024-04-19T10:37:10Z [294] INFO [9ddf3] {general} processed 20.9 MB (69%) of input file
2024-04-19T10:37:10Z [294] INFO [9ddf3] {general} processed 22.0 MB (72%) of input file
2024-04-19T10:37:10Z [294] INFO [9ddf3] {general} processed 23.0 MB (76%) of input file
2024-04-19T10:37:10Z [294] INFO [9ddf3] {general} processed 24.1 MB (79%) of input file
2024-04-19T10:37:10Z [294] INFO [9ddf3] {general} processed 25.1 MB (83%) of input file
2024-04-19T10:37:10Z [294] INFO [9ddf3] {general} processed 26.2 MB (86%) of input file
2024-04-19T10:37:10Z [294] INFO [9ddf3] {general} processed 27.2 MB (90%) of input file
2024-04-19T10:37:10Z [294] INFO [9ddf3] {general} processed 28.3 MB (93%) of input file
2024-04-19T10:37:10Z [294] INFO [9ddf3] {general} processed 29.3 MB (97%) of input file
2024-04-19T10:37:10Z [294] INFO [9ddf3] {general} processed 30.0 MB (100%) of input file

created:          128000
warnings/errors:  0
updated/replaced: 0
ignored:          0
[2024-04-19 10:37:11] Finished importing persons
[2024-04-19 10:37:11] Importing posts
Connected to ArangoDB 'http+tcp://127.0.0.1:8529, version: 3.11.3, database: '_system', username: 'root'
----------------------------------------
database:               _system
collection:             posts
overwrite coll. prefix: no
create:                 yes
create database:        no
source filename:        dumps/data_128k/nodes/posts.json
file type:              json
threads:                8
on duplicate:           error
connect timeout:        5
request timeout:        1200
----------------------------------------
Starting JSON import...
2024-04-19T10:37:11Z [320] INFO [9ddf3] {general} processed 3.1 MB (3%) of input file
2024-04-19T10:37:11Z [320] INFO [9ddf3] {general} processed 6.2 MB (6%) of input file
2024-04-19T10:37:11Z [320] INFO [9ddf3] {general} processed 9.4 MB (9%) of input file
2024-04-19T10:37:11Z [320] INFO [9ddf3] {general} processed 12.5 MB (12%) of input file
2024-04-19T10:37:11Z [320] INFO [9ddf3] {general} processed 15.7 MB (15%) of input file
2024-04-19T10:37:11Z [320] INFO [9ddf3] {general} processed 18.8 MB (18%) of input file
2024-04-19T10:37:11Z [320] INFO [9ddf3] {general} processed 20.9 MB (21%) of input file
2024-04-19T10:37:11Z [320] INFO [9ddf3] {general} processed 24.1 MB (24%) of input file
2024-04-19T10:37:11Z [320] INFO [9ddf3] {general} processed 27.2 MB (27%) of input file
2024-04-19T10:37:11Z [320] INFO [9ddf3] {general} processed 30.4 MB (30%) of input file
2024-04-19T10:37:11Z [320] INFO [9ddf3] {general} processed 33.5 MB (33%) of input file
2024-04-19T10:37:11Z [320] INFO [9ddf3] {general} processed 36.7 MB (36%) of input file
2024-04-19T10:37:11Z [320] INFO [9ddf3] {general} processed 39.8 MB (39%) of input file
2024-04-19T10:37:11Z [320] INFO [9ddf3] {general} processed 42.9 MB (43%) of input file
2024-04-19T10:37:11Z [320] INFO [9ddf3] {general} processed 46.1 MB (46%) of input file
2024-04-19T10:37:11Z [320] INFO [9ddf3] {general} processed 49.2 MB (49%) of input file
2024-04-19T10:37:11Z [320] INFO [9ddf3] {general} processed 52.4 MB (52%) of input file
2024-04-19T10:37:11Z [320] INFO [9ddf3] {general} processed 55.5 MB (55%) of input file
2024-04-19T10:37:11Z [320] INFO [9ddf3] {general} processed 58.7 MB (58%) of input file
2024-04-19T10:37:11Z [320] INFO [9ddf3] {general} processed 61.8 MB (62%) of input file
2024-04-19T10:37:11Z [320] INFO [9ddf3] {general} processed 65.0 MB (65%) of input file
2024-04-19T10:37:11Z [320] INFO [9ddf3] {general} processed 68.1 MB (68%) of input file
2024-04-19T10:37:11Z [320] INFO [9ddf3] {general} processed 71.3 MB (71%) of input file
2024-04-19T10:37:11Z [320] INFO [9ddf3] {general} processed 74.4 MB (74%) of input file
2024-04-19T10:37:11Z [320] INFO [9ddf3] {general} processed 77.5 MB (77%) of input file
2024-04-19T10:37:11Z [320] INFO [9ddf3] {general} processed 79.6 MB (80%) of input file
2024-04-19T10:37:11Z [320] INFO [9ddf3] {general} processed 82.8 MB (83%) of input file
2024-04-19T10:37:11Z [320] INFO [9ddf3] {general} processed 85.9 MB (86%) of input file
2024-04-19T10:37:11Z [320] INFO [9ddf3] {general} processed 89.1 MB (89%) of input file
2024-04-19T10:37:11Z [320] INFO [9ddf3] {general} processed 92.2 MB (92%) of input file
2024-04-19T10:37:12Z [320] INFO [9ddf3] {general} processed 95.4 MB (95%) of input file
2024-04-19T10:37:12Z [320] INFO [9ddf3] {general} processed 97.5 MB (98%) of input file

created:          128000
warnings/errors:  0
updated/replaced: 0
ignored:          0
[2024-04-19 10:37:12] Finished importing posts
[2024-04-19 10:37:12] Importing products
Connected to ArangoDB 'http+tcp://127.0.0.1:8529, version: 3.11.3, database: '_system', username: 'root'
----------------------------------------
database:               _system
collection:             products
overwrite coll. prefix: no
create:                 yes
create database:        no
source filename:        dumps/data_128k/nodes/products.json
file type:              json
threads:                8
on duplicate:           error
connect timeout:        5
request timeout:        1200
----------------------------------------
Starting JSON import...
2024-04-19T10:37:12Z [346] INFO [9ddf3] {general} processed 1.0 MB (3%) of input file
2024-04-19T10:37:12Z [346] INFO [9ddf3] {general} processed 2.0 MB (7%) of input file
2024-04-19T10:37:12Z [346] INFO [9ddf3] {general} processed 3.1 MB (11%) of input file
2024-04-19T10:37:12Z [346] INFO [9ddf3] {general} processed 4.1 MB (16%) of input file
2024-04-19T10:37:12Z [346] INFO [9ddf3] {general} processed 5.2 MB (20%) of input file
2024-04-19T10:37:12Z [346] INFO [9ddf3] {general} processed 6.2 MB (24%) of input file
2024-04-19T10:37:12Z [346] INFO [9ddf3] {general} processed 7.3 MB (29%) of input file
2024-04-19T10:37:12Z [346] INFO [9ddf3] {general} processed 8.3 MB (33%) of input file
2024-04-19T10:37:12Z [346] INFO [9ddf3] {general} processed 9.4 MB (37%) of input file
2024-04-19T10:37:12Z [346] INFO [9ddf3] {general} processed 10.4 MB (42%) of input file
2024-04-19T10:37:12Z [346] INFO [9ddf3] {general} processed 11.5 MB (46%) of input file
2024-04-19T10:37:12Z [346] INFO [9ddf3] {general} processed 12.5 MB (50%) of input file
2024-04-19T10:37:12Z [346] INFO [9ddf3] {general} processed 13.6 MB (55%) of input file
2024-04-19T10:37:12Z [346] INFO [9ddf3] {general} processed 14.6 MB (59%) of input file
2024-04-19T10:37:12Z [346] INFO [9ddf3] {general} processed 15.7 MB (64%) of input file
2024-04-19T10:37:12Z [346] INFO [9ddf3] {general} processed 16.7 MB (68%) of input file
2024-04-19T10:37:12Z [346] INFO [9ddf3] {general} processed 17.8 MB (72%) of input file
2024-04-19T10:37:12Z [346] INFO [9ddf3] {general} processed 18.8 MB (77%) of input file
2024-04-19T10:37:12Z [346] INFO [9ddf3] {general} processed 19.9 MB (81%) of input file
2024-04-19T10:37:12Z [346] INFO [9ddf3] {general} processed 20.9 MB (85%) of input file
2024-04-19T10:37:12Z [346] INFO [9ddf3] {general} processed 22.0 MB (90%) of input file
2024-04-19T10:37:12Z [346] INFO [9ddf3] {general} processed 23.0 MB (94%) of input file
2024-04-19T10:37:12Z [346] INFO [9ddf3] {general} processed 24.0 MB (98%) of input file

created:          128000
warnings/errors:  0
updated/replaced: 0
ignored:          0
[2024-04-19 10:37:14] Finished importing products
[2024-04-19 10:37:14] Importing tags
Connected to ArangoDB 'http+tcp://127.0.0.1:8529, version: 3.11.3, database: '_system', username: 'root'
----------------------------------------
database:               _system
collection:             tags
overwrite coll. prefix: no
create:                 yes
create database:        no
source filename:        dumps/data_128k/nodes/tags.json
file type:              json
threads:                8
on duplicate:           error
connect timeout:        5
request timeout:        1200
----------------------------------------
Starting JSON import...
2024-04-19T10:37:14Z [368] INFO [9ddf3] {general} processed 1.0 MB (3%) of input file
2024-04-19T10:37:14Z [368] INFO [9ddf3] {general} processed 2.0 MB (15%) of input file
2024-04-19T10:37:14Z [368] INFO [9ddf3] {general} processed 3.1 MB (28%) of input file
2024-04-19T10:37:14Z [368] INFO [9ddf3] {general} processed 4.1 MB (41%) of input file
2024-04-19T10:37:14Z [368] INFO [9ddf3] {general} processed 5.2 MB (54%) of input file
2024-04-19T10:37:14Z [368] INFO [9ddf3] {general} processed 6.2 MB (66%) of input file
2024-04-19T10:37:14Z [368] INFO [9ddf3] {general} processed 7.3 MB (79%) of input file
2024-04-19T10:37:14Z [368] INFO [9ddf3] {general} processed 8.1 MB (92%) of input file

created:          128000
warnings/errors:  0
updated/replaced: 0
ignored:          0
[2024-04-19 10:37:16] Finished importing tags
[2024-04-19 10:37:16] Importing types
Connected to ArangoDB 'http+tcp://127.0.0.1:8529, version: 3.11.3, database: '_system', username: 'root'
----------------------------------------
database:               _system
collection:             types
overwrite coll. prefix: no
create:                 yes
create database:        no
source filename:        dumps/data_128k/nodes/types.json
file type:              json
threads:                8
on duplicate:           error
connect timeout:        5
request timeout:        1200
----------------------------------------
Starting JSON import...

created:          13
warnings/errors:  0
updated/replaced: 0
ignored:          0
[2024-04-19 10:37:16] Finished importing types
[2024-04-19 10:37:16] Importing vendors
Connected to ArangoDB 'http+tcp://127.0.0.1:8529, version: 3.11.3, database: '_system', username: 'root'
----------------------------------------
database:               _system
collection:             vendors
overwrite coll. prefix: no
create:                 yes
create database:        no
source filename:        dumps/data_128k/nodes/vendors.json
file type:              json
threads:                8
on duplicate:           error
connect timeout:        5
request timeout:        1200
----------------------------------------
Starting JSON import...
2024-04-19T10:37:16Z [409] INFO [9ddf3] {general} processed 1.0 MB (3%) of input file
2024-04-19T10:37:16Z [409] INFO [9ddf3] {general} processed 2.0 MB (12%) of input file
2024-04-19T10:37:16Z [409] INFO [9ddf3] {general} processed 3.1 MB (21%) of input file
2024-04-19T10:37:16Z [409] INFO [9ddf3] {general} processed 4.1 MB (31%) of input file
2024-04-19T10:37:16Z [409] INFO [9ddf3] {general} processed 5.2 MB (40%) of input file
2024-04-19T10:37:16Z [409] INFO [9ddf3] {general} processed 6.2 MB (50%) of input file
2024-04-19T10:37:16Z [409] INFO [9ddf3] {general} processed 7.3 MB (59%) of input file
2024-04-19T10:37:16Z [409] INFO [9ddf3] {general} processed 8.3 MB (68%) of input file
2024-04-19T10:37:16Z [409] INFO [9ddf3] {general} processed 9.4 MB (78%) of input file
2024-04-19T10:37:16Z [409] INFO [9ddf3] {general} processed 10.4 MB (87%) of input file
2024-04-19T10:37:16Z [409] INFO [9ddf3] {general} processed 11.1 MB (97%) of input file

created:          128000
warnings/errors:  0
updated/replaced: 0
ignored:          0
[2024-04-19 10:37:19] Finished importing vendors
[2024-04-19 10:37:19] Finished creating nodes
[2024-04-19 10:37:19] Creating edges
[2024-04-19 10:37:19] Importing contactType
Connected to ArangoDB 'http+tcp://127.0.0.1:8529, version: 3.11.3, database: '_system', username: 'root'
----------------------------------------
database:               _system
collection:             contactType
overwrite coll. prefix: no
create:                 yes
create database:        no
source filename:        dumps/data_128k/edges/contactType.json
file type:              json
threads:                8
on duplicate:           error
connect timeout:        5
request timeout:        1200
----------------------------------------
Starting JSON import...
2024-04-19T10:37:19Z [435] INFO [9ddf3] {general} processed 3.1 MB (3%) of input file
2024-04-19T10:37:19Z [435] INFO [9ddf3] {general} processed 6.2 MB (7%) of input file
2024-04-19T10:37:19Z [435] INFO [9ddf3] {general} processed 9.4 MB (11%) of input file
2024-04-19T10:37:19Z [435] INFO [9ddf3] {general} processed 12.5 MB (15%) of input file
2024-04-19T10:37:19Z [435] INFO [9ddf3] {general} processed 15.7 MB (19%) of input file
2024-04-19T10:37:19Z [435] INFO [9ddf3] {general} processed 18.8 MB (23%) of input file
2024-04-19T10:37:19Z [435] INFO [9ddf3] {general} processed 22.0 MB (27%) of input file
2024-04-19T10:37:19Z [435] INFO [9ddf3] {general} processed 25.1 MB (31%) of input file
2024-04-19T10:37:19Z [435] INFO [9ddf3] {general} processed 27.2 MB (35%) of input file
2024-04-19T10:37:19Z [435] INFO [9ddf3] {general} processed 30.4 MB (38%) of input file
2024-04-19T10:37:19Z [435] INFO [9ddf3] {general} processed 33.5 MB (42%) of input file
2024-04-19T10:37:19Z [435] INFO [9ddf3] {general} processed 36.7 MB (46%) of input file
2024-04-19T10:37:19Z [435] INFO [9ddf3] {general} processed 39.8 MB (50%) of input file
2024-04-19T10:37:19Z [435] INFO [9ddf3] {general} processed 42.9 MB (54%) of input file
2024-04-19T10:37:19Z [435] INFO [9ddf3] {general} processed 46.1 MB (58%) of input file
2024-04-19T10:37:19Z [435] INFO [9ddf3] {general} processed 49.2 MB (62%) of input file
2024-04-19T10:37:19Z [435] INFO [9ddf3] {general} processed 52.4 MB (66%) of input file
2024-04-19T10:37:19Z [435] INFO [9ddf3] {general} processed 54.5 MB (70%) of input file
2024-04-19T10:37:19Z [435] INFO [9ddf3] {general} processed 57.6 MB (73%) of input file
2024-04-19T10:37:19Z [435] INFO [9ddf3] {general} processed 60.8 MB (77%) of input file
2024-04-19T10:37:19Z [435] INFO [9ddf3] {general} processed 63.9 MB (81%) of input file
2024-04-19T10:37:19Z [435] INFO [9ddf3] {general} processed 67.1 MB (85%) of input file
2024-04-19T10:37:19Z [435] INFO [9ddf3] {general} processed 70.2 MB (89%) of input file
2024-04-19T10:37:19Z [435] INFO [9ddf3] {general} processed 73.4 MB (93%) of input file
2024-04-19T10:37:19Z [435] INFO [9ddf3] {general} processed 76.5 MB (97%) of input file

created:          797047
warnings/errors:  0
updated/replaced: 0
ignored:          0
[2024-04-19 10:37:26] Finished importing contactType
[2024-04-19 10:37:26] Importing containsProducts
Connected to ArangoDB 'http+tcp://127.0.0.1:8529, version: 3.11.3, database: '_system', username: 'root'
----------------------------------------
database:               _system
collection:             containsProducts
overwrite coll. prefix: no
create:                 yes
create database:        no
source filename:        dumps/data_128k/edges/containsProducts.json
file type:              json
threads:                8
on duplicate:           error
connect timeout:        5
request timeout:        1200
----------------------------------------
Starting JSON import...
2024-04-19T10:37:26Z [466] INFO [9ddf3] {general} processed 2.0 MB (3%) of input file
2024-04-19T10:37:26Z [466] INFO [9ddf3] {general} processed 3.1 MB (8%) of input file
2024-04-19T10:37:26Z [466] INFO [9ddf3] {general} processed 4.1 MB (11%) of input file
2024-04-19T10:37:26Z [466] INFO [9ddf3] {general} processed 6.2 MB (14%) of input file
2024-04-19T10:37:26Z [466] INFO [9ddf3] {general} processed 7.3 MB (19%) of input file
2024-04-19T10:37:26Z [466] INFO [9ddf3] {general} processed 8.3 MB (22%) of input file
2024-04-19T10:37:26Z [466] INFO [9ddf3] {general} processed 10.4 MB (25%) of input file
2024-04-19T10:37:26Z [466] INFO [9ddf3] {general} processed 11.5 MB (30%) of input file
2024-04-19T10:37:26Z [466] INFO [9ddf3] {general} processed 12.5 MB (33%) of input file
2024-04-19T10:37:26Z [466] INFO [9ddf3] {general} processed 14.6 MB (36%) of input file
2024-04-19T10:37:26Z [466] INFO [9ddf3] {general} processed 15.7 MB (41%) of input file
2024-04-19T10:37:26Z [466] INFO [9ddf3] {general} processed 16.7 MB (44%) of input file
2024-04-19T10:37:26Z [466] INFO [9ddf3] {general} processed 18.8 MB (47%) of input file
2024-04-19T10:37:26Z [466] INFO [9ddf3] {general} processed 19.9 MB (52%) of input file
2024-04-19T10:37:26Z [466] INFO [9ddf3] {general} processed 20.9 MB (55%) of input file
2024-04-19T10:37:26Z [466] INFO [9ddf3] {general} processed 22.0 MB (58%) of input file
2024-04-19T10:37:26Z [466] INFO [9ddf3] {general} processed 24.1 MB (61%) of input file
2024-04-19T10:37:26Z [466] INFO [9ddf3] {general} processed 25.1 MB (66%) of input file
2024-04-19T10:37:26Z [466] INFO [9ddf3] {general} processed 26.2 MB (69%) of input file
2024-04-19T10:37:26Z [466] INFO [9ddf3] {general} processed 28.3 MB (72%) of input file
2024-04-19T10:37:26Z [466] INFO [9ddf3] {general} processed 29.3 MB (77%) of input file
2024-04-19T10:37:26Z [466] INFO [9ddf3] {general} processed 30.4 MB (80%) of input file
2024-04-19T10:37:26Z [466] INFO [9ddf3] {general} processed 32.5 MB (83%) of input file
2024-04-19T10:37:26Z [466] INFO [9ddf3] {general} processed 33.5 MB (88%) of input file
2024-04-19T10:37:26Z [466] INFO [9ddf3] {general} processed 34.6 MB (91%) of input file
2024-04-19T10:37:26Z [466] INFO [9ddf3] {general} processed 36.7 MB (94%) of input file
2024-04-19T10:37:26Z [466] INFO [9ddf3] {general} processed 37.7 MB (99%) of input file

created:          541120
warnings/errors:  0
updated/replaced: 0
ignored:          0
[2024-04-19 10:37:32] Finished importing containsProducts
[2024-04-19 10:37:32] Importing createdBy
Connected to ArangoDB 'http+tcp://127.0.0.1:8529, version: 3.11.3, database: '_system', username: 'root'
----------------------------------------
database:               _system
collection:             createdBy
overwrite coll. prefix: no
create:                 yes
create database:        no
source filename:        dumps/data_128k/edges/createdBy.json
file type:              json
threads:                8
on duplicate:           error
connect timeout:        5
request timeout:        1200
----------------------------------------
Starting JSON import...
2024-04-19T10:37:32Z [492] INFO [9ddf3] {general} processed 1.0 MB (3%) of input file
2024-04-19T10:37:32Z [492] INFO [9ddf3] {general} processed 2.0 MB (17%) of input file
2024-04-19T10:37:32Z [492] INFO [9ddf3] {general} processed 3.1 MB (31%) of input file
2024-04-19T10:37:32Z [492] INFO [9ddf3] {general} processed 4.1 MB (46%) of input file
2024-04-19T10:37:32Z [492] INFO [9ddf3] {general} processed 5.2 MB (60%) of input file
2024-04-19T10:37:32Z [492] INFO [9ddf3] {general} processed 6.2 MB (74%) of input file
2024-04-19T10:37:32Z [492] INFO [9ddf3] {general} processed 7.2 MB (89%) of input file

created:          128000
warnings/errors:  0
updated/replaced: 0
ignored:          0
[2024-04-19 10:37:35] Finished importing createdBy
[2024-04-19 10:37:35] Importing hasInterest
Connected to ArangoDB 'http+tcp://127.0.0.1:8529, version: 3.11.3, database: '_system', username: 'root'
----------------------------------------
database:               _system
collection:             hasInterest
overwrite coll. prefix: no
create:                 yes
create database:        no
source filename:        dumps/data_128k/edges/hasInterest.json
file type:              json
threads:                8
on duplicate:           error
connect timeout:        5
request timeout:        1200
----------------------------------------
Starting JSON import...
2024-04-19T10:37:35Z [515] INFO [9ddf3] {general} processed 2.0 MB (3%) of input file
2024-04-19T10:37:35Z [515] INFO [9ddf3] {general} processed 3.1 MB (8%) of input file
2024-04-19T10:37:35Z [515] INFO [9ddf3] {general} processed 4.1 MB (11%) of input file
2024-04-19T10:37:35Z [515] INFO [9ddf3] {general} processed 5.2 MB (14%) of input file
2024-04-19T10:37:35Z [515] INFO [9ddf3] {general} processed 6.2 MB (17%) of input file
2024-04-19T10:37:35Z [515] INFO [9ddf3] {general} processed 7.3 MB (20%) of input file
2024-04-19T10:37:35Z [515] INFO [9ddf3] {general} processed 8.3 MB (23%) of input file
2024-04-19T10:37:35Z [515] INFO [9ddf3] {general} processed 9.4 MB (26%) of input file
2024-04-19T10:37:35Z [515] INFO [9ddf3] {general} processed 10.4 MB (29%) of input file
2024-04-19T10:37:35Z [515] INFO [9ddf3] {general} processed 11.5 MB (32%) of input file
2024-04-19T10:37:35Z [515] INFO [9ddf3] {general} processed 12.5 MB (35%) of input file
2024-04-19T10:37:35Z [515] INFO [9ddf3] {general} processed 13.6 MB (38%) of input file
2024-04-19T10:37:35Z [515] INFO [9ddf3] {general} processed 14.6 MB (41%) of input file
2024-04-19T10:37:35Z [515] INFO [9ddf3] {general} processed 16.7 MB (44%) of input file
2024-04-19T10:37:35Z [515] INFO [9ddf3] {general} processed 17.8 MB (49%) of input file
2024-04-19T10:37:35Z [515] INFO [9ddf3] {general} processed 18.8 MB (52%) of input file
2024-04-19T10:37:35Z [515] INFO [9ddf3] {general} processed 19.9 MB (55%) of input file
2024-04-19T10:37:35Z [515] INFO [9ddf3] {general} processed 20.9 MB (58%) of input file
2024-04-19T10:37:35Z [515] INFO [9ddf3] {general} processed 22.0 MB (61%) of input file
2024-04-19T10:37:35Z [515] INFO [9ddf3] {general} processed 23.0 MB (64%) of input file
2024-04-19T10:37:35Z [515] INFO [9ddf3] {general} processed 24.1 MB (67%) of input file
2024-04-19T10:37:35Z [515] INFO [9ddf3] {general} processed 25.1 MB (70%) of input file
2024-04-19T10:37:35Z [515] INFO [9ddf3] {general} processed 26.2 MB (73%) of input file
2024-04-19T10:37:35Z [515] INFO [9ddf3] {general} processed 27.2 MB (76%) of input file
2024-04-19T10:37:35Z [515] INFO [9ddf3] {general} processed 28.3 MB (79%) of input file
2024-04-19T10:37:35Z [515] INFO [9ddf3] {general} processed 29.3 MB (82%) of input file
2024-04-19T10:37:35Z [515] INFO [9ddf3] {general} processed 31.4 MB (85%) of input file
2024-04-19T10:37:35Z [515] INFO [9ddf3] {general} processed 32.5 MB (90%) of input file
2024-04-19T10:37:35Z [515] INFO [9ddf3] {general} processed 33.5 MB (93%) of input file
2024-04-19T10:37:35Z [515] INFO [9ddf3] {general} processed 34.6 MB (96%) of input file
2024-04-19T10:37:35Z [515] INFO [9ddf3] {general} processed 35.6 MB (99%) of input file

created:          639129
warnings/errors:  0
updated/replaced: 0
ignored:          0
[2024-04-19 10:37:42] Finished importing hasInterest
[2024-04-19 10:37:42] Importing hasTag
Connected to ArangoDB 'http+tcp://127.0.0.1:8529, version: 3.11.3, database: '_system', username: 'root'
----------------------------------------
database:               _system
collection:             hasTag
overwrite coll. prefix: no
create:                 yes
create database:        no
source filename:        dumps/data_128k/edges/hasTag.json
file type:              json
threads:                8
on duplicate:           error
connect timeout:        5
request timeout:        1200
----------------------------------------
Starting JSON import...
2024-04-19T10:37:42Z [545] INFO [9ddf3] {general} processed 1.0 MB (3%) of input file
2024-04-19T10:37:42Z [545] INFO [9ddf3] {general} processed 2.0 MB (6%) of input file
2024-04-19T10:37:42Z [545] INFO [9ddf3] {general} processed 3.1 MB (9%) of input file
2024-04-19T10:37:42Z [545] INFO [9ddf3] {general} processed 4.1 MB (12%) of input file
2024-04-19T10:37:42Z [545] INFO [9ddf3] {general} processed 5.2 MB (15%) of input file
2024-04-19T10:37:42Z [545] INFO [9ddf3] {general} processed 6.2 MB (18%) of input file
2024-04-19T10:37:42Z [545] INFO [9ddf3] {general} processed 7.3 MB (21%) of input file
2024-04-19T10:37:42Z [545] INFO [9ddf3] {general} processed 8.3 MB (24%) of input file
2024-04-19T10:37:42Z [545] INFO [9ddf3] {general} processed 9.4 MB (27%) of input file
2024-04-19T10:37:42Z [545] INFO [9ddf3] {general} processed 10.4 MB (30%) of input file
2024-04-19T10:37:42Z [545] INFO [9ddf3] {general} processed 11.5 MB (33%) of input file
2024-04-19T10:37:42Z [545] INFO [9ddf3] {general} processed 12.5 MB (36%) of input file
2024-04-19T10:37:42Z [545] INFO [9ddf3] {general} processed 13.6 MB (39%) of input file
2024-04-19T10:37:42Z [545] INFO [9ddf3] {general} processed 14.6 MB (42%) of input file
2024-04-19T10:37:42Z [545] INFO [9ddf3] {general} processed 15.7 MB (45%) of input file
2024-04-19T10:37:42Z [545] INFO [9ddf3] {general} processed 16.7 MB (48%) of input file
2024-04-19T10:37:42Z [545] INFO [9ddf3] {general} processed 17.8 MB (51%) of input file
2024-04-19T10:37:42Z [545] INFO [9ddf3] {general} processed 18.8 MB (54%) of input file
2024-04-19T10:37:42Z [545] INFO [9ddf3] {general} processed 19.9 MB (57%) of input file
2024-04-19T10:37:42Z [545] INFO [9ddf3] {general} processed 20.9 MB (60%) of input file
2024-04-19T10:37:42Z [545] INFO [9ddf3] {general} processed 22.0 MB (63%) of input file
2024-04-19T10:37:42Z [545] INFO [9ddf3] {general} processed 23.0 MB (66%) of input file
2024-04-19T10:37:42Z [545] INFO [9ddf3] {general} processed 24.1 MB (69%) of input file
2024-04-19T10:37:42Z [545] INFO [9ddf3] {general} processed 25.1 MB (72%) of input file
2024-04-19T10:37:42Z [545] INFO [9ddf3] {general} processed 26.2 MB (75%) of input file
2024-04-19T10:37:42Z [545] INFO [9ddf3] {general} processed 27.2 MB (78%) of input file
2024-04-19T10:37:42Z [545] INFO [9ddf3] {general} processed 28.3 MB (81%) of input file
2024-04-19T10:37:42Z [545] INFO [9ddf3] {general} processed 29.3 MB (84%) of input file
2024-04-19T10:37:42Z [545] INFO [9ddf3] {general} processed 30.4 MB (87%) of input file
2024-04-19T10:37:42Z [545] INFO [9ddf3] {general} processed 31.4 MB (90%) of input file
2024-04-19T10:37:42Z [545] INFO [9ddf3] {general} processed 32.5 MB (93%) of input file
2024-04-19T10:37:42Z [545] INFO [9ddf3] {general} processed 33.5 MB (97%) of input file
2024-04-19T10:37:42Z [545] INFO [9ddf3] {general} processed 34.5 MB (100%) of input file

created:          640300
warnings/errors:  0
updated/replaced: 0
ignored:          0
[2024-04-19 10:37:48] Finished importing hasTag
[2024-04-19 10:37:48] Importing industryType
Connected to ArangoDB 'http+tcp://127.0.0.1:8529, version: 3.11.3, database: '_system', username: 'root'
----------------------------------------
database:               _system
collection:             industryType
overwrite coll. prefix: no
create:                 yes
create database:        no
source filename:        dumps/data_128k/edges/industryType.json
file type:              json
threads:                8
on duplicate:           error
connect timeout:        5
request timeout:        1200
----------------------------------------
Starting JSON import...
2024-04-19T10:37:48Z [577] INFO [9ddf3] {general} processed 1.0 MB (3%) of input file
2024-04-19T10:37:48Z [577] INFO [9ddf3] {general} processed 2.0 MB (12%) of input file
2024-04-19T10:37:48Z [577] INFO [9ddf3] {general} processed 3.1 MB (22%) of input file
2024-04-19T10:37:48Z [577] INFO [9ddf3] {general} processed 4.1 MB (31%) of input file
2024-04-19T10:37:48Z [577] INFO [9ddf3] {general} processed 5.2 MB (41%) of input file
2024-04-19T10:37:48Z [577] INFO [9ddf3] {general} processed 6.2 MB (50%) of input file
2024-04-19T10:37:48Z [577] INFO [9ddf3] {general} processed 7.3 MB (60%) of input file
2024-04-19T10:37:48Z [577] INFO [9ddf3] {general} processed 8.3 MB (70%) of input file
2024-04-19T10:37:48Z [577] INFO [9ddf3] {general} processed 9.4 MB (79%) of input file
2024-04-19T10:37:48Z [577] INFO [9ddf3] {general} processed 10.4 MB (89%) of input file
2024-04-19T10:37:48Z [577] INFO [9ddf3] {general} processed 10.9 MB (98%) of input file

created:          191869
warnings/errors:  0
updated/replaced: 0
ignored:          0
[2024-04-19 10:37:53] Finished importing industryType
[2024-04-19 10:37:53] Importing isPerson
Connected to ArangoDB 'http+tcp://127.0.0.1:8529, version: 3.11.3, database: '_system', username: 'root'
----------------------------------------
database:               _system
collection:             isPerson
overwrite coll. prefix: no
create:                 yes
create database:        no
source filename:        dumps/data_128k/edges/isPerson.json
file type:              json
threads:                8
on duplicate:           error
connect timeout:        5
request timeout:        1200
----------------------------------------
Starting JSON import...
2024-04-19T10:37:53Z [602] INFO [9ddf3] {general} processed 1.0 MB (3%) of input file
2024-04-19T10:37:53Z [602] INFO [9ddf3] {general} processed 2.0 MB (22%) of input file
2024-04-19T10:37:53Z [602] INFO [9ddf3] {general} processed 3.1 MB (41%) of input file
2024-04-19T10:37:53Z [602] INFO [9ddf3] {general} processed 4.1 MB (60%) of input file
2024-04-19T10:37:53Z [602] INFO [9ddf3] {general} processed 5.2 MB (79%) of input file
2024-04-19T10:37:53Z [602] INFO [9ddf3] {general} processed 5.4 MB (98%) of input file

created:          90031
warnings/errors:  0
updated/replaced: 0
ignored:          0
[2024-04-19 10:37:55] Finished importing isPerson
[2024-04-19 10:37:55] Importing knows
Connected to ArangoDB 'http+tcp://127.0.0.1:8529, version: 3.11.3, database: '_system', username: 'root'
----------------------------------------
database:               _system
collection:             knows
overwrite coll. prefix: no
create:                 yes
create database:        no
source filename:        dumps/data_128k/edges/knows.json
file type:              json
threads:                8
on duplicate:           error
connect timeout:        5
request timeout:        1200
----------------------------------------
Starting JSON import...
2024-04-19T10:37:55Z [622] INFO [9ddf3] {general} processed 2.0 MB (3%) of input file
2024-04-19T10:37:55Z [622] INFO [9ddf3] {general} processed 3.1 MB (8%) of input file
2024-04-19T10:37:55Z [622] INFO [9ddf3] {general} processed 4.1 MB (11%) of input file
2024-04-19T10:37:55Z [622] INFO [9ddf3] {general} processed 6.2 MB (14%) of input file
2024-04-19T10:37:55Z [622] INFO [9ddf3] {general} processed 7.3 MB (19%) of input file
2024-04-19T10:37:55Z [622] INFO [9ddf3] {general} processed 8.3 MB (22%) of input file
2024-04-19T10:37:55Z [622] INFO [9ddf3] {general} processed 10.4 MB (25%) of input file
2024-04-19T10:37:55Z [622] INFO [9ddf3] {general} processed 11.5 MB (30%) of input file
2024-04-19T10:37:55Z [622] INFO [9ddf3] {general} processed 12.5 MB (33%) of input file
2024-04-19T10:37:55Z [622] INFO [9ddf3] {general} processed 13.6 MB (36%) of input file
2024-04-19T10:37:55Z [622] INFO [9ddf3] {general} processed 15.7 MB (39%) of input file
2024-04-19T10:37:55Z [622] INFO [9ddf3] {general} processed 16.7 MB (44%) of input file
2024-04-19T10:37:55Z [622] INFO [9ddf3] {general} processed 17.8 MB (47%) of input file
2024-04-19T10:37:55Z [622] INFO [9ddf3] {general} processed 19.9 MB (50%) of input file
2024-04-19T10:37:55Z [622] INFO [9ddf3] {general} processed 20.9 MB (55%) of input file
2024-04-19T10:37:55Z [622] INFO [9ddf3] {general} processed 22.0 MB (58%) of input file
2024-04-19T10:37:55Z [622] INFO [9ddf3] {general} processed 24.1 MB (61%) of input file
2024-04-19T10:37:55Z [622] INFO [9ddf3] {general} processed 25.1 MB (66%) of input file
2024-04-19T10:37:55Z [622] INFO [9ddf3] {general} processed 26.2 MB (69%) of input file
2024-04-19T10:37:55Z [622] INFO [9ddf3] {general} processed 27.2 MB (72%) of input file
2024-04-19T10:37:55Z [622] INFO [9ddf3] {general} processed 29.3 MB (75%) of input file
2024-04-19T10:37:55Z [622] INFO [9ddf3] {general} processed 30.4 MB (80%) of input file
2024-04-19T10:37:55Z [622] INFO [9ddf3] {general} processed 31.4 MB (83%) of input file
2024-04-19T10:37:55Z [622] INFO [9ddf3] {general} processed 33.5 MB (86%) of input file
2024-04-19T10:37:55Z [622] INFO [9ddf3] {general} processed 34.6 MB (91%) of input file
2024-04-19T10:37:55Z [622] INFO [9ddf3] {general} processed 35.6 MB (94%) of input file
2024-04-19T10:37:55Z [622] INFO [9ddf3] {general} processed 37.7 MB (97%) of input file

created:          641403
warnings/errors:  0
updated/replaced: 0
ignored:          0
[2024-04-19 10:38:02] Finished importing knows
[2024-04-19 10:38:02] Importing manufacturedBy
Connected to ArangoDB 'http+tcp://127.0.0.1:8529, version: 3.11.3, database: '_system', username: 'root'
----------------------------------------
database:               _system
collection:             manufacturedBy
overwrite coll. prefix: no
create:                 yes
create database:        no
source filename:        dumps/data_128k/edges/manufacturedBy.json
file type:              json
threads:                8
on duplicate:           error
connect timeout:        5
request timeout:        1200
----------------------------------------
Starting JSON import...
2024-04-19T10:38:02Z [654] INFO [9ddf3] {general} processed 1.0 MB (3%) of input file
2024-04-19T10:38:02Z [654] INFO [9ddf3] {general} processed 2.0 MB (8%) of input file
2024-04-19T10:38:02Z [654] INFO [9ddf3] {general} processed 3.1 MB (13%) of input file
2024-04-19T10:38:02Z [654] INFO [9ddf3] {general} processed 4.1 MB (18%) of input file
2024-04-19T10:38:02Z [654] INFO [9ddf3] {general} processed 5.2 MB (23%) of input file
2024-04-19T10:38:02Z [654] INFO [9ddf3] {general} processed 6.2 MB (28%) of input file
2024-04-19T10:38:02Z [654] INFO [9ddf3] {general} processed 7.3 MB (33%) of input file
2024-04-19T10:38:02Z [654] INFO [9ddf3] {general} processed 8.3 MB (38%) of input file
2024-04-19T10:38:02Z [654] INFO [9ddf3] {general} processed 9.4 MB (43%) of input file
2024-04-19T10:38:02Z [654] INFO [9ddf3] {general} processed 10.4 MB (48%) of input file
2024-04-19T10:38:02Z [654] INFO [9ddf3] {general} processed 11.5 MB (53%) of input file
2024-04-19T10:38:02Z [654] INFO [9ddf3] {general} processed 12.5 MB (58%) of input file
2024-04-19T10:38:02Z [654] INFO [9ddf3] {general} processed 13.6 MB (63%) of input file
2024-04-19T10:38:02Z [654] INFO [9ddf3] {general} processed 14.6 MB (68%) of input file
2024-04-19T10:38:02Z [654] INFO [9ddf3] {general} processed 15.7 MB (73%) of input file
2024-04-19T10:38:02Z [654] INFO [9ddf3] {general} processed 16.7 MB (78%) of input file
2024-04-19T10:38:02Z [654] INFO [9ddf3] {general} processed 17.8 MB (83%) of input file
2024-04-19T10:38:02Z [654] INFO [9ddf3] {general} processed 18.8 MB (88%) of input file
2024-04-19T10:38:02Z [654] INFO [9ddf3] {general} processed 19.9 MB (93%) of input file
2024-04-19T10:38:02Z [654] INFO [9ddf3] {general} processed 20.8 MB (98%) of input file

created:          352397
warnings/errors:  0
updated/replaced: 0
ignored:          0
[2024-04-19 10:38:07] Finished importing manufacturedBy
[2024-04-19 10:38:07] Importing orderedBy
Connected to ArangoDB 'http+tcp://127.0.0.1:8529, version: 3.11.3, database: '_system', username: 'root'
----------------------------------------
database:               _system
collection:             orderedBy
overwrite coll. prefix: no
create:                 yes
create database:        no
source filename:        dumps/data_128k/edges/orderedBy.json
file type:              json
threads:                8
on duplicate:           error
connect timeout:        5
request timeout:        1200
----------------------------------------
Starting JSON import...
2024-04-19T10:38:07Z [679] INFO [9ddf3] {general} processed 1.0 MB (3%) of input file
2024-04-19T10:38:07Z [679] INFO [9ddf3] {general} processed 2.0 MB (12%) of input file
2024-04-19T10:38:07Z [679] INFO [9ddf3] {general} processed 3.1 MB (22%) of input file
2024-04-19T10:38:07Z [679] INFO [9ddf3] {general} processed 4.1 MB (32%) of input file
2024-04-19T10:38:07Z [679] INFO [9ddf3] {general} processed 5.2 MB (41%) of input file
2024-04-19T10:38:07Z [679] INFO [9ddf3] {general} processed 6.2 MB (51%) of input file
2024-04-19T10:38:07Z [679] INFO [9ddf3] {general} processed 7.3 MB (61%) of input file
2024-04-19T10:38:07Z [679] INFO [9ddf3] {general} processed 8.3 MB (70%) of input file
2024-04-19T10:38:07Z [679] INFO [9ddf3] {general} processed 9.4 MB (80%) of input file
2024-04-19T10:38:07Z [679] INFO [9ddf3] {general} processed 10.4 MB (90%) of input file
2024-04-19T10:38:07Z [679] INFO [9ddf3] {general} processed 10.8 MB (99%) of input file

created:          180319
warnings/errors:  0
updated/replaced: 0
ignored:          0
[2024-04-19 10:38:11] Finished importing orderedBy
[2024-04-19 10:38:11] Finished creating edges
