[2024-04-01 10:23:22] Query testing started
[2024-04-01 10:23:22] Query 1-1, Iteration 1 started
[2024-04-01 10:23:27] Query 1-1, Iteration 1 finished
[2024-04-01 10:23:27] Query 1-1, Iteration 2 started
[2024-04-01 10:23:29] Query 1-1, Iteration 2 finished
[2024-04-01 10:23:29] Query 1-1, Iteration 3 started
[2024-04-01 10:23:31] Query 1-1, Iteration 3 finished
[2024-04-01 10:23:31] Query 1-1, Iteration 4 started
[2024-04-01 10:23:33] Query 1-1, Iteration 4 finished
[2024-04-01 10:23:33] Query 1-1, Iteration 5 started
[2024-04-01 10:23:35] Query 1-1, Iteration 5 finished
[2024-04-01 10:23:35] Query 1-1, Iteration 6 started
[2024-04-01 10:23:37] Query 1-1, Iteration 6 finished
[2024-04-01 10:23:37] Query 1-1, Iteration 7 started
[2024-04-01 10:23:39] Query 1-1, Iteration 7 finished
[2024-04-01 10:23:39] Query 1-1, Iteration 8 started
[2024-04-01 10:23:41] Query 1-1, Iteration 8 finished
[2024-04-01 10:23:41] Query 1-1, Iteration 9 started
[2024-04-01 10:23:43] Query 1-1, Iteration 9 finished
[2024-04-01 10:23:43] Query 1-1, Iteration 10 started
[2024-04-01 10:23:45] Query 1-1, Iteration 10 finished
[2024-04-01 10:23:45] Query 1-1, Iteration 11 started
[2024-04-01 10:23:47] Query 1-1, Iteration 11 finished
[2024-04-01 10:23:47] Query 1-1, Iteration 12 started
[2024-04-01 10:23:49] Query 1-1, Iteration 12 finished
[2024-04-01 10:23:49] Query 1-1, Iteration 13 started
[2024-04-01 10:23:51] Query 1-1, Iteration 13 finished
[2024-04-01 10:23:51] Query 1-1, Iteration 14 started
[2024-04-01 10:23:53] Query 1-1, Iteration 14 finished
[2024-04-01 10:23:53] Query 1-1, Iteration 15 started
[2024-04-01 10:23:55] Query 1-1, Iteration 15 finished
[2024-04-01 10:23:55] Query 1-1, Iteration 16 started
[2024-04-01 10:23:57] Query 1-1, Iteration 16 finished
[2024-04-01 10:23:57] Query 1-1, Iteration 17 started
[2024-04-01 10:23:59] Query 1-1, Iteration 17 finished
[2024-04-01 10:23:59] Query 1-1, Iteration 18 started
[2024-04-01 10:24:01] Query 1-1, Iteration 18 finished
[2024-04-01 10:24:01] Query 1-1, Iteration 19 started
[2024-04-01 10:24:03] Query 1-1, Iteration 19 finished
[2024-04-01 10:24:03] Query 1-1, Iteration 20 started
[2024-04-01 10:24:05] Query 1-1, Iteration 20 finished
[2024-04-01 10:24:05] Query 1-2, Iteration 1 started
[2024-04-01 10:24:16] Query 1-2, Iteration 1 finished
[2024-04-01 10:24:16] Query 1-2, Iteration 2 started
[2024-04-01 10:24:25] Query 1-2, Iteration 2 finished
[2024-04-01 10:24:25] Query 1-2, Iteration 3 started
[2024-04-01 10:24:34] Query 1-2, Iteration 3 finished
[2024-04-01 10:24:34] Query 1-2, Iteration 4 started
[2024-04-01 10:24:43] Query 1-2, Iteration 4 finished
[2024-04-01 10:24:43] Query 1-2, Iteration 5 started
[2024-04-01 10:24:52] Query 1-2, Iteration 5 finished
[2024-04-01 10:24:52] Query 1-2, Iteration 6 started
[2024-04-01 10:25:02] Query 1-2, Iteration 6 finished
[2024-04-01 10:25:02] Query 1-2, Iteration 7 started
[2024-04-01 10:25:12] Query 1-2, Iteration 7 finished
[2024-04-01 10:25:12] Query 1-2, Iteration 8 started
[2024-04-01 10:25:22] Query 1-2, Iteration 8 finished
[2024-04-01 10:25:22] Query 1-2, Iteration 9 started
[2024-04-01 10:25:32] Query 1-2, Iteration 9 finished
[2024-04-01 10:25:32] Query 1-2, Iteration 10 started
[2024-04-01 10:25:42] Query 1-2, Iteration 10 finished
[2024-04-01 10:25:42] Query 1-2, Iteration 11 started
[2024-04-01 10:25:50] Query 1-2, Iteration 11 finished
[2024-04-01 10:25:50] Query 1-2, Iteration 12 started
[2024-04-01 10:26:00] Query 1-2, Iteration 12 finished
[2024-04-01 10:26:00] Query 1-2, Iteration 13 started
[2024-04-01 10:26:09] Query 1-2, Iteration 13 finished
[2024-04-01 10:26:09] Query 1-2, Iteration 14 started
[2024-04-01 10:26:19] Query 1-2, Iteration 14 finished
[2024-04-01 10:26:19] Query 1-2, Iteration 15 started
[2024-04-01 10:26:28] Query 1-2, Iteration 15 finished
[2024-04-01 10:26:28] Query 1-2, Iteration 16 started
[2024-04-01 10:26:38] Query 1-2, Iteration 16 finished
[2024-04-01 10:26:38] Query 1-2, Iteration 17 started
[2024-04-01 10:26:46] Query 1-2, Iteration 17 finished
[2024-04-01 10:26:46] Query 1-2, Iteration 18 started
[2024-04-01 10:26:55] Query 1-2, Iteration 18 finished
[2024-04-01 10:26:55] Query 1-2, Iteration 19 started
[2024-04-01 10:27:05] Query 1-2, Iteration 19 finished
[2024-04-01 10:27:05] Query 1-2, Iteration 20 started
[2024-04-01 10:27:14] Query 1-2, Iteration 20 finished
[2024-04-01 10:27:14] Query 1-3, Iteration 1 started
[2024-04-01 10:27:16] Query 1-3, Iteration 1 finished
[2024-04-01 10:27:16] Query 1-3, Iteration 2 started
[2024-04-01 10:27:17] Query 1-3, Iteration 2 finished
[2024-04-01 10:27:17] Query 1-3, Iteration 3 started
[2024-04-01 10:27:18] Query 1-3, Iteration 3 finished
[2024-04-01 10:27:18] Query 1-3, Iteration 4 started
[2024-04-01 10:27:20] Query 1-3, Iteration 4 finished
[2024-04-01 10:27:20] Query 1-3, Iteration 5 started
[2024-04-01 10:27:21] Query 1-3, Iteration 5 finished
[2024-04-01 10:27:21] Query 1-3, Iteration 6 started
[2024-04-01 10:27:23] Query 1-3, Iteration 6 finished
[2024-04-01 10:27:23] Query 1-3, Iteration 7 started
[2024-04-01 10:27:24] Query 1-3, Iteration 7 finished
[2024-04-01 10:27:24] Query 1-3, Iteration 8 started
[2024-04-01 10:27:26] Query 1-3, Iteration 8 finished
[2024-04-01 10:27:26] Query 1-3, Iteration 9 started
[2024-04-01 10:27:27] Query 1-3, Iteration 9 finished
[2024-04-01 10:27:27] Query 1-3, Iteration 10 started
[2024-04-01 10:27:28] Query 1-3, Iteration 10 finished
[2024-04-01 10:27:28] Query 1-3, Iteration 11 started
[2024-04-01 10:27:29] Query 1-3, Iteration 11 finished
[2024-04-01 10:27:29] Query 1-3, Iteration 12 started
[2024-04-01 10:27:31] Query 1-3, Iteration 12 finished
[2024-04-01 10:27:31] Query 1-3, Iteration 13 started
[2024-04-01 10:27:32] Query 1-3, Iteration 13 finished
[2024-04-01 10:27:32] Query 1-3, Iteration 14 started
[2024-04-01 10:27:34] Query 1-3, Iteration 14 finished
[2024-04-01 10:27:34] Query 1-3, Iteration 15 started
[2024-04-01 10:27:35] Query 1-3, Iteration 15 finished
[2024-04-01 10:27:35] Query 1-3, Iteration 16 started
[2024-04-01 10:27:36] Query 1-3, Iteration 16 finished
[2024-04-01 10:27:36] Query 1-3, Iteration 17 started
[2024-04-01 10:27:38] Query 1-3, Iteration 17 finished
[2024-04-01 10:27:38] Query 1-3, Iteration 18 started
[2024-04-01 10:27:39] Query 1-3, Iteration 18 finished
[2024-04-01 10:27:39] Query 1-3, Iteration 19 started
[2024-04-01 10:27:40] Query 1-3, Iteration 19 finished
[2024-04-01 10:27:40] Query 1-3, Iteration 20 started
[2024-04-01 10:27:42] Query 1-3, Iteration 20 finished
[2024-04-01 10:27:42] Query 1-4, Iteration 1 started
[2024-04-01 10:27:53] Query 1-4, Iteration 1 finished
[2024-04-01 10:27:53] Query 1-4, Iteration 2 started
[2024-04-01 10:28:03] Query 1-4, Iteration 2 finished
[2024-04-01 10:28:03] Query 1-4, Iteration 3 started
[2024-04-01 10:28:13] Query 1-4, Iteration 3 finished
[2024-04-01 10:28:13] Query 1-4, Iteration 4 started
[2024-04-01 10:28:22] Query 1-4, Iteration 4 finished
[2024-04-01 10:28:22] Query 1-4, Iteration 5 started
[2024-04-01 10:28:31] Query 1-4, Iteration 5 finished
[2024-04-01 10:28:31] Query 1-4, Iteration 6 started
[2024-04-01 10:28:41] Query 1-4, Iteration 6 finished
[2024-04-01 10:28:41] Query 1-4, Iteration 7 started
[2024-04-01 10:28:50] Query 1-4, Iteration 7 finished
[2024-04-01 10:28:50] Query 1-4, Iteration 8 started
[2024-04-01 10:28:59] Query 1-4, Iteration 8 finished
[2024-04-01 10:28:59] Query 1-4, Iteration 9 started
[2024-04-01 10:29:09] Query 1-4, Iteration 9 finished
[2024-04-01 10:29:09] Query 1-4, Iteration 10 started
[2024-04-01 10:29:18] Query 1-4, Iteration 10 finished
[2024-04-01 10:29:18] Query 1-4, Iteration 11 started
[2024-04-01 10:29:28] Query 1-4, Iteration 11 finished
[2024-04-01 10:29:28] Query 1-4, Iteration 12 started
[2024-04-01 10:29:37] Query 1-4, Iteration 12 finished
[2024-04-01 10:29:37] Query 1-4, Iteration 13 started
[2024-04-01 10:29:46] Query 1-4, Iteration 13 finished
[2024-04-01 10:29:46] Query 1-4, Iteration 14 started
[2024-04-01 10:29:55] Query 1-4, Iteration 14 finished
[2024-04-01 10:29:55] Query 1-4, Iteration 15 started
[2024-04-01 10:30:04] Query 1-4, Iteration 15 finished
[2024-04-01 10:30:04] Query 1-4, Iteration 16 started
[2024-04-01 10:30:14] Query 1-4, Iteration 16 finished
[2024-04-01 10:30:14] Query 1-4, Iteration 17 started
[2024-04-01 10:30:23] Query 1-4, Iteration 17 finished
[2024-04-01 10:30:23] Query 1-4, Iteration 18 started
[2024-04-01 10:30:32] Query 1-4, Iteration 18 finished
[2024-04-01 10:30:32] Query 1-4, Iteration 19 started
[2024-04-01 10:30:41] Query 1-4, Iteration 19 finished
[2024-04-01 10:30:41] Query 1-4, Iteration 20 started
[2024-04-01 10:30:50] Query 1-4, Iteration 20 finished
[2024-04-01 10:30:50] Query 10, Iteration 1 started
[2024-04-01 10:31:03] Query 10, Iteration 1 finished
[2024-04-01 10:31:03] Query 10, Iteration 2 started
[2024-04-01 10:31:15] Query 10, Iteration 2 finished
[2024-04-01 10:31:15] Query 10, Iteration 3 started
[2024-04-01 10:31:27] Query 10, Iteration 3 finished
[2024-04-01 10:31:27] Query 10, Iteration 4 started
[2024-04-01 10:31:39] Query 10, Iteration 4 finished
[2024-04-01 10:31:39] Query 10, Iteration 5 started
[2024-04-01 10:31:51] Query 10, Iteration 5 finished
[2024-04-01 10:31:51] Query 10, Iteration 6 started
[2024-04-01 10:32:02] Query 10, Iteration 6 finished
[2024-04-01 10:32:02] Query 10, Iteration 7 started
[2024-04-01 10:32:14] Query 10, Iteration 7 finished
[2024-04-01 10:32:14] Query 10, Iteration 8 started
[2024-04-01 10:32:26] Query 10, Iteration 8 finished
[2024-04-01 10:32:26] Query 10, Iteration 9 started
[2024-04-01 10:32:38] Query 10, Iteration 9 finished
[2024-04-01 10:32:38] Query 10, Iteration 10 started
[2024-04-01 10:32:49] Query 10, Iteration 10 finished
[2024-04-01 10:32:49] Query 10, Iteration 11 started
[2024-04-01 10:33:02] Query 10, Iteration 11 finished
[2024-04-01 10:33:02] Query 10, Iteration 12 started
[2024-04-01 10:33:13] Query 10, Iteration 12 finished
[2024-04-01 10:33:13] Query 10, Iteration 13 started
[2024-04-01 10:33:25] Query 10, Iteration 13 finished
[2024-04-01 10:33:25] Query 10, Iteration 14 started
[2024-04-01 10:33:36] Query 10, Iteration 14 finished
[2024-04-01 10:33:36] Query 10, Iteration 15 started
[2024-04-01 10:33:48] Query 10, Iteration 15 finished
[2024-04-01 10:33:48] Query 10, Iteration 16 started
[2024-04-01 10:34:00] Query 10, Iteration 16 finished
[2024-04-01 10:34:00] Query 10, Iteration 17 started
[2024-04-01 10:34:11] Query 10, Iteration 17 finished
[2024-04-01 10:34:11] Query 10, Iteration 18 started
[2024-04-01 10:34:23] Query 10, Iteration 18 finished
[2024-04-01 10:34:23] Query 10, Iteration 19 started
[2024-04-01 10:34:35] Query 10, Iteration 19 finished
[2024-04-01 10:34:35] Query 10, Iteration 20 started
[2024-04-01 10:34:46] Query 10, Iteration 20 finished
[2024-04-01 10:34:46] Query 11, Iteration 1 started
[2024-04-01 10:35:12] Query 11, Iteration 1 finished
[2024-04-01 10:35:12] Query 11, Iteration 2 started
[2024-04-01 10:35:38] Query 11, Iteration 2 finished
[2024-04-01 10:35:38] Query 11, Iteration 3 started
[2024-04-01 10:36:04] Query 11, Iteration 3 finished
[2024-04-01 10:36:04] Query 11, Iteration 4 started
[2024-04-01 10:36:30] Query 11, Iteration 4 finished
[2024-04-01 10:36:30] Query 11, Iteration 5 started
[2024-04-01 10:36:56] Query 11, Iteration 5 finished
[2024-04-01 10:36:56] Query 11, Iteration 6 started
[2024-04-01 10:37:22] Query 11, Iteration 6 finished
[2024-04-01 10:37:22] Query 11, Iteration 7 started
[2024-04-01 10:37:49] Query 11, Iteration 7 finished
[2024-04-01 10:37:49] Query 11, Iteration 8 started
[2024-04-01 10:38:17] Query 11, Iteration 8 finished
[2024-04-01 10:38:17] Query 11, Iteration 9 started
[2024-04-01 10:38:43] Query 11, Iteration 9 finished
[2024-04-01 10:38:43] Query 11, Iteration 10 started
[2024-04-01 10:39:08] Query 11, Iteration 10 finished
[2024-04-01 10:39:08] Query 11, Iteration 11 started
[2024-04-01 10:39:34] Query 11, Iteration 11 finished
[2024-04-01 10:39:34] Query 11, Iteration 12 started
[2024-04-01 10:40:00] Query 11, Iteration 12 finished
[2024-04-01 10:40:00] Query 11, Iteration 13 started
[2024-04-01 10:40:25] Query 11, Iteration 13 finished
[2024-04-01 10:40:25] Query 11, Iteration 14 started
[2024-04-01 10:40:50] Query 11, Iteration 14 finished
[2024-04-01 10:40:50] Query 11, Iteration 15 started
[2024-04-01 10:41:18] Query 11, Iteration 15 finished
[2024-04-01 10:41:18] Query 11, Iteration 16 started
[2024-04-01 10:41:44] Query 11, Iteration 16 finished
[2024-04-01 10:41:44] Query 11, Iteration 17 started
[2024-04-01 10:42:11] Query 11, Iteration 17 finished
[2024-04-01 10:42:11] Query 11, Iteration 18 started
[2024-04-01 10:42:36] Query 11, Iteration 18 finished
[2024-04-01 10:42:36] Query 11, Iteration 19 started
[2024-04-01 10:43:02] Query 11, Iteration 19 finished
[2024-04-01 10:43:02] Query 11, Iteration 20 started
[2024-04-01 10:43:28] Query 11, Iteration 20 finished
[2024-04-01 10:43:28] Query 2-1, Iteration 1 started
[2024-04-01 10:43:32] Query 2-1, Iteration 1 finished
[2024-04-01 10:43:32] Query 2-1, Iteration 2 started
[2024-04-01 10:43:37] Query 2-1, Iteration 2 finished
[2024-04-01 10:43:37] Query 2-1, Iteration 3 started
[2024-04-01 10:43:41] Query 2-1, Iteration 3 finished
[2024-04-01 10:43:41] Query 2-1, Iteration 4 started
[2024-04-01 10:43:45] Query 2-1, Iteration 4 finished
[2024-04-01 10:43:45] Query 2-1, Iteration 5 started
[2024-04-01 10:43:50] Query 2-1, Iteration 5 finished
[2024-04-01 10:43:50] Query 2-1, Iteration 6 started
[2024-04-01 10:43:54] Query 2-1, Iteration 6 finished
[2024-04-01 10:43:54] Query 2-1, Iteration 7 started
[2024-04-01 10:43:58] Query 2-1, Iteration 7 finished
[2024-04-01 10:43:58] Query 2-1, Iteration 8 started
[2024-04-01 10:44:02] Query 2-1, Iteration 8 finished
[2024-04-01 10:44:02] Query 2-1, Iteration 9 started
[2024-04-01 10:44:06] Query 2-1, Iteration 9 finished
[2024-04-01 10:44:06] Query 2-1, Iteration 10 started
[2024-04-01 10:44:11] Query 2-1, Iteration 10 finished
[2024-04-01 10:44:11] Query 2-1, Iteration 11 started
[2024-04-01 10:44:15] Query 2-1, Iteration 11 finished
[2024-04-01 10:44:15] Query 2-1, Iteration 12 started
[2024-04-01 10:44:19] Query 2-1, Iteration 12 finished
[2024-04-01 10:44:19] Query 2-1, Iteration 13 started
[2024-04-01 10:44:24] Query 2-1, Iteration 13 finished
[2024-04-01 10:44:24] Query 2-1, Iteration 14 started
[2024-04-01 10:44:28] Query 2-1, Iteration 14 finished
[2024-04-01 10:44:28] Query 2-1, Iteration 15 started
[2024-04-01 10:44:33] Query 2-1, Iteration 15 finished
[2024-04-01 10:44:33] Query 2-1, Iteration 16 started
[2024-04-01 10:44:37] Query 2-1, Iteration 16 finished
[2024-04-01 10:44:37] Query 2-1, Iteration 17 started
[2024-04-01 10:44:41] Query 2-1, Iteration 17 finished
[2024-04-01 10:44:41] Query 2-1, Iteration 18 started
[2024-04-01 10:44:46] Query 2-1, Iteration 18 finished
[2024-04-01 10:44:46] Query 2-1, Iteration 19 started
[2024-04-01 10:44:50] Query 2-1, Iteration 19 finished
[2024-04-01 10:44:50] Query 2-1, Iteration 20 started
[2024-04-01 10:44:54] Query 2-1, Iteration 20 finished
[2024-04-01 10:44:54] Query 2-2, Iteration 1 started
[2024-04-01 10:44:59] Query 2-2, Iteration 1 finished
[2024-04-01 10:44:59] Query 2-2, Iteration 2 started
[2024-04-01 10:45:04] Query 2-2, Iteration 2 finished
[2024-04-01 10:45:04] Query 2-2, Iteration 3 started
[2024-04-01 10:45:09] Query 2-2, Iteration 3 finished
[2024-04-01 10:45:09] Query 2-2, Iteration 4 started
[2024-04-01 10:45:14] Query 2-2, Iteration 4 finished
[2024-04-01 10:45:14] Query 2-2, Iteration 5 started
[2024-04-01 10:45:19] Query 2-2, Iteration 5 finished
[2024-04-01 10:45:19] Query 2-2, Iteration 6 started
[2024-04-01 10:45:23] Query 2-2, Iteration 6 finished
[2024-04-01 10:45:23] Query 2-2, Iteration 7 started
[2024-04-01 10:45:28] Query 2-2, Iteration 7 finished
[2024-04-01 10:45:28] Query 2-2, Iteration 8 started
[2024-04-01 10:45:33] Query 2-2, Iteration 8 finished
[2024-04-01 10:45:33] Query 2-2, Iteration 9 started
[2024-04-01 10:45:38] Query 2-2, Iteration 9 finished
[2024-04-01 10:45:38] Query 2-2, Iteration 10 started
[2024-04-01 10:45:42] Query 2-2, Iteration 10 finished
[2024-04-01 10:45:42] Query 2-2, Iteration 11 started
[2024-04-01 10:45:46] Query 2-2, Iteration 11 finished
[2024-04-01 10:45:46] Query 2-2, Iteration 12 started
[2024-04-01 10:45:50] Query 2-2, Iteration 12 finished
[2024-04-01 10:45:50] Query 2-2, Iteration 13 started
[2024-04-01 10:45:55] Query 2-2, Iteration 13 finished
[2024-04-01 10:45:55] Query 2-2, Iteration 14 started
[2024-04-01 10:45:59] Query 2-2, Iteration 14 finished
[2024-04-01 10:45:59] Query 2-2, Iteration 15 started
[2024-04-01 10:46:04] Query 2-2, Iteration 15 finished
[2024-04-01 10:46:04] Query 2-2, Iteration 16 started
[2024-04-01 10:46:08] Query 2-2, Iteration 16 finished
[2024-04-01 10:46:08] Query 2-2, Iteration 17 started
[2024-04-01 10:46:13] Query 2-2, Iteration 17 finished
[2024-04-01 10:46:13] Query 2-2, Iteration 18 started
[2024-04-01 10:46:18] Query 2-2, Iteration 18 finished
[2024-04-01 10:46:18] Query 2-2, Iteration 19 started
[2024-04-01 10:46:22] Query 2-2, Iteration 19 finished
[2024-04-01 10:46:22] Query 2-2, Iteration 20 started
[2024-04-01 10:46:27] Query 2-2, Iteration 20 finished
[2024-04-01 10:46:27] Query 3-1, Iteration 1 started
The transaction has been terminated. Retry your operation in a new transaction, and you should see a successful result. The transaction has not completed within the timeout specified at its start by the client. You may want to retry with a longer timeout. 
[2024-04-01 10:51:29] Query 3-2, Iteration 1 started
Index is still populating: IndexPopulationJob[populator:MultipleIndexPopulator{activeTasks=0, batchedUpdatesFromScan = [org.neo4j.kernel.impl.api.index.MultipleIndexPopulator$IndexPopulation@32bb7814], concurrentUpdateQueue = 0}]
[2024-04-01 10:51:31] Query 3-3, Iteration 1 started
[2024-04-01 10:54:48] Query 3-3, Iteration 1 finished
[2024-04-01 10:54:48] Query 3-3, Iteration 2 started
[2024-04-01 10:58:09] Query 3-3, Iteration 2 finished
[2024-04-01 10:58:09] Query 3-3, Iteration 3 started
[2024-04-01 11:01:28] Query 3-3, Iteration 3 finished
[2024-04-01 11:01:28] Query 3-3, Iteration 4 started
[2024-04-01 11:04:47] Query 3-3, Iteration 4 finished
[2024-04-01 11:04:47] Query 3-3, Iteration 5 started
[2024-04-01 11:08:05] Query 3-3, Iteration 5 finished
[2024-04-01 11:08:05] Query 3-3, Iteration 6 started
[2024-04-01 11:11:24] Query 3-3, Iteration 6 finished
[2024-04-01 11:11:24] Query 3-3, Iteration 7 started
[2024-04-01 11:14:44] Query 3-3, Iteration 7 finished
[2024-04-01 11:14:44] Query 3-3, Iteration 8 started
[2024-04-01 11:18:05] Query 3-3, Iteration 8 finished
[2024-04-01 11:18:05] Query 3-3, Iteration 9 started
[2024-04-01 11:21:23] Query 3-3, Iteration 9 finished
[2024-04-01 11:21:23] Query 3-3, Iteration 10 started
[2024-04-01 11:24:47] Query 3-3, Iteration 10 finished
[2024-04-01 11:24:47] Query 3-3, Iteration 11 started
[2024-04-01 11:28:04] Query 3-3, Iteration 11 finished
[2024-04-01 11:28:04] Query 3-3, Iteration 12 started
[2024-04-01 11:31:18] Query 3-3, Iteration 12 finished
[2024-04-01 11:31:18] Query 3-3, Iteration 13 started
[2024-04-01 11:34:40] Query 3-3, Iteration 13 finished
[2024-04-01 11:34:40] Query 3-3, Iteration 14 started
[2024-04-01 11:38:00] Query 3-3, Iteration 14 finished
[2024-04-01 11:38:00] Query 3-3, Iteration 15 started
[2024-04-01 11:41:20] Query 3-3, Iteration 15 finished
[2024-04-01 11:41:20] Query 3-3, Iteration 16 started
[2024-04-01 11:44:40] Query 3-3, Iteration 16 finished
[2024-04-01 11:44:40] Query 3-3, Iteration 17 started
[2024-04-01 11:48:03] Query 3-3, Iteration 17 finished
[2024-04-01 11:48:03] Query 3-3, Iteration 18 started
[2024-04-01 11:51:25] Query 3-3, Iteration 18 finished
[2024-04-01 11:51:25] Query 3-3, Iteration 19 started
[2024-04-01 11:54:46] Query 3-3, Iteration 19 finished
[2024-04-01 11:54:46] Query 3-3, Iteration 20 started
[2024-04-01 11:58:06] Query 3-3, Iteration 20 finished
[2024-04-01 11:58:06] Query 3-4, Iteration 1 started
[2024-04-01 11:58:43] Query 3-4, Iteration 1 finished
[2024-04-01 11:58:43] Query 3-4, Iteration 2 started
[2024-04-01 11:59:19] Query 3-4, Iteration 2 finished
[2024-04-01 11:59:19] Query 3-4, Iteration 3 started
[2024-04-01 11:59:55] Query 3-4, Iteration 3 finished
[2024-04-01 11:59:55] Query 3-4, Iteration 4 started
[2024-04-01 12:00:32] Query 3-4, Iteration 4 finished
[2024-04-01 12:00:32] Query 3-4, Iteration 5 started
[2024-04-01 12:01:06] Query 3-4, Iteration 5 finished
[2024-04-01 12:01:06] Query 3-4, Iteration 6 started
[2024-04-01 12:01:41] Query 3-4, Iteration 6 finished
[2024-04-01 12:01:41] Query 3-4, Iteration 7 started
[2024-04-01 12:02:16] Query 3-4, Iteration 7 finished
[2024-04-01 12:02:16] Query 3-4, Iteration 8 started
[2024-04-01 12:02:50] Query 3-4, Iteration 8 finished
[2024-04-01 12:02:50] Query 3-4, Iteration 9 started
[2024-04-01 12:03:26] Query 3-4, Iteration 9 finished
[2024-04-01 12:03:26] Query 3-4, Iteration 10 started
[2024-04-01 12:04:03] Query 3-4, Iteration 10 finished
[2024-04-01 12:04:03] Query 3-4, Iteration 11 started
[2024-04-01 12:04:40] Query 3-4, Iteration 11 finished
[2024-04-01 12:04:40] Query 3-4, Iteration 12 started
[2024-04-01 12:05:15] Query 3-4, Iteration 12 finished
[2024-04-01 12:05:15] Query 3-4, Iteration 13 started
[2024-04-01 12:05:51] Query 3-4, Iteration 13 finished
[2024-04-01 12:05:51] Query 3-4, Iteration 14 started
[2024-04-01 12:06:27] Query 3-4, Iteration 14 finished
[2024-04-01 12:06:27] Query 3-4, Iteration 15 started
[2024-04-01 12:07:03] Query 3-4, Iteration 15 finished
[2024-04-01 12:07:03] Query 3-4, Iteration 16 started
[2024-04-01 12:07:38] Query 3-4, Iteration 16 finished
[2024-04-01 12:07:38] Query 3-4, Iteration 17 started
[2024-04-01 12:08:13] Query 3-4, Iteration 17 finished
[2024-04-01 12:08:13] Query 3-4, Iteration 18 started
[2024-04-01 12:08:48] Query 3-4, Iteration 18 finished
[2024-04-01 12:08:48] Query 3-4, Iteration 19 started
[2024-04-01 12:09:24] Query 3-4, Iteration 19 finished
[2024-04-01 12:09:24] Query 3-4, Iteration 20 started
[2024-04-01 12:10:00] Query 3-4, Iteration 20 finished
[2024-04-01 12:10:00] Query 4-1, Iteration 1 started
The transaction has been terminated. Retry your operation in a new transaction, and you should see a successful result. The transaction has not completed within the timeout specified at its start by the client. You may want to retry with a longer timeout. 
[2024-04-01 12:15:03] Query 4-2, Iteration 1 started
[2024-04-01 12:15:05] Query 4-2, Iteration 1 finished
[2024-04-01 12:15:05] Query 4-2, Iteration 2 started
[2024-04-01 12:15:07] Query 4-2, Iteration 2 finished
[2024-04-01 12:15:07] Query 4-2, Iteration 3 started
[2024-04-01 12:15:09] Query 4-2, Iteration 3 finished
[2024-04-01 12:15:09] Query 4-2, Iteration 4 started
[2024-04-01 12:15:10] Query 4-2, Iteration 4 finished
[2024-04-01 12:15:10] Query 4-2, Iteration 5 started
[2024-04-01 12:15:12] Query 4-2, Iteration 5 finished
[2024-04-01 12:15:12] Query 4-2, Iteration 6 started
[2024-04-01 12:15:14] Query 4-2, Iteration 6 finished
[2024-04-01 12:15:14] Query 4-2, Iteration 7 started
[2024-04-01 12:15:16] Query 4-2, Iteration 7 finished
[2024-04-01 12:15:16] Query 4-2, Iteration 8 started
[2024-04-01 12:15:18] Query 4-2, Iteration 8 finished
[2024-04-01 12:15:18] Query 4-2, Iteration 9 started
[2024-04-01 12:15:20] Query 4-2, Iteration 9 finished
[2024-04-01 12:15:20] Query 4-2, Iteration 10 started
[2024-04-01 12:15:22] Query 4-2, Iteration 10 finished
[2024-04-01 12:15:22] Query 4-2, Iteration 11 started
[2024-04-01 12:15:24] Query 4-2, Iteration 11 finished
[2024-04-01 12:15:24] Query 4-2, Iteration 12 started
[2024-04-01 12:15:27] Query 4-2, Iteration 12 finished
[2024-04-01 12:15:27] Query 4-2, Iteration 13 started
[2024-04-01 12:15:29] Query 4-2, Iteration 13 finished
[2024-04-01 12:15:29] Query 4-2, Iteration 14 started
[2024-04-01 12:15:31] Query 4-2, Iteration 14 finished
[2024-04-01 12:15:31] Query 4-2, Iteration 15 started
[2024-04-01 12:15:33] Query 4-2, Iteration 15 finished
[2024-04-01 12:15:33] Query 4-2, Iteration 16 started
[2024-04-01 12:15:35] Query 4-2, Iteration 16 finished
[2024-04-01 12:15:35] Query 4-2, Iteration 17 started
[2024-04-01 12:15:37] Query 4-2, Iteration 17 finished
[2024-04-01 12:15:37] Query 4-2, Iteration 18 started
[2024-04-01 12:15:39] Query 4-2, Iteration 18 finished
[2024-04-01 12:15:39] Query 4-2, Iteration 19 started
[2024-04-01 12:15:41] Query 4-2, Iteration 19 finished
[2024-04-01 12:15:41] Query 4-2, Iteration 20 started
[2024-04-01 12:15:43] Query 4-2, Iteration 20 finished
[2024-04-01 12:15:43] Query 5, Iteration 1 started
[2024-04-01 12:16:33] Query 5, Iteration 1 finished
[2024-04-01 12:16:33] Query 5, Iteration 2 started
[2024-04-01 12:17:23] Query 5, Iteration 2 finished
[2024-04-01 12:17:23] Query 5, Iteration 3 started
[2024-04-01 12:18:12] Query 5, Iteration 3 finished
[2024-04-01 12:18:12] Query 5, Iteration 4 started
[2024-04-01 12:19:00] Query 5, Iteration 4 finished
[2024-04-01 12:19:00] Query 5, Iteration 5 started
[2024-04-01 12:19:49] Query 5, Iteration 5 finished
[2024-04-01 12:19:49] Query 5, Iteration 6 started
[2024-04-01 12:20:38] Query 5, Iteration 6 finished
[2024-04-01 12:20:38] Query 5, Iteration 7 started
[2024-04-01 12:21:28] Query 5, Iteration 7 finished
[2024-04-01 12:21:28] Query 5, Iteration 8 started
[2024-04-01 12:22:17] Query 5, Iteration 8 finished
[2024-04-01 12:22:17] Query 5, Iteration 9 started
[2024-04-01 12:23:04] Query 5, Iteration 9 finished
[2024-04-01 12:23:04] Query 5, Iteration 10 started
[2024-04-01 12:23:53] Query 5, Iteration 10 finished
[2024-04-01 12:23:53] Query 5, Iteration 11 started
[2024-04-01 12:24:43] Query 5, Iteration 11 finished
[2024-04-01 12:24:43] Query 5, Iteration 12 started
[2024-04-01 12:25:34] Query 5, Iteration 12 finished
[2024-04-01 12:25:34] Query 5, Iteration 13 started
[2024-04-01 12:26:23] Query 5, Iteration 13 finished
[2024-04-01 12:26:23] Query 5, Iteration 14 started
[2024-04-01 12:27:12] Query 5, Iteration 14 finished
[2024-04-01 12:27:12] Query 5, Iteration 15 started
[2024-04-01 12:28:01] Query 5, Iteration 15 finished
[2024-04-01 12:28:01] Query 5, Iteration 16 started
[2024-04-01 12:28:50] Query 5, Iteration 16 finished
[2024-04-01 12:28:50] Query 5, Iteration 17 started
[2024-04-01 12:29:40] Query 5, Iteration 17 finished
[2024-04-01 12:29:40] Query 5, Iteration 18 started
[2024-04-01 12:30:31] Query 5, Iteration 18 finished
[2024-04-01 12:30:31] Query 5, Iteration 19 started
[2024-04-01 12:31:18] Query 5, Iteration 19 finished
[2024-04-01 12:31:18] Query 5, Iteration 20 started
[2024-04-01 12:32:09] Query 5, Iteration 20 finished
[2024-04-01 12:32:09] Query 6, Iteration 1 started
[2024-04-01 12:35:47] Query 6, Iteration 1 finished
[2024-04-01 12:35:47] Query 6, Iteration 2 started
[2024-04-01 12:39:17] Query 6, Iteration 2 finished
[2024-04-01 12:39:17] Query 6, Iteration 3 started
[2024-04-01 12:42:56] Query 6, Iteration 3 finished
[2024-04-01 12:42:56] Query 6, Iteration 4 started
[2024-04-01 12:46:26] Query 6, Iteration 4 finished
[2024-04-01 12:46:26] Query 6, Iteration 5 started
[2024-04-01 12:49:58] Query 6, Iteration 5 finished
[2024-04-01 12:49:58] Query 6, Iteration 6 started
[2024-04-01 12:53:29] Query 6, Iteration 6 finished
[2024-04-01 12:53:29] Query 6, Iteration 7 started
[2024-04-01 12:57:04] Query 6, Iteration 7 finished
[2024-04-01 12:57:04] Query 6, Iteration 8 started
[2024-04-01 13:00:40] Query 6, Iteration 8 finished
[2024-04-01 13:00:40] Query 6, Iteration 9 started
[2024-04-01 13:04:06] Query 6, Iteration 9 finished
[2024-04-01 13:04:06] Query 6, Iteration 10 started
[2024-04-01 13:07:41] Query 6, Iteration 10 finished
[2024-04-01 13:07:41] Query 6, Iteration 11 started
[2024-04-01 13:11:16] Query 6, Iteration 11 finished
[2024-04-01 13:11:16] Query 6, Iteration 12 started
[2024-04-01 13:14:48] Query 6, Iteration 12 finished
[2024-04-01 13:14:48] Query 6, Iteration 13 started
[2024-04-01 13:18:22] Query 6, Iteration 13 finished
[2024-04-01 13:18:22] Query 6, Iteration 14 started
[2024-04-01 13:21:54] Query 6, Iteration 14 finished
[2024-04-01 13:21:54] Query 6, Iteration 15 started
[2024-04-01 13:25:22] Query 6, Iteration 15 finished
[2024-04-01 13:25:22] Query 6, Iteration 16 started
[2024-04-01 13:28:51] Query 6, Iteration 16 finished
[2024-04-01 13:28:51] Query 6, Iteration 17 started
[2024-04-01 13:32:20] Query 6, Iteration 17 finished
[2024-04-01 13:32:20] Query 6, Iteration 18 started
[2024-04-01 13:35:55] Query 6, Iteration 18 finished
[2024-04-01 13:35:55] Query 6, Iteration 19 started
[2024-04-01 13:39:24] Query 6, Iteration 19 finished
[2024-04-01 13:39:24] Query 6, Iteration 20 started
[2024-04-01 13:43:03] Query 6, Iteration 20 finished
[2024-04-01 13:43:03] Query 7, Iteration 1 started
